4746 [main] INFO  c.e.c.ChamaEurekaServerApplication - Starting ChamaEurekaServerApplication using Java 11.0.22 on DESKTOP-C76S6GF with PID 14912 (C:\Users\HP\Documents\vicoba-backend-dev\chama-reactive-backend\Chama-Eureka-server\target\classes started by HP in C:\Users\HP\Documents\vicoba-backend-dev)
4935 [main] INFO  c.e.c.ChamaEurekaServerApplication - No active profile set, falling back to default profiles: default
8289 [main] INFO  o.s.c.context.scope.GenericScope - BeanFactory id=0ba8af23-88ac-30a0-857c-51bea35f742b
9705 [main] INFO  o.s.b.w.e.tomcat.TomcatWebServer - Tomcat initialized with port(s): 8761 (http)
9731 [main] INFO  o.a.catalina.core.StandardService - Starting service [Tomcat]
9733 [main] INFO  o.a.catalina.core.StandardEngine - Starting Servlet engine: [Apache Tomcat/9.0.53]
10223 [main] INFO  o.a.c.c.C.[Tomcat].[localhost].[/] - Initializing Spring embedded WebApplicationContext
10224 [main] INFO  o.s.b.w.s.c.ServletWebServerApplicationContext - Root WebApplicationContext: initialization completed in 5002 ms
11646 [main] INFO  c.s.j.s.i.a.WebApplicationImpl - Initiating Jersey application, version 'Jersey: 1.19.4 05/24/2017 03:20 PM'
16390 [main] INFO  o.s.cloud.commons.util.InetUtils - Cannot determine local hostname
18815 [main] INFO  o.s.cloud.commons.util.InetUtils - Cannot determine local hostname
18833 [main] INFO  o.s.c.n.e.c.DiscoveryClientOptionalArgsConfiguration - Eureka HTTP Client uses Jersey
19046 [main] WARN  o.s.c.l.c.LoadBalancerCacheAutoConfiguration$LoadBalancerCaffeineWarnLogger - Spring Cloud LoadBalancer is currently working with the default cache. You can switch to using Caffeine cache, by adding it and org.springframework.cache.caffeine.CaffeineCacheManager to the classpath.
19093 [main] INFO  o.s.c.n.eureka.InstanceInfoFactory - Setting initial instance status as: STARTING
20734 [main] INFO  o.s.b.a.e.web.EndpointLinksResolver - Exposing 1 endpoint(s) beneath base path '/actuator'
20794 [main] INFO  o.s.c.n.e.s.EurekaServiceRegistry - Registering application UNKNOWN with eureka with status UP
20824 [Thread-9] INFO  o.s.c.n.e.s.EurekaServerBootstrap - Setting the eureka configuration..
20857 [Thread-9] INFO  o.s.c.n.e.s.EurekaServerBootstrap - isAws returned false
20867 [Thread-9] INFO  o.s.c.n.e.s.EurekaServerBootstrap - Initialized server context
20869 [main] INFO  o.s.b.w.e.tomcat.TomcatWebServer - Tomcat started on port(s): 8761 (http) with context path ''
20871 [main] INFO  o.s.c.n.e.s.EurekaAutoServiceRegistration - Updating port to 8761
20901 [Thread-9] INFO  o.s.c.n.e.s.EurekaServerInitializerConfiguration - Started Eureka Server
22724 [main] INFO  o.s.cloud.commons.util.InetUtils - Cannot determine local hostname
22772 [main] INFO  c.e.c.ChamaEurekaServerApplication - Started ChamaEurekaServerApplication in 21.42 seconds (JVM running for 23.989)
283154 [SpringApplicationShutdownHook] INFO  o.s.c.n.e.s.EurekaServiceRegistry - Unregistering application UNKNOWN with eureka with status DOWN
283597 [SpringApplicationShutdownHook] INFO  o.s.c.n.e.s.EurekaServerBootstrap - Shutting down Eureka Server..
283640 [SpringApplicationShutdownHook] INFO  o.s.c.n.e.s.EurekaServerBootstrap - Eureka Service is now shutdown...
4393 [main] INFO  c.e.c.ChamaEurekaServerApplication - Starting ChamaEurekaServerApplication using Java 11.0.22 on DESKTOP-C76S6GF with PID 4528 (C:\Users\HP\Documents\vicoba-backend-dev\chama-reactive-backend\Chama-Eureka-server\target\classes started by HP in C:\Users\HP\Documents\vicoba-backend-dev)
4398 [main] INFO  c.e.c.ChamaEurekaServerApplication - No active profile set, falling back to default profiles: default
6926 [main] INFO  o.s.c.context.scope.GenericScope - BeanFactory id=0ba8af23-88ac-30a0-857c-51bea35f742b
8256 [main] INFO  o.s.b.w.e.tomcat.TomcatWebServer - Tomcat initialized with port(s): 8761 (http)
8294 [main] INFO  o.a.catalina.core.StandardService - Starting service [Tomcat]
8296 [main] INFO  o.a.catalina.core.StandardEngine - Starting Servlet engine: [Apache Tomcat/9.0.53]
8647 [main] INFO  o.a.c.c.C.[Tomcat].[localhost].[/] - Initializing Spring embedded WebApplicationContext
8648 [main] INFO  o.s.b.w.s.c.ServletWebServerApplicationContext - Root WebApplicationContext: initialization completed in 4089 ms
10209 [main] INFO  c.s.j.s.i.a.WebApplicationImpl - Initiating Jersey application, version 'Jersey: 1.19.4 05/24/2017 03:20 PM'
14497 [main] INFO  o.s.cloud.commons.util.InetUtils - Cannot determine local hostname
16569 [main] INFO  o.s.cloud.commons.util.InetUtils - Cannot determine local hostname
16590 [main] INFO  o.s.c.n.e.c.DiscoveryClientOptionalArgsConfiguration - Eureka HTTP Client uses Jersey
16872 [main] WARN  o.s.c.l.c.LoadBalancerCacheAutoConfiguration$LoadBalancerCaffeineWarnLogger - Spring Cloud LoadBalancer is currently working with the default cache. You can switch to using Caffeine cache, by adding it and org.springframework.cache.caffeine.CaffeineCacheManager to the classpath.
16930 [main] INFO  o.s.c.n.eureka.InstanceInfoFactory - Setting initial instance status as: STARTING
18026 [main] INFO  o.s.b.a.e.web.EndpointLinksResolver - Exposing 1 endpoint(s) beneath base path '/actuator'
18080 [main] INFO  o.s.c.n.e.s.EurekaServiceRegistry - Registering application UNKNOWN with eureka with status UP
18086 [Thread-9] INFO  o.s.c.n.e.s.EurekaServerBootstrap - Setting the eureka configuration..
18117 [Thread-9] INFO  o.s.c.n.e.s.EurekaServerBootstrap - isAws returned false
18120 [Thread-9] INFO  o.s.c.n.e.s.EurekaServerBootstrap - Initialized server context
18145 [main] INFO  o.s.b.w.e.tomcat.TomcatWebServer - Tomcat started on port(s): 8761 (http) with context path ''
18146 [main] INFO  o.s.c.n.e.s.EurekaAutoServiceRegistration - Updating port to 8761
18155 [Thread-9] INFO  o.s.c.n.e.s.EurekaServerInitializerConfiguration - Started Eureka Server
19765 [main] INFO  o.s.cloud.commons.util.InetUtils - Cannot determine local hostname
19799 [main] INFO  c.e.c.ChamaEurekaServerApplication - Started ChamaEurekaServerApplication in 18.62 seconds (JVM running for 20.562)
92240 [http-nio-8761-exec-1] INFO  o.a.c.c.C.[Tomcat].[localhost].[/] - Initializing Spring DispatcherServlet 'dispatcherServlet'
92240 [http-nio-8761-exec-1] INFO  o.s.web.servlet.DispatcherServlet - Initializing Servlet 'dispatcherServlet'
92243 [http-nio-8761-exec-1] INFO  o.s.web.servlet.DispatcherServlet - Completed initialization in 2 ms
1978800 [SpringApplicationShutdownHook] INFO  o.s.c.n.e.s.EurekaServiceRegistry - Unregistering application UNKNOWN with eureka with status DOWN
1984192 [SpringApplicationShutdownHook] INFO  o.s.c.n.e.s.EurekaServerBootstrap - Shutting down Eureka Server..
1984576 [SpringApplicationShutdownHook] INFO  c.n.servo.monitor.StatsMonitor - Attempting to get the value for an expired monitor: eurekaServer.replication.batchSize.Will start computing stats again.
1984834 [SpringApplicationShutdownHook] INFO  c.n.servo.monitor.StatsMonitor - Attempting to get the value for an expired monitor: eurekaServer.replication.executionTime.Will start computing stats again.
1984849 [SpringApplicationShutdownHook] INFO  c.n.servo.monitor.StatsMonitor - Attempting to get the value for an expired monitor: eurekaServer.replication.executionTime.Will start computing stats again.
1984859 [SpringApplicationShutdownHook] INFO  c.n.servo.monitor.StatsMonitor - Attempting to get the value for an expired monitor: eurekaServer.replication.batchSize.Will start computing stats again.
1986399 [SpringApplicationShutdownHook] INFO  o.s.c.n.e.s.EurekaServerBootstrap - Eureka Service is now shutdown...
