2960 [main] INFO  c.e.c.ChamaEurekaServerApplication - Starting ChamaEurekaServerApplication using Java 11.0.22 on DESKTOP-C76S6GF with PID 8772 (C:\Users\HP\Documents\vicoba-backend-dev\chama-reactive-backend\Chama-Eureka-server\target\classes started by HP in C:\Users\HP\Documents\vicoba-backend-dev)
3026 [main] INFO  c.e.c.ChamaEurekaServerApplication - No active profile set, falling back to default profiles: default
5407 [main] INFO  o.s.c.context.scope.GenericScope - BeanFactory id=0ba8af23-88ac-30a0-857c-51bea35f742b
6608 [main] INFO  o.s.b.w.e.tomcat.TomcatWebServer - Tomcat initialized with port(s): 8761 (http)
6633 [main] INFO  o.a.catalina.core.StandardService - Starting service [Tomcat]
6634 [main] INFO  o.a.catalina.core.StandardEngine - Starting Servlet engine: [Apache Tomcat/9.0.53]
6969 [main] INFO  o.a.c.c.C.[Tomcat].[localhost].[/] - Initializing Spring embedded WebApplicationContext
6970 [main] INFO  o.s.b.w.s.c.ServletWebServerApplicationContext - Root WebApplicationContext: initialization completed in 3789 ms
8276 [main] INFO  c.s.j.s.i.a.WebApplicationImpl - Initiating Jersey application, version 'Jersey: 1.19.4 05/24/2017 03:20 PM'
12445 [main] INFO  o.s.c.n.e.c.DiscoveryClientOptionalArgsConfiguration - Eureka HTTP Client uses Jersey
12579 [main] WARN  o.s.c.l.c.LoadBalancerCacheAutoConfiguration$LoadBalancerCaffeineWarnLogger - Spring Cloud LoadBalancer is currently working with the default cache. You can switch to using Caffeine cache, by adding it and org.springframework.cache.caffeine.CaffeineCacheManager to the classpath.
12620 [main] INFO  o.s.c.n.eureka.InstanceInfoFactory - Setting initial instance status as: STARTING
13510 [main] INFO  o.s.b.a.e.web.EndpointLinksResolver - Exposing 1 endpoint(s) beneath base path '/actuator'
13556 [main] INFO  o.s.c.n.e.s.EurekaServiceRegistry - Registering application UNKNOWN with eureka with status UP
13561 [Thread-9] INFO  o.s.c.n.e.s.EurekaServerBootstrap - Setting the eureka configuration..
13588 [Thread-9] INFO  o.s.c.n.e.s.EurekaServerBootstrap - isAws returned false
13590 [Thread-9] INFO  o.s.c.n.e.s.EurekaServerBootstrap - Initialized server context
13609 [Thread-9] INFO  o.s.c.n.e.s.EurekaServerInitializerConfiguration - Started Eureka Server
13613 [main] INFO  o.s.b.w.e.tomcat.TomcatWebServer - Tomcat started on port(s): 8761 (http) with context path ''
13615 [main] INFO  o.s.c.n.e.s.EurekaAutoServiceRegistration - Updating port to 8761
14299 [main] INFO  c.e.c.ChamaEurekaServerApplication - Started ChamaEurekaServerApplication in 13.243 seconds (JVM running for 15.081)
67013 [http-nio-8761-exec-1] INFO  o.a.c.c.C.[Tomcat].[localhost].[/] - Initializing Spring DispatcherServlet 'dispatcherServlet'
67021 [http-nio-8761-exec-1] INFO  o.s.web.servlet.DispatcherServlet - Initializing Servlet 'dispatcherServlet'
67024 [http-nio-8761-exec-1] INFO  o.s.web.servlet.DispatcherServlet - Completed initialization in 3 ms
