79870439 [hz._hzInstance_1_dev.cached.thread-6] INFO  c.h.i.c.i.ClusterHeartbeatManager - [10.20.33.104]:5701 [dev] [3.8.2] System clock apparently jumped from 2024-05-24 16:12:29.658 to 2024-05-25 12:39:47.809 since last heartbeat (+73633151 ms)
79870505 [hz._hzInstance_1_dev.InvocationMonitorThread] WARN  c.h.s.i.o.impl.InvocationMonitor - [10.20.33.104]:5701 [dev] [3.8.2] MonitorInvocationsTask delayed 73634209 ms
79877445 [hz._hzInstance_1_dev.cached.thread-6] WARN  c.h.i.c.i.ClusterHeartbeatManager - [10.20.33.104]:5701 [dev] [3.8.2] Resetting master confirmation timestamps because of huge system clock jump! Clock-Jump: 73633151 ms, Master-Confirmation-Timeout: 350000 ms
79877455 [hz._hzInstance_1_dev.cached.thread-6] WARN  c.h.i.c.i.ClusterHeartbeatManager - [10.20.33.104]:5701 [dev] [3.8.2] Resetting heartbeat timestamps because of huge system clock jump! Clock-Jump: 73633151 ms, Heartbeat-Timeout: 300000 ms
79877279 [hz._hzInstance_1_dev.cached.thread-42] WARN  c.h.i.cluster.impl.MulticastService - [10.20.33.104]:5701 [dev] [3.8.2] You probably have too long Hazelcast configuration!
java.net.NoRouteToHostException: No route to host: Datagram send failed
	at java.base/java.net.TwoStacksPlainDatagramSocketImpl.send0(Native Method)
	at java.base/java.net.AbstractPlainDatagramSocketImpl.send(AbstractPlainDatagramSocketImpl.java:155)
	at java.base/java.net.DatagramSocket.send(DatagramSocket.java:695)
	at com.hazelcast.internal.cluster.impl.MulticastService.send(MulticastService.java:252)
	at com.hazelcast.internal.cluster.impl.MulticastJoiner.searchForOtherClusters(MulticastJoiner.java:111)
	at com.hazelcast.internal.cluster.impl.SplitBrainHandler.searchForOtherClusters(SplitBrainHandler.java:75)
	at com.hazelcast.internal.cluster.impl.SplitBrainHandler.run(SplitBrainHandler.java:42)
	at com.hazelcast.spi.impl.executionservice.impl.DelegateAndSkipOnConcurrentExecutionDecorator$DelegateDecorator.run(DelegateAndSkipOnConcurrentExecutionDecorator.java:66)
	at com.hazelcast.util.executor.CachedExecutorServiceDelegate$Worker.run(CachedExecutorServiceDelegate.java:228)
	at java.base/java.util.concurrent.ThreadPoolExecutor.runWorker(ThreadPoolExecutor.java:1128)
	at java.base/java.util.concurrent.ThreadPoolExecutor$Worker.run(ThreadPoolExecutor.java:628)
	at java.base/java.lang.Thread.run(Thread.java:829)
	at com.hazelcast.util.executor.HazelcastManagedThread.executeRun(HazelcastManagedThread.java:64)
	at com.hazelcast.util.executor.HazelcastManagedThread.run(HazelcastManagedThread.java:80)
79877466 [hz._hzInstance_1_dev.InvocationMonitorThread] WARN  c.h.s.i.o.impl.InvocationMonitor - [10.20.33.104]:5701 [dev] [3.8.2] MonitorInvocationsTask delayed 12764 ms
79877612 [hz._hzInstance_1_dev.InvocationMonitorThread] WARN  c.h.s.i.o.impl.InvocationMonitor - [10.20.33.104]:5701 [dev] [3.8.2] BroadcastOperationControlTask delayed 73636122 ms
79881425 [hz._hzInstance_1_dev.cached.thread-42] WARN  c.h.i.cluster.impl.MulticastService - [10.20.33.104]:5701 [dev] [3.8.2] You probably have too long Hazelcast configuration!
java.net.NoRouteToHostException: No route to host: Datagram send failed
	at java.base/java.net.TwoStacksPlainDatagramSocketImpl.send0(Native Method)
	at java.base/java.net.AbstractPlainDatagramSocketImpl.send(AbstractPlainDatagramSocketImpl.java:155)
	at java.base/java.net.DatagramSocket.send(DatagramSocket.java:695)
	at com.hazelcast.internal.cluster.impl.MulticastService.send(MulticastService.java:252)
	at com.hazelcast.internal.cluster.impl.MulticastJoiner.searchForOtherClusters(MulticastJoiner.java:111)
	at com.hazelcast.internal.cluster.impl.SplitBrainHandler.searchForOtherClusters(SplitBrainHandler.java:75)
	at com.hazelcast.internal.cluster.impl.SplitBrainHandler.run(SplitBrainHandler.java:42)
	at com.hazelcast.spi.impl.executionservice.impl.DelegateAndSkipOnConcurrentExecutionDecorator$DelegateDecorator.run(DelegateAndSkipOnConcurrentExecutionDecorator.java:66)
	at com.hazelcast.util.executor.CachedExecutorServiceDelegate$Worker.run(CachedExecutorServiceDelegate.java:228)
	at java.base/java.util.concurrent.ThreadPoolExecutor.runWorker(ThreadPoolExecutor.java:1128)
	at java.base/java.util.concurrent.ThreadPoolExecutor$Worker.run(ThreadPoolExecutor.java:628)
	at java.base/java.lang.Thread.run(Thread.java:829)
	at com.hazelcast.util.executor.HazelcastManagedThread.executeRun(HazelcastManagedThread.java:64)
	at com.hazelcast.util.executor.HazelcastManagedThread.run(HazelcastManagedThread.java:80)
79888989 [SpringApplicationShutdownHook] INFO  o.s.c.n.e.s.EurekaServiceRegistry - Unregistering application CHAMA-GATEWAY with eureka with status DOWN
79888996 [SpringApplicationShutdownHook] INFO  c.netflix.discovery.DiscoveryClient - Saw local status change event StatusChangeEvent [timestamp=1716630012179, current=DOWN, previous=UP]
79889051 [DiscoveryClient-InstanceInfoReplicator-0] INFO  c.netflix.discovery.DiscoveryClient - DiscoveryClient_CHAMA-GATEWAY/host.docker.internal:chama-gateway:8200: registering service...
79889182 [DiscoveryClient-InstanceInfoReplicator-0] INFO  c.netflix.discovery.DiscoveryClient - DiscoveryClient_CHAMA-GATEWAY/host.docker.internal:chama-gateway:8200 - registration status: 204
79889806 [SpringApplicationShutdownHook] INFO  o.s.i.endpoint.EventDrivenConsumer - Removing {logging-channel-adapter:_org.springframework.integration.errorLogger} as a subscriber to the 'errorChannel' channel
79889844 [SpringApplicationShutdownHook] INFO  o.s.i.c.PublishSubscribeChannel - Channel 'chama-gateway.errorChannel' has 0 subscriber(s).
79889862 [SpringApplicationShutdownHook] INFO  o.s.i.endpoint.EventDrivenConsumer - stopped bean '_org.springframework.integration.errorLogger'
79890143 [SpringApplicationShutdownHook] WARN  o.s.b.f.s.DisposableBeanAdapter - Invocation of close method failed on bean with name 'cache': com.hazelcast.core.HazelcastInstanceNotActiveException: Hazelcast instance is not active!
79892424 [SpringApplicationShutdownHook] INFO  c.netflix.discovery.DiscoveryClient - Shutting down DiscoveryClient ...
79895585 [SpringApplicationShutdownHook] INFO  c.netflix.discovery.DiscoveryClient - Unregistering ...
79895627 [SpringApplicationShutdownHook] INFO  c.netflix.discovery.DiscoveryClient - DiscoveryClient_CHAMA-GATEWAY/host.docker.internal:chama-gateway:8200 - deregister  status: 200
79895662 [SpringApplicationShutdownHook] INFO  c.netflix.discovery.DiscoveryClient - Completed shut down of DiscoveryClient
