3841 [restartedMain] INFO  c.e.a.ApiGatewayApplication - Starting ApiGatewayApplication using Java 11.0.22 on DESKTOP-C76S6GF with PID 22932 (C:\Users\HP\Documents\vicoba-backend-dev\chama-reactive-backend\APIGateway\target\classes started by HP in C:\Users\HP\Documents\vicoba-backend-dev)
3875 [restartedMain] INFO  c.e.a.ApiGatewayApplication - The following 1 profile is active: "dev"
4019 [restartedMain] INFO  o.s.b.d.e.DevToolsPropertyDefaultsPostProcessor - Devtools property defaults active! Set 'spring.devtools.add-properties' to 'false' to disable
7980 [restartedMain] INFO  o.s.i.c.DefaultConfiguringBeanFactoryPostProcessor - No bean named 'errorChannel' has been explicitly defined. Therefore, a default PublishSubscribeChannel will be created.
8037 [restartedMain] INFO  o.s.i.c.DefaultConfiguringBeanFactoryPostProcessor - No bean named 'integrationHeaderChannelRegistry' has been explicitly defined. Therefore, a default DefaultHeaderChannelRegistry will be created.
8436 [restartedMain] INFO  o.s.c.context.scope.GenericScope - BeanFactory id=0dc1e043-ed79-31f8-a652-2f01a3fb8dfb
8734 [restartedMain] INFO  o.s.c.s.PostProcessorRegistrationDelegate$BeanPostProcessorChecker - Bean 'org.springframework.integration.config.IntegrationManagementConfiguration' of type [org.springframework.integration.config.IntegrationManagementConfiguration] is not eligible for getting processed by all BeanPostProcessors (for example: not eligible for auto-proxying)
8753 [restartedMain] INFO  o.s.c.s.PostProcessorRegistrationDelegate$BeanPostProcessorChecker - Bean 'integrationChannelResolver' of type [org.springframework.integration.support.channel.BeanFactoryChannelResolver] is not eligible for getting processed by all BeanPostProcessors (for example: not eligible for auto-proxying)
8785 [restartedMain] INFO  o.s.c.s.PostProcessorRegistrationDelegate$BeanPostProcessorChecker - Bean 'org.springframework.cloud.client.loadbalancer.reactive.LoadBalancerBeanPostProcessorAutoConfiguration' of type [org.springframework.cloud.client.loadbalancer.reactive.LoadBalancerBeanPostProcessorAutoConfiguration] is not eligible for getting processed by all BeanPostProcessors (for example: not eligible for auto-proxying)
8787 [restartedMain] INFO  o.s.c.s.PostProcessorRegistrationDelegate$BeanPostProcessorChecker - Bean 'org.springframework.cloud.client.loadbalancer.reactive.LoadBalancerBeanPostProcessorAutoConfiguration$ReactorDeferringLoadBalancerFilterConfig' of type [org.springframework.cloud.client.loadbalancer.reactive.LoadBalancerBeanPostProcessorAutoConfiguration$ReactorDeferringLoadBalancerFilterConfig] is not eligible for getting processed by all BeanPostProcessors (for example: not eligible for auto-proxying)
8791 [restartedMain] INFO  o.s.c.s.PostProcessorRegistrationDelegate$BeanPostProcessorChecker - Bean 'reactorDeferringLoadBalancerExchangeFilterFunction' of type [org.springframework.cloud.client.loadbalancer.reactive.DeferringLoadBalancerExchangeFilterFunction] is not eligible for getting processed by all BeanPostProcessors (for example: not eligible for auto-proxying)
10405 [restartedMain] INFO  c.h.instance.DefaultAddressPicker - [LOCAL] [dev] [3.8.2] Prefer IPv4 stack is true.
10885 [restartedMain] INFO  c.h.instance.DefaultAddressPicker - [LOCAL] [dev] [3.8.2] Picked [10.20.33.104]:5701, using socket ServerSocket[addr=/0:0:0:0:0:0:0:0,localport=5701], bind any local is true
10907 [restartedMain] INFO  com.hazelcast.system - [10.20.33.104]:5701 [dev] [3.8.2] Hazelcast 3.8.2 (20170518 - a60f944) starting at [10.20.33.104]:5701
10908 [restartedMain] INFO  com.hazelcast.system - [10.20.33.104]:5701 [dev] [3.8.2] Copyright (c) 2008-2016, Hazelcast, Inc. All Rights Reserved.
10908 [restartedMain] INFO  com.hazelcast.system - [10.20.33.104]:5701 [dev] [3.8.2] Configured Hazelcast Serialization version : 1
11509 [restartedMain] INFO  c.h.s.i.o.i.BackpressureRegulator - [10.20.33.104]:5701 [dev] [3.8.2] Backpressure is disabled
13553 [restartedMain] INFO  com.hazelcast.instance.Node - [10.20.33.104]:5701 [dev] [3.8.2] Creating MulticastJoiner
13958 [restartedMain] INFO  c.h.s.i.o.i.OperationExecutorImpl - [10.20.33.104]:5701 [dev] [3.8.2] Starting 4 partition threads
13959 [restartedMain] INFO  c.h.s.i.o.i.OperationExecutorImpl - [10.20.33.104]:5701 [dev] [3.8.2] Starting 3 generic threads (1 dedicated for priority tasks)
13970 [restartedMain] INFO  com.hazelcast.core.LifecycleService - [10.20.33.104]:5701 [dev] [3.8.2] [10.20.33.104]:5701 is STARTING
17329 [restartedMain] INFO  com.hazelcast.system - [10.20.33.104]:5701 [dev] [3.8.2] Cluster version set to 3.8
17331 [restartedMain] INFO  c.h.i.cluster.impl.MulticastJoiner - [10.20.33.104]:5701 [dev] [3.8.2] 


Members [1] {
	Member [10.20.33.104]:5701 - c3c5a529-faec-4ecf-93b2-d37adcd75ae3 this
}

17372 [restartedMain] INFO  com.hazelcast.core.LifecycleService - [10.20.33.104]:5701 [dev] [3.8.2] [10.20.33.104]:5701 is STARTED
17394 [restartedMain] INFO  c.hazelcast.cache.impl.CacheService - [10.20.33.104]:5701 [dev] [3.8.2] Added cache config: CacheConfig{name='buckets', managerPrefix='/hz/', inMemoryFormat=BINARY, backupCount=1, hotRestart=HotRestartConfig{enabled=false, fsync=false}}
19311 [restartedMain] INFO  o.s.c.g.r.RouteDefinitionRouteLocator - Loaded RoutePredicateFactory [After]
19311 [restartedMain] INFO  o.s.c.g.r.RouteDefinitionRouteLocator - Loaded RoutePredicateFactory [Before]
19312 [restartedMain] INFO  o.s.c.g.r.RouteDefinitionRouteLocator - Loaded RoutePredicateFactory [Between]
19312 [restartedMain] INFO  o.s.c.g.r.RouteDefinitionRouteLocator - Loaded RoutePredicateFactory [Cookie]
19313 [restartedMain] INFO  o.s.c.g.r.RouteDefinitionRouteLocator - Loaded RoutePredicateFactory [Header]
19313 [restartedMain] INFO  o.s.c.g.r.RouteDefinitionRouteLocator - Loaded RoutePredicateFactory [Host]
19313 [restartedMain] INFO  o.s.c.g.r.RouteDefinitionRouteLocator - Loaded RoutePredicateFactory [Method]
19315 [restartedMain] INFO  o.s.c.g.r.RouteDefinitionRouteLocator - Loaded RoutePredicateFactory [Path]
19315 [restartedMain] INFO  o.s.c.g.r.RouteDefinitionRouteLocator - Loaded RoutePredicateFactory [Query]
19316 [restartedMain] INFO  o.s.c.g.r.RouteDefinitionRouteLocator - Loaded RoutePredicateFactory [ReadBody]
19317 [restartedMain] INFO  o.s.c.g.r.RouteDefinitionRouteLocator - Loaded RoutePredicateFactory [RemoteAddr]
19317 [restartedMain] INFO  o.s.c.g.r.RouteDefinitionRouteLocator - Loaded RoutePredicateFactory [XForwardedRemoteAddr]
19317 [restartedMain] INFO  o.s.c.g.r.RouteDefinitionRouteLocator - Loaded RoutePredicateFactory [Weight]
19317 [restartedMain] INFO  o.s.c.g.r.RouteDefinitionRouteLocator - Loaded RoutePredicateFactory [CloudFoundryRouteService]
20965 [restartedMain] INFO  o.s.b.a.e.web.EndpointLinksResolver - Exposing 1 endpoint(s) beneath base path '/actuator'
21312 [restartedMain] INFO  o.s.c.f.c.c.BeanFactoryAwareFunctionRegistry - Can't determine default function definition. Please use 'spring.cloud.function.definition' property to explicitly define it.
21706 [restartedMain] INFO  o.s.b.d.a.OptionalLiveReloadServer - LiveReload server is running on port 35729
21737 [restartedMain] INFO  o.s.c.n.e.c.DiscoveryClientOptionalArgsConfiguration - Eureka HTTP Client uses RestTemplate.
21922 [restartedMain] WARN  o.s.c.l.c.LoadBalancerCacheAutoConfiguration$LoadBalancerCaffeineWarnLogger - Spring Cloud LoadBalancer is currently working with the default cache. While this cache implementation is useful for development and tests, it's recommended to use Caffeine cache in production.You can switch to using Caffeine cache, by adding it and org.springframework.cache.caffeine.CaffeineCacheManager to the classpath.
22173 [restartedMain] INFO  o.s.i.endpoint.EventDrivenConsumer - Adding {logging-channel-adapter:_org.springframework.integration.errorLogger} as a subscriber to the 'errorChannel' channel
22173 [restartedMain] INFO  o.s.i.c.PublishSubscribeChannel - Channel 'chama-gateway.errorChannel' has 1 subscriber(s).
22175 [restartedMain] INFO  o.s.i.endpoint.EventDrivenConsumer - started bean '_org.springframework.integration.errorLogger'
22193 [restartedMain] INFO  o.s.c.n.eureka.InstanceInfoFactory - Setting initial instance status as: STARTING
22424 [restartedMain] INFO  c.netflix.discovery.DiscoveryClient - Initializing Eureka in region us-east-1
22438 [restartedMain] INFO  c.n.d.s.r.aws.ConfigClusterResolver - Resolving eureka endpoints via configuration
22493 [restartedMain] INFO  c.netflix.discovery.DiscoveryClient - Disable delta property : false
22494 [restartedMain] INFO  c.netflix.discovery.DiscoveryClient - Single vip registry refresh property : null
22494 [restartedMain] INFO  c.netflix.discovery.DiscoveryClient - Force full registry fetch : false
22494 [restartedMain] INFO  c.netflix.discovery.DiscoveryClient - Application is null : false
22495 [restartedMain] INFO  c.netflix.discovery.DiscoveryClient - Registered Applications size is zero : true
22495 [restartedMain] INFO  c.netflix.discovery.DiscoveryClient - Application version is -1: true
22496 [restartedMain] INFO  c.netflix.discovery.DiscoveryClient - Getting all instance registry info from the eureka server
23699 [restartedMain] INFO  c.netflix.discovery.DiscoveryClient - The response status is 200
23705 [restartedMain] INFO  c.netflix.discovery.DiscoveryClient - Starting heartbeat executor: renew interval is: 30
23710 [restartedMain] INFO  c.n.d.InstanceInfoReplicator - InstanceInfoReplicator onDemand update allowed rate per min is 4
23721 [restartedMain] INFO  c.netflix.discovery.DiscoveryClient - Discovery Client initialized at timestamp 1716875593629 with initial instances count: 0
23725 [restartedMain] INFO  o.s.c.n.e.s.EurekaServiceRegistry - Registering application CHAMA-GATEWAY with eureka with status UP
23727 [restartedMain] INFO  c.netflix.discovery.DiscoveryClient - Saw local status change event StatusChangeEvent [timestamp=1716875593637, current=UP, previous=STARTING]
23733 [DiscoveryClient-InstanceInfoReplicator-0] INFO  c.netflix.discovery.DiscoveryClient - DiscoveryClient_CHAMA-GATEWAY/host.docker.internal:chama-gateway:8200: registering service...
24158 [DiscoveryClient-InstanceInfoReplicator-0] INFO  c.netflix.discovery.DiscoveryClient - DiscoveryClient_CHAMA-GATEWAY/host.docker.internal:chama-gateway:8200 - registration status: 204
25284 [restartedMain] INFO  o.s.b.w.e.netty.NettyWebServer - Netty started on port 8200
25286 [restartedMain] INFO  o.s.c.n.e.s.EurekaAutoServiceRegistration - Updating port to 8200
26465 [restartedMain] INFO  c.e.a.ApiGatewayApplication - Started ApiGatewayApplication in 25.041 seconds (JVM running for 27.743)
53767 [DiscoveryClient-CacheRefreshExecutor-0] INFO  c.netflix.discovery.DiscoveryClient - Disable delta property : false
53768 [DiscoveryClient-CacheRefreshExecutor-0] INFO  c.netflix.discovery.DiscoveryClient - Single vip registry refresh property : null
53769 [DiscoveryClient-CacheRefreshExecutor-0] INFO  c.netflix.discovery.DiscoveryClient - Force full registry fetch : false
53770 [DiscoveryClient-CacheRefreshExecutor-0] INFO  c.netflix.discovery.DiscoveryClient - Application is null : false
53770 [DiscoveryClient-CacheRefreshExecutor-0] INFO  c.netflix.discovery.DiscoveryClient - Registered Applications size is zero : true
53771 [DiscoveryClient-CacheRefreshExecutor-0] INFO  c.netflix.discovery.DiscoveryClient - Application version is -1: false
53771 [DiscoveryClient-CacheRefreshExecutor-0] INFO  c.netflix.discovery.DiscoveryClient - Getting all instance registry info from the eureka server
53843 [DiscoveryClient-CacheRefreshExecutor-0] INFO  c.netflix.discovery.DiscoveryClient - The response status is 200
322531 [AsyncResolver-bootstrap-executor-0] INFO  c.n.d.s.r.aws.ConfigClusterResolver - Resolving eureka endpoints via configuration
622575 [AsyncResolver-bootstrap-executor-0] INFO  c.n.d.s.r.aws.ConfigClusterResolver - Resolving eureka endpoints via configuration
922593 [AsyncResolver-bootstrap-executor-0] INFO  c.n.d.s.r.aws.ConfigClusterResolver - Resolving eureka endpoints via configuration
1222609 [AsyncResolver-bootstrap-executor-0] INFO  c.n.d.s.r.aws.ConfigClusterResolver - Resolving eureka endpoints via configuration
1353089 [reactor-http-nio-3] INFO  c.e.apigateway.filters.AuthFilter - ********************** Trying to validate token **********************
1353092 [reactor-http-nio-3] INFO  c.e.apigateway.filters.AuthFilter - ********************** No Bearer Token Found => Unsecured Endpoint **********************
1353287 [reactor-http-nio-3] INFO  c.h.i.p.impl.PartitionStateManager - [10.20.33.104]:5701 [dev] [3.8.2] Initializing cluster partition table arrangement...
1358187 [reactor-http-nio-3] INFO  c.e.apigateway.config.GatewayConfig - Logging::: {"status":"fail","message":"Api error","data":[],"timestamp":"28-05-2024 06:15:27","metadata":null}
1359144 [reactor-http-nio-3] INFO  o.s.c.s.binder.DefaultBinderFactory - Creating binder: kafka
1362327 [reactor-http-nio-3] INFO  o.s.c.s.binder.DefaultBinderFactory - Caching the binder: kafka
1362329 [reactor-http-nio-3] INFO  o.s.c.s.binder.DefaultBinderFactory - Retrieving cached binder: kafka
1362529 [reactor-http-nio-3] INFO  o.s.c.s.b.k.p.KafkaTopicProvisioner - Using kafka topic for outbound: request-response-log
1362572 [reactor-http-nio-3] INFO  o.a.k.c.admin.AdminClientConfig - AdminClientConfig values: 
	bootstrap.servers = [localhost:9092]
	client.dns.lookup = use_all_dns_ips
	client.id = 
	connections.max.idle.ms = 300000
	default.api.timeout.ms = 60000
	metadata.max.age.ms = 300000
	metric.reporters = []
	metrics.num.samples = 2
	metrics.recording.level = INFO
	metrics.sample.window.ms = 30000
	receive.buffer.bytes = 65536
	reconnect.backoff.max.ms = 1000
	reconnect.backoff.ms = 50
	request.timeout.ms = 30000
	retries = 2147483647
	retry.backoff.ms = 100
	sasl.client.callback.handler.class = null
	sasl.jaas.config = null
	sasl.kerberos.kinit.cmd = /usr/bin/kinit
	sasl.kerberos.min.time.before.relogin = 60000
	sasl.kerberos.service.name = null
	sasl.kerberos.ticket.renew.jitter = 0.05
	sasl.kerberos.ticket.renew.window.factor = 0.8
	sasl.login.callback.handler.class = null
	sasl.login.class = null
	sasl.login.connect.timeout.ms = null
	sasl.login.read.timeout.ms = null
	sasl.login.refresh.buffer.seconds = 300
	sasl.login.refresh.min.period.seconds = 60
	sasl.login.refresh.window.factor = 0.8
	sasl.login.refresh.window.jitter = 0.05
	sasl.login.retry.backoff.max.ms = 10000
	sasl.login.retry.backoff.ms = 100
	sasl.mechanism = GSSAPI
	sasl.oauthbearer.clock.skew.seconds = 30
	sasl.oauthbearer.expected.audience = null
	sasl.oauthbearer.expected.issuer = null
	sasl.oauthbearer.jwks.endpoint.refresh.ms = 3600000
	sasl.oauthbearer.jwks.endpoint.retry.backoff.max.ms = 10000
	sasl.oauthbearer.jwks.endpoint.retry.backoff.ms = 100
	sasl.oauthbearer.jwks.endpoint.url = null
	sasl.oauthbearer.scope.claim.name = scope
	sasl.oauthbearer.sub.claim.name = sub
	sasl.oauthbearer.token.endpoint.url = null
	security.protocol = PLAINTEXT
	security.providers = null
	send.buffer.bytes = 131072
	socket.connection.setup.timeout.max.ms = 30000
	socket.connection.setup.timeout.ms = 10000
	ssl.cipher.suites = null
	ssl.enabled.protocols = [TLSv1.2, TLSv1.3]
	ssl.endpoint.identification.algorithm = https
	ssl.engine.factory.class = null
	ssl.key.password = null
	ssl.keymanager.algorithm = SunX509
	ssl.keystore.certificate.chain = null
	ssl.keystore.key = null
	ssl.keystore.location = null
	ssl.keystore.password = null
	ssl.keystore.type = JKS
	ssl.protocol = TLSv1.3
	ssl.provider = null
	ssl.secure.random.implementation = null
	ssl.trustmanager.algorithm = PKIX
	ssl.truststore.certificates = null
	ssl.truststore.location = null
	ssl.truststore.password = null
	ssl.truststore.type = JKS

1362997 [reactor-http-nio-3] INFO  o.a.k.common.utils.AppInfoParser - Kafka version: 3.1.1
1362999 [reactor-http-nio-3] INFO  o.a.k.common.utils.AppInfoParser - Kafka commitId: 97671528ba54a138
1362999 [reactor-http-nio-3] INFO  o.a.k.common.utils.AppInfoParser - Kafka startTimeMs: 1716876932868
1364392 [kafka-admin-client-thread | adminclient-1] INFO  o.a.k.common.utils.AppInfoParser - App info kafka.admin.client for adminclient-1 unregistered
1364403 [kafka-admin-client-thread | adminclient-1] INFO  o.a.kafka.common.metrics.Metrics - Metrics scheduler closed
1364404 [kafka-admin-client-thread | adminclient-1] INFO  o.a.kafka.common.metrics.Metrics - Closing reporter org.apache.kafka.common.metrics.JmxReporter
1364404 [kafka-admin-client-thread | adminclient-1] INFO  o.a.kafka.common.metrics.Metrics - Metrics reporters closed
1364433 [reactor-http-nio-3] INFO  o.a.k.c.producer.ProducerConfig - Idempotence will be disabled because acks is set to 1, not set to 'all'.
1364437 [reactor-http-nio-3] INFO  o.a.k.c.producer.ProducerConfig - ProducerConfig values: 
	acks = 1
	batch.size = 16384
	bootstrap.servers = [localhost:9092]
	buffer.memory = 33554432
	client.dns.lookup = use_all_dns_ips
	client.id = producer-1
	compression.type = none
	connections.max.idle.ms = 540000
	delivery.timeout.ms = 120000
	enable.idempotence = false
	interceptor.classes = []
	key.serializer = class org.apache.kafka.common.serialization.ByteArraySerializer
	linger.ms = 0
	max.block.ms = 60000
	max.in.flight.requests.per.connection = 5
	max.request.size = 1048576
	metadata.max.age.ms = 300000
	metadata.max.idle.ms = 300000
	metric.reporters = []
	metrics.num.samples = 2
	metrics.recording.level = INFO
	metrics.sample.window.ms = 30000
	partitioner.class = class org.apache.kafka.clients.producer.internals.DefaultPartitioner
	receive.buffer.bytes = 32768
	reconnect.backoff.max.ms = 1000
	reconnect.backoff.ms = 50
	request.timeout.ms = 30000
	retries = 2147483647
	retry.backoff.ms = 100
	sasl.client.callback.handler.class = null
	sasl.jaas.config = null
	sasl.kerberos.kinit.cmd = /usr/bin/kinit
	sasl.kerberos.min.time.before.relogin = 60000
	sasl.kerberos.service.name = null
	sasl.kerberos.ticket.renew.jitter = 0.05
	sasl.kerberos.ticket.renew.window.factor = 0.8
	sasl.login.callback.handler.class = null
	sasl.login.class = null
	sasl.login.connect.timeout.ms = null
	sasl.login.read.timeout.ms = null
	sasl.login.refresh.buffer.seconds = 300
	sasl.login.refresh.min.period.seconds = 60
	sasl.login.refresh.window.factor = 0.8
	sasl.login.refresh.window.jitter = 0.05
	sasl.login.retry.backoff.max.ms = 10000
	sasl.login.retry.backoff.ms = 100
	sasl.mechanism = GSSAPI
	sasl.oauthbearer.clock.skew.seconds = 30
	sasl.oauthbearer.expected.audience = null
	sasl.oauthbearer.expected.issuer = null
	sasl.oauthbearer.jwks.endpoint.refresh.ms = 3600000
	sasl.oauthbearer.jwks.endpoint.retry.backoff.max.ms = 10000
	sasl.oauthbearer.jwks.endpoint.retry.backoff.ms = 100
	sasl.oauthbearer.jwks.endpoint.url = null
	sasl.oauthbearer.scope.claim.name = scope
	sasl.oauthbearer.sub.claim.name = sub
	sasl.oauthbearer.token.endpoint.url = null
	security.protocol = PLAINTEXT
	security.providers = null
	send.buffer.bytes = 131072
	socket.connection.setup.timeout.max.ms = 30000
	socket.connection.setup.timeout.ms = 10000
	ssl.cipher.suites = null
	ssl.enabled.protocols = [TLSv1.2, TLSv1.3]
	ssl.endpoint.identification.algorithm = https
	ssl.engine.factory.class = null
	ssl.key.password = null
	ssl.keymanager.algorithm = SunX509
	ssl.keystore.certificate.chain = null
	ssl.keystore.key = null
	ssl.keystore.location = null
	ssl.keystore.password = null
	ssl.keystore.type = JKS
	ssl.protocol = TLSv1.3
	ssl.provider = null
	ssl.secure.random.implementation = null
	ssl.trustmanager.algorithm = PKIX
	ssl.truststore.certificates = null
	ssl.truststore.location = null
	ssl.truststore.password = null
	ssl.truststore.type = JKS
	transaction.timeout.ms = 60000
	transactional.id = null
	value.serializer = class org.apache.kafka.common.serialization.ByteArraySerializer

1364518 [reactor-http-nio-3] INFO  o.a.k.common.utils.AppInfoParser - Kafka version: 3.1.1
1364519 [reactor-http-nio-3] INFO  o.a.k.common.utils.AppInfoParser - Kafka commitId: 97671528ba54a138
1364519 [reactor-http-nio-3] INFO  o.a.k.common.utils.AppInfoParser - Kafka startTimeMs: 1716876934428
1364562 [kafka-producer-network-thread | producer-1] INFO  org.apache.kafka.clients.Metadata - [Producer clientId=producer-1] Cluster ID: tr3fxpXSThqFYHPYWEI_7w
1364600 [kafka-producer-network-thread | producer-1] INFO  org.apache.kafka.clients.Metadata - [Producer clientId=producer-1] Resetting the last seen epoch of partition request-response-log-0 to 0 since the associated topicId changed from null to QHi1FTdtRM-3FxDj2sy9kA
1364662 [reactor-http-nio-3] INFO  o.s.c.s.m.DirectWithAttributesChannel - Channel 'unknown.channel.name' has 1 subscriber(s).
1364687 [reactor-http-nio-3] INFO  o.s.c.s.binder.DefaultBinderFactory - Retrieving cached binder: kafka
1522628 [AsyncResolver-bootstrap-executor-0] INFO  c.n.d.s.r.aws.ConfigClusterResolver - Resolving eureka endpoints via configuration
1676795 [reactor-http-nio-3] INFO  c.e.apigateway.filters.AuthFilter - ********************** Trying to validate token **********************
1676796 [reactor-http-nio-3] INFO  c.e.apigateway.filters.AuthFilter - ********************** No Bearer Token Found => Unsecured Endpoint **********************
1677459 [reactor-http-nio-3] INFO  c.e.apigateway.config.GatewayConfig - Logging::: {"status":"fail","message":"You are not a vicoba member","data":[],"timestamp":"28-05-2024 06:20:47","metadata":null}
1677460 [reactor-http-nio-3] INFO  o.s.c.s.binder.DefaultBinderFactory - Retrieving cached binder: kafka
1822638 [AsyncResolver-bootstrap-executor-0] INFO  c.n.d.s.r.aws.ConfigClusterResolver - Resolving eureka endpoints via configuration
1917556 [kafka-producer-network-thread | producer-1] INFO  o.a.kafka.clients.NetworkClient - [Producer clientId=producer-1] Node -1 disconnected.
2122655 [AsyncResolver-bootstrap-executor-0] INFO  c.n.d.s.r.aws.ConfigClusterResolver - Resolving eureka endpoints via configuration
2422663 [AsyncResolver-bootstrap-executor-0] INFO  c.n.d.s.r.aws.ConfigClusterResolver - Resolving eureka endpoints via configuration
2693155 [reactor-http-nio-3] INFO  c.e.apigateway.filters.AuthFilter - ********************** Trying to validate token **********************
2693157 [reactor-http-nio-3] INFO  c.e.apigateway.filters.AuthFilter - ********************** No Bearer Token Found => Unsecured Endpoint **********************
2695814 [reactor-http-nio-3] INFO  c.e.apigateway.config.GatewayConfig - Logging::: {"status":"fail","message":"Api error","data":[],"timestamp":"28-05-2024 06:37:45","metadata":null}
2695825 [reactor-http-nio-3] INFO  o.s.c.s.binder.DefaultBinderFactory - Retrieving cached binder: kafka
2695879 [kafka-producer-network-thread | producer-1] INFO  org.apache.kafka.clients.Metadata - [Producer clientId=producer-1] Resetting the last seen epoch of partition request-response-log-0 to 0 since the associated topicId changed from null to QHi1FTdtRM-3FxDj2sy9kA
2722668 [AsyncResolver-bootstrap-executor-0] INFO  c.n.d.s.r.aws.ConfigClusterResolver - Resolving eureka endpoints via configuration
3022676 [AsyncResolver-bootstrap-executor-0] INFO  c.n.d.s.r.aws.ConfigClusterResolver - Resolving eureka endpoints via configuration
3322684 [AsyncResolver-bootstrap-executor-0] INFO  c.n.d.s.r.aws.ConfigClusterResolver - Resolving eureka endpoints via configuration
3622693 [AsyncResolver-bootstrap-executor-0] INFO  c.n.d.s.r.aws.ConfigClusterResolver - Resolving eureka endpoints via configuration
3835299 [reactor-http-nio-3] INFO  c.e.apigateway.filters.AuthFilter - ********************** Trying to validate token **********************
3835300 [reactor-http-nio-3] INFO  c.e.apigateway.filters.AuthFilter - ********************** No Bearer Token Found => Unsecured Endpoint **********************
3836379 [reactor-http-nio-3] INFO  o.s.c.s.binder.DefaultBinderFactory - Retrieving cached binder: kafka
3836456 [kafka-producer-network-thread | producer-1] INFO  org.apache.kafka.clients.Metadata - [Producer clientId=producer-1] Resetting the last seen epoch of partition request-response-log-0 to 0 since the associated topicId changed from null to QHi1FTdtRM-3FxDj2sy9kA
3922700 [AsyncResolver-bootstrap-executor-0] INFO  c.n.d.s.r.aws.ConfigClusterResolver - Resolving eureka endpoints via configuration
4064208 [reactor-http-nio-3] INFO  c.e.apigateway.filters.AuthFilter - ********************** Trying to validate token **********************
4064211 [reactor-http-nio-3] INFO  c.e.apigateway.filters.AuthFilter - ********************** No Bearer Token Found => Unsecured Endpoint **********************
4087604 [reactor-http-nio-3] INFO  c.e.apigateway.config.GatewayConfig - Logging::: {"status":"fail","message":"Api error","data":[],"timestamp":"28-05-2024 07:00:57","metadata":null}
4087605 [reactor-http-nio-3] INFO  o.s.c.s.binder.DefaultBinderFactory - Retrieving cached binder: kafka
4222706 [AsyncResolver-bootstrap-executor-0] INFO  c.n.d.s.r.aws.ConfigClusterResolver - Resolving eureka endpoints via configuration
4522708 [AsyncResolver-bootstrap-executor-0] INFO  c.n.d.s.r.aws.ConfigClusterResolver - Resolving eureka endpoints via configuration
4822722 [AsyncResolver-bootstrap-executor-0] INFO  c.n.d.s.r.aws.ConfigClusterResolver - Resolving eureka endpoints via configuration
5122744 [AsyncResolver-bootstrap-executor-0] INFO  c.n.d.s.r.aws.ConfigClusterResolver - Resolving eureka endpoints via configuration
5422759 [AsyncResolver-bootstrap-executor-0] INFO  c.n.d.s.r.aws.ConfigClusterResolver - Resolving eureka endpoints via configuration
5722767 [AsyncResolver-bootstrap-executor-0] INFO  c.n.d.s.r.aws.ConfigClusterResolver - Resolving eureka endpoints via configuration
6022784 [AsyncResolver-bootstrap-executor-0] INFO  c.n.d.s.r.aws.ConfigClusterResolver - Resolving eureka endpoints via configuration
6322800 [AsyncResolver-bootstrap-executor-0] INFO  c.n.d.s.r.aws.ConfigClusterResolver - Resolving eureka endpoints via configuration
6622810 [AsyncResolver-bootstrap-executor-0] INFO  c.n.d.s.r.aws.ConfigClusterResolver - Resolving eureka endpoints via configuration
6922817 [AsyncResolver-bootstrap-executor-0] INFO  c.n.d.s.r.aws.ConfigClusterResolver - Resolving eureka endpoints via configuration
7222826 [AsyncResolver-bootstrap-executor-0] INFO  c.n.d.s.r.aws.ConfigClusterResolver - Resolving eureka endpoints via configuration
7522844 [AsyncResolver-bootstrap-executor-0] INFO  c.n.d.s.r.aws.ConfigClusterResolver - Resolving eureka endpoints via configuration
7822852 [AsyncResolver-bootstrap-executor-0] INFO  c.n.d.s.r.aws.ConfigClusterResolver - Resolving eureka endpoints via configuration
8122873 [AsyncResolver-bootstrap-executor-0] INFO  c.n.d.s.r.aws.ConfigClusterResolver - Resolving eureka endpoints via configuration
8422893 [AsyncResolver-bootstrap-executor-0] INFO  c.n.d.s.r.aws.ConfigClusterResolver - Resolving eureka endpoints via configuration
8722920 [AsyncResolver-bootstrap-executor-0] INFO  c.n.d.s.r.aws.ConfigClusterResolver - Resolving eureka endpoints via configuration
9022936 [AsyncResolver-bootstrap-executor-0] INFO  c.n.d.s.r.aws.ConfigClusterResolver - Resolving eureka endpoints via configuration
9322943 [AsyncResolver-bootstrap-executor-0] INFO  c.n.d.s.r.aws.ConfigClusterResolver - Resolving eureka endpoints via configuration
9622958 [AsyncResolver-bootstrap-executor-0] INFO  c.n.d.s.r.aws.ConfigClusterResolver - Resolving eureka endpoints via configuration
9642755 [reactor-http-nio-3] INFO  c.e.apigateway.filters.AuthFilter - ********************** Trying to validate token **********************
9642757 [reactor-http-nio-3] INFO  c.e.apigateway.filters.AuthFilter - ********************** No Bearer Token Found => Unsecured Endpoint **********************
9644203 [reactor-http-nio-3] INFO  o.s.c.s.binder.DefaultBinderFactory - Retrieving cached binder: kafka
9644302 [kafka-producer-network-thread | producer-1] INFO  org.apache.kafka.clients.Metadata - [Producer clientId=producer-1] Resetting the last seen epoch of partition request-response-log-0 to 0 since the associated topicId changed from null to QHi1FTdtRM-3FxDj2sy9kA
9922969 [AsyncResolver-bootstrap-executor-0] INFO  c.n.d.s.r.aws.ConfigClusterResolver - Resolving eureka endpoints via configuration
10222985 [AsyncResolver-bootstrap-executor-0] INFO  c.n.d.s.r.aws.ConfigClusterResolver - Resolving eureka endpoints via configuration
10258566 [reactor-http-nio-3] INFO  c.e.apigateway.filters.AuthFilter - ********************** Trying to validate token **********************
10258567 [reactor-http-nio-3] INFO  c.e.apigateway.filters.AuthFilter - ********************** No Bearer Token Found => Unsecured Endpoint **********************
10258956 [reactor-http-nio-3] INFO  o.s.c.s.binder.DefaultBinderFactory - Retrieving cached binder: kafka
10523018 [AsyncResolver-bootstrap-executor-0] INFO  c.n.d.s.r.aws.ConfigClusterResolver - Resolving eureka endpoints via configuration
10823051 [AsyncResolver-bootstrap-executor-0] INFO  c.n.d.s.r.aws.ConfigClusterResolver - Resolving eureka endpoints via configuration
11123083 [AsyncResolver-bootstrap-executor-0] INFO  c.n.d.s.r.aws.ConfigClusterResolver - Resolving eureka endpoints via configuration
11423085 [AsyncResolver-bootstrap-executor-0] INFO  c.n.d.s.r.aws.ConfigClusterResolver - Resolving eureka endpoints via configuration
11723089 [AsyncResolver-bootstrap-executor-0] INFO  c.n.d.s.r.aws.ConfigClusterResolver - Resolving eureka endpoints via configuration
12023100 [AsyncResolver-bootstrap-executor-0] INFO  c.n.d.s.r.aws.ConfigClusterResolver - Resolving eureka endpoints via configuration
12323105 [AsyncResolver-bootstrap-executor-0] INFO  c.n.d.s.r.aws.ConfigClusterResolver - Resolving eureka endpoints via configuration
12623126 [AsyncResolver-bootstrap-executor-0] INFO  c.n.d.s.r.aws.ConfigClusterResolver - Resolving eureka endpoints via configuration
12923140 [AsyncResolver-bootstrap-executor-0] INFO  c.n.d.s.r.aws.ConfigClusterResolver - Resolving eureka endpoints via configuration
12978323 [reactor-http-nio-3] INFO  c.e.apigateway.filters.AuthFilter - ********************** Trying to validate token **********************
12978323 [reactor-http-nio-3] INFO  c.e.apigateway.filters.AuthFilter - ********************** No Bearer Token Found => Unsecured Endpoint **********************
13223157 [AsyncResolver-bootstrap-executor-0] INFO  c.n.d.s.r.aws.ConfigClusterResolver - Resolving eureka endpoints via configuration
13523168 [AsyncResolver-bootstrap-executor-0] INFO  c.n.d.s.r.aws.ConfigClusterResolver - Resolving eureka endpoints via configuration
13624086 [reactor-http-nio-3] INFO  c.e.apigateway.filters.AuthFilter - ********************** Trying to validate token **********************
13624087 [reactor-http-nio-3] INFO  c.e.apigateway.filters.AuthFilter - ********************** No Bearer Token Found => Unsecured Endpoint **********************
13624617 [reactor-http-nio-3] INFO  o.s.c.s.binder.DefaultBinderFactory - Retrieving cached binder: kafka
13624746 [kafka-producer-network-thread | producer-1] INFO  org.apache.kafka.clients.Metadata - [Producer clientId=producer-1] Resetting the last seen epoch of partition request-response-log-0 to 0 since the associated topicId changed from null to QHi1FTdtRM-3FxDj2sy9kA
13823179 [AsyncResolver-bootstrap-executor-0] INFO  c.n.d.s.r.aws.ConfigClusterResolver - Resolving eureka endpoints via configuration
14114478 [hz._hzInstance_1_dev.cached.thread-4] WARN  c.h.i.cluster.impl.MulticastService - [10.20.33.104]:5701 [dev] [3.8.2] You probably have too long Hazelcast configuration!
java.net.NoRouteToHostException: No route to host: Datagram send failed
	at java.base/java.net.TwoStacksPlainDatagramSocketImpl.send0(Native Method)
	at java.base/java.net.AbstractPlainDatagramSocketImpl.send(AbstractPlainDatagramSocketImpl.java:155)
	at java.base/java.net.DatagramSocket.send(DatagramSocket.java:695)
	at com.hazelcast.internal.cluster.impl.MulticastService.send(MulticastService.java:252)
	at com.hazelcast.internal.cluster.impl.MulticastJoiner.searchForOtherClusters(MulticastJoiner.java:111)
	at com.hazelcast.internal.cluster.impl.SplitBrainHandler.searchForOtherClusters(SplitBrainHandler.java:75)
	at com.hazelcast.internal.cluster.impl.SplitBrainHandler.run(SplitBrainHandler.java:42)
	at com.hazelcast.spi.impl.executionservice.impl.DelegateAndSkipOnConcurrentExecutionDecorator$DelegateDecorator.run(DelegateAndSkipOnConcurrentExecutionDecorator.java:66)
	at com.hazelcast.util.executor.CachedExecutorServiceDelegate$Worker.run(CachedExecutorServiceDelegate.java:228)
	at java.base/java.util.concurrent.ThreadPoolExecutor.runWorker(ThreadPoolExecutor.java:1128)
	at java.base/java.util.concurrent.ThreadPoolExecutor$Worker.run(ThreadPoolExecutor.java:628)
	at java.base/java.lang.Thread.run(Thread.java:829)
	at com.hazelcast.util.executor.HazelcastManagedThread.executeRun(HazelcastManagedThread.java:64)
	at com.hazelcast.util.executor.HazelcastManagedThread.run(HazelcastManagedThread.java:80)
14123189 [AsyncResolver-bootstrap-executor-0] INFO  c.n.d.s.r.aws.ConfigClusterResolver - Resolving eureka endpoints via configuration
14171231 [hz.ShutdownThread] INFO  com.hazelcast.instance.Node - [10.20.33.104]:5701 [dev] [3.8.2] Running shutdown hook... Current state: ACTIVE
14171758 [SpringApplicationShutdownHook] INFO  o.s.c.n.e.s.EurekaServiceRegistry - Unregistering application CHAMA-GATEWAY with eureka with status DOWN
14171792 [SpringApplicationShutdownHook] INFO  c.netflix.discovery.DiscoveryClient - Saw local status change event StatusChangeEvent [timestamp=1716889741702, current=DOWN, previous=UP]
14171805 [DiscoveryClient-InstanceInfoReplicator-0] INFO  c.netflix.discovery.DiscoveryClient - DiscoveryClient_CHAMA-GATEWAY/host.docker.internal:chama-gateway:8200: registering service...
14172334 [DiscoveryClient-InstanceInfoReplicator-0] INFO  c.netflix.discovery.DiscoveryClient - DiscoveryClient_CHAMA-GATEWAY/host.docker.internal:chama-gateway:8200 - registration status: 204
14172358 [SpringApplicationShutdownHook] INFO  o.s.i.endpoint.EventDrivenConsumer - Removing {logging-channel-adapter:_org.springframework.integration.errorLogger} as a subscriber to the 'errorChannel' channel
14172363 [SpringApplicationShutdownHook] INFO  o.s.i.c.PublishSubscribeChannel - Channel 'chama-gateway.errorChannel' has 0 subscriber(s).
14172371 [SpringApplicationShutdownHook] INFO  o.s.i.endpoint.EventDrivenConsumer - stopped bean '_org.springframework.integration.errorLogger'
14172541 [SpringApplicationShutdownHook] WARN  o.s.b.f.s.DisposableBeanAdapter - Invocation of close method failed on bean with name 'cache': com.hazelcast.core.HazelcastInstanceNotActiveException: Hazelcast instance is not active!
14174772 [SpringApplicationShutdownHook] INFO  c.netflix.discovery.DiscoveryClient - Shutting down DiscoveryClient ...
14177798 [DiscoveryClient-0] WARN  c.n.discovery.TimedSupervisorTask - task supervisor shutting down, can't accept the task
14177809 [SpringApplicationShutdownHook] INFO  c.netflix.discovery.DiscoveryClient - Unregistering ...
14178268 [SpringApplicationShutdownHook] INFO  c.netflix.discovery.DiscoveryClient - DiscoveryClient_CHAMA-GATEWAY/host.docker.internal:chama-gateway:8200 - deregister  status: 200
14178316 [SpringApplicationShutdownHook] INFO  c.netflix.discovery.DiscoveryClient - Completed shut down of DiscoveryClient
3956 [restartedMain] INFO  c.e.a.ApiGatewayApplication - Starting ApiGatewayApplication using Java 11.0.22 on DESKTOP-C76S6GF with PID 8048 (C:\Users\HP\Documents\vicoba-backend-dev\chama-reactive-backend\APIGateway\target\classes started by HP in C:\Users\HP\Documents\vicoba-backend-dev)
3966 [restartedMain] INFO  c.e.a.ApiGatewayApplication - The following 1 profile is active: "dev"
4169 [restartedMain] INFO  o.s.b.d.e.DevToolsPropertyDefaultsPostProcessor - Devtools property defaults active! Set 'spring.devtools.add-properties' to 'false' to disable
9431 [restartedMain] INFO  o.s.i.c.DefaultConfiguringBeanFactoryPostProcessor - No bean named 'errorChannel' has been explicitly defined. Therefore, a default PublishSubscribeChannel will be created.
9528 [restartedMain] INFO  o.s.i.c.DefaultConfiguringBeanFactoryPostProcessor - No bean named 'integrationHeaderChannelRegistry' has been explicitly defined. Therefore, a default DefaultHeaderChannelRegistry will be created.
10277 [restartedMain] INFO  o.s.c.context.scope.GenericScope - BeanFactory id=0dc1e043-ed79-31f8-a652-2f01a3fb8dfb
10600 [restartedMain] INFO  o.s.c.s.PostProcessorRegistrationDelegate$BeanPostProcessorChecker - Bean 'org.springframework.integration.config.IntegrationManagementConfiguration' of type [org.springframework.integration.config.IntegrationManagementConfiguration] is not eligible for getting processed by all BeanPostProcessors (for example: not eligible for auto-proxying)
10657 [restartedMain] INFO  o.s.c.s.PostProcessorRegistrationDelegate$BeanPostProcessorChecker - Bean 'integrationChannelResolver' of type [org.springframework.integration.support.channel.BeanFactoryChannelResolver] is not eligible for getting processed by all BeanPostProcessors (for example: not eligible for auto-proxying)
10699 [restartedMain] INFO  o.s.c.s.PostProcessorRegistrationDelegate$BeanPostProcessorChecker - Bean 'org.springframework.cloud.client.loadbalancer.reactive.LoadBalancerBeanPostProcessorAutoConfiguration' of type [org.springframework.cloud.client.loadbalancer.reactive.LoadBalancerBeanPostProcessorAutoConfiguration] is not eligible for getting processed by all BeanPostProcessors (for example: not eligible for auto-proxying)
10701 [restartedMain] INFO  o.s.c.s.PostProcessorRegistrationDelegate$BeanPostProcessorChecker - Bean 'org.springframework.cloud.client.loadbalancer.reactive.LoadBalancerBeanPostProcessorAutoConfiguration$ReactorDeferringLoadBalancerFilterConfig' of type [org.springframework.cloud.client.loadbalancer.reactive.LoadBalancerBeanPostProcessorAutoConfiguration$ReactorDeferringLoadBalancerFilterConfig] is not eligible for getting processed by all BeanPostProcessors (for example: not eligible for auto-proxying)
10706 [restartedMain] INFO  o.s.c.s.PostProcessorRegistrationDelegate$BeanPostProcessorChecker - Bean 'reactorDeferringLoadBalancerExchangeFilterFunction' of type [org.springframework.cloud.client.loadbalancer.reactive.DeferringLoadBalancerExchangeFilterFunction] is not eligible for getting processed by all BeanPostProcessors (for example: not eligible for auto-proxying)
12336 [restartedMain] INFO  c.h.instance.DefaultAddressPicker - [LOCAL] [dev] [3.8.2] Prefer IPv4 stack is true.
12852 [restartedMain] INFO  c.h.instance.DefaultAddressPicker - [LOCAL] [dev] [3.8.2] Picked [10.20.33.104]:5701, using socket ServerSocket[addr=/0:0:0:0:0:0:0:0,localport=5701], bind any local is true
12868 [restartedMain] INFO  com.hazelcast.system - [10.20.33.104]:5701 [dev] [3.8.2] Hazelcast 3.8.2 (20170518 - a60f944) starting at [10.20.33.104]:5701
12869 [restartedMain] INFO  com.hazelcast.system - [10.20.33.104]:5701 [dev] [3.8.2] Copyright (c) 2008-2016, Hazelcast, Inc. All Rights Reserved.
12869 [restartedMain] INFO  com.hazelcast.system - [10.20.33.104]:5701 [dev] [3.8.2] Configured Hazelcast Serialization version : 1
13551 [restartedMain] INFO  c.h.s.i.o.i.BackpressureRegulator - [10.20.33.104]:5701 [dev] [3.8.2] Backpressure is disabled
15310 [restartedMain] INFO  com.hazelcast.instance.Node - [10.20.33.104]:5701 [dev] [3.8.2] Creating MulticastJoiner
15697 [restartedMain] INFO  c.h.s.i.o.i.OperationExecutorImpl - [10.20.33.104]:5701 [dev] [3.8.2] Starting 4 partition threads
15698 [restartedMain] INFO  c.h.s.i.o.i.OperationExecutorImpl - [10.20.33.104]:5701 [dev] [3.8.2] Starting 3 generic threads (1 dedicated for priority tasks)
15711 [restartedMain] INFO  com.hazelcast.core.LifecycleService - [10.20.33.104]:5701 [dev] [3.8.2] [10.20.33.104]:5701 is STARTING
18659 [restartedMain] INFO  com.hazelcast.system - [10.20.33.104]:5701 [dev] [3.8.2] Cluster version set to 3.8
18662 [restartedMain] INFO  c.h.i.cluster.impl.MulticastJoiner - [10.20.33.104]:5701 [dev] [3.8.2] 


Members [1] {
	Member [10.20.33.104]:5701 - e1127423-52ea-4d2a-b5ed-d59f54cb72dc this
}

18722 [restartedMain] INFO  com.hazelcast.core.LifecycleService - [10.20.33.104]:5701 [dev] [3.8.2] [10.20.33.104]:5701 is STARTED
18748 [restartedMain] INFO  c.hazelcast.cache.impl.CacheService - [10.20.33.104]:5701 [dev] [3.8.2] Added cache config: CacheConfig{name='buckets', managerPrefix='/hz/', inMemoryFormat=BINARY, backupCount=1, hotRestart=HotRestartConfig{enabled=false, fsync=false}}
21952 [restartedMain] INFO  o.s.c.g.r.RouteDefinitionRouteLocator - Loaded RoutePredicateFactory [After]
21953 [restartedMain] INFO  o.s.c.g.r.RouteDefinitionRouteLocator - Loaded RoutePredicateFactory [Before]
21953 [restartedMain] INFO  o.s.c.g.r.RouteDefinitionRouteLocator - Loaded RoutePredicateFactory [Between]
21954 [restartedMain] INFO  o.s.c.g.r.RouteDefinitionRouteLocator - Loaded RoutePredicateFactory [Cookie]
21954 [restartedMain] INFO  o.s.c.g.r.RouteDefinitionRouteLocator - Loaded RoutePredicateFactory [Header]
21954 [restartedMain] INFO  o.s.c.g.r.RouteDefinitionRouteLocator - Loaded RoutePredicateFactory [Host]
21954 [restartedMain] INFO  o.s.c.g.r.RouteDefinitionRouteLocator - Loaded RoutePredicateFactory [Method]
21955 [restartedMain] INFO  o.s.c.g.r.RouteDefinitionRouteLocator - Loaded RoutePredicateFactory [Path]
21955 [restartedMain] INFO  o.s.c.g.r.RouteDefinitionRouteLocator - Loaded RoutePredicateFactory [Query]
21955 [restartedMain] INFO  o.s.c.g.r.RouteDefinitionRouteLocator - Loaded RoutePredicateFactory [ReadBody]
21956 [restartedMain] INFO  o.s.c.g.r.RouteDefinitionRouteLocator - Loaded RoutePredicateFactory [RemoteAddr]
21956 [restartedMain] INFO  o.s.c.g.r.RouteDefinitionRouteLocator - Loaded RoutePredicateFactory [XForwardedRemoteAddr]
21956 [restartedMain] INFO  o.s.c.g.r.RouteDefinitionRouteLocator - Loaded RoutePredicateFactory [Weight]
21956 [restartedMain] INFO  o.s.c.g.r.RouteDefinitionRouteLocator - Loaded RoutePredicateFactory [CloudFoundryRouteService]
24659 [restartedMain] INFO  o.s.b.a.e.web.EndpointLinksResolver - Exposing 1 endpoint(s) beneath base path '/actuator'
25118 [restartedMain] INFO  o.s.c.f.c.c.BeanFactoryAwareFunctionRegistry - Can't determine default function definition. Please use 'spring.cloud.function.definition' property to explicitly define it.
25871 [restartedMain] INFO  o.s.b.d.a.OptionalLiveReloadServer - LiveReload server is running on port 35729
25898 [restartedMain] INFO  o.s.c.n.e.c.DiscoveryClientOptionalArgsConfiguration - Eureka HTTP Client uses RestTemplate.
26233 [restartedMain] WARN  o.s.c.l.c.LoadBalancerCacheAutoConfiguration$LoadBalancerCaffeineWarnLogger - Spring Cloud LoadBalancer is currently working with the default cache. While this cache implementation is useful for development and tests, it's recommended to use Caffeine cache in production.You can switch to using Caffeine cache, by adding it and org.springframework.cache.caffeine.CaffeineCacheManager to the classpath.
26694 [restartedMain] INFO  o.s.i.endpoint.EventDrivenConsumer - Adding {logging-channel-adapter:_org.springframework.integration.errorLogger} as a subscriber to the 'errorChannel' channel
26695 [restartedMain] INFO  o.s.i.c.PublishSubscribeChannel - Channel 'chama-gateway.errorChannel' has 1 subscriber(s).
26697 [restartedMain] INFO  o.s.i.endpoint.EventDrivenConsumer - started bean '_org.springframework.integration.errorLogger'
26717 [restartedMain] INFO  o.s.c.n.eureka.InstanceInfoFactory - Setting initial instance status as: STARTING
27023 [restartedMain] INFO  c.netflix.discovery.DiscoveryClient - Initializing Eureka in region us-east-1
27036 [restartedMain] INFO  c.n.d.s.r.aws.ConfigClusterResolver - Resolving eureka endpoints via configuration
27100 [restartedMain] INFO  c.netflix.discovery.DiscoveryClient - Disable delta property : false
27101 [restartedMain] INFO  c.netflix.discovery.DiscoveryClient - Single vip registry refresh property : null
27102 [restartedMain] INFO  c.netflix.discovery.DiscoveryClient - Force full registry fetch : false
27102 [restartedMain] INFO  c.netflix.discovery.DiscoveryClient - Application is null : false
27102 [restartedMain] INFO  c.netflix.discovery.DiscoveryClient - Registered Applications size is zero : true
27102 [restartedMain] INFO  c.netflix.discovery.DiscoveryClient - Application version is -1: true
27105 [restartedMain] INFO  c.netflix.discovery.DiscoveryClient - Getting all instance registry info from the eureka server
28838 [restartedMain] INFO  c.netflix.discovery.DiscoveryClient - The response status is 200
28847 [restartedMain] INFO  c.netflix.discovery.DiscoveryClient - Starting heartbeat executor: renew interval is: 30
28858 [restartedMain] INFO  c.n.d.InstanceInfoReplicator - InstanceInfoReplicator onDemand update allowed rate per min is 4
28869 [restartedMain] INFO  c.netflix.discovery.DiscoveryClient - Discovery Client initialized at timestamp 1716889883094 with initial instances count: 4
28872 [restartedMain] INFO  o.s.c.n.e.s.EurekaServiceRegistry - Registering application CHAMA-GATEWAY with eureka with status UP
28874 [restartedMain] INFO  c.netflix.discovery.DiscoveryClient - Saw local status change event StatusChangeEvent [timestamp=1716889883101, current=UP, previous=STARTING]
28879 [DiscoveryClient-InstanceInfoReplicator-0] INFO  c.netflix.discovery.DiscoveryClient - DiscoveryClient_CHAMA-GATEWAY/host.docker.internal:chama-gateway:8200: registering service...
29101 [DiscoveryClient-InstanceInfoReplicator-0] INFO  c.netflix.discovery.DiscoveryClient - DiscoveryClient_CHAMA-GATEWAY/host.docker.internal:chama-gateway:8200 - registration status: 204
30249 [restartedMain] INFO  o.s.b.w.e.netty.NettyWebServer - Netty started on port 8200
30251 [restartedMain] INFO  o.s.c.n.e.s.EurekaAutoServiceRegistration - Updating port to 8200
31537 [restartedMain] INFO  c.e.a.ApiGatewayApplication - Started ApiGatewayApplication in 29.633 seconds (JVM running for 32.833)
170115 [reactor-http-nio-3] INFO  c.e.apigateway.filters.AuthFilter - ********************** Trying to validate token **********************
170119 [reactor-http-nio-3] INFO  c.e.apigateway.filters.AuthFilter - ********************** No Bearer Token Found => Unsecured Endpoint **********************
170157 [reactor-http-nio-3] INFO  c.h.i.p.impl.PartitionStateManager - [10.20.33.104]:5701 [dev] [3.8.2] Initializing cluster partition table arrangement...
172384 [reactor-http-nio-3] INFO  o.s.c.s.binder.DefaultBinderFactory - Creating binder: kafka
173079 [reactor-http-nio-3] INFO  o.s.c.s.binder.DefaultBinderFactory - Caching the binder: kafka
173079 [reactor-http-nio-3] INFO  o.s.c.s.binder.DefaultBinderFactory - Retrieving cached binder: kafka
173284 [reactor-http-nio-3] INFO  o.s.c.s.b.k.p.KafkaTopicProvisioner - Using kafka topic for outbound: request-response-log
173342 [reactor-http-nio-3] INFO  o.a.k.c.admin.AdminClientConfig - AdminClientConfig values: 
	bootstrap.servers = [localhost:9092]
	client.dns.lookup = use_all_dns_ips
	client.id = 
	connections.max.idle.ms = 300000
	default.api.timeout.ms = 60000
	metadata.max.age.ms = 300000
	metric.reporters = []
	metrics.num.samples = 2
	metrics.recording.level = INFO
	metrics.sample.window.ms = 30000
	receive.buffer.bytes = 65536
	reconnect.backoff.max.ms = 1000
	reconnect.backoff.ms = 50
	request.timeout.ms = 30000
	retries = 2147483647
	retry.backoff.ms = 100
	sasl.client.callback.handler.class = null
	sasl.jaas.config = null
	sasl.kerberos.kinit.cmd = /usr/bin/kinit
	sasl.kerberos.min.time.before.relogin = 60000
	sasl.kerberos.service.name = null
	sasl.kerberos.ticket.renew.jitter = 0.05
	sasl.kerberos.ticket.renew.window.factor = 0.8
	sasl.login.callback.handler.class = null
	sasl.login.class = null
	sasl.login.connect.timeout.ms = null
	sasl.login.read.timeout.ms = null
	sasl.login.refresh.buffer.seconds = 300
	sasl.login.refresh.min.period.seconds = 60
	sasl.login.refresh.window.factor = 0.8
	sasl.login.refresh.window.jitter = 0.05
	sasl.login.retry.backoff.max.ms = 10000
	sasl.login.retry.backoff.ms = 100
	sasl.mechanism = GSSAPI
	sasl.oauthbearer.clock.skew.seconds = 30
	sasl.oauthbearer.expected.audience = null
	sasl.oauthbearer.expected.issuer = null
	sasl.oauthbearer.jwks.endpoint.refresh.ms = 3600000
	sasl.oauthbearer.jwks.endpoint.retry.backoff.max.ms = 10000
	sasl.oauthbearer.jwks.endpoint.retry.backoff.ms = 100
	sasl.oauthbearer.jwks.endpoint.url = null
	sasl.oauthbearer.scope.claim.name = scope
	sasl.oauthbearer.sub.claim.name = sub
	sasl.oauthbearer.token.endpoint.url = null
	security.protocol = PLAINTEXT
	security.providers = null
	send.buffer.bytes = 131072
	socket.connection.setup.timeout.max.ms = 30000
	socket.connection.setup.timeout.ms = 10000
	ssl.cipher.suites = null
	ssl.enabled.protocols = [TLSv1.2, TLSv1.3]
	ssl.endpoint.identification.algorithm = https
	ssl.engine.factory.class = null
	ssl.key.password = null
	ssl.keymanager.algorithm = SunX509
	ssl.keystore.certificate.chain = null
	ssl.keystore.key = null
	ssl.keystore.location = null
	ssl.keystore.password = null
	ssl.keystore.type = JKS
	ssl.protocol = TLSv1.3
	ssl.provider = null
	ssl.secure.random.implementation = null
	ssl.trustmanager.algorithm = PKIX
	ssl.truststore.certificates = null
	ssl.truststore.location = null
	ssl.truststore.password = null
	ssl.truststore.type = JKS

173776 [reactor-http-nio-3] INFO  o.a.k.common.utils.AppInfoParser - Kafka version: 3.1.1
173777 [reactor-http-nio-3] INFO  o.a.k.common.utils.AppInfoParser - Kafka commitId: 97671528ba54a138
173780 [reactor-http-nio-3] INFO  o.a.k.common.utils.AppInfoParser - Kafka startTimeMs: 1716890027999
175159 [kafka-admin-client-thread | adminclient-1] INFO  o.a.k.common.utils.AppInfoParser - App info kafka.admin.client for adminclient-1 unregistered
175172 [kafka-admin-client-thread | adminclient-1] INFO  o.a.kafka.common.metrics.Metrics - Metrics scheduler closed
175173 [kafka-admin-client-thread | adminclient-1] INFO  o.a.kafka.common.metrics.Metrics - Closing reporter org.apache.kafka.common.metrics.JmxReporter
175174 [kafka-admin-client-thread | adminclient-1] INFO  o.a.kafka.common.metrics.Metrics - Metrics reporters closed
175199 [reactor-http-nio-3] INFO  o.a.k.c.producer.ProducerConfig - Idempotence will be disabled because acks is set to 1, not set to 'all'.
175201 [reactor-http-nio-3] INFO  o.a.k.c.producer.ProducerConfig - ProducerConfig values: 
	acks = 1
	batch.size = 16384
	bootstrap.servers = [localhost:9092]
	buffer.memory = 33554432
	client.dns.lookup = use_all_dns_ips
	client.id = producer-1
	compression.type = none
	connections.max.idle.ms = 540000
	delivery.timeout.ms = 120000
	enable.idempotence = false
	interceptor.classes = []
	key.serializer = class org.apache.kafka.common.serialization.ByteArraySerializer
	linger.ms = 0
	max.block.ms = 60000
	max.in.flight.requests.per.connection = 5
	max.request.size = 1048576
	metadata.max.age.ms = 300000
	metadata.max.idle.ms = 300000
	metric.reporters = []
	metrics.num.samples = 2
	metrics.recording.level = INFO
	metrics.sample.window.ms = 30000
	partitioner.class = class org.apache.kafka.clients.producer.internals.DefaultPartitioner
	receive.buffer.bytes = 32768
	reconnect.backoff.max.ms = 1000
	reconnect.backoff.ms = 50
	request.timeout.ms = 30000
	retries = 2147483647
	retry.backoff.ms = 100
	sasl.client.callback.handler.class = null
	sasl.jaas.config = null
	sasl.kerberos.kinit.cmd = /usr/bin/kinit
	sasl.kerberos.min.time.before.relogin = 60000
	sasl.kerberos.service.name = null
	sasl.kerberos.ticket.renew.jitter = 0.05
	sasl.kerberos.ticket.renew.window.factor = 0.8
	sasl.login.callback.handler.class = null
	sasl.login.class = null
	sasl.login.connect.timeout.ms = null
	sasl.login.read.timeout.ms = null
	sasl.login.refresh.buffer.seconds = 300
	sasl.login.refresh.min.period.seconds = 60
	sasl.login.refresh.window.factor = 0.8
	sasl.login.refresh.window.jitter = 0.05
	sasl.login.retry.backoff.max.ms = 10000
	sasl.login.retry.backoff.ms = 100
	sasl.mechanism = GSSAPI
	sasl.oauthbearer.clock.skew.seconds = 30
	sasl.oauthbearer.expected.audience = null
	sasl.oauthbearer.expected.issuer = null
	sasl.oauthbearer.jwks.endpoint.refresh.ms = 3600000
	sasl.oauthbearer.jwks.endpoint.retry.backoff.max.ms = 10000
	sasl.oauthbearer.jwks.endpoint.retry.backoff.ms = 100
	sasl.oauthbearer.jwks.endpoint.url = null
	sasl.oauthbearer.scope.claim.name = scope
	sasl.oauthbearer.sub.claim.name = sub
	sasl.oauthbearer.token.endpoint.url = null
	security.protocol = PLAINTEXT
	security.providers = null
	send.buffer.bytes = 131072
	socket.connection.setup.timeout.max.ms = 30000
	socket.connection.setup.timeout.ms = 10000
	ssl.cipher.suites = null
	ssl.enabled.protocols = [TLSv1.2, TLSv1.3]
	ssl.endpoint.identification.algorithm = https
	ssl.engine.factory.class = null
	ssl.key.password = null
	ssl.keymanager.algorithm = SunX509
	ssl.keystore.certificate.chain = null
	ssl.keystore.key = null
	ssl.keystore.location = null
	ssl.keystore.password = null
	ssl.keystore.type = JKS
	ssl.protocol = TLSv1.3
	ssl.provider = null
	ssl.secure.random.implementation = null
	ssl.trustmanager.algorithm = PKIX
	ssl.truststore.certificates = null
	ssl.truststore.location = null
	ssl.truststore.password = null
	ssl.truststore.type = JKS
	transaction.timeout.ms = 60000
	transactional.id = null
	value.serializer = class org.apache.kafka.common.serialization.ByteArraySerializer

175286 [reactor-http-nio-3] INFO  o.a.k.common.utils.AppInfoParser - Kafka version: 3.1.1
175287 [reactor-http-nio-3] INFO  o.a.k.common.utils.AppInfoParser - Kafka commitId: 97671528ba54a138
175288 [reactor-http-nio-3] INFO  o.a.k.common.utils.AppInfoParser - Kafka startTimeMs: 1716890029513
175354 [kafka-producer-network-thread | producer-1] INFO  org.apache.kafka.clients.Metadata - [Producer clientId=producer-1] Resetting the last seen epoch of partition request-response-log-0 to 0 since the associated topicId changed from null to QHi1FTdtRM-3FxDj2sy9kA
175356 [kafka-producer-network-thread | producer-1] INFO  org.apache.kafka.clients.Metadata - [Producer clientId=producer-1] Cluster ID: tr3fxpXSThqFYHPYWEI_7w
175388 [reactor-http-nio-3] INFO  o.s.c.s.m.DirectWithAttributesChannel - Channel 'unknown.channel.name' has 1 subscriber(s).
175576 [reactor-http-nio-3] INFO  o.s.c.s.binder.DefaultBinderFactory - Retrieving cached binder: kafka
292172 [reactor-http-nio-3] INFO  c.e.apigateway.filters.AuthFilter - ********************** Trying to validate token **********************
292173 [reactor-http-nio-3] INFO  c.e.apigateway.filters.AuthFilter - ********************** No Bearer Token Found => Unsecured Endpoint **********************
292237 [reactor-http-nio-3] INFO  o.s.c.s.binder.DefaultBinderFactory - Retrieving cached binder: kafka
327125 [AsyncResolver-bootstrap-executor-0] INFO  c.n.d.s.r.aws.ConfigClusterResolver - Resolving eureka endpoints via configuration
595205 [reactor-http-nio-3] INFO  c.e.apigateway.filters.AuthFilter - ********************** Trying to validate token **********************
595207 [reactor-http-nio-3] INFO  c.e.apigateway.filters.AuthFilter - ********************** No Bearer Token Found => Unsecured Endpoint **********************
617197 [reactor-http-nio-3] INFO  c.e.apigateway.config.GatewayConfig - Logging::: {"status":"fail","message":"Api error","data":[],"timestamp":"28-05-2024 10:01:11","metadata":null}
617204 [reactor-http-nio-3] INFO  o.s.c.s.binder.DefaultBinderFactory - Retrieving cached binder: kafka
627133 [AsyncResolver-bootstrap-executor-0] INFO  c.n.d.s.r.aws.ConfigClusterResolver - Resolving eureka endpoints via configuration
659843 [reactor-http-nio-3] INFO  c.e.apigateway.filters.AuthFilter - ********************** Trying to validate token **********************
659845 [reactor-http-nio-3] INFO  c.e.apigateway.filters.AuthFilter - ********************** No Bearer Token Found => Unsecured Endpoint **********************
660323 [reactor-http-nio-3] INFO  c.e.apigateway.config.GatewayConfig - Logging::: {"status":"success","message":"User exists","data":{"isExisting":true},"timestamp":"28-05-2024 10:01:54","metadata":null}
660324 [reactor-http-nio-3] INFO  o.s.c.s.binder.DefaultBinderFactory - Retrieving cached binder: kafka
720369 [kafka-producer-network-thread | producer-1] INFO  o.a.kafka.clients.NetworkClient - [Producer clientId=producer-1] Node -1 disconnected.
927147 [AsyncResolver-bootstrap-executor-0] INFO  c.n.d.s.r.aws.ConfigClusterResolver - Resolving eureka endpoints via configuration
1227161 [AsyncResolver-bootstrap-executor-0] INFO  c.n.d.s.r.aws.ConfigClusterResolver - Resolving eureka endpoints via configuration
1527182 [AsyncResolver-bootstrap-executor-0] INFO  c.n.d.s.r.aws.ConfigClusterResolver - Resolving eureka endpoints via configuration
3925686 [hz._hzInstance_1_dev.InvocationMonitorThread] WARN  c.h.s.i.o.impl.InvocationMonitor - [10.20.33.104]:5701 [dev] [3.8.2] MonitorInvocationsTask delayed 2247401 ms
3925699 [hz._hzInstance_1_dev.InvocationMonitorThread] WARN  c.h.s.i.o.impl.InvocationMonitor - [10.20.33.104]:5701 [dev] [3.8.2] BroadcastOperationControlTask delayed 2244994 ms
3925731 [hz._hzInstance_1_dev.cached.thread-1] INFO  c.h.i.c.i.ClusterHeartbeatManager - [10.20.33.104]:5701 [dev] [3.8.2] System clock apparently jumped from 2024-05-28 13:18:49.914 to 2024-05-28 13:56:18.569 since last heartbeat (+2243655 ms)
3925809 [hz._hzInstance_1_dev.cached.thread-1] WARN  c.h.i.c.i.ClusterHeartbeatManager - [10.20.33.104]:5701 [dev] [3.8.2] Resetting master confirmation timestamps because of huge system clock jump! Clock-Jump: 2243655 ms, Master-Confirmation-Timeout: 350000 ms
3925812 [hz._hzInstance_1_dev.cached.thread-1] WARN  c.h.i.c.i.ClusterHeartbeatManager - [10.20.33.104]:5701 [dev] [3.8.2] Resetting heartbeat timestamps because of huge system clock jump! Clock-Jump: 2243655 ms, Heartbeat-Timeout: 300000 ms
3928017 [kafka-producer-network-thread | producer-1] INFO  o.a.kafka.clients.NetworkClient - [Producer clientId=producer-1] Node 1 disconnected.
4035759 [hz._hzInstance_1_dev.cached.thread-15] WARN  c.h.i.cluster.impl.MulticastService - [10.20.33.104]:5701 [dev] [3.8.2] You probably have too long Hazelcast configuration!
java.net.NoRouteToHostException: No route to host: Datagram send failed
	at java.base/java.net.TwoStacksPlainDatagramSocketImpl.send0(Native Method)
	at java.base/java.net.AbstractPlainDatagramSocketImpl.send(AbstractPlainDatagramSocketImpl.java:155)
	at java.base/java.net.DatagramSocket.send(DatagramSocket.java:695)
	at com.hazelcast.internal.cluster.impl.MulticastService.send(MulticastService.java:252)
	at com.hazelcast.internal.cluster.impl.MulticastJoiner.searchForOtherClusters(MulticastJoiner.java:111)
	at com.hazelcast.internal.cluster.impl.SplitBrainHandler.searchForOtherClusters(SplitBrainHandler.java:75)
	at com.hazelcast.internal.cluster.impl.SplitBrainHandler.run(SplitBrainHandler.java:42)
	at com.hazelcast.spi.impl.executionservice.impl.DelegateAndSkipOnConcurrentExecutionDecorator$DelegateDecorator.run(DelegateAndSkipOnConcurrentExecutionDecorator.java:66)
	at com.hazelcast.util.executor.CachedExecutorServiceDelegate$Worker.run(CachedExecutorServiceDelegate.java:228)
	at java.base/java.util.concurrent.ThreadPoolExecutor.runWorker(ThreadPoolExecutor.java:1128)
	at java.base/java.util.concurrent.ThreadPoolExecutor$Worker.run(ThreadPoolExecutor.java:628)
	at java.base/java.lang.Thread.run(Thread.java:829)
	at com.hazelcast.util.executor.HazelcastManagedThread.executeRun(HazelcastManagedThread.java:64)
	at com.hazelcast.util.executor.HazelcastManagedThread.run(HazelcastManagedThread.java:80)
4074582 [AsyncResolver-bootstrap-executor-0] INFO  c.n.d.s.r.aws.ConfigClusterResolver - Resolving eureka endpoints via configuration
