83263814 [scheduling-1] INFO  c.e.c.s.s.ContributionPaymentScheduler - Schedule type not found... On monthly payment scheduling.
83269235 [boundedElastic-179] INFO  c.e.c.s.i.MemberTransactionStatusServiceImpl - Enabling users to transact... BEGIN
83269249 [boundedElastic-179] INFO  c.e.c.s.i.MemberTransactionStatusServiceImpl - Enabling users to transact... END
83273230 [HikariPool-1 housekeeper] WARN  com.zaxxer.hikari.pool.HikariPool - HikariPool-1 - Thread starvation or clock leap detected (housekeeper delta=15h9m47s446ms268µs800ns).
83288743 [KafkaConsumerDestination{consumerDestinationName='createGroupAccount-in-0', partitions=1, dlqName='null'}.container-0-C-1] INFO  o.s.c.s.b.k.KafkaMessageChannelBinder$2 - create-group-account-group: partitions lost: [createGroupAccount-in-0-0]
83288746 [KafkaConsumerDestination{consumerDestinationName='createGroupAccount-in-0', partitions=1, dlqName='null'}.container-0-C-1] INFO  o.s.c.s.b.k.KafkaMessageChannelBinder$2 - create-group-account-group: partitions revoked: [createGroupAccount-in-0-0]
83290622 [KafkaConsumerDestination{consumerDestinationName='createGroupContribution-in-0', partitions=1, dlqName='null'}.container-0-C-1] INFO  o.s.c.s.b.k.KafkaMessageChannelBinder$2 - create-group-contribution-group: partitions lost: [createGroupContribution-in-0-0]
83290622 [KafkaConsumerDestination{consumerDestinationName='createGroupContribution-in-0', partitions=1, dlqName='null'}.container-0-C-1] INFO  o.s.c.s.b.k.KafkaMessageChannelBinder$2 - create-group-contribution-group: partitions revoked: [createGroupContribution-in-0-0]
83290622 [KafkaConsumerDestination{consumerDestinationName='createMemberWallet-in-0', partitions=1, dlqName='null'}.container-0-C-1] INFO  o.s.c.s.b.k.KafkaMessageChannelBinder$2 - create-member-wallet-group: partitions lost: [createMemberWallet-in-0-0]
83290640 [KafkaConsumerDestination{consumerDestinationName='createMemberWallet-in-0', partitions=1, dlqName='null'}.container-0-C-1] INFO  o.s.c.s.b.k.KafkaMessageChannelBinder$2 - create-member-wallet-group: partitions revoked: [createMemberWallet-in-0-0]
83290842 [KafkaConsumerDestination{consumerDestinationName='disableGroupContributions-in-0', partitions=1, dlqName='null'}.container-0-C-1] INFO  o.s.c.s.b.k.KafkaMessageChannelBinder$2 - disable-group-contributions-group: partitions lost: [disableGroupContributions-in-0-0]
83290842 [KafkaConsumerDestination{consumerDestinationName='disableGroupContributions-in-0', partitions=1, dlqName='null'}.container-0-C-1] INFO  o.s.c.s.b.k.KafkaMessageChannelBinder$2 - disable-group-contributions-group: partitions revoked: [disableGroupContributions-in-0-0]
83290883 [KafkaConsumerDestination{consumerDestinationName='enableGroupContributions-in-0', partitions=1, dlqName='null'}.container-0-C-1] INFO  o.s.c.s.b.k.KafkaMessageChannelBinder$2 - enableGroupContributions-group: partitions lost: [enableGroupContributions-in-0-0]
83290883 [KafkaConsumerDestination{consumerDestinationName='enableGroupContributions-in-0', partitions=1, dlqName='null'}.container-0-C-1] INFO  o.s.c.s.b.k.KafkaMessageChannelBinder$2 - enableGroupContributions-group: partitions revoked: [enableGroupContributions-in-0-0]
83290884 [KafkaConsumerDestination{consumerDestinationName='callback-topic', partitions=1, dlqName='null'}.container-0-C-1] INFO  o.s.c.s.b.k.KafkaMessageChannelBinder$2 - callback-topic-group: partitions lost: [callback-topic-0]
83290954 [KafkaConsumerDestination{consumerDestinationName='callback-topic', partitions=1, dlqName='null'}.container-0-C-1] INFO  o.s.c.s.b.k.KafkaMessageChannelBinder$2 - callback-topic-group: partitions revoked: [callback-topic-0]
83290975 [KafkaConsumerDestination{consumerDestinationName='contribution-name-edit-topic', partitions=1, dlqName='null'}.container-0-C-1] INFO  o.s.c.s.b.k.KafkaMessageChannelBinder$2 - contribution-name-edit-group: partitions lost: [contribution-name-edit-topic-0]
83290975 [KafkaConsumerDestination{consumerDestinationName='contribution-name-edit-topic', partitions=1, dlqName='null'}.container-0-C-1] INFO  o.s.c.s.b.k.KafkaMessageChannelBinder$2 - contribution-name-edit-group: partitions revoked: [contribution-name-edit-topic-0]
83293630 [DiscoveryClient-0] WARN  c.n.discovery.TimedSupervisorTask - task supervisor timed out
java.util.concurrent.TimeoutException: null
	at java.base/java.util.concurrent.FutureTask.get(FutureTask.java:204)
	at com.netflix.discovery.TimedSupervisorTask.run(TimedSupervisorTask.java:68)
	at java.base/java.util.concurrent.Executors$RunnableAdapter.call(Executors.java:515)
	at java.base/java.util.concurrent.FutureTask.run(FutureTask.java:264)
	at java.base/java.util.concurrent.ScheduledThreadPoolExecutor$ScheduledFutureTask.run(ScheduledThreadPoolExecutor.java:304)
	at java.base/java.util.concurrent.ThreadPoolExecutor.runWorker(ThreadPoolExecutor.java:1128)
	at java.base/java.util.concurrent.ThreadPoolExecutor$Worker.run(ThreadPoolExecutor.java:628)
	at java.base/java.lang.Thread.run(Thread.java:829)
83293647 [DiscoveryClient-1] WARN  c.n.discovery.TimedSupervisorTask - task supervisor timed out
java.util.concurrent.TimeoutException: null
	at java.base/java.util.concurrent.FutureTask.get(FutureTask.java:204)
	at com.netflix.discovery.TimedSupervisorTask.run(TimedSupervisorTask.java:68)
	at java.base/java.util.concurrent.Executors$RunnableAdapter.call(Executors.java:515)
	at java.base/java.util.concurrent.FutureTask.run(FutureTask.java:264)
	at java.base/java.util.concurrent.ScheduledThreadPoolExecutor$ScheduledFutureTask.run(ScheduledThreadPoolExecutor.java:304)
	at java.base/java.util.concurrent.ThreadPoolExecutor.runWorker(ThreadPoolExecutor.java:1128)
	at java.base/java.util.concurrent.ThreadPoolExecutor$Worker.run(ThreadPoolExecutor.java:628)
	at java.base/java.lang.Thread.run(Thread.java:829)
83295823 [KafkaConsumerDestination{consumerDestinationName='contribution-name-edit-topic', partitions=1, dlqName='null'}.container-0-C-1] INFO  o.s.c.s.b.k.KafkaMessageChannelBinder$2 - contribution-name-edit-group: partitions assigned: [contribution-name-edit-topic-0]
83295894 [KafkaConsumerDestination{consumerDestinationName='createGroupAccount-in-0', partitions=1, dlqName='null'}.container-0-C-1] INFO  o.s.c.s.b.k.KafkaMessageChannelBinder$2 - create-group-account-group: partitions assigned: [createGroupAccount-in-0-0]
83295893 [KafkaConsumerDestination{consumerDestinationName='disableGroupContributions-in-0', partitions=1, dlqName='null'}.container-0-C-1] INFO  o.s.c.s.b.k.KafkaMessageChannelBinder$2 - disable-group-contributions-group: partitions assigned: [disableGroupContributions-in-0-0]
83296011 [KafkaConsumerDestination{consumerDestinationName='enableGroupContributions-in-0', partitions=1, dlqName='null'}.container-0-C-1] INFO  o.s.c.s.b.k.KafkaMessageChannelBinder$2 - enableGroupContributions-group: partitions assigned: [enableGroupContributions-in-0-0]
83296013 [KafkaConsumerDestination{consumerDestinationName='createGroupContribution-in-0', partitions=1, dlqName='null'}.container-0-C-1] INFO  o.s.c.s.b.k.KafkaMessageChannelBinder$2 - create-group-contribution-group: partitions assigned: [createGroupContribution-in-0-0]
83296016 [KafkaConsumerDestination{consumerDestinationName='callback-topic', partitions=1, dlqName='null'}.container-0-C-1] INFO  o.s.c.s.b.k.KafkaMessageChannelBinder$2 - callback-topic-group: partitions assigned: [callback-topic-0]
83296016 [KafkaConsumerDestination{consumerDestinationName='createMemberWallet-in-0', partitions=1, dlqName='null'}.container-0-C-1] INFO  o.s.c.s.b.k.KafkaMessageChannelBinder$2 - create-member-wallet-group: partitions assigned: [createMemberWallet-in-0-0]
83328313 [AsyncResolver-bootstrap-executor-0] INFO  c.n.d.s.r.aws.ConfigClusterResolver - Resolving eureka endpoints via configuration
83328858 [scheduling-1] INFO  c.e.c.s.s.ContributionPaymentScheduler - Schedule type not found... On monthly payment scheduling.
83388878 [scheduling-1] INFO  c.e.c.s.s.ContributionPaymentScheduler - Schedule type not found... On monthly payment scheduling.
83448900 [scheduling-1] INFO  c.e.c.s.s.ContributionPaymentScheduler - Schedule type not found... On monthly payment scheduling.
83508918 [scheduling-1] INFO  c.e.c.s.s.ContributionPaymentScheduler - Schedule type not found... On monthly payment scheduling.
83568937 [scheduling-1] INFO  c.e.c.s.s.ContributionPaymentScheduler - Schedule type not found... On monthly payment scheduling.
83568966 [boundedElastic-181] INFO  c.e.c.s.i.MemberTransactionStatusServiceImpl - Enabling users to transact... BEGIN
83568975 [boundedElastic-181] INFO  c.e.c.s.i.MemberTransactionStatusServiceImpl - Enabling users to transact... END
83628330 [AsyncResolver-bootstrap-executor-0] INFO  c.n.d.s.r.aws.ConfigClusterResolver - Resolving eureka endpoints via configuration
83628957 [scheduling-1] INFO  c.e.c.s.s.ContributionPaymentScheduler - Schedule type not found... On monthly payment scheduling.
83688971 [scheduling-1] INFO  c.e.c.s.s.ContributionPaymentScheduler - Schedule type not found... On monthly payment scheduling.
83748989 [scheduling-1] INFO  c.e.c.s.s.ContributionPaymentScheduler - Schedule type not found... On monthly payment scheduling.
83809003 [scheduling-1] INFO  c.e.c.s.s.ContributionPaymentScheduler - Schedule type not found... On monthly payment scheduling.
