4700 [restartedMain] INFO  c.e.c.ChamaPaymentsApplication - Starting ChamaPaymentsApplication using Java 11.0.22 on DESKTOP-C76S6GF with PID 19916 (C:\Users\HP\Documents\vicoba-backend-dev\chama-reactive-backend\ChamaPayments\target\classes started by HP in C:\Users\HP\Documents\vicoba-backend-dev)
4732 [restartedMain] INFO  c.e.c.ChamaPaymentsApplication - The following profiles are active: dev
4969 [restartedMain] INFO  o.s.b.d.e.DevToolsPropertyDefaultsPostProcessor - Devtools property defaults active! Set 'spring.devtools.add-properties' to 'false' to disable
4969 [restartedMain] INFO  o.s.b.d.e.DevToolsPropertyDefaultsPostProcessor - For additional web related logging consider setting the 'logging.level.web' property to 'DEBUG'
11133 [restartedMain] INFO  o.s.d.r.c.RepositoryConfigurationDelegate - Multiple Spring Data modules found, entering strict repository configuration mode!
11142 [restartedMain] INFO  o.s.d.r.c.RepositoryConfigurationDelegate - Bootstrapping Spring Data JPA repositories in DEFAULT mode.
12206 [restartedMain] INFO  o.s.d.r.c.RepositoryConfigurationDelegate - Finished Spring Data repository scanning in 1046 ms. Found 30 JPA repository interfaces.
12234 [restartedMain] INFO  o.s.d.r.c.RepositoryConfigurationDelegate - Multiple Spring Data modules found, entering strict repository configuration mode!
12238 [restartedMain] INFO  o.s.d.r.c.RepositoryConfigurationDelegate - Bootstrapping Spring Data Redis repositories in DEFAULT mode.
12330 [restartedMain] INFO  o.s.d.r.c.RepositoryConfigurationExtensionSupport - Spring Data Redis - Could not safely identify store assignment for repository candidate interface com.eclectics.chamapayments.repository.AccountTypeRepository. If you want this repository to be a Redis repository, consider annotating your entities with one of these annotations: org.springframework.data.redis.core.RedisHash (preferred), or consider extending one of the following types with your repository: org.springframework.data.keyvalue.repository.KeyValueRepository.
12335 [restartedMain] INFO  o.s.d.r.c.RepositoryConfigurationExtensionSupport - Spring Data Redis - Could not safely identify store assignment for repository candidate interface com.eclectics.chamapayments.repository.AccountsRepository. If you want this repository to be a Redis repository, consider annotating your entities with one of these annotations: org.springframework.data.redis.core.RedisHash (preferred), or consider extending one of the following types with your repository: org.springframework.data.keyvalue.repository.KeyValueRepository.
12336 [restartedMain] INFO  o.s.d.r.c.RepositoryConfigurationExtensionSupport - Spring Data Redis - Could not safely identify store assignment for repository candidate interface com.eclectics.chamapayments.repository.AmounttypeRepo. If you want this repository to be a Redis repository, consider annotating your entities with one of these annotations: org.springframework.data.redis.core.RedisHash (preferred), or consider extending one of the following types with your repository: org.springframework.data.keyvalue.repository.KeyValueRepository.
12338 [restartedMain] INFO  o.s.d.r.c.RepositoryConfigurationExtensionSupport - Spring Data Redis - Could not safely identify store assignment for repository candidate interface com.eclectics.chamapayments.repository.ContributionLoanRepository. If you want this repository to be a Redis repository, consider annotating your entities with one of these annotations: org.springframework.data.redis.core.RedisHash (preferred), or consider extending one of the following types with your repository: org.springframework.data.keyvalue.repository.KeyValueRepository.
12340 [restartedMain] INFO  o.s.d.r.c.RepositoryConfigurationExtensionSupport - Spring Data Redis - Could not safely identify store assignment for repository candidate interface com.eclectics.chamapayments.repository.ContributionRepository. If you want this repository to be a Redis repository, consider annotating your entities with one of these annotations: org.springframework.data.redis.core.RedisHash (preferred), or consider extending one of the following types with your repository: org.springframework.data.keyvalue.repository.KeyValueRepository.
12341 [restartedMain] INFO  o.s.d.r.c.RepositoryConfigurationExtensionSupport - Spring Data Redis - Could not safely identify store assignment for repository candidate interface com.eclectics.chamapayments.repository.ContributionSchedulePaymentRepository. If you want this repository to be a Redis repository, consider annotating your entities with one of these annotations: org.springframework.data.redis.core.RedisHash (preferred), or consider extending one of the following types with your repository: org.springframework.data.keyvalue.repository.KeyValueRepository.
12343 [restartedMain] INFO  o.s.d.r.c.RepositoryConfigurationExtensionSupport - Spring Data Redis - Could not safely identify store assignment for repository candidate interface com.eclectics.chamapayments.repository.ContributionTypesRepository. If you want this repository to be a Redis repository, consider annotating your entities with one of these annotations: org.springframework.data.redis.core.RedisHash (preferred), or consider extending one of the following types with your repository: org.springframework.data.keyvalue.repository.KeyValueRepository.
12345 [restartedMain] INFO  o.s.d.r.c.RepositoryConfigurationExtensionSupport - Spring Data Redis - Could not safely identify store assignment for repository candidate interface com.eclectics.chamapayments.repository.ContributionsPaymentRepository. If you want this repository to be a Redis repository, consider annotating your entities with one of these annotations: org.springframework.data.redis.core.RedisHash (preferred), or consider extending one of the following types with your repository: org.springframework.data.keyvalue.repository.KeyValueRepository.
12347 [restartedMain] INFO  o.s.d.r.c.RepositoryConfigurationExtensionSupport - Spring Data Redis - Could not safely identify store assignment for repository candidate interface com.eclectics.chamapayments.repository.EsbRequestLogRepository. If you want this repository to be a Redis repository, consider annotating your entities with one of these annotations: org.springframework.data.redis.core.RedisHash (preferred), or consider extending one of the following types with your repository: org.springframework.data.keyvalue.repository.KeyValueRepository.
12348 [restartedMain] INFO  o.s.d.r.c.RepositoryConfigurationExtensionSupport - Spring Data Redis - Could not safely identify store assignment for repository candidate interface com.eclectics.chamapayments.repository.GroupRepository. If you want this repository to be a Redis repository, consider annotating your entities with one of these annotations: org.springframework.data.redis.core.RedisHash (preferred), or consider extending one of the following types with your repository: org.springframework.data.keyvalue.repository.KeyValueRepository.
12350 [restartedMain] INFO  o.s.d.r.c.RepositoryConfigurationExtensionSupport - Spring Data Redis - Could not safely identify store assignment for repository candidate interface com.eclectics.chamapayments.repository.GuarantorsRepository. If you want this repository to be a Redis repository, consider annotating your entities with one of these annotations: org.springframework.data.redis.core.RedisHash (preferred), or consider extending one of the following types with your repository: org.springframework.data.keyvalue.repository.KeyValueRepository.
12352 [restartedMain] INFO  o.s.d.r.c.RepositoryConfigurationExtensionSupport - Spring Data Redis - Could not safely identify store assignment for repository candidate interface com.eclectics.chamapayments.repository.InvestmentsRepo. If you want this repository to be a Redis repository, consider annotating your entities with one of these annotations: org.springframework.data.redis.core.RedisHash (preferred), or consider extending one of the following types with your repository: org.springframework.data.keyvalue.repository.KeyValueRepository.
12352 [restartedMain] INFO  o.s.d.r.c.RepositoryConfigurationExtensionSupport - Spring Data Redis - Could not safely identify store assignment for repository candidate interface com.eclectics.chamapayments.repository.LoanPenaltyPaymentRepository. If you want this repository to be a Redis repository, consider annotating your entities with one of these annotations: org.springframework.data.redis.core.RedisHash (preferred), or consider extending one of the following types with your repository: org.springframework.data.keyvalue.repository.KeyValueRepository.
12353 [restartedMain] INFO  o.s.d.r.c.RepositoryConfigurationExtensionSupport - Spring Data Redis - Could not safely identify store assignment for repository candidate interface com.eclectics.chamapayments.repository.LoanPenaltyRepository. If you want this repository to be a Redis repository, consider annotating your entities with one of these annotations: org.springframework.data.redis.core.RedisHash (preferred), or consider extending one of the following types with your repository: org.springframework.data.keyvalue.repository.KeyValueRepository.
12356 [restartedMain] INFO  o.s.d.r.c.RepositoryConfigurationExtensionSupport - Spring Data Redis - Could not safely identify store assignment for repository candidate interface com.eclectics.chamapayments.repository.LoanapplicationsRepo. If you want this repository to be a Redis repository, consider annotating your entities with one of these annotations: org.springframework.data.redis.core.RedisHash (preferred), or consider extending one of the following types with your repository: org.springframework.data.keyvalue.repository.KeyValueRepository.
12359 [restartedMain] INFO  o.s.d.r.c.RepositoryConfigurationExtensionSupport - Spring Data Redis - Could not safely identify store assignment for repository candidate interface com.eclectics.chamapayments.repository.LoanproductsRepository. If you want this repository to be a Redis repository, consider annotating your entities with one of these annotations: org.springframework.data.redis.core.RedisHash (preferred), or consider extending one of the following types with your repository: org.springframework.data.keyvalue.repository.KeyValueRepository.
12360 [restartedMain] INFO  o.s.d.r.c.RepositoryConfigurationExtensionSupport - Spring Data Redis - Could not safely identify store assignment for repository candidate interface com.eclectics.chamapayments.repository.LoanrepaymentpendingapprovalRepo. If you want this repository to be a Redis repository, consider annotating your entities with one of these annotations: org.springframework.data.redis.core.RedisHash (preferred), or consider extending one of the following types with your repository: org.springframework.data.keyvalue.repository.KeyValueRepository.
12362 [restartedMain] INFO  o.s.d.r.c.RepositoryConfigurationExtensionSupport - Spring Data Redis - Could not safely identify store assignment for repository candidate interface com.eclectics.chamapayments.repository.LoansdisbursedRepo. If you want this repository to be a Redis repository, consider annotating your entities with one of these annotations: org.springframework.data.redis.core.RedisHash (preferred), or consider extending one of the following types with your repository: org.springframework.data.keyvalue.repository.KeyValueRepository.
12363 [restartedMain] INFO  o.s.d.r.c.RepositoryConfigurationExtensionSupport - Spring Data Redis - Could not safely identify store assignment for repository candidate interface com.eclectics.chamapayments.repository.LoansrepaymentRepo. If you want this repository to be a Redis repository, consider annotating your entities with one of these annotations: org.springframework.data.redis.core.RedisHash (preferred), or consider extending one of the following types with your repository: org.springframework.data.keyvalue.repository.KeyValueRepository.
12364 [restartedMain] INFO  o.s.d.r.c.RepositoryConfigurationExtensionSupport - Spring Data Redis - Could not safely identify store assignment for repository candidate interface com.eclectics.chamapayments.repository.MemberTransactionStatusRepository. If you want this repository to be a Redis repository, consider annotating your entities with one of these annotations: org.springframework.data.redis.core.RedisHash (preferred), or consider extending one of the following types with your repository: org.springframework.data.keyvalue.repository.KeyValueRepository.
12365 [restartedMain] INFO  o.s.d.r.c.RepositoryConfigurationExtensionSupport - Spring Data Redis - Could not safely identify store assignment for repository candidate interface com.eclectics.chamapayments.repository.MessagetemplatesRepo. If you want this repository to be a Redis repository, consider annotating your entities with one of these annotations: org.springframework.data.redis.core.RedisHash (preferred), or consider extending one of the following types with your repository: org.springframework.data.keyvalue.repository.KeyValueRepository.
12366 [restartedMain] INFO  o.s.d.r.c.RepositoryConfigurationExtensionSupport - Spring Data Redis - Could not safely identify store assignment for repository candidate interface com.eclectics.chamapayments.repository.OutstandingContributionPaymentRepository. If you want this repository to be a Redis repository, consider annotating your entities with one of these annotations: org.springframework.data.redis.core.RedisHash (preferred), or consider extending one of the following types with your repository: org.springframework.data.keyvalue.repository.KeyValueRepository.
12367 [restartedMain] INFO  o.s.d.r.c.RepositoryConfigurationExtensionSupport - Spring Data Redis - Could not safely identify store assignment for repository candidate interface com.eclectics.chamapayments.repository.OverpaidContributionRepository. If you want this repository to be a Redis repository, consider annotating your entities with one of these annotations: org.springframework.data.redis.core.RedisHash (preferred), or consider extending one of the following types with your repository: org.springframework.data.keyvalue.repository.KeyValueRepository.
12369 [restartedMain] INFO  o.s.d.r.c.RepositoryConfigurationExtensionSupport - Spring Data Redis - Could not safely identify store assignment for repository candidate interface com.eclectics.chamapayments.repository.PenaltyRepository. If you want this repository to be a Redis repository, consider annotating your entities with one of these annotations: org.springframework.data.redis.core.RedisHash (preferred), or consider extending one of the following types with your repository: org.springframework.data.keyvalue.repository.KeyValueRepository.
12370 [restartedMain] INFO  o.s.d.r.c.RepositoryConfigurationExtensionSupport - Spring Data Redis - Could not safely identify store assignment for repository candidate interface com.eclectics.chamapayments.repository.ScheduleTypeRepository. If you want this repository to be a Redis repository, consider annotating your entities with one of these annotations: org.springframework.data.redis.core.RedisHash (preferred), or consider extending one of the following types with your repository: org.springframework.data.keyvalue.repository.KeyValueRepository.
12373 [restartedMain] INFO  o.s.d.r.c.RepositoryConfigurationExtensionSupport - Spring Data Redis - Could not safely identify store assignment for repository candidate interface com.eclectics.chamapayments.repository.TransactionTypeRepository. If you want this repository to be a Redis repository, consider annotating your entities with one of these annotations: org.springframework.data.redis.core.RedisHash (preferred), or consider extending one of the following types with your repository: org.springframework.data.keyvalue.repository.KeyValueRepository.
12375 [restartedMain] INFO  o.s.d.r.c.RepositoryConfigurationExtensionSupport - Spring Data Redis - Could not safely identify store assignment for repository candidate interface com.eclectics.chamapayments.repository.TransactionlogsRepo. If you want this repository to be a Redis repository, consider annotating your entities with one of these annotations: org.springframework.data.redis.core.RedisHash (preferred), or consider extending one of the following types with your repository: org.springframework.data.keyvalue.repository.KeyValueRepository.
12381 [restartedMain] INFO  o.s.d.r.c.RepositoryConfigurationExtensionSupport - Spring Data Redis - Could not safely identify store assignment for repository candidate interface com.eclectics.chamapayments.repository.TransactionspendingaApprovalRepo. If you want this repository to be a Redis repository, consider annotating your entities with one of these annotations: org.springframework.data.redis.core.RedisHash (preferred), or consider extending one of the following types with your repository: org.springframework.data.keyvalue.repository.KeyValueRepository.
12382 [restartedMain] INFO  o.s.d.r.c.RepositoryConfigurationExtensionSupport - Spring Data Redis - Could not safely identify store assignment for repository candidate interface com.eclectics.chamapayments.repository.WithdrawallogsRepo. If you want this repository to be a Redis repository, consider annotating your entities with one of these annotations: org.springframework.data.redis.core.RedisHash (preferred), or consider extending one of the following types with your repository: org.springframework.data.keyvalue.repository.KeyValueRepository.
12383 [restartedMain] INFO  o.s.d.r.c.RepositoryConfigurationExtensionSupport - Spring Data Redis - Could not safely identify store assignment for repository candidate interface com.eclectics.chamapayments.repository.WithdrawalspendingapprovalRepo. If you want this repository to be a Redis repository, consider annotating your entities with one of these annotations: org.springframework.data.redis.core.RedisHash (preferred), or consider extending one of the following types with your repository: org.springframework.data.keyvalue.repository.KeyValueRepository.
12384 [restartedMain] INFO  o.s.d.r.c.RepositoryConfigurationDelegate - Finished Spring Data repository scanning in 123 ms. Found 0 Redis repository interfaces.
13790 [restartedMain] INFO  o.s.c.context.scope.GenericScope - BeanFactory id=5abc6003-64a2-3c3e-8650-b48365a8b2bb
14081 [restartedMain] INFO  o.s.i.c.DefaultConfiguringBeanFactoryPostProcessor - No bean named 'errorChannel' has been explicitly defined. Therefore, a default PublishSubscribeChannel will be created.
14132 [restartedMain] INFO  o.s.i.c.DefaultConfiguringBeanFactoryPostProcessor - No bean named 'integrationHeaderChannelRegistry' has been explicitly defined. Therefore, a default DefaultHeaderChannelRegistry will be created.
14992 [restartedMain] INFO  o.s.c.s.PostProcessorRegistrationDelegate$BeanPostProcessorChecker - Bean 'org.springframework.security.config.annotation.method.configuration.ReactiveMethodSecurityConfiguration' of type [org.springframework.security.config.annotation.method.configuration.ReactiveMethodSecurityConfiguration] is not eligible for getting processed by all BeanPostProcessors (for example: not eligible for auto-proxying)
15122 [restartedMain] INFO  o.s.c.s.PostProcessorRegistrationDelegate$BeanPostProcessorChecker - Bean 'org.springframework.cloud.stream.config.BindersHealthIndicatorAutoConfiguration' of type [org.springframework.cloud.stream.config.BindersHealthIndicatorAutoConfiguration] is not eligible for getting processed by all BeanPostProcessors (for example: not eligible for auto-proxying)
15132 [restartedMain] INFO  o.s.c.s.PostProcessorRegistrationDelegate$BeanPostProcessorChecker - Bean 'bindersHealthContributor' of type [org.springframework.cloud.stream.config.BindersHealthIndicatorAutoConfiguration$BindersHealthContributor] is not eligible for getting processed by all BeanPostProcessors (for example: not eligible for auto-proxying)
15147 [restartedMain] INFO  o.s.c.s.PostProcessorRegistrationDelegate$BeanPostProcessorChecker - Bean 'bindersHealthIndicatorListener' of type [org.springframework.cloud.stream.config.BindersHealthIndicatorAutoConfiguration$BindersHealthIndicatorListener] is not eligible for getting processed by all BeanPostProcessors (for example: not eligible for auto-proxying)
15247 [restartedMain] INFO  o.s.c.s.PostProcessorRegistrationDelegate$BeanPostProcessorChecker - Bean 'org.springframework.integration.config.IntegrationManagementConfiguration' of type [org.springframework.integration.config.IntegrationManagementConfiguration] is not eligible for getting processed by all BeanPostProcessors (for example: not eligible for auto-proxying)
15298 [restartedMain] INFO  o.s.c.s.PostProcessorRegistrationDelegate$BeanPostProcessorChecker - Bean 'integrationChannelResolver' of type [org.springframework.integration.support.channel.BeanFactoryChannelResolver] is not eligible for getting processed by all BeanPostProcessors (for example: not eligible for auto-proxying)
15305 [restartedMain] INFO  o.s.c.s.PostProcessorRegistrationDelegate$BeanPostProcessorChecker - Bean 'integrationDisposableAutoCreatedBeans' of type [org.springframework.integration.config.annotation.Disposables] is not eligible for getting processed by all BeanPostProcessors (for example: not eligible for auto-proxying)
15384 [restartedMain] INFO  o.s.c.s.PostProcessorRegistrationDelegate$BeanPostProcessorChecker - Bean 'org.springframework.cloud.client.loadbalancer.reactive.LoadBalancerBeanPostProcessorAutoConfiguration' of type [org.springframework.cloud.client.loadbalancer.reactive.LoadBalancerBeanPostProcessorAutoConfiguration] is not eligible for getting processed by all BeanPostProcessors (for example: not eligible for auto-proxying)
15389 [restartedMain] INFO  o.s.c.s.PostProcessorRegistrationDelegate$BeanPostProcessorChecker - Bean 'org.springframework.cloud.client.loadbalancer.reactive.LoadBalancerBeanPostProcessorAutoConfiguration$ReactorDeferringLoadBalancerFilterConfig' of type [org.springframework.cloud.client.loadbalancer.reactive.LoadBalancerBeanPostProcessorAutoConfiguration$ReactorDeferringLoadBalancerFilterConfig] is not eligible for getting processed by all BeanPostProcessors (for example: not eligible for auto-proxying)
15394 [restartedMain] INFO  o.s.c.s.PostProcessorRegistrationDelegate$BeanPostProcessorChecker - Bean 'reactorDeferringLoadBalancerExchangeFilterFunction' of type [org.springframework.cloud.client.loadbalancer.reactive.DeferringLoadBalancerExchangeFilterFunction] is not eligible for getting processed by all BeanPostProcessors (for example: not eligible for auto-proxying)
16708 [restartedMain] INFO  o.f.c.i.license.VersionPrinter - Flyway Community Edition 7.7.3 by Redgate
16729 [restartedMain] INFO  com.zaxxer.hikari.HikariDataSource - HikariPool-1 - Starting...
17984 [restartedMain] INFO  com.zaxxer.hikari.HikariDataSource - HikariPool-1 - Start completed.
18077 [restartedMain] INFO  o.f.c.i.database.base.DatabaseType - Database: jdbc:postgresql://localhost:5432/chamadb (PostgreSQL 16.2)
18090 [restartedMain] WARN  o.f.c.i.database.base.Database - Flyway upgrade recommended: org.flywaydb.core.internal.database.postgresql.PostgreSQLDatabaseType@2928fac8 16.2 is newer than this version of Flyway and support has not been tested. The latest supported version of org.flywaydb.core.internal.database.postgresql.PostgreSQLDatabaseType@2928fac8 is 13.
18196 [restartedMain] INFO  o.f.c.internal.command.DbValidate - Successfully validated 2 migrations (execution time 00:00.076s)
18214 [restartedMain] INFO  o.f.core.internal.command.DbMigrate - Current version of schema "public": 1.1
18215 [restartedMain] INFO  o.f.core.internal.command.DbMigrate - Schema "public" is up to date. No migration necessary.
18868 [restartedMain] INFO  o.h.jpa.internal.util.LogHelper - HHH000204: Processing PersistenceUnitInfo [name: default]
19101 [restartedMain] INFO  org.hibernate.Version - HHH000412: Hibernate ORM core version 5.4.32.Final
19641 [restartedMain] INFO  o.h.annotations.common.Version - HCANN000001: Hibernate Commons Annotations {5.1.2.Final}
20049 [restartedMain] INFO  org.hibernate.dialect.Dialect - HHH000400: Using dialect: org.hibernate.dialect.PostgreSQL10Dialect
28605 [restartedMain] INFO  o.h.e.t.j.p.i.JtaPlatformInitiator - HHH000490: Using JtaPlatform implementation: [org.hibernate.engine.transaction.jta.platform.internal.NoJtaPlatform]
28624 [restartedMain] INFO  o.s.o.j.LocalContainerEntityManagerFactoryBean - Initialized JPA EntityManagerFactory for persistence unit 'default'
43376 [restartedMain] INFO  o.s.cloud.commons.util.InetUtils - Cannot determine local hostname
45651 [restartedMain] INFO  o.s.cloud.commons.util.InetUtils - Cannot determine local hostname
45766 [restartedMain] INFO  o.s.b.a.e.web.EndpointLinksResolver - Exposing 3 endpoint(s) beneath base path '/actuator'
46090 [restartedMain] WARN  o.s.b.d.a.OptionalLiveReloadServer - Unable to start LiveReload server
48377 [restartedMain] INFO  o.s.c.s.m.DirectWithAttributesChannel - Channel 'chama-payments.createMemberWallet-in-0' has 1 subscriber(s).
48386 [restartedMain] INFO  o.s.c.s.m.DirectWithAttributesChannel - Channel 'chama-payments.createGroupContribution-in-0' has 1 subscriber(s).
48434 [restartedMain] INFO  o.s.c.s.m.DirectWithAttributesChannel - Channel 'chama-payments.createGroupAccount-in-0' has 1 subscriber(s).
48441 [restartedMain] INFO  o.s.c.s.m.DirectWithAttributesChannel - Channel 'chama-payments.enableGroupContributions-in-0' has 1 subscriber(s).
48445 [restartedMain] INFO  o.s.c.s.m.DirectWithAttributesChannel - Channel 'chama-payments.disableGroupContributions-in-0' has 1 subscriber(s).
48449 [restartedMain] INFO  o.s.c.s.m.DirectWithAttributesChannel - Channel 'chama-payments.editContributionName-in-0' has 1 subscriber(s).
48453 [restartedMain] INFO  o.s.c.s.m.DirectWithAttributesChannel - Channel 'chama-payments.fundsTransferCallback-in-0' has 1 subscriber(s).
51743 [restartedMain] INFO  o.s.cloud.commons.util.InetUtils - Cannot determine local hostname
51771 [restartedMain] INFO  o.s.c.n.e.c.DiscoveryClientOptionalArgsConfiguration - Eureka HTTP Client uses RestTemplate.
53232 [restartedMain] INFO  o.s.i.endpoint.EventDrivenConsumer - Adding {logging-channel-adapter:_org.springframework.integration.errorLogger} as a subscriber to the 'errorChannel' channel
53233 [restartedMain] INFO  o.s.i.c.PublishSubscribeChannel - Channel 'chama-payments.errorChannel' has 1 subscriber(s).
53234 [restartedMain] INFO  o.s.i.endpoint.EventDrivenConsumer - started bean '_org.springframework.integration.errorLogger'
53269 [restartedMain] INFO  o.s.c.n.eureka.InstanceInfoFactory - Setting initial instance status as: STARTING
53560 [restartedMain] INFO  c.netflix.discovery.DiscoveryClient - Initializing Eureka in region us-east-1
53579 [restartedMain] INFO  c.n.d.s.r.aws.ConfigClusterResolver - Resolving eureka endpoints via configuration
53675 [restartedMain] INFO  c.netflix.discovery.DiscoveryClient - Disable delta property : false
53675 [restartedMain] INFO  c.netflix.discovery.DiscoveryClient - Single vip registry refresh property : null
53676 [restartedMain] INFO  c.netflix.discovery.DiscoveryClient - Force full registry fetch : false
53676 [restartedMain] INFO  c.netflix.discovery.DiscoveryClient - Application is null : false
53676 [restartedMain] INFO  c.netflix.discovery.DiscoveryClient - Registered Applications size is zero : true
53676 [restartedMain] INFO  c.netflix.discovery.DiscoveryClient - Application version is -1: true
53677 [restartedMain] INFO  c.netflix.discovery.DiscoveryClient - Getting all instance registry info from the eureka server
54418 [restartedMain] INFO  c.netflix.discovery.DiscoveryClient - The response status is 200
54426 [restartedMain] INFO  c.netflix.discovery.DiscoveryClient - Starting heartbeat executor: renew interval is: 30
54431 [restartedMain] INFO  c.n.d.InstanceInfoReplicator - InstanceInfoReplicator onDemand update allowed rate per min is 4
54441 [restartedMain] INFO  c.netflix.discovery.DiscoveryClient - Discovery Client initialized at timestamp 1717084558899 with initial instances count: 4
54453 [restartedMain] INFO  o.s.c.n.e.s.EurekaServiceRegistry - Registering application CHAMA-PAYMENTS with eureka with status UP
54454 [restartedMain] INFO  c.netflix.discovery.DiscoveryClient - Saw local status change event StatusChangeEvent [timestamp=1717084558915, current=UP, previous=STARTING]
54459 [DiscoveryClient-InstanceInfoReplicator-0] INFO  c.netflix.discovery.DiscoveryClient - DiscoveryClient_CHAMA-PAYMENTS/localhost:chama-payments:8090: registering service...
54465 [restartedMain] INFO  o.s.c.s.binder.DefaultBinderFactory - Creating binder: kafka
54624 [DiscoveryClient-InstanceInfoReplicator-0] INFO  c.netflix.discovery.DiscoveryClient - DiscoveryClient_CHAMA-PAYMENTS/localhost:chama-payments:8090 - registration status: 204
55129 [restartedMain] INFO  o.s.c.s.binder.DefaultBinderFactory - Caching the binder: kafka
55131 [restartedMain] INFO  o.s.c.s.binder.DefaultBinderFactory - Retrieving cached binder: kafka
57461 [restartedMain] INFO  o.s.c.s.binder.BinderErrorChannel - Channel 'createMemberWallet-in-0.create-member-wallet-group.errors' has 1 subscriber(s).
57483 [restartedMain] INFO  o.s.c.s.binder.BinderErrorChannel - Channel 'createMemberWallet-in-0.create-member-wallet-group.errors' has 0 subscriber(s).
57490 [restartedMain] INFO  o.s.c.s.binder.BinderErrorChannel - Channel 'createMemberWallet-in-0.create-member-wallet-group.errors' has 1 subscriber(s).
57491 [restartedMain] INFO  o.s.c.s.binder.BinderErrorChannel - Channel 'createMemberWallet-in-0.create-member-wallet-group.errors' has 2 subscriber(s).
57786 [restartedMain] INFO  o.s.i.k.i.KafkaMessageDrivenChannelAdapter - started org.springframework.integration.kafka.inbound.KafkaMessageDrivenChannelAdapter@dee0ae5
57804 [restartedMain] INFO  o.s.c.s.binder.DefaultBinderFactory - Retrieving cached binder: kafka
59622 [restartedMain] INFO  o.s.c.s.binder.BinderErrorChannel - Channel 'createGroupContribution-in-0.create-group-contribution-group.errors' has 1 subscriber(s).
59622 [restartedMain] INFO  o.s.c.s.binder.BinderErrorChannel - Channel 'createGroupContribution-in-0.create-group-contribution-group.errors' has 0 subscriber(s).
59623 [restartedMain] INFO  o.s.c.s.binder.BinderErrorChannel - Channel 'createGroupContribution-in-0.create-group-contribution-group.errors' has 1 subscriber(s).
59623 [restartedMain] INFO  o.s.c.s.binder.BinderErrorChannel - Channel 'createGroupContribution-in-0.create-group-contribution-group.errors' has 2 subscriber(s).
59702 [restartedMain] INFO  o.s.i.k.i.KafkaMessageDrivenChannelAdapter - started org.springframework.integration.kafka.inbound.KafkaMessageDrivenChannelAdapter@3f3611a6
59704 [restartedMain] INFO  o.s.c.s.b.kafka.KafkaBinderMetrics - Try to shutdown the old scheduler with 1 threads
59733 [restartedMain] INFO  o.s.c.s.binder.DefaultBinderFactory - Retrieving cached binder: kafka
61164 [restartedMain] INFO  o.s.c.s.binder.BinderErrorChannel - Channel 'createGroupAccount-in-0.create-group-account-group.errors' has 1 subscriber(s).
61164 [restartedMain] INFO  o.s.c.s.binder.BinderErrorChannel - Channel 'createGroupAccount-in-0.create-group-account-group.errors' has 0 subscriber(s).
61165 [restartedMain] INFO  o.s.c.s.binder.BinderErrorChannel - Channel 'createGroupAccount-in-0.create-group-account-group.errors' has 1 subscriber(s).
61165 [restartedMain] INFO  o.s.c.s.binder.BinderErrorChannel - Channel 'createGroupAccount-in-0.create-group-account-group.errors' has 2 subscriber(s).
61290 [restartedMain] INFO  o.s.i.k.i.KafkaMessageDrivenChannelAdapter - started org.springframework.integration.kafka.inbound.KafkaMessageDrivenChannelAdapter@68777d4b
61291 [restartedMain] INFO  o.s.c.s.b.kafka.KafkaBinderMetrics - Try to shutdown the old scheduler with 2 threads
61294 [restartedMain] INFO  o.s.c.s.binder.DefaultBinderFactory - Retrieving cached binder: kafka
61788 [restartedMain] INFO  o.s.c.s.binder.BinderErrorChannel - Channel 'enableGroupContributions-in-0.enableGroupContributions-group.errors' has 1 subscriber(s).
61788 [restartedMain] INFO  o.s.c.s.binder.BinderErrorChannel - Channel 'enableGroupContributions-in-0.enableGroupContributions-group.errors' has 0 subscriber(s).
61788 [restartedMain] INFO  o.s.c.s.binder.BinderErrorChannel - Channel 'enableGroupContributions-in-0.enableGroupContributions-group.errors' has 1 subscriber(s).
61789 [restartedMain] INFO  o.s.c.s.binder.BinderErrorChannel - Channel 'enableGroupContributions-in-0.enableGroupContributions-group.errors' has 2 subscriber(s).
61824 [KafkaConsumerDestination{consumerDestinationName='createMemberWallet-in-0', partitions=1, dlqName='null'}.container-0-C-1] INFO  o.s.c.s.b.k.KafkaMessageChannelBinder$2 - create-member-wallet-group: partitions assigned: [createMemberWallet-in-0-0]
61845 [restartedMain] INFO  o.s.i.k.i.KafkaMessageDrivenChannelAdapter - started org.springframework.integration.kafka.inbound.KafkaMessageDrivenChannelAdapter@267e4742
61845 [restartedMain] INFO  o.s.c.s.b.kafka.KafkaBinderMetrics - Try to shutdown the old scheduler with 3 threads
61855 [restartedMain] INFO  o.s.c.s.binder.DefaultBinderFactory - Retrieving cached binder: kafka
62217 [restartedMain] INFO  o.s.c.s.binder.BinderErrorChannel - Channel 'disableGroupContributions-in-0.disable-group-contributions-group.errors' has 1 subscriber(s).
62218 [restartedMain] INFO  o.s.c.s.binder.BinderErrorChannel - Channel 'disableGroupContributions-in-0.disable-group-contributions-group.errors' has 0 subscriber(s).
62218 [restartedMain] INFO  o.s.c.s.binder.BinderErrorChannel - Channel 'disableGroupContributions-in-0.disable-group-contributions-group.errors' has 1 subscriber(s).
62218 [restartedMain] INFO  o.s.c.s.binder.BinderErrorChannel - Channel 'disableGroupContributions-in-0.disable-group-contributions-group.errors' has 2 subscriber(s).
62254 [restartedMain] INFO  o.s.i.k.i.KafkaMessageDrivenChannelAdapter - started org.springframework.integration.kafka.inbound.KafkaMessageDrivenChannelAdapter@5e8c415d
62256 [restartedMain] INFO  o.s.c.s.b.kafka.KafkaBinderMetrics - Try to shutdown the old scheduler with 4 threads
62268 [restartedMain] INFO  o.s.c.s.binder.DefaultBinderFactory - Retrieving cached binder: kafka
62844 [restartedMain] INFO  o.s.c.s.binder.BinderErrorChannel - Channel 'contribution-name-edit-topic.contribution-name-edit-group.errors' has 1 subscriber(s).
62845 [restartedMain] INFO  o.s.c.s.binder.BinderErrorChannel - Channel 'contribution-name-edit-topic.contribution-name-edit-group.errors' has 0 subscriber(s).
62845 [restartedMain] INFO  o.s.c.s.binder.BinderErrorChannel - Channel 'contribution-name-edit-topic.contribution-name-edit-group.errors' has 1 subscriber(s).
62845 [restartedMain] INFO  o.s.c.s.binder.BinderErrorChannel - Channel 'contribution-name-edit-topic.contribution-name-edit-group.errors' has 2 subscriber(s).
62901 [restartedMain] INFO  o.s.i.k.i.KafkaMessageDrivenChannelAdapter - started org.springframework.integration.kafka.inbound.KafkaMessageDrivenChannelAdapter@533cde5b
62902 [restartedMain] INFO  o.s.c.s.b.kafka.KafkaBinderMetrics - Try to shutdown the old scheduler with 5 threads
62910 [restartedMain] INFO  o.s.c.s.binder.DefaultBinderFactory - Retrieving cached binder: kafka
63243 [restartedMain] INFO  o.s.c.s.binder.BinderErrorChannel - Channel 'callback-topic.callback-topic-group.errors' has 1 subscriber(s).
63243 [restartedMain] INFO  o.s.c.s.binder.BinderErrorChannel - Channel 'callback-topic.callback-topic-group.errors' has 0 subscriber(s).
63243 [restartedMain] INFO  o.s.c.s.binder.BinderErrorChannel - Channel 'callback-topic.callback-topic-group.errors' has 1 subscriber(s).
63243 [restartedMain] INFO  o.s.c.s.binder.BinderErrorChannel - Channel 'callback-topic.callback-topic-group.errors' has 2 subscriber(s).
63291 [restartedMain] INFO  o.s.i.k.i.KafkaMessageDrivenChannelAdapter - started org.springframework.integration.kafka.inbound.KafkaMessageDrivenChannelAdapter@760bdfce
63292 [restartedMain] INFO  o.s.c.s.b.kafka.KafkaBinderMetrics - Try to shutdown the old scheduler with 6 threads
63484 [KafkaConsumerDestination{consumerDestinationName='createGroupContribution-in-0', partitions=1, dlqName='null'}.container-0-C-1] INFO  o.s.c.s.b.k.KafkaMessageChannelBinder$2 - create-group-contribution-group: partitions assigned: [createGroupContribution-in-0-0]
64284 [restartedMain] INFO  o.s.b.w.e.netty.NettyWebServer - Netty started on port 8090
64287 [restartedMain] INFO  o.s.c.n.e.s.EurekaAutoServiceRegistration - Updating port to 8090
64565 [KafkaConsumerDestination{consumerDestinationName='createGroupAccount-in-0', partitions=1, dlqName='null'}.container-0-C-1] INFO  o.s.c.s.b.k.KafkaMessageChannelBinder$2 - create-group-account-group: partitions assigned: [createGroupAccount-in-0-0]
65118 [KafkaConsumerDestination{consumerDestinationName='enableGroupContributions-in-0', partitions=1, dlqName='null'}.container-0-C-1] INFO  o.s.c.s.b.k.KafkaMessageChannelBinder$2 - enableGroupContributions-group: partitions assigned: [enableGroupContributions-in-0-0]
65402 [KafkaConsumerDestination{consumerDestinationName='disableGroupContributions-in-0', partitions=1, dlqName='null'}.container-0-C-1] INFO  o.s.c.s.b.k.KafkaMessageChannelBinder$2 - disable-group-contributions-group: partitions assigned: [disableGroupContributions-in-0-0]
66106 [KafkaConsumerDestination{consumerDestinationName='contribution-name-edit-topic', partitions=1, dlqName='null'}.container-0-C-1] INFO  o.s.c.s.b.k.KafkaMessageChannelBinder$2 - contribution-name-edit-group: partitions assigned: [contribution-name-edit-topic-0]
66262 [restartedMain] INFO  o.s.cloud.commons.util.InetUtils - Cannot determine local hostname
66585 [KafkaConsumerDestination{consumerDestinationName='callback-topic', partitions=1, dlqName='null'}.container-0-C-1] INFO  o.s.c.s.b.k.KafkaMessageChannelBinder$2 - callback-topic-group: partitions assigned: [callback-topic-0]
68201 [restartedMain] INFO  o.s.cloud.commons.util.InetUtils - Cannot determine local hostname
69687 [restartedMain] WARN  s.d.s.w.r.p.ParameterTypeReader - @ModelAttribute annotated parameters should have already been expanded via the ExpandedParameterBuilderPlugin
69818 [restartedMain] WARN  s.d.s.w.r.p.ParameterTypeReader - @ModelAttribute annotated parameters should have already been expanded via the ExpandedParameterBuilderPlugin
69861 [restartedMain] WARN  s.d.s.w.r.p.ParameterTypeReader - @ModelAttribute annotated parameters should have already been expanded via the ExpandedParameterBuilderPlugin
69968 [restartedMain] WARN  s.d.s.w.r.p.ParameterTypeReader - @ModelAttribute annotated parameters should have already been expanded via the ExpandedParameterBuilderPlugin
70634 [restartedMain] WARN  s.d.s.w.r.p.ParameterTypeReader - @ModelAttribute annotated parameters should have already been expanded via the ExpandedParameterBuilderPlugin
71246 [restartedMain] WARN  s.d.s.w.r.p.ParameterTypeReader - @ModelAttribute annotated parameters should have already been expanded via the ExpandedParameterBuilderPlugin
71266 [restartedMain] WARN  s.d.s.w.r.p.ParameterTypeReader - @ModelAttribute annotated parameters should have already been expanded via the ExpandedParameterBuilderPlugin
71273 [restartedMain] WARN  s.d.s.w.r.p.ParameterTypeReader - @ModelAttribute annotated parameters should have already been expanded via the ExpandedParameterBuilderPlugin
71747 [restartedMain] WARN  s.d.s.w.r.p.ParameterTypeReader - @ModelAttribute annotated parameters should have already been expanded via the ExpandedParameterBuilderPlugin
72159 [restartedMain] INFO  c.e.c.ChamaPaymentsApplication - Started ChamaPaymentsApplication in 70.614 seconds (JVM running for 73.391)
72379 [boundedElastic-1] INFO  c.e.c.s.i.MemberTransactionStatusServiceImpl - Enabling users to transact... BEGIN
72416 [scheduling-1] INFO  c.e.c.s.s.ContributionPaymentScheduler - Schedule type not found... On monthly payment scheduling.
72537 [boundedElastic-1] INFO  c.e.c.s.i.MemberTransactionStatusServiceImpl - Enabling users to transact... END
72554 [scheduling-1] INFO  o.s.s.a.AnnotationAsyncExecutionInterceptor - More than one TaskExecutor bean found within the context, and none is named 'taskExecutor'. Mark one of them as primary or name it 'taskExecutor' (possibly as an alias) in order to use it for async processing: [remindersExecutor, taskScheduler]
132451 [scheduling-1] INFO  c.e.c.s.s.ContributionPaymentScheduler - Schedule type not found... On monthly payment scheduling.
192465 [scheduling-1] INFO  c.e.c.s.s.ContributionPaymentScheduler - Schedule type not found... On monthly payment scheduling.
252483 [scheduling-1] INFO  c.e.c.s.s.ContributionPaymentScheduler - Schedule type not found... On monthly payment scheduling.
312494 [scheduling-1] INFO  c.e.c.s.s.ContributionPaymentScheduler - Schedule type not found... On monthly payment scheduling.
353695 [AsyncResolver-bootstrap-executor-0] INFO  c.n.d.s.r.aws.ConfigClusterResolver - Resolving eureka endpoints via configuration
372391 [boundedElastic-3] INFO  c.e.c.s.i.MemberTransactionStatusServiceImpl - Enabling users to transact... BEGIN
372396 [boundedElastic-3] INFO  c.e.c.s.i.MemberTransactionStatusServiceImpl - Enabling users to transact... END
372502 [scheduling-1] INFO  c.e.c.s.s.ContributionPaymentScheduler - Schedule type not found... On monthly payment scheduling.
432511 [scheduling-1] INFO  c.e.c.s.s.ContributionPaymentScheduler - Schedule type not found... On monthly payment scheduling.
492525 [scheduling-1] INFO  c.e.c.s.s.ContributionPaymentScheduler - Schedule type not found... On monthly payment scheduling.
552565 [scheduling-1] INFO  c.e.c.s.s.ContributionPaymentScheduler - Schedule type not found... On monthly payment scheduling.
566847 [SpringApplicationShutdownHook] INFO  o.s.c.n.e.s.EurekaServiceRegistry - Unregistering application CHAMA-PAYMENTS with eureka with status DOWN
566848 [SpringApplicationShutdownHook] INFO  c.netflix.discovery.DiscoveryClient - Saw local status change event StatusChangeEvent [timestamp=1717085071308, current=DOWN, previous=UP]
566849 [DiscoveryClient-InstanceInfoReplicator-0] INFO  c.netflix.discovery.DiscoveryClient - DiscoveryClient_CHAMA-PAYMENTS/localhost:chama-payments:8090: registering service...
567056 [KafkaConsumerDestination{consumerDestinationName='createMemberWallet-in-0', partitions=1, dlqName='null'}.container-0-C-1] INFO  o.s.c.s.b.k.KafkaMessageChannelBinder$2 - create-member-wallet-group: partitions revoked: [createMemberWallet-in-0-0]
567072 [DiscoveryClient-InstanceInfoReplicator-0] INFO  c.netflix.discovery.DiscoveryClient - DiscoveryClient_CHAMA-PAYMENTS/localhost:chama-payments:8090 - registration status: 204
567089 [KafkaConsumerDestination{consumerDestinationName='createMemberWallet-in-0', partitions=1, dlqName='null'}.container-0-C-1] INFO  o.s.k.l.KafkaMessageListenerContainer$ListenerConsumer - create-member-wallet-group: Consumer stopped
567098 [SpringApplicationShutdownHook] INFO  o.s.i.k.i.KafkaMessageDrivenChannelAdapter - stopped org.springframework.integration.kafka.inbound.KafkaMessageDrivenChannelAdapter@dee0ae5
567214 [SpringApplicationShutdownHook] INFO  o.s.c.s.binder.BinderErrorChannel - Channel 'chama-payments.createMemberWallet-in-0.create-member-wallet-group.errors' has 1 subscriber(s).
567228 [KafkaConsumerDestination{consumerDestinationName='createGroupContribution-in-0', partitions=1, dlqName='null'}.container-0-C-1] INFO  o.s.c.s.b.k.KafkaMessageChannelBinder$2 - create-group-contribution-group: partitions revoked: [createGroupContribution-in-0-0]
567356 [KafkaConsumerDestination{consumerDestinationName='createGroupContribution-in-0', partitions=1, dlqName='null'}.container-0-C-1] INFO  o.s.k.l.KafkaMessageListenerContainer$ListenerConsumer - create-group-contribution-group: Consumer stopped
567358 [SpringApplicationShutdownHook] INFO  o.s.i.k.i.KafkaMessageDrivenChannelAdapter - stopped org.springframework.integration.kafka.inbound.KafkaMessageDrivenChannelAdapter@3f3611a6
567390 [SpringApplicationShutdownHook] INFO  o.s.c.s.binder.BinderErrorChannel - Channel 'chama-payments.createGroupContribution-in-0.create-group-contribution-group.errors' has 1 subscriber(s).
567395 [KafkaConsumerDestination{consumerDestinationName='createGroupAccount-in-0', partitions=1, dlqName='null'}.container-0-C-1] INFO  o.s.c.s.b.k.KafkaMessageChannelBinder$2 - create-group-account-group: partitions revoked: [createGroupAccount-in-0-0]
567450 [KafkaConsumerDestination{consumerDestinationName='createGroupAccount-in-0', partitions=1, dlqName='null'}.container-0-C-1] INFO  o.s.k.l.KafkaMessageListenerContainer$ListenerConsumer - create-group-account-group: Consumer stopped
567451 [SpringApplicationShutdownHook] INFO  o.s.i.k.i.KafkaMessageDrivenChannelAdapter - stopped org.springframework.integration.kafka.inbound.KafkaMessageDrivenChannelAdapter@68777d4b
567460 [SpringApplicationShutdownHook] INFO  o.s.c.s.binder.BinderErrorChannel - Channel 'chama-payments.createGroupAccount-in-0.create-group-account-group.errors' has 1 subscriber(s).
567465 [KafkaConsumerDestination{consumerDestinationName='enableGroupContributions-in-0', partitions=1, dlqName='null'}.container-0-C-1] INFO  o.s.c.s.b.k.KafkaMessageChannelBinder$2 - enableGroupContributions-group: partitions revoked: [enableGroupContributions-in-0-0]
567494 [KafkaConsumerDestination{consumerDestinationName='enableGroupContributions-in-0', partitions=1, dlqName='null'}.container-0-C-1] INFO  o.s.k.l.KafkaMessageListenerContainer$ListenerConsumer - enableGroupContributions-group: Consumer stopped
567494 [SpringApplicationShutdownHook] INFO  o.s.i.k.i.KafkaMessageDrivenChannelAdapter - stopped org.springframework.integration.kafka.inbound.KafkaMessageDrivenChannelAdapter@267e4742
567503 [SpringApplicationShutdownHook] INFO  o.s.c.s.binder.BinderErrorChannel - Channel 'chama-payments.enableGroupContributions-in-0.enableGroupContributions-group.errors' has 1 subscriber(s).
567507 [KafkaConsumerDestination{consumerDestinationName='disableGroupContributions-in-0', partitions=1, dlqName='null'}.container-0-C-1] INFO  o.s.c.s.b.k.KafkaMessageChannelBinder$2 - disable-group-contributions-group: partitions revoked: [disableGroupContributions-in-0-0]
567521 [KafkaConsumerDestination{consumerDestinationName='disableGroupContributions-in-0', partitions=1, dlqName='null'}.container-0-C-1] INFO  o.s.k.l.KafkaMessageListenerContainer$ListenerConsumer - disable-group-contributions-group: Consumer stopped
567522 [SpringApplicationShutdownHook] INFO  o.s.i.k.i.KafkaMessageDrivenChannelAdapter - stopped org.springframework.integration.kafka.inbound.KafkaMessageDrivenChannelAdapter@5e8c415d
567531 [SpringApplicationShutdownHook] INFO  o.s.c.s.binder.BinderErrorChannel - Channel 'chama-payments.disableGroupContributions-in-0.disable-group-contributions-group.errors' has 1 subscriber(s).
567535 [KafkaConsumerDestination{consumerDestinationName='contribution-name-edit-topic', partitions=1, dlqName='null'}.container-0-C-1] INFO  o.s.c.s.b.k.KafkaMessageChannelBinder$2 - contribution-name-edit-group: partitions revoked: [contribution-name-edit-topic-0]
567559 [KafkaConsumerDestination{consumerDestinationName='contribution-name-edit-topic', partitions=1, dlqName='null'}.container-0-C-1] INFO  o.s.k.l.KafkaMessageListenerContainer$ListenerConsumer - contribution-name-edit-group: Consumer stopped
567560 [SpringApplicationShutdownHook] INFO  o.s.i.k.i.KafkaMessageDrivenChannelAdapter - stopped org.springframework.integration.kafka.inbound.KafkaMessageDrivenChannelAdapter@533cde5b
567569 [SpringApplicationShutdownHook] INFO  o.s.c.s.binder.BinderErrorChannel - Channel 'chama-payments.contribution-name-edit-topic.contribution-name-edit-group.errors' has 1 subscriber(s).
567572 [KafkaConsumerDestination{consumerDestinationName='callback-topic', partitions=1, dlqName='null'}.container-0-C-1] INFO  o.s.c.s.b.k.KafkaMessageChannelBinder$2 - callback-topic-group: partitions revoked: [callback-topic-0]
567624 [KafkaConsumerDestination{consumerDestinationName='callback-topic', partitions=1, dlqName='null'}.container-0-C-1] INFO  o.s.k.l.KafkaMessageListenerContainer$ListenerConsumer - callback-topic-group: Consumer stopped
567625 [SpringApplicationShutdownHook] INFO  o.s.i.k.i.KafkaMessageDrivenChannelAdapter - stopped org.springframework.integration.kafka.inbound.KafkaMessageDrivenChannelAdapter@760bdfce
567639 [SpringApplicationShutdownHook] INFO  o.s.c.s.binder.BinderErrorChannel - Channel 'chama-payments.callback-topic.callback-topic-group.errors' has 1 subscriber(s).
567679 [SpringApplicationShutdownHook] INFO  o.s.i.endpoint.EventDrivenConsumer - Removing {logging-channel-adapter:_org.springframework.integration.errorLogger} as a subscriber to the 'errorChannel' channel
567679 [SpringApplicationShutdownHook] INFO  o.s.i.c.PublishSubscribeChannel - Channel 'chama-payments.errorChannel' has 0 subscriber(s).
567680 [SpringApplicationShutdownHook] INFO  o.s.i.endpoint.EventDrivenConsumer - stopped bean '_org.springframework.integration.errorLogger'
567972 [SpringApplicationShutdownHook] INFO  o.s.o.j.LocalContainerEntityManagerFactoryBean - Closing JPA EntityManagerFactory for persistence unit 'default'
568019 [SpringApplicationShutdownHook] INFO  com.zaxxer.hikari.HikariDataSource - HikariPool-1 - Shutdown initiated...
568047 [SpringApplicationShutdownHook] INFO  com.zaxxer.hikari.HikariDataSource - HikariPool-1 - Shutdown completed.
570540 [SpringApplicationShutdownHook] INFO  c.netflix.discovery.DiscoveryClient - Shutting down DiscoveryClient ...
573582 [SpringApplicationShutdownHook] INFO  c.netflix.discovery.DiscoveryClient - Unregistering ...
573637 [SpringApplicationShutdownHook] INFO  c.netflix.discovery.DiscoveryClient - DiscoveryClient_CHAMA-PAYMENTS/localhost:chama-payments:8090 - deregister  status: 200
573644 [SpringApplicationShutdownHook] INFO  c.netflix.discovery.DiscoveryClient - Completed shut down of DiscoveryClient
