4149 [restartedMain] INFO  c.e.c.ChamaPaymentsApplication - Starting ChamaPaymentsApplication using Java 11.0.22 on DESKTOP-C76S6GF with PID 9960 (C:\Users\HP\Documents\vicoba-backend-dev\chama-reactive-backend\ChamaPayments\target\classes started by HP in C:\Users\HP\Documents\vicoba-backend-dev)
4159 [restartedMain] INFO  c.e.c.ChamaPaymentsApplication - The following profiles are active: dev
4412 [restartedMain] INFO  o.s.b.d.e.DevToolsPropertyDefaultsPostProcessor - Devtools property defaults active! Set 'spring.devtools.add-properties' to 'false' to disable
4413 [restartedMain] INFO  o.s.b.d.e.DevToolsPropertyDefaultsPostProcessor - For additional web related logging consider setting the 'logging.level.web' property to 'DEBUG'
11643 [restartedMain] INFO  o.s.d.r.c.RepositoryConfigurationDelegate - Multiple Spring Data modules found, entering strict repository configuration mode!
11650 [restartedMain] INFO  o.s.d.r.c.RepositoryConfigurationDelegate - Bootstrapping Spring Data JPA repositories in DEFAULT mode.
12646 [restartedMain] INFO  o.s.d.r.c.RepositoryConfigurationDelegate - Finished Spring Data repository scanning in 968 ms. Found 30 JPA repository interfaces.
12686 [restartedMain] INFO  o.s.d.r.c.RepositoryConfigurationDelegate - Multiple Spring Data modules found, entering strict repository configuration mode!
12695 [restartedMain] INFO  o.s.d.r.c.RepositoryConfigurationDelegate - Bootstrapping Spring Data Redis repositories in DEFAULT mode.
12826 [restartedMain] INFO  o.s.d.r.c.RepositoryConfigurationExtensionSupport - Spring Data Redis - Could not safely identify store assignment for repository candidate interface com.eclectics.chamapayments.repository.AccountTypeRepository. If you want this repository to be a Redis repository, consider annotating your entities with one of these annotations: org.springframework.data.redis.core.RedisHash (preferred), or consider extending one of the following types with your repository: org.springframework.data.keyvalue.repository.KeyValueRepository.
12881 [restartedMain] INFO  o.s.d.r.c.RepositoryConfigurationExtensionSupport - Spring Data Redis - Could not safely identify store assignment for repository candidate interface com.eclectics.chamapayments.repository.AccountsRepository. If you want this repository to be a Redis repository, consider annotating your entities with one of these annotations: org.springframework.data.redis.core.RedisHash (preferred), or consider extending one of the following types with your repository: org.springframework.data.keyvalue.repository.KeyValueRepository.
12882 [restartedMain] INFO  o.s.d.r.c.RepositoryConfigurationExtensionSupport - Spring Data Redis - Could not safely identify store assignment for repository candidate interface com.eclectics.chamapayments.repository.AmounttypeRepo. If you want this repository to be a Redis repository, consider annotating your entities with one of these annotations: org.springframework.data.redis.core.RedisHash (preferred), or consider extending one of the following types with your repository: org.springframework.data.keyvalue.repository.KeyValueRepository.
12883 [restartedMain] INFO  o.s.d.r.c.RepositoryConfigurationExtensionSupport - Spring Data Redis - Could not safely identify store assignment for repository candidate interface com.eclectics.chamapayments.repository.ContributionLoanRepository. If you want this repository to be a Redis repository, consider annotating your entities with one of these annotations: org.springframework.data.redis.core.RedisHash (preferred), or consider extending one of the following types with your repository: org.springframework.data.keyvalue.repository.KeyValueRepository.
12886 [restartedMain] INFO  o.s.d.r.c.RepositoryConfigurationExtensionSupport - Spring Data Redis - Could not safely identify store assignment for repository candidate interface com.eclectics.chamapayments.repository.ContributionRepository. If you want this repository to be a Redis repository, consider annotating your entities with one of these annotations: org.springframework.data.redis.core.RedisHash (preferred), or consider extending one of the following types with your repository: org.springframework.data.keyvalue.repository.KeyValueRepository.
12887 [restartedMain] INFO  o.s.d.r.c.RepositoryConfigurationExtensionSupport - Spring Data Redis - Could not safely identify store assignment for repository candidate interface com.eclectics.chamapayments.repository.ContributionSchedulePaymentRepository. If you want this repository to be a Redis repository, consider annotating your entities with one of these annotations: org.springframework.data.redis.core.RedisHash (preferred), or consider extending one of the following types with your repository: org.springframework.data.keyvalue.repository.KeyValueRepository.
12895 [restartedMain] INFO  o.s.d.r.c.RepositoryConfigurationExtensionSupport - Spring Data Redis - Could not safely identify store assignment for repository candidate interface com.eclectics.chamapayments.repository.ContributionTypesRepository. If you want this repository to be a Redis repository, consider annotating your entities with one of these annotations: org.springframework.data.redis.core.RedisHash (preferred), or consider extending one of the following types with your repository: org.springframework.data.keyvalue.repository.KeyValueRepository.
12898 [restartedMain] INFO  o.s.d.r.c.RepositoryConfigurationExtensionSupport - Spring Data Redis - Could not safely identify store assignment for repository candidate interface com.eclectics.chamapayments.repository.ContributionsPaymentRepository. If you want this repository to be a Redis repository, consider annotating your entities with one of these annotations: org.springframework.data.redis.core.RedisHash (preferred), or consider extending one of the following types with your repository: org.springframework.data.keyvalue.repository.KeyValueRepository.
12904 [restartedMain] INFO  o.s.d.r.c.RepositoryConfigurationExtensionSupport - Spring Data Redis - Could not safely identify store assignment for repository candidate interface com.eclectics.chamapayments.repository.EsbRequestLogRepository. If you want this repository to be a Redis repository, consider annotating your entities with one of these annotations: org.springframework.data.redis.core.RedisHash (preferred), or consider extending one of the following types with your repository: org.springframework.data.keyvalue.repository.KeyValueRepository.
12906 [restartedMain] INFO  o.s.d.r.c.RepositoryConfigurationExtensionSupport - Spring Data Redis - Could not safely identify store assignment for repository candidate interface com.eclectics.chamapayments.repository.GroupRepository. If you want this repository to be a Redis repository, consider annotating your entities with one of these annotations: org.springframework.data.redis.core.RedisHash (preferred), or consider extending one of the following types with your repository: org.springframework.data.keyvalue.repository.KeyValueRepository.
12909 [restartedMain] INFO  o.s.d.r.c.RepositoryConfigurationExtensionSupport - Spring Data Redis - Could not safely identify store assignment for repository candidate interface com.eclectics.chamapayments.repository.GuarantorsRepository. If you want this repository to be a Redis repository, consider annotating your entities with one of these annotations: org.springframework.data.redis.core.RedisHash (preferred), or consider extending one of the following types with your repository: org.springframework.data.keyvalue.repository.KeyValueRepository.
12910 [restartedMain] INFO  o.s.d.r.c.RepositoryConfigurationExtensionSupport - Spring Data Redis - Could not safely identify store assignment for repository candidate interface com.eclectics.chamapayments.repository.InvestmentsRepo. If you want this repository to be a Redis repository, consider annotating your entities with one of these annotations: org.springframework.data.redis.core.RedisHash (preferred), or consider extending one of the following types with your repository: org.springframework.data.keyvalue.repository.KeyValueRepository.
12914 [restartedMain] INFO  o.s.d.r.c.RepositoryConfigurationExtensionSupport - Spring Data Redis - Could not safely identify store assignment for repository candidate interface com.eclectics.chamapayments.repository.LoanPenaltyPaymentRepository. If you want this repository to be a Redis repository, consider annotating your entities with one of these annotations: org.springframework.data.redis.core.RedisHash (preferred), or consider extending one of the following types with your repository: org.springframework.data.keyvalue.repository.KeyValueRepository.
12920 [restartedMain] INFO  o.s.d.r.c.RepositoryConfigurationExtensionSupport - Spring Data Redis - Could not safely identify store assignment for repository candidate interface com.eclectics.chamapayments.repository.LoanPenaltyRepository. If you want this repository to be a Redis repository, consider annotating your entities with one of these annotations: org.springframework.data.redis.core.RedisHash (preferred), or consider extending one of the following types with your repository: org.springframework.data.keyvalue.repository.KeyValueRepository.
12926 [restartedMain] INFO  o.s.d.r.c.RepositoryConfigurationExtensionSupport - Spring Data Redis - Could not safely identify store assignment for repository candidate interface com.eclectics.chamapayments.repository.LoanapplicationsRepo. If you want this repository to be a Redis repository, consider annotating your entities with one of these annotations: org.springframework.data.redis.core.RedisHash (preferred), or consider extending one of the following types with your repository: org.springframework.data.keyvalue.repository.KeyValueRepository.
12929 [restartedMain] INFO  o.s.d.r.c.RepositoryConfigurationExtensionSupport - Spring Data Redis - Could not safely identify store assignment for repository candidate interface com.eclectics.chamapayments.repository.LoanproductsRepository. If you want this repository to be a Redis repository, consider annotating your entities with one of these annotations: org.springframework.data.redis.core.RedisHash (preferred), or consider extending one of the following types with your repository: org.springframework.data.keyvalue.repository.KeyValueRepository.
12930 [restartedMain] INFO  o.s.d.r.c.RepositoryConfigurationExtensionSupport - Spring Data Redis - Could not safely identify store assignment for repository candidate interface com.eclectics.chamapayments.repository.LoanrepaymentpendingapprovalRepo. If you want this repository to be a Redis repository, consider annotating your entities with one of these annotations: org.springframework.data.redis.core.RedisHash (preferred), or consider extending one of the following types with your repository: org.springframework.data.keyvalue.repository.KeyValueRepository.
12937 [restartedMain] INFO  o.s.d.r.c.RepositoryConfigurationExtensionSupport - Spring Data Redis - Could not safely identify store assignment for repository candidate interface com.eclectics.chamapayments.repository.LoansdisbursedRepo. If you want this repository to be a Redis repository, consider annotating your entities with one of these annotations: org.springframework.data.redis.core.RedisHash (preferred), or consider extending one of the following types with your repository: org.springframework.data.keyvalue.repository.KeyValueRepository.
12941 [restartedMain] INFO  o.s.d.r.c.RepositoryConfigurationExtensionSupport - Spring Data Redis - Could not safely identify store assignment for repository candidate interface com.eclectics.chamapayments.repository.LoansrepaymentRepo. If you want this repository to be a Redis repository, consider annotating your entities with one of these annotations: org.springframework.data.redis.core.RedisHash (preferred), or consider extending one of the following types with your repository: org.springframework.data.keyvalue.repository.KeyValueRepository.
12943 [restartedMain] INFO  o.s.d.r.c.RepositoryConfigurationExtensionSupport - Spring Data Redis - Could not safely identify store assignment for repository candidate interface com.eclectics.chamapayments.repository.MemberTransactionStatusRepository. If you want this repository to be a Redis repository, consider annotating your entities with one of these annotations: org.springframework.data.redis.core.RedisHash (preferred), or consider extending one of the following types with your repository: org.springframework.data.keyvalue.repository.KeyValueRepository.
12945 [restartedMain] INFO  o.s.d.r.c.RepositoryConfigurationExtensionSupport - Spring Data Redis - Could not safely identify store assignment for repository candidate interface com.eclectics.chamapayments.repository.MessagetemplatesRepo. If you want this repository to be a Redis repository, consider annotating your entities with one of these annotations: org.springframework.data.redis.core.RedisHash (preferred), or consider extending one of the following types with your repository: org.springframework.data.keyvalue.repository.KeyValueRepository.
12958 [restartedMain] INFO  o.s.d.r.c.RepositoryConfigurationExtensionSupport - Spring Data Redis - Could not safely identify store assignment for repository candidate interface com.eclectics.chamapayments.repository.OutstandingContributionPaymentRepository. If you want this repository to be a Redis repository, consider annotating your entities with one of these annotations: org.springframework.data.redis.core.RedisHash (preferred), or consider extending one of the following types with your repository: org.springframework.data.keyvalue.repository.KeyValueRepository.
12959 [restartedMain] INFO  o.s.d.r.c.RepositoryConfigurationExtensionSupport - Spring Data Redis - Could not safely identify store assignment for repository candidate interface com.eclectics.chamapayments.repository.OverpaidContributionRepository. If you want this repository to be a Redis repository, consider annotating your entities with one of these annotations: org.springframework.data.redis.core.RedisHash (preferred), or consider extending one of the following types with your repository: org.springframework.data.keyvalue.repository.KeyValueRepository.
12961 [restartedMain] INFO  o.s.d.r.c.RepositoryConfigurationExtensionSupport - Spring Data Redis - Could not safely identify store assignment for repository candidate interface com.eclectics.chamapayments.repository.PenaltyRepository. If you want this repository to be a Redis repository, consider annotating your entities with one of these annotations: org.springframework.data.redis.core.RedisHash (preferred), or consider extending one of the following types with your repository: org.springframework.data.keyvalue.repository.KeyValueRepository.
12964 [restartedMain] INFO  o.s.d.r.c.RepositoryConfigurationExtensionSupport - Spring Data Redis - Could not safely identify store assignment for repository candidate interface com.eclectics.chamapayments.repository.ScheduleTypeRepository. If you want this repository to be a Redis repository, consider annotating your entities with one of these annotations: org.springframework.data.redis.core.RedisHash (preferred), or consider extending one of the following types with your repository: org.springframework.data.keyvalue.repository.KeyValueRepository.
12973 [restartedMain] INFO  o.s.d.r.c.RepositoryConfigurationExtensionSupport - Spring Data Redis - Could not safely identify store assignment for repository candidate interface com.eclectics.chamapayments.repository.TransactionTypeRepository. If you want this repository to be a Redis repository, consider annotating your entities with one of these annotations: org.springframework.data.redis.core.RedisHash (preferred), or consider extending one of the following types with your repository: org.springframework.data.keyvalue.repository.KeyValueRepository.
12974 [restartedMain] INFO  o.s.d.r.c.RepositoryConfigurationExtensionSupport - Spring Data Redis - Could not safely identify store assignment for repository candidate interface com.eclectics.chamapayments.repository.TransactionlogsRepo. If you want this repository to be a Redis repository, consider annotating your entities with one of these annotations: org.springframework.data.redis.core.RedisHash (preferred), or consider extending one of the following types with your repository: org.springframework.data.keyvalue.repository.KeyValueRepository.
12981 [restartedMain] INFO  o.s.d.r.c.RepositoryConfigurationExtensionSupport - Spring Data Redis - Could not safely identify store assignment for repository candidate interface com.eclectics.chamapayments.repository.TransactionspendingaApprovalRepo. If you want this repository to be a Redis repository, consider annotating your entities with one of these annotations: org.springframework.data.redis.core.RedisHash (preferred), or consider extending one of the following types with your repository: org.springframework.data.keyvalue.repository.KeyValueRepository.
12985 [restartedMain] INFO  o.s.d.r.c.RepositoryConfigurationExtensionSupport - Spring Data Redis - Could not safely identify store assignment for repository candidate interface com.eclectics.chamapayments.repository.WithdrawallogsRepo. If you want this repository to be a Redis repository, consider annotating your entities with one of these annotations: org.springframework.data.redis.core.RedisHash (preferred), or consider extending one of the following types with your repository: org.springframework.data.keyvalue.repository.KeyValueRepository.
12989 [restartedMain] INFO  o.s.d.r.c.RepositoryConfigurationExtensionSupport - Spring Data Redis - Could not safely identify store assignment for repository candidate interface com.eclectics.chamapayments.repository.WithdrawalspendingapprovalRepo. If you want this repository to be a Redis repository, consider annotating your entities with one of these annotations: org.springframework.data.redis.core.RedisHash (preferred), or consider extending one of the following types with your repository: org.springframework.data.keyvalue.repository.KeyValueRepository.
12990 [restartedMain] INFO  o.s.d.r.c.RepositoryConfigurationDelegate - Finished Spring Data repository scanning in 270 ms. Found 0 Redis repository interfaces.
14453 [restartedMain] INFO  o.s.c.context.scope.GenericScope - BeanFactory id=5abc6003-64a2-3c3e-8650-b48365a8b2bb
15370 [restartedMain] INFO  o.s.i.c.DefaultConfiguringBeanFactoryPostProcessor - No bean named 'errorChannel' has been explicitly defined. Therefore, a default PublishSubscribeChannel will be created.
15429 [restartedMain] INFO  o.s.i.c.DefaultConfiguringBeanFactoryPostProcessor - No bean named 'integrationHeaderChannelRegistry' has been explicitly defined. Therefore, a default DefaultHeaderChannelRegistry will be created.
16443 [restartedMain] INFO  o.s.c.s.PostProcessorRegistrationDelegate$BeanPostProcessorChecker - Bean 'org.springframework.security.config.annotation.method.configuration.ReactiveMethodSecurityConfiguration' of type [org.springframework.security.config.annotation.method.configuration.ReactiveMethodSecurityConfiguration] is not eligible for getting processed by all BeanPostProcessors (for example: not eligible for auto-proxying)
16603 [restartedMain] INFO  o.s.c.s.PostProcessorRegistrationDelegate$BeanPostProcessorChecker - Bean 'org.springframework.cloud.stream.config.BindersHealthIndicatorAutoConfiguration' of type [org.springframework.cloud.stream.config.BindersHealthIndicatorAutoConfiguration] is not eligible for getting processed by all BeanPostProcessors (for example: not eligible for auto-proxying)
16613 [restartedMain] INFO  o.s.c.s.PostProcessorRegistrationDelegate$BeanPostProcessorChecker - Bean 'bindersHealthContributor' of type [org.springframework.cloud.stream.config.BindersHealthIndicatorAutoConfiguration$BindersHealthContributor] is not eligible for getting processed by all BeanPostProcessors (for example: not eligible for auto-proxying)
16699 [restartedMain] INFO  o.s.c.s.PostProcessorRegistrationDelegate$BeanPostProcessorChecker - Bean 'bindersHealthIndicatorListener' of type [org.springframework.cloud.stream.config.BindersHealthIndicatorAutoConfiguration$BindersHealthIndicatorListener] is not eligible for getting processed by all BeanPostProcessors (for example: not eligible for auto-proxying)
16805 [restartedMain] INFO  o.s.c.s.PostProcessorRegistrationDelegate$BeanPostProcessorChecker - Bean 'org.springframework.integration.config.IntegrationManagementConfiguration' of type [org.springframework.integration.config.IntegrationManagementConfiguration] is not eligible for getting processed by all BeanPostProcessors (for example: not eligible for auto-proxying)
16901 [restartedMain] INFO  o.s.c.s.PostProcessorRegistrationDelegate$BeanPostProcessorChecker - Bean 'integrationChannelResolver' of type [org.springframework.integration.support.channel.BeanFactoryChannelResolver] is not eligible for getting processed by all BeanPostProcessors (for example: not eligible for auto-proxying)
16940 [restartedMain] INFO  o.s.c.s.PostProcessorRegistrationDelegate$BeanPostProcessorChecker - Bean 'integrationDisposableAutoCreatedBeans' of type [org.springframework.integration.config.annotation.Disposables] is not eligible for getting processed by all BeanPostProcessors (for example: not eligible for auto-proxying)
17134 [restartedMain] INFO  o.s.c.s.PostProcessorRegistrationDelegate$BeanPostProcessorChecker - Bean 'org.springframework.cloud.client.loadbalancer.reactive.LoadBalancerBeanPostProcessorAutoConfiguration' of type [org.springframework.cloud.client.loadbalancer.reactive.LoadBalancerBeanPostProcessorAutoConfiguration] is not eligible for getting processed by all BeanPostProcessors (for example: not eligible for auto-proxying)
17139 [restartedMain] INFO  o.s.c.s.PostProcessorRegistrationDelegate$BeanPostProcessorChecker - Bean 'org.springframework.cloud.client.loadbalancer.reactive.LoadBalancerBeanPostProcessorAutoConfiguration$ReactorDeferringLoadBalancerFilterConfig' of type [org.springframework.cloud.client.loadbalancer.reactive.LoadBalancerBeanPostProcessorAutoConfiguration$ReactorDeferringLoadBalancerFilterConfig] is not eligible for getting processed by all BeanPostProcessors (for example: not eligible for auto-proxying)
17145 [restartedMain] INFO  o.s.c.s.PostProcessorRegistrationDelegate$BeanPostProcessorChecker - Bean 'reactorDeferringLoadBalancerExchangeFilterFunction' of type [org.springframework.cloud.client.loadbalancer.reactive.DeferringLoadBalancerExchangeFilterFunction] is not eligible for getting processed by all BeanPostProcessors (for example: not eligible for auto-proxying)
18305 [restartedMain] INFO  o.f.c.i.license.VersionPrinter - Flyway Community Edition 7.7.3 by Redgate
18338 [restartedMain] INFO  com.zaxxer.hikari.HikariDataSource - HikariPool-1 - Starting...
19704 [restartedMain] INFO  com.zaxxer.hikari.HikariDataSource - HikariPool-1 - Start completed.
19786 [restartedMain] INFO  o.f.c.i.database.base.DatabaseType - Database: jdbc:postgresql://localhost:5432/chamadb (PostgreSQL 16.2)
19799 [restartedMain] WARN  o.f.c.i.database.base.Database - Flyway upgrade recommended: org.flywaydb.core.internal.database.postgresql.PostgreSQLDatabaseType@72d86065 16.2 is newer than this version of Flyway and support has not been tested. The latest supported version of org.flywaydb.core.internal.database.postgresql.PostgreSQLDatabaseType@72d86065 is 13.
19890 [restartedMain] INFO  o.f.c.internal.command.DbValidate - Successfully validated 2 migrations (execution time 00:00.064s)
19904 [restartedMain] INFO  o.f.core.internal.command.DbMigrate - Current version of schema "public": 1.1
19908 [restartedMain] INFO  o.f.core.internal.command.DbMigrate - Schema "public" is up to date. No migration necessary.
20602 [restartedMain] INFO  o.h.jpa.internal.util.LogHelper - HHH000204: Processing PersistenceUnitInfo [name: default]
21218 [restartedMain] INFO  org.hibernate.Version - HHH000412: Hibernate ORM core version 5.4.32.Final
22059 [restartedMain] INFO  o.h.annotations.common.Version - HCANN000001: Hibernate Commons Annotations {5.1.2.Final}
22539 [restartedMain] INFO  org.hibernate.dialect.Dialect - HHH000400: Using dialect: org.hibernate.dialect.PostgreSQL10Dialect
28497 [restartedMain] INFO  o.h.e.t.j.p.i.JtaPlatformInitiator - HHH000490: Using JtaPlatform implementation: [org.hibernate.engine.transaction.jta.platform.internal.NoJtaPlatform]
28519 [restartedMain] INFO  o.s.o.j.LocalContainerEntityManagerFactoryBean - Initialized JPA EntityManagerFactory for persistence unit 'default'
47610 [restartedMain] INFO  o.s.b.a.e.web.EndpointLinksResolver - Exposing 3 endpoint(s) beneath base path '/actuator'
48127 [restartedMain] WARN  o.s.b.d.a.OptionalLiveReloadServer - Unable to start LiveReload server
52548 [restartedMain] INFO  o.s.c.s.m.DirectWithAttributesChannel - Channel 'chama-payments.createMemberWallet-in-0' has 1 subscriber(s).
52571 [restartedMain] INFO  o.s.c.s.m.DirectWithAttributesChannel - Channel 'chama-payments.createGroupContribution-in-0' has 1 subscriber(s).
52575 [restartedMain] INFO  o.s.c.s.m.DirectWithAttributesChannel - Channel 'chama-payments.createGroupAccount-in-0' has 1 subscriber(s).
52580 [restartedMain] INFO  o.s.c.s.m.DirectWithAttributesChannel - Channel 'chama-payments.enableGroupContributions-in-0' has 1 subscriber(s).
52585 [restartedMain] INFO  o.s.c.s.m.DirectWithAttributesChannel - Channel 'chama-payments.disableGroupContributions-in-0' has 1 subscriber(s).
52592 [restartedMain] INFO  o.s.c.s.m.DirectWithAttributesChannel - Channel 'chama-payments.editContributionName-in-0' has 1 subscriber(s).
52595 [restartedMain] INFO  o.s.c.s.m.DirectWithAttributesChannel - Channel 'chama-payments.fundsTransferCallback-in-0' has 1 subscriber(s).
59010 [restartedMain] INFO  o.s.c.n.e.c.DiscoveryClientOptionalArgsConfiguration - Eureka HTTP Client uses RestTemplate.
60211 [restartedMain] INFO  o.s.i.endpoint.EventDrivenConsumer - Adding {logging-channel-adapter:_org.springframework.integration.errorLogger} as a subscriber to the 'errorChannel' channel
60211 [restartedMain] INFO  o.s.i.c.PublishSubscribeChannel - Channel 'chama-payments.errorChannel' has 1 subscriber(s).
60213 [restartedMain] INFO  o.s.i.endpoint.EventDrivenConsumer - started bean '_org.springframework.integration.errorLogger'
60240 [restartedMain] INFO  o.s.c.n.eureka.InstanceInfoFactory - Setting initial instance status as: STARTING
60488 [restartedMain] INFO  c.netflix.discovery.DiscoveryClient - Initializing Eureka in region us-east-1
60503 [restartedMain] INFO  c.n.d.s.r.aws.ConfigClusterResolver - Resolving eureka endpoints via configuration
60592 [restartedMain] INFO  c.netflix.discovery.DiscoveryClient - Disable delta property : false
60593 [restartedMain] INFO  c.netflix.discovery.DiscoveryClient - Single vip registry refresh property : null
60593 [restartedMain] INFO  c.netflix.discovery.DiscoveryClient - Force full registry fetch : false
60594 [restartedMain] INFO  c.netflix.discovery.DiscoveryClient - Application is null : false
60594 [restartedMain] INFO  c.netflix.discovery.DiscoveryClient - Registered Applications size is zero : true
60596 [restartedMain] INFO  c.netflix.discovery.DiscoveryClient - Application version is -1: true
60596 [restartedMain] INFO  c.netflix.discovery.DiscoveryClient - Getting all instance registry info from the eureka server
61300 [restartedMain] INFO  c.netflix.discovery.DiscoveryClient - The response status is 200
61306 [restartedMain] INFO  c.netflix.discovery.DiscoveryClient - Starting heartbeat executor: renew interval is: 30
61314 [restartedMain] INFO  c.n.d.InstanceInfoReplicator - InstanceInfoReplicator onDemand update allowed rate per min is 4
61325 [restartedMain] INFO  c.netflix.discovery.DiscoveryClient - Discovery Client initialized at timestamp 1716982629927 with initial instances count: 4
61337 [restartedMain] INFO  o.s.c.n.e.s.EurekaServiceRegistry - Registering application CHAMA-PAYMENTS with eureka with status UP
61338 [restartedMain] INFO  c.netflix.discovery.DiscoveryClient - Saw local status change event StatusChangeEvent [timestamp=1716982629943, current=UP, previous=STARTING]
61343 [DiscoveryClient-InstanceInfoReplicator-0] INFO  c.netflix.discovery.DiscoveryClient - DiscoveryClient_CHAMA-PAYMENTS/host.docker.internal:chama-payments:8090: registering service...
61347 [restartedMain] INFO  o.s.c.s.binder.DefaultBinderFactory - Creating binder: kafka
61458 [DiscoveryClient-InstanceInfoReplicator-0] INFO  c.netflix.discovery.DiscoveryClient - DiscoveryClient_CHAMA-PAYMENTS/host.docker.internal:chama-payments:8090 - registration status: 204
61845 [restartedMain] INFO  o.s.c.s.binder.DefaultBinderFactory - Caching the binder: kafka
61846 [restartedMain] INFO  o.s.c.s.binder.DefaultBinderFactory - Retrieving cached binder: kafka
63902 [restartedMain] INFO  o.s.c.s.binder.BinderErrorChannel - Channel 'createMemberWallet-in-0.create-member-wallet-group.errors' has 1 subscriber(s).
63905 [restartedMain] INFO  o.s.c.s.binder.BinderErrorChannel - Channel 'createMemberWallet-in-0.create-member-wallet-group.errors' has 0 subscriber(s).
63905 [restartedMain] INFO  o.s.c.s.binder.BinderErrorChannel - Channel 'createMemberWallet-in-0.create-member-wallet-group.errors' has 1 subscriber(s).
63905 [restartedMain] INFO  o.s.c.s.binder.BinderErrorChannel - Channel 'createMemberWallet-in-0.create-member-wallet-group.errors' has 2 subscriber(s).
63977 [restartedMain] INFO  o.s.i.k.i.KafkaMessageDrivenChannelAdapter - started org.springframework.integration.kafka.inbound.KafkaMessageDrivenChannelAdapter@3aecd73e
63985 [restartedMain] INFO  o.s.c.s.binder.DefaultBinderFactory - Retrieving cached binder: kafka
64239 [restartedMain] INFO  o.s.c.s.binder.BinderErrorChannel - Channel 'createGroupContribution-in-0.create-group-contribution-group.errors' has 1 subscriber(s).
64239 [restartedMain] INFO  o.s.c.s.binder.BinderErrorChannel - Channel 'createGroupContribution-in-0.create-group-contribution-group.errors' has 0 subscriber(s).
64240 [restartedMain] INFO  o.s.c.s.binder.BinderErrorChannel - Channel 'createGroupContribution-in-0.create-group-contribution-group.errors' has 1 subscriber(s).
64240 [restartedMain] INFO  o.s.c.s.binder.BinderErrorChannel - Channel 'createGroupContribution-in-0.create-group-contribution-group.errors' has 2 subscriber(s).
64267 [restartedMain] INFO  o.s.i.k.i.KafkaMessageDrivenChannelAdapter - started org.springframework.integration.kafka.inbound.KafkaMessageDrivenChannelAdapter@73321370
64268 [restartedMain] INFO  o.s.c.s.b.kafka.KafkaBinderMetrics - Try to shutdown the old scheduler with 1 threads
64274 [restartedMain] INFO  o.s.c.s.binder.DefaultBinderFactory - Retrieving cached binder: kafka
64405 [restartedMain] INFO  o.s.c.s.binder.BinderErrorChannel - Channel 'createGroupAccount-in-0.create-group-account-group.errors' has 1 subscriber(s).
64406 [restartedMain] INFO  o.s.c.s.binder.BinderErrorChannel - Channel 'createGroupAccount-in-0.create-group-account-group.errors' has 0 subscriber(s).
64406 [restartedMain] INFO  o.s.c.s.binder.BinderErrorChannel - Channel 'createGroupAccount-in-0.create-group-account-group.errors' has 1 subscriber(s).
64406 [restartedMain] INFO  o.s.c.s.binder.BinderErrorChannel - Channel 'createGroupAccount-in-0.create-group-account-group.errors' has 2 subscriber(s).
64428 [restartedMain] INFO  o.s.i.k.i.KafkaMessageDrivenChannelAdapter - started org.springframework.integration.kafka.inbound.KafkaMessageDrivenChannelAdapter@51c8817
64429 [restartedMain] INFO  o.s.c.s.b.kafka.KafkaBinderMetrics - Try to shutdown the old scheduler with 2 threads
64435 [restartedMain] INFO  o.s.c.s.binder.DefaultBinderFactory - Retrieving cached binder: kafka
64612 [restartedMain] INFO  o.s.c.s.binder.BinderErrorChannel - Channel 'enableGroupContributions-in-0.enableGroupContributions-group.errors' has 1 subscriber(s).
64613 [restartedMain] INFO  o.s.c.s.binder.BinderErrorChannel - Channel 'enableGroupContributions-in-0.enableGroupContributions-group.errors' has 0 subscriber(s).
64613 [restartedMain] INFO  o.s.c.s.binder.BinderErrorChannel - Channel 'enableGroupContributions-in-0.enableGroupContributions-group.errors' has 1 subscriber(s).
64613 [restartedMain] INFO  o.s.c.s.binder.BinderErrorChannel - Channel 'enableGroupContributions-in-0.enableGroupContributions-group.errors' has 2 subscriber(s).
64629 [restartedMain] INFO  o.s.i.k.i.KafkaMessageDrivenChannelAdapter - started org.springframework.integration.kafka.inbound.KafkaMessageDrivenChannelAdapter@118e28ee
64630 [restartedMain] INFO  o.s.c.s.b.kafka.KafkaBinderMetrics - Try to shutdown the old scheduler with 3 threads
64637 [restartedMain] INFO  o.s.c.s.binder.DefaultBinderFactory - Retrieving cached binder: kafka
65164 [restartedMain] INFO  o.s.c.s.binder.BinderErrorChannel - Channel 'disableGroupContributions-in-0.disable-group-contributions-group.errors' has 1 subscriber(s).
65165 [restartedMain] INFO  o.s.c.s.binder.BinderErrorChannel - Channel 'disableGroupContributions-in-0.disable-group-contributions-group.errors' has 0 subscriber(s).
65165 [restartedMain] INFO  o.s.c.s.binder.BinderErrorChannel - Channel 'disableGroupContributions-in-0.disable-group-contributions-group.errors' has 1 subscriber(s).
65165 [restartedMain] INFO  o.s.c.s.binder.BinderErrorChannel - Channel 'disableGroupContributions-in-0.disable-group-contributions-group.errors' has 2 subscriber(s).
65218 [restartedMain] INFO  o.s.i.k.i.KafkaMessageDrivenChannelAdapter - started org.springframework.integration.kafka.inbound.KafkaMessageDrivenChannelAdapter@39203b15
65218 [restartedMain] INFO  o.s.c.s.b.kafka.KafkaBinderMetrics - Try to shutdown the old scheduler with 4 threads
65220 [restartedMain] INFO  o.s.c.s.binder.DefaultBinderFactory - Retrieving cached binder: kafka
65546 [restartedMain] INFO  o.s.c.s.binder.BinderErrorChannel - Channel 'contribution-name-edit-topic.contribution-name-edit-group.errors' has 1 subscriber(s).
65547 [restartedMain] INFO  o.s.c.s.binder.BinderErrorChannel - Channel 'contribution-name-edit-topic.contribution-name-edit-group.errors' has 0 subscriber(s).
65547 [restartedMain] INFO  o.s.c.s.binder.BinderErrorChannel - Channel 'contribution-name-edit-topic.contribution-name-edit-group.errors' has 1 subscriber(s).
65547 [restartedMain] INFO  o.s.c.s.binder.BinderErrorChannel - Channel 'contribution-name-edit-topic.contribution-name-edit-group.errors' has 2 subscriber(s).
65573 [restartedMain] INFO  o.s.i.k.i.KafkaMessageDrivenChannelAdapter - started org.springframework.integration.kafka.inbound.KafkaMessageDrivenChannelAdapter@4200f9b8
65573 [restartedMain] INFO  o.s.c.s.b.kafka.KafkaBinderMetrics - Try to shutdown the old scheduler with 5 threads
65579 [restartedMain] INFO  o.s.c.s.binder.DefaultBinderFactory - Retrieving cached binder: kafka
65890 [restartedMain] INFO  o.s.c.s.binder.BinderErrorChannel - Channel 'callback-topic.callback-topic-group.errors' has 1 subscriber(s).
65891 [restartedMain] INFO  o.s.c.s.binder.BinderErrorChannel - Channel 'callback-topic.callback-topic-group.errors' has 0 subscriber(s).
65891 [restartedMain] INFO  o.s.c.s.binder.BinderErrorChannel - Channel 'callback-topic.callback-topic-group.errors' has 1 subscriber(s).
65891 [restartedMain] INFO  o.s.c.s.binder.BinderErrorChannel - Channel 'callback-topic.callback-topic-group.errors' has 2 subscriber(s).
65906 [restartedMain] INFO  o.s.i.k.i.KafkaMessageDrivenChannelAdapter - started org.springframework.integration.kafka.inbound.KafkaMessageDrivenChannelAdapter@25ef2447
65907 [restartedMain] INFO  o.s.c.s.b.kafka.KafkaBinderMetrics - Try to shutdown the old scheduler with 6 threads
66635 [restartedMain] INFO  o.s.b.w.e.netty.NettyWebServer - Netty started on port 8090
66639 [restartedMain] INFO  o.s.c.n.e.s.EurekaAutoServiceRegistration - Updating port to 8090
67144 [KafkaConsumerDestination{consumerDestinationName='createMemberWallet-in-0', partitions=1, dlqName='null'}.container-0-C-1] INFO  o.s.c.s.b.k.KafkaMessageChannelBinder$2 - create-member-wallet-group: partitions assigned: [createMemberWallet-in-0-0]
67357 [KafkaConsumerDestination{consumerDestinationName='createGroupContribution-in-0', partitions=1, dlqName='null'}.container-0-C-1] INFO  o.s.c.s.b.k.KafkaMessageChannelBinder$2 - create-group-contribution-group: partitions assigned: [createGroupContribution-in-0-0]
67514 [KafkaConsumerDestination{consumerDestinationName='createGroupAccount-in-0', partitions=1, dlqName='null'}.container-0-C-1] INFO  o.s.c.s.b.k.KafkaMessageChannelBinder$2 - create-group-account-group: partitions assigned: [createGroupAccount-in-0-0]
67863 [KafkaConsumerDestination{consumerDestinationName='enableGroupContributions-in-0', partitions=1, dlqName='null'}.container-0-C-1] INFO  o.s.c.s.b.k.KafkaMessageChannelBinder$2 - enableGroupContributions-group: partitions assigned: [enableGroupContributions-in-0-0]
68548 [KafkaConsumerDestination{consumerDestinationName='disableGroupContributions-in-0', partitions=1, dlqName='null'}.container-0-C-1] INFO  o.s.c.s.b.k.KafkaMessageChannelBinder$2 - disable-group-contributions-group: partitions assigned: [disableGroupContributions-in-0-0]
68783 [restartedMain] WARN  s.d.s.w.r.p.ParameterTypeReader - @ModelAttribute annotated parameters should have already been expanded via the ExpandedParameterBuilderPlugin
69063 [restartedMain] WARN  s.d.s.w.r.p.ParameterTypeReader - @ModelAttribute annotated parameters should have already been expanded via the ExpandedParameterBuilderPlugin
69079 [restartedMain] WARN  s.d.s.w.r.p.ParameterTypeReader - @ModelAttribute annotated parameters should have already been expanded via the ExpandedParameterBuilderPlugin
69297 [restartedMain] WARN  s.d.s.w.r.p.ParameterTypeReader - @ModelAttribute annotated parameters should have already been expanded via the ExpandedParameterBuilderPlugin
69666 [KafkaConsumerDestination{consumerDestinationName='contribution-name-edit-topic', partitions=1, dlqName='null'}.container-0-C-1] INFO  o.s.c.s.b.k.KafkaMessageChannelBinder$2 - contribution-name-edit-group: partitions assigned: [contribution-name-edit-topic-0]
69749 [KafkaConsumerDestination{consumerDestinationName='callback-topic', partitions=1, dlqName='null'}.container-0-C-1] INFO  o.s.c.s.b.k.KafkaMessageChannelBinder$2 - callback-topic-group: partitions assigned: [callback-topic-0]
70298 [restartedMain] WARN  s.d.s.w.r.p.ParameterTypeReader - @ModelAttribute annotated parameters should have already been expanded via the ExpandedParameterBuilderPlugin
72582 [restartedMain] WARN  s.d.s.w.r.p.ParameterTypeReader - @ModelAttribute annotated parameters should have already been expanded via the ExpandedParameterBuilderPlugin
72595 [restartedMain] WARN  s.d.s.w.r.p.ParameterTypeReader - @ModelAttribute annotated parameters should have already been expanded via the ExpandedParameterBuilderPlugin
72601 [restartedMain] WARN  s.d.s.w.r.p.ParameterTypeReader - @ModelAttribute annotated parameters should have already been expanded via the ExpandedParameterBuilderPlugin
73535 [restartedMain] WARN  s.d.s.w.r.p.ParameterTypeReader - @ModelAttribute annotated parameters should have already been expanded via the ExpandedParameterBuilderPlugin
73896 [restartedMain] INFO  c.e.c.ChamaPaymentsApplication - Started ChamaPaymentsApplication in 72.103 seconds (JVM running for 75.297)
74115 [boundedElastic-1] INFO  c.e.c.s.i.MemberTransactionStatusServiceImpl - Enabling users to transact... BEGIN
74139 [scheduling-1] INFO  c.e.c.s.s.ContributionPaymentScheduler - Schedule type not found... On monthly payment scheduling.
74279 [boundedElastic-1] INFO  c.e.c.s.i.MemberTransactionStatusServiceImpl - Enabling users to transact... END
74302 [scheduling-1] INFO  o.s.s.a.AnnotationAsyncExecutionInterceptor - More than one TaskExecutor bean found within the context, and none is named 'taskExecutor'. Mark one of them as primary or name it 'taskExecutor' (possibly as an alias) in order to use it for async processing: [remindersExecutor, taskScheduler]
134163 [scheduling-1] INFO  c.e.c.s.s.ContributionPaymentScheduler - Schedule type not found... On monthly payment scheduling.
194185 [scheduling-1] INFO  c.e.c.s.s.ContributionPaymentScheduler - Schedule type not found... On monthly payment scheduling.
254198 [scheduling-1] INFO  c.e.c.s.s.ContributionPaymentScheduler - Schedule type not found... On monthly payment scheduling.
314209 [scheduling-1] INFO  c.e.c.s.s.ContributionPaymentScheduler - Schedule type not found... On monthly payment scheduling.
360623 [AsyncResolver-bootstrap-executor-0] INFO  c.n.d.s.r.aws.ConfigClusterResolver - Resolving eureka endpoints via configuration
374108 [boundedElastic-3] INFO  c.e.c.s.i.MemberTransactionStatusServiceImpl - Enabling users to transact... BEGIN
374124 [boundedElastic-3] INFO  c.e.c.s.i.MemberTransactionStatusServiceImpl - Enabling users to transact... END
374231 [scheduling-1] INFO  c.e.c.s.s.ContributionPaymentScheduler - Schedule type not found... On monthly payment scheduling.
434245 [scheduling-1] INFO  c.e.c.s.s.ContributionPaymentScheduler - Schedule type not found... On monthly payment scheduling.
494258 [scheduling-1] INFO  c.e.c.s.s.ContributionPaymentScheduler - Schedule type not found... On monthly payment scheduling.
554274 [scheduling-1] INFO  c.e.c.s.s.ContributionPaymentScheduler - Schedule type not found... On monthly payment scheduling.
614291 [scheduling-1] INFO  c.e.c.s.s.ContributionPaymentScheduler - Schedule type not found... On monthly payment scheduling.
660635 [AsyncResolver-bootstrap-executor-0] INFO  c.n.d.s.r.aws.ConfigClusterResolver - Resolving eureka endpoints via configuration
674270 [boundedElastic-5] INFO  c.e.c.s.i.MemberTransactionStatusServiceImpl - Enabling users to transact... BEGIN
674278 [boundedElastic-5] INFO  c.e.c.s.i.MemberTransactionStatusServiceImpl - Enabling users to transact... END
674305 [scheduling-1] INFO  c.e.c.s.s.ContributionPaymentScheduler - Schedule type not found... On monthly payment scheduling.
734322 [scheduling-1] INFO  c.e.c.s.s.ContributionPaymentScheduler - Schedule type not found... On monthly payment scheduling.
794353 [scheduling-1] INFO  c.e.c.s.s.ContributionPaymentScheduler - Schedule type not found... On monthly payment scheduling.
854368 [scheduling-1] INFO  c.e.c.s.s.ContributionPaymentScheduler - Schedule type not found... On monthly payment scheduling.
914380 [scheduling-1] INFO  c.e.c.s.s.ContributionPaymentScheduler - Schedule type not found... On monthly payment scheduling.
960657 [AsyncResolver-bootstrap-executor-0] INFO  c.n.d.s.r.aws.ConfigClusterResolver - Resolving eureka endpoints via configuration
974331 [boundedElastic-7] INFO  c.e.c.s.i.MemberTransactionStatusServiceImpl - Enabling users to transact... BEGIN
974339 [boundedElastic-7] INFO  c.e.c.s.i.MemberTransactionStatusServiceImpl - Enabling users to transact... END
974410 [scheduling-1] INFO  c.e.c.s.s.ContributionPaymentScheduler - Schedule type not found... On monthly payment scheduling.
1034421 [scheduling-1] INFO  c.e.c.s.s.ContributionPaymentScheduler - Schedule type not found... On monthly payment scheduling.
1094434 [scheduling-1] INFO  c.e.c.s.s.ContributionPaymentScheduler - Schedule type not found... On monthly payment scheduling.
1154447 [scheduling-1] INFO  c.e.c.s.s.ContributionPaymentScheduler - Schedule type not found... On monthly payment scheduling.
1214462 [scheduling-1] INFO  c.e.c.s.s.ContributionPaymentScheduler - Schedule type not found... On monthly payment scheduling.
1260666 [AsyncResolver-bootstrap-executor-0] INFO  c.n.d.s.r.aws.ConfigClusterResolver - Resolving eureka endpoints via configuration
1274361 [boundedElastic-9] INFO  c.e.c.s.i.MemberTransactionStatusServiceImpl - Enabling users to transact... BEGIN
1274369 [boundedElastic-9] INFO  c.e.c.s.i.MemberTransactionStatusServiceImpl - Enabling users to transact... END
1274485 [scheduling-1] INFO  c.e.c.s.s.ContributionPaymentScheduler - Schedule type not found... On monthly payment scheduling.
1334503 [scheduling-1] INFO  c.e.c.s.s.ContributionPaymentScheduler - Schedule type not found... On monthly payment scheduling.
1394518 [scheduling-1] INFO  c.e.c.s.s.ContributionPaymentScheduler - Schedule type not found... On monthly payment scheduling.
1454549 [scheduling-1] INFO  c.e.c.s.s.ContributionPaymentScheduler - Schedule type not found... On monthly payment scheduling.
1514556 [scheduling-1] INFO  c.e.c.s.s.ContributionPaymentScheduler - Schedule type not found... On monthly payment scheduling.
1560686 [AsyncResolver-bootstrap-executor-0] INFO  c.n.d.s.r.aws.ConfigClusterResolver - Resolving eureka endpoints via configuration
1574405 [boundedElastic-11] INFO  c.e.c.s.i.MemberTransactionStatusServiceImpl - Enabling users to transact... BEGIN
1574416 [boundedElastic-11] INFO  c.e.c.s.i.MemberTransactionStatusServiceImpl - Enabling users to transact... END
1574565 [scheduling-1] INFO  c.e.c.s.s.ContributionPaymentScheduler - Schedule type not found... On monthly payment scheduling.
1634575 [scheduling-1] INFO  c.e.c.s.s.ContributionPaymentScheduler - Schedule type not found... On monthly payment scheduling.
1694585 [scheduling-1] INFO  c.e.c.s.s.ContributionPaymentScheduler - Schedule type not found... On monthly payment scheduling.
1754603 [scheduling-1] INFO  c.e.c.s.s.ContributionPaymentScheduler - Schedule type not found... On monthly payment scheduling.
1814741 [scheduling-1] INFO  c.e.c.s.s.ContributionPaymentScheduler - Schedule type not found... On monthly payment scheduling.
1860960 [AsyncResolver-bootstrap-executor-0] INFO  c.n.d.s.r.aws.ConfigClusterResolver - Resolving eureka endpoints via configuration
1874414 [boundedElastic-13] INFO  c.e.c.s.i.MemberTransactionStatusServiceImpl - Enabling users to transact... BEGIN
1874422 [boundedElastic-13] INFO  c.e.c.s.i.MemberTransactionStatusServiceImpl - Enabling users to transact... END
1874763 [scheduling-1] INFO  c.e.c.s.s.ContributionPaymentScheduler - Schedule type not found... On monthly payment scheduling.
1934787 [scheduling-1] INFO  c.e.c.s.s.ContributionPaymentScheduler - Schedule type not found... On monthly payment scheduling.
1994797 [scheduling-1] INFO  c.e.c.s.s.ContributionPaymentScheduler - Schedule type not found... On monthly payment scheduling.
2054816 [scheduling-1] INFO  c.e.c.s.s.ContributionPaymentScheduler - Schedule type not found... On monthly payment scheduling.
2114830 [scheduling-1] INFO  c.e.c.s.s.ContributionPaymentScheduler - Schedule type not found... On monthly payment scheduling.
2161145 [AsyncResolver-bootstrap-executor-0] INFO  c.n.d.s.r.aws.ConfigClusterResolver - Resolving eureka endpoints via configuration
2174436 [boundedElastic-15] INFO  c.e.c.s.i.MemberTransactionStatusServiceImpl - Enabling users to transact... BEGIN
2174439 [boundedElastic-15] INFO  c.e.c.s.i.MemberTransactionStatusServiceImpl - Enabling users to transact... END
2174855 [scheduling-1] INFO  c.e.c.s.s.ContributionPaymentScheduler - Schedule type not found... On monthly payment scheduling.
2234873 [scheduling-1] INFO  c.e.c.s.s.ContributionPaymentScheduler - Schedule type not found... On monthly payment scheduling.
2296177 [scheduling-1] INFO  c.e.c.s.s.ContributionPaymentScheduler - Schedule type not found... On monthly payment scheduling.
2356201 [scheduling-1] INFO  c.e.c.s.s.ContributionPaymentScheduler - Schedule type not found... On monthly payment scheduling.
2416216 [scheduling-1] INFO  c.e.c.s.s.ContributionPaymentScheduler - Schedule type not found... On monthly payment scheduling.
2461149 [AsyncResolver-bootstrap-executor-0] INFO  c.n.d.s.r.aws.ConfigClusterResolver - Resolving eureka endpoints via configuration
2474451 [boundedElastic-17] INFO  c.e.c.s.i.MemberTransactionStatusServiceImpl - Enabling users to transact... BEGIN
2474458 [boundedElastic-17] INFO  c.e.c.s.i.MemberTransactionStatusServiceImpl - Enabling users to transact... END
2476234 [scheduling-1] INFO  c.e.c.s.s.ContributionPaymentScheduler - Schedule type not found... On monthly payment scheduling.
2536248 [scheduling-1] INFO  c.e.c.s.s.ContributionPaymentScheduler - Schedule type not found... On monthly payment scheduling.
2596380 [scheduling-1] INFO  c.e.c.s.s.ContributionPaymentScheduler - Schedule type not found... On monthly payment scheduling.
2656437 [scheduling-1] INFO  c.e.c.s.s.ContributionPaymentScheduler - Schedule type not found... On monthly payment scheduling.
2716448 [scheduling-1] INFO  c.e.c.s.s.ContributionPaymentScheduler - Schedule type not found... On monthly payment scheduling.
2761157 [AsyncResolver-bootstrap-executor-0] INFO  c.n.d.s.r.aws.ConfigClusterResolver - Resolving eureka endpoints via configuration
2774462 [boundedElastic-19] INFO  c.e.c.s.i.MemberTransactionStatusServiceImpl - Enabling users to transact... BEGIN
2774466 [boundedElastic-19] INFO  c.e.c.s.i.MemberTransactionStatusServiceImpl - Enabling users to transact... END
2776459 [scheduling-1] INFO  c.e.c.s.s.ContributionPaymentScheduler - Schedule type not found... On monthly payment scheduling.
2836467 [scheduling-1] INFO  c.e.c.s.s.ContributionPaymentScheduler - Schedule type not found... On monthly payment scheduling.
2896478 [scheduling-1] INFO  c.e.c.s.s.ContributionPaymentScheduler - Schedule type not found... On monthly payment scheduling.
2956516 [scheduling-1] INFO  c.e.c.s.s.ContributionPaymentScheduler - Schedule type not found... On monthly payment scheduling.
3016534 [scheduling-1] INFO  c.e.c.s.s.ContributionPaymentScheduler - Schedule type not found... On monthly payment scheduling.
3061178 [AsyncResolver-bootstrap-executor-0] INFO  c.n.d.s.r.aws.ConfigClusterResolver - Resolving eureka endpoints via configuration
3074505 [boundedElastic-21] INFO  c.e.c.s.i.MemberTransactionStatusServiceImpl - Enabling users to transact... BEGIN
3074511 [boundedElastic-21] INFO  c.e.c.s.i.MemberTransactionStatusServiceImpl - Enabling users to transact... END
3076552 [scheduling-1] INFO  c.e.c.s.s.ContributionPaymentScheduler - Schedule type not found... On monthly payment scheduling.
3136596 [scheduling-1] INFO  c.e.c.s.s.ContributionPaymentScheduler - Schedule type not found... On monthly payment scheduling.
3196604 [scheduling-1] INFO  c.e.c.s.s.ContributionPaymentScheduler - Schedule type not found... On monthly payment scheduling.
3256617 [scheduling-1] INFO  c.e.c.s.s.ContributionPaymentScheduler - Schedule type not found... On monthly payment scheduling.
3316636 [scheduling-1] INFO  c.e.c.s.s.ContributionPaymentScheduler - Schedule type not found... On monthly payment scheduling.
3361187 [AsyncResolver-bootstrap-executor-0] INFO  c.n.d.s.r.aws.ConfigClusterResolver - Resolving eureka endpoints via configuration
3374545 [boundedElastic-23] INFO  c.e.c.s.i.MemberTransactionStatusServiceImpl - Enabling users to transact... BEGIN
3374549 [boundedElastic-23] INFO  c.e.c.s.i.MemberTransactionStatusServiceImpl - Enabling users to transact... END
3376660 [scheduling-1] INFO  c.e.c.s.s.ContributionPaymentScheduler - Schedule type not found... On monthly payment scheduling.
3436669 [scheduling-1] INFO  c.e.c.s.s.ContributionPaymentScheduler - Schedule type not found... On monthly payment scheduling.
3496713 [scheduling-1] INFO  c.e.c.s.s.ContributionPaymentScheduler - Schedule type not found... On monthly payment scheduling.
3556768 [scheduling-1] INFO  c.e.c.s.s.ContributionPaymentScheduler - Schedule type not found... On monthly payment scheduling.
3616784 [scheduling-1] INFO  c.e.c.s.s.ContributionPaymentScheduler - Schedule type not found... On monthly payment scheduling.
3661196 [AsyncResolver-bootstrap-executor-0] INFO  c.n.d.s.r.aws.ConfigClusterResolver - Resolving eureka endpoints via configuration
3674597 [boundedElastic-25] INFO  c.e.c.s.i.MemberTransactionStatusServiceImpl - Enabling users to transact... BEGIN
3674604 [boundedElastic-25] INFO  c.e.c.s.i.MemberTransactionStatusServiceImpl - Enabling users to transact... END
3676801 [scheduling-1] INFO  c.e.c.s.s.ContributionPaymentScheduler - Schedule type not found... On monthly payment scheduling.
3736822 [scheduling-1] INFO  c.e.c.s.s.ContributionPaymentScheduler - Schedule type not found... On monthly payment scheduling.
3796845 [scheduling-1] INFO  c.e.c.s.s.ContributionPaymentScheduler - Schedule type not found... On monthly payment scheduling.
3856862 [scheduling-1] INFO  c.e.c.s.s.ContributionPaymentScheduler - Schedule type not found... On monthly payment scheduling.
3916886 [scheduling-1] INFO  c.e.c.s.s.ContributionPaymentScheduler - Schedule type not found... On monthly payment scheduling.
3961216 [AsyncResolver-bootstrap-executor-0] INFO  c.n.d.s.r.aws.ConfigClusterResolver - Resolving eureka endpoints via configuration
3974630 [boundedElastic-27] INFO  c.e.c.s.i.MemberTransactionStatusServiceImpl - Enabling users to transact... BEGIN
3974638 [boundedElastic-27] INFO  c.e.c.s.i.MemberTransactionStatusServiceImpl - Enabling users to transact... END
3976895 [scheduling-1] INFO  c.e.c.s.s.ContributionPaymentScheduler - Schedule type not found... On monthly payment scheduling.
4036910 [scheduling-1] INFO  c.e.c.s.s.ContributionPaymentScheduler - Schedule type not found... On monthly payment scheduling.
4096919 [scheduling-1] INFO  c.e.c.s.s.ContributionPaymentScheduler - Schedule type not found... On monthly payment scheduling.
4156929 [scheduling-1] INFO  c.e.c.s.s.ContributionPaymentScheduler - Schedule type not found... On monthly payment scheduling.
4216943 [scheduling-1] INFO  c.e.c.s.s.ContributionPaymentScheduler - Schedule type not found... On monthly payment scheduling.
4261232 [AsyncResolver-bootstrap-executor-0] INFO  c.n.d.s.r.aws.ConfigClusterResolver - Resolving eureka endpoints via configuration
4274649 [boundedElastic-29] INFO  c.e.c.s.i.MemberTransactionStatusServiceImpl - Enabling users to transact... BEGIN
4274652 [boundedElastic-29] INFO  c.e.c.s.i.MemberTransactionStatusServiceImpl - Enabling users to transact... END
4276955 [scheduling-1] INFO  c.e.c.s.s.ContributionPaymentScheduler - Schedule type not found... On monthly payment scheduling.
4337020 [scheduling-1] INFO  c.e.c.s.s.ContributionPaymentScheduler - Schedule type not found... On monthly payment scheduling.
4397119 [scheduling-1] INFO  c.e.c.s.s.ContributionPaymentScheduler - Schedule type not found... On monthly payment scheduling.
4457151 [scheduling-1] INFO  c.e.c.s.s.ContributionPaymentScheduler - Schedule type not found... On monthly payment scheduling.
4517172 [scheduling-1] INFO  c.e.c.s.s.ContributionPaymentScheduler - Schedule type not found... On monthly payment scheduling.
4561261 [AsyncResolver-bootstrap-executor-0] INFO  c.n.d.s.r.aws.ConfigClusterResolver - Resolving eureka endpoints via configuration
4577538 [boundedElastic-31] INFO  c.e.c.s.i.MemberTransactionStatusServiceImpl - Enabling users to transact... BEGIN
4577567 [scheduling-1] INFO  c.e.c.s.s.ContributionPaymentScheduler - Schedule type not found... On monthly payment scheduling.
4577606 [boundedElastic-31] INFO  c.e.c.s.i.MemberTransactionStatusServiceImpl - Enabling users to transact... END
4637579 [scheduling-1] INFO  c.e.c.s.s.ContributionPaymentScheduler - Schedule type not found... On monthly payment scheduling.
4697596 [scheduling-1] INFO  c.e.c.s.s.ContributionPaymentScheduler - Schedule type not found... On monthly payment scheduling.
4757607 [scheduling-1] INFO  c.e.c.s.s.ContributionPaymentScheduler - Schedule type not found... On monthly payment scheduling.
4817617 [scheduling-1] INFO  c.e.c.s.s.ContributionPaymentScheduler - Schedule type not found... On monthly payment scheduling.
4861304 [AsyncResolver-bootstrap-executor-0] INFO  c.n.d.s.r.aws.ConfigClusterResolver - Resolving eureka endpoints via configuration
4877547 [boundedElastic-33] INFO  c.e.c.s.i.MemberTransactionStatusServiceImpl - Enabling users to transact... BEGIN
4877549 [boundedElastic-33] INFO  c.e.c.s.i.MemberTransactionStatusServiceImpl - Enabling users to transact... END
4877627 [scheduling-1] INFO  c.e.c.s.s.ContributionPaymentScheduler - Schedule type not found... On monthly payment scheduling.
4937646 [scheduling-1] INFO  c.e.c.s.s.ContributionPaymentScheduler - Schedule type not found... On monthly payment scheduling.
4997660 [scheduling-1] INFO  c.e.c.s.s.ContributionPaymentScheduler - Schedule type not found... On monthly payment scheduling.
5057670 [scheduling-1] INFO  c.e.c.s.s.ContributionPaymentScheduler - Schedule type not found... On monthly payment scheduling.
5117680 [scheduling-1] INFO  c.e.c.s.s.ContributionPaymentScheduler - Schedule type not found... On monthly payment scheduling.
5161312 [AsyncResolver-bootstrap-executor-0] INFO  c.n.d.s.r.aws.ConfigClusterResolver - Resolving eureka endpoints via configuration
5177704 [scheduling-1] INFO  c.e.c.s.s.ContributionPaymentScheduler - Schedule type not found... On monthly payment scheduling.
5177825 [boundedElastic-35] INFO  c.e.c.s.i.MemberTransactionStatusServiceImpl - Enabling users to transact... BEGIN
5177828 [boundedElastic-35] INFO  c.e.c.s.i.MemberTransactionStatusServiceImpl - Enabling users to transact... END
5237723 [scheduling-1] INFO  c.e.c.s.s.ContributionPaymentScheduler - Schedule type not found... On monthly payment scheduling.
5297735 [scheduling-1] INFO  c.e.c.s.s.ContributionPaymentScheduler - Schedule type not found... On monthly payment scheduling.
5357778 [scheduling-1] INFO  c.e.c.s.s.ContributionPaymentScheduler - Schedule type not found... On monthly payment scheduling.
5417797 [scheduling-1] INFO  c.e.c.s.s.ContributionPaymentScheduler - Schedule type not found... On monthly payment scheduling.
5461326 [AsyncResolver-bootstrap-executor-0] INFO  c.n.d.s.r.aws.ConfigClusterResolver - Resolving eureka endpoints via configuration
5477586 [boundedElastic-37] INFO  c.e.c.s.i.MemberTransactionStatusServiceImpl - Enabling users to transact... BEGIN
5477597 [boundedElastic-37] INFO  c.e.c.s.i.MemberTransactionStatusServiceImpl - Enabling users to transact... END
5477810 [scheduling-1] INFO  c.e.c.s.s.ContributionPaymentScheduler - Schedule type not found... On monthly payment scheduling.
5538023 [scheduling-1] INFO  c.e.c.s.s.ContributionPaymentScheduler - Schedule type not found... On monthly payment scheduling.
5598044 [scheduling-1] INFO  c.e.c.s.s.ContributionPaymentScheduler - Schedule type not found... On monthly payment scheduling.
5658058 [scheduling-1] INFO  c.e.c.s.s.ContributionPaymentScheduler - Schedule type not found... On monthly payment scheduling.
5718098 [scheduling-1] INFO  c.e.c.s.s.ContributionPaymentScheduler - Schedule type not found... On monthly payment scheduling.
5761343 [AsyncResolver-bootstrap-executor-0] INFO  c.n.d.s.r.aws.ConfigClusterResolver - Resolving eureka endpoints via configuration
5779787 [boundedElastic-39] INFO  c.e.c.s.i.MemberTransactionStatusServiceImpl - Enabling users to transact... BEGIN
5779795 [scheduling-1] INFO  c.e.c.s.s.ContributionPaymentScheduler - Schedule type not found... On monthly payment scheduling.
5780271 [boundedElastic-39] INFO  c.e.c.s.i.MemberTransactionStatusServiceImpl - Enabling users to transact... END
5839830 [scheduling-1] INFO  c.e.c.s.s.ContributionPaymentScheduler - Schedule type not found... On monthly payment scheduling.
5899834 [scheduling-1] INFO  c.e.c.s.s.ContributionPaymentScheduler - Schedule type not found... On monthly payment scheduling.
5959860 [scheduling-1] INFO  c.e.c.s.s.ContributionPaymentScheduler - Schedule type not found... On monthly payment scheduling.
6019878 [scheduling-1] INFO  c.e.c.s.s.ContributionPaymentScheduler - Schedule type not found... On monthly payment scheduling.
6061364 [AsyncResolver-bootstrap-executor-0] INFO  c.n.d.s.r.aws.ConfigClusterResolver - Resolving eureka endpoints via configuration
6079789 [boundedElastic-41] INFO  c.e.c.s.i.MemberTransactionStatusServiceImpl - Enabling users to transact... BEGIN
6079822 [boundedElastic-41] INFO  c.e.c.s.i.MemberTransactionStatusServiceImpl - Enabling users to transact... END
6079905 [scheduling-1] INFO  c.e.c.s.s.ContributionPaymentScheduler - Schedule type not found... On monthly payment scheduling.
6139924 [scheduling-1] INFO  c.e.c.s.s.ContributionPaymentScheduler - Schedule type not found... On monthly payment scheduling.
6199937 [scheduling-1] INFO  c.e.c.s.s.ContributionPaymentScheduler - Schedule type not found... On monthly payment scheduling.
6259955 [scheduling-1] INFO  c.e.c.s.s.ContributionPaymentScheduler - Schedule type not found... On monthly payment scheduling.
6319972 [scheduling-1] INFO  c.e.c.s.s.ContributionPaymentScheduler - Schedule type not found... On monthly payment scheduling.
6361369 [AsyncResolver-bootstrap-executor-0] INFO  c.n.d.s.r.aws.ConfigClusterResolver - Resolving eureka endpoints via configuration
6379860 [boundedElastic-43] INFO  c.e.c.s.i.MemberTransactionStatusServiceImpl - Enabling users to transact... BEGIN
6379863 [boundedElastic-43] INFO  c.e.c.s.i.MemberTransactionStatusServiceImpl - Enabling users to transact... END
6379990 [scheduling-1] INFO  c.e.c.s.s.ContributionPaymentScheduler - Schedule type not found... On monthly payment scheduling.
6440022 [scheduling-1] INFO  c.e.c.s.s.ContributionPaymentScheduler - Schedule type not found... On monthly payment scheduling.
6500038 [scheduling-1] INFO  c.e.c.s.s.ContributionPaymentScheduler - Schedule type not found... On monthly payment scheduling.
6560061 [scheduling-1] INFO  c.e.c.s.s.ContributionPaymentScheduler - Schedule type not found... On monthly payment scheduling.
6620076 [scheduling-1] INFO  c.e.c.s.s.ContributionPaymentScheduler - Schedule type not found... On monthly payment scheduling.
6661401 [AsyncResolver-bootstrap-executor-0] INFO  c.n.d.s.r.aws.ConfigClusterResolver - Resolving eureka endpoints via configuration
6679877 [boundedElastic-45] INFO  c.e.c.s.i.MemberTransactionStatusServiceImpl - Enabling users to transact... BEGIN
6679881 [boundedElastic-45] INFO  c.e.c.s.i.MemberTransactionStatusServiceImpl - Enabling users to transact... END
6680080 [scheduling-1] INFO  c.e.c.s.s.ContributionPaymentScheduler - Schedule type not found... On monthly payment scheduling.
6740087 [scheduling-1] INFO  c.e.c.s.s.ContributionPaymentScheduler - Schedule type not found... On monthly payment scheduling.
6800105 [scheduling-1] INFO  c.e.c.s.s.ContributionPaymentScheduler - Schedule type not found... On monthly payment scheduling.
6860133 [scheduling-1] INFO  c.e.c.s.s.ContributionPaymentScheduler - Schedule type not found... On monthly payment scheduling.
6920148 [scheduling-1] INFO  c.e.c.s.s.ContributionPaymentScheduler - Schedule type not found... On monthly payment scheduling.
6961440 [AsyncResolver-bootstrap-executor-0] INFO  c.n.d.s.r.aws.ConfigClusterResolver - Resolving eureka endpoints via configuration
6979937 [boundedElastic-47] INFO  c.e.c.s.i.MemberTransactionStatusServiceImpl - Enabling users to transact... BEGIN
6979980 [boundedElastic-47] INFO  c.e.c.s.i.MemberTransactionStatusServiceImpl - Enabling users to transact... END
6980172 [scheduling-1] INFO  c.e.c.s.s.ContributionPaymentScheduler - Schedule type not found... On monthly payment scheduling.
7040197 [scheduling-1] INFO  c.e.c.s.s.ContributionPaymentScheduler - Schedule type not found... On monthly payment scheduling.
7100586 [scheduling-1] INFO  c.e.c.s.s.ContributionPaymentScheduler - Schedule type not found... On monthly payment scheduling.
7160604 [scheduling-1] INFO  c.e.c.s.s.ContributionPaymentScheduler - Schedule type not found... On monthly payment scheduling.
7220618 [scheduling-1] INFO  c.e.c.s.s.ContributionPaymentScheduler - Schedule type not found... On monthly payment scheduling.
7261483 [AsyncResolver-bootstrap-executor-0] INFO  c.n.d.s.r.aws.ConfigClusterResolver - Resolving eureka endpoints via configuration
7279994 [boundedElastic-49] INFO  c.e.c.s.i.MemberTransactionStatusServiceImpl - Enabling users to transact... BEGIN
7280009 [boundedElastic-49] INFO  c.e.c.s.i.MemberTransactionStatusServiceImpl - Enabling users to transact... END
7280630 [scheduling-1] INFO  c.e.c.s.s.ContributionPaymentScheduler - Schedule type not found... On monthly payment scheduling.
7340650 [scheduling-1] INFO  c.e.c.s.s.ContributionPaymentScheduler - Schedule type not found... On monthly payment scheduling.
7400666 [scheduling-1] INFO  c.e.c.s.s.ContributionPaymentScheduler - Schedule type not found... On monthly payment scheduling.
7462302 [scheduling-1] INFO  c.e.c.s.s.ContributionPaymentScheduler - Schedule type not found... On monthly payment scheduling.
7522326 [scheduling-1] INFO  c.e.c.s.s.ContributionPaymentScheduler - Schedule type not found... On monthly payment scheduling.
7561529 [AsyncResolver-bootstrap-executor-0] INFO  c.n.d.s.r.aws.ConfigClusterResolver - Resolving eureka endpoints via configuration
7580030 [boundedElastic-51] INFO  c.e.c.s.i.MemberTransactionStatusServiceImpl - Enabling users to transact... BEGIN
7580039 [boundedElastic-51] INFO  c.e.c.s.i.MemberTransactionStatusServiceImpl - Enabling users to transact... END
7582338 [scheduling-1] INFO  c.e.c.s.s.ContributionPaymentScheduler - Schedule type not found... On monthly payment scheduling.
7642344 [scheduling-1] INFO  c.e.c.s.s.ContributionPaymentScheduler - Schedule type not found... On monthly payment scheduling.
7702360 [scheduling-1] INFO  c.e.c.s.s.ContributionPaymentScheduler - Schedule type not found... On monthly payment scheduling.
7764084 [scheduling-1] INFO  c.e.c.s.s.ContributionPaymentScheduler - Schedule type not found... On monthly payment scheduling.
7824114 [scheduling-1] INFO  c.e.c.s.s.ContributionPaymentScheduler - Schedule type not found... On monthly payment scheduling.
7861635 [AsyncResolver-bootstrap-executor-0] INFO  c.n.d.s.r.aws.ConfigClusterResolver - Resolving eureka endpoints via configuration
7880081 [boundedElastic-53] INFO  c.e.c.s.i.MemberTransactionStatusServiceImpl - Enabling users to transact... BEGIN
7880106 [boundedElastic-53] INFO  c.e.c.s.i.MemberTransactionStatusServiceImpl - Enabling users to transact... END
7884127 [scheduling-1] INFO  c.e.c.s.s.ContributionPaymentScheduler - Schedule type not found... On monthly payment scheduling.
7944492 [scheduling-1] INFO  c.e.c.s.s.ContributionPaymentScheduler - Schedule type not found... On monthly payment scheduling.
8004516 [scheduling-1] INFO  c.e.c.s.s.ContributionPaymentScheduler - Schedule type not found... On monthly payment scheduling.
8064539 [scheduling-1] INFO  c.e.c.s.s.ContributionPaymentScheduler - Schedule type not found... On monthly payment scheduling.
8124551 [scheduling-1] INFO  c.e.c.s.s.ContributionPaymentScheduler - Schedule type not found... On monthly payment scheduling.
8161735 [AsyncResolver-bootstrap-executor-0] INFO  c.n.d.s.r.aws.ConfigClusterResolver - Resolving eureka endpoints via configuration
8180108 [boundedElastic-55] INFO  c.e.c.s.i.MemberTransactionStatusServiceImpl - Enabling users to transact... BEGIN
8180119 [boundedElastic-55] INFO  c.e.c.s.i.MemberTransactionStatusServiceImpl - Enabling users to transact... END
8184562 [scheduling-1] INFO  c.e.c.s.s.ContributionPaymentScheduler - Schedule type not found... On monthly payment scheduling.
8244572 [scheduling-1] INFO  c.e.c.s.s.ContributionPaymentScheduler - Schedule type not found... On monthly payment scheduling.
8304591 [scheduling-1] INFO  c.e.c.s.s.ContributionPaymentScheduler - Schedule type not found... On monthly payment scheduling.
8364619 [scheduling-1] INFO  c.e.c.s.s.ContributionPaymentScheduler - Schedule type not found... On monthly payment scheduling.
8424628 [scheduling-1] INFO  c.e.c.s.s.ContributionPaymentScheduler - Schedule type not found... On monthly payment scheduling.
8461750 [AsyncResolver-bootstrap-executor-0] INFO  c.n.d.s.r.aws.ConfigClusterResolver - Resolving eureka endpoints via configuration
8480186 [boundedElastic-57] INFO  c.e.c.s.i.MemberTransactionStatusServiceImpl - Enabling users to transact... BEGIN
8480210 [boundedElastic-57] INFO  c.e.c.s.i.MemberTransactionStatusServiceImpl - Enabling users to transact... END
8484658 [scheduling-1] INFO  c.e.c.s.s.ContributionPaymentScheduler - Schedule type not found... On monthly payment scheduling.
8544670 [scheduling-1] INFO  c.e.c.s.s.ContributionPaymentScheduler - Schedule type not found... On monthly payment scheduling.
8604684 [scheduling-1] INFO  c.e.c.s.s.ContributionPaymentScheduler - Schedule type not found... On monthly payment scheduling.
8664704 [scheduling-1] INFO  c.e.c.s.s.ContributionPaymentScheduler - Schedule type not found... On monthly payment scheduling.
8724726 [scheduling-1] INFO  c.e.c.s.s.ContributionPaymentScheduler - Schedule type not found... On monthly payment scheduling.
8761790 [AsyncResolver-bootstrap-executor-0] INFO  c.n.d.s.r.aws.ConfigClusterResolver - Resolving eureka endpoints via configuration
8780212 [boundedElastic-59] INFO  c.e.c.s.i.MemberTransactionStatusServiceImpl - Enabling users to transact... BEGIN
8780224 [boundedElastic-59] INFO  c.e.c.s.i.MemberTransactionStatusServiceImpl - Enabling users to transact... END
8784736 [scheduling-1] INFO  c.e.c.s.s.ContributionPaymentScheduler - Schedule type not found... On monthly payment scheduling.
8844756 [scheduling-1] INFO  c.e.c.s.s.ContributionPaymentScheduler - Schedule type not found... On monthly payment scheduling.
8904770 [scheduling-1] INFO  c.e.c.s.s.ContributionPaymentScheduler - Schedule type not found... On monthly payment scheduling.
8964788 [scheduling-1] INFO  c.e.c.s.s.ContributionPaymentScheduler - Schedule type not found... On monthly payment scheduling.
9024802 [scheduling-1] INFO  c.e.c.s.s.ContributionPaymentScheduler - Schedule type not found... On monthly payment scheduling.
9061805 [AsyncResolver-bootstrap-executor-0] INFO  c.n.d.s.r.aws.ConfigClusterResolver - Resolving eureka endpoints via configuration
9080224 [boundedElastic-61] INFO  c.e.c.s.i.MemberTransactionStatusServiceImpl - Enabling users to transact... BEGIN
9080228 [boundedElastic-61] INFO  c.e.c.s.i.MemberTransactionStatusServiceImpl - Enabling users to transact... END
9084824 [scheduling-1] INFO  c.e.c.s.s.ContributionPaymentScheduler - Schedule type not found... On monthly payment scheduling.
9144840 [scheduling-1] INFO  c.e.c.s.s.ContributionPaymentScheduler - Schedule type not found... On monthly payment scheduling.
9204856 [scheduling-1] INFO  c.e.c.s.s.ContributionPaymentScheduler - Schedule type not found... On monthly payment scheduling.
9264870 [scheduling-1] INFO  c.e.c.s.s.ContributionPaymentScheduler - Schedule type not found... On monthly payment scheduling.
9324895 [scheduling-1] INFO  c.e.c.s.s.ContributionPaymentScheduler - Schedule type not found... On monthly payment scheduling.
9361810 [AsyncResolver-bootstrap-executor-0] INFO  c.n.d.s.r.aws.ConfigClusterResolver - Resolving eureka endpoints via configuration
9380236 [boundedElastic-63] INFO  c.e.c.s.i.MemberTransactionStatusServiceImpl - Enabling users to transact... BEGIN
9380241 [boundedElastic-63] INFO  c.e.c.s.i.MemberTransactionStatusServiceImpl - Enabling users to transact... END
9384903 [scheduling-1] INFO  c.e.c.s.s.ContributionPaymentScheduler - Schedule type not found... On monthly payment scheduling.
9444910 [scheduling-1] INFO  c.e.c.s.s.ContributionPaymentScheduler - Schedule type not found... On monthly payment scheduling.
9505434 [scheduling-1] INFO  c.e.c.s.s.ContributionPaymentScheduler - Schedule type not found... On monthly payment scheduling.
9565454 [scheduling-1] INFO  c.e.c.s.s.ContributionPaymentScheduler - Schedule type not found... On monthly payment scheduling.
9625495 [scheduling-1] INFO  c.e.c.s.s.ContributionPaymentScheduler - Schedule type not found... On monthly payment scheduling.
9661839 [AsyncResolver-bootstrap-executor-0] INFO  c.n.d.s.r.aws.ConfigClusterResolver - Resolving eureka endpoints via configuration
9682865 [boundedElastic-65] INFO  c.e.c.s.i.MemberTransactionStatusServiceImpl - Enabling users to transact... BEGIN
9682900 [boundedElastic-65] INFO  c.e.c.s.i.MemberTransactionStatusServiceImpl - Enabling users to transact... END
9685499 [scheduling-1] INFO  c.e.c.s.s.ContributionPaymentScheduler - Schedule type not found... On monthly payment scheduling.
9745516 [scheduling-1] INFO  c.e.c.s.s.ContributionPaymentScheduler - Schedule type not found... On monthly payment scheduling.
9805530 [scheduling-1] INFO  c.e.c.s.s.ContributionPaymentScheduler - Schedule type not found... On monthly payment scheduling.
9865544 [scheduling-1] INFO  c.e.c.s.s.ContributionPaymentScheduler - Schedule type not found... On monthly payment scheduling.
9925564 [scheduling-1] INFO  c.e.c.s.s.ContributionPaymentScheduler - Schedule type not found... On monthly payment scheduling.
9961913 [AsyncResolver-bootstrap-executor-0] INFO  c.n.d.s.r.aws.ConfigClusterResolver - Resolving eureka endpoints via configuration
9982761 [boundedElastic-67] INFO  c.e.c.s.i.MemberTransactionStatusServiceImpl - Enabling users to transact... BEGIN
9982764 [boundedElastic-67] INFO  c.e.c.s.i.MemberTransactionStatusServiceImpl - Enabling users to transact... END
9985573 [scheduling-1] INFO  c.e.c.s.s.ContributionPaymentScheduler - Schedule type not found... On monthly payment scheduling.
10045590 [scheduling-1] INFO  c.e.c.s.s.ContributionPaymentScheduler - Schedule type not found... On monthly payment scheduling.
10105596 [scheduling-1] INFO  c.e.c.s.s.ContributionPaymentScheduler - Schedule type not found... On monthly payment scheduling.
10165616 [scheduling-1] INFO  c.e.c.s.s.ContributionPaymentScheduler - Schedule type not found... On monthly payment scheduling.
10225638 [scheduling-1] INFO  c.e.c.s.s.ContributionPaymentScheduler - Schedule type not found... On monthly payment scheduling.
10261928 [AsyncResolver-bootstrap-executor-0] INFO  c.n.d.s.r.aws.ConfigClusterResolver - Resolving eureka endpoints via configuration
10282771 [boundedElastic-69] INFO  c.e.c.s.i.MemberTransactionStatusServiceImpl - Enabling users to transact... BEGIN
10282773 [boundedElastic-69] INFO  c.e.c.s.i.MemberTransactionStatusServiceImpl - Enabling users to transact... END
10285661 [scheduling-1] INFO  c.e.c.s.s.ContributionPaymentScheduler - Schedule type not found... On monthly payment scheduling.
10345673 [scheduling-1] INFO  c.e.c.s.s.ContributionPaymentScheduler - Schedule type not found... On monthly payment scheduling.
10405691 [scheduling-1] INFO  c.e.c.s.s.ContributionPaymentScheduler - Schedule type not found... On monthly payment scheduling.
10465702 [scheduling-1] INFO  c.e.c.s.s.ContributionPaymentScheduler - Schedule type not found... On monthly payment scheduling.
10525728 [scheduling-1] INFO  c.e.c.s.s.ContributionPaymentScheduler - Schedule type not found... On monthly payment scheduling.
10561949 [AsyncResolver-bootstrap-executor-0] INFO  c.n.d.s.r.aws.ConfigClusterResolver - Resolving eureka endpoints via configuration
10582787 [boundedElastic-71] INFO  c.e.c.s.i.MemberTransactionStatusServiceImpl - Enabling users to transact... BEGIN
10582789 [boundedElastic-71] INFO  c.e.c.s.i.MemberTransactionStatusServiceImpl - Enabling users to transact... END
10585745 [scheduling-1] INFO  c.e.c.s.s.ContributionPaymentScheduler - Schedule type not found... On monthly payment scheduling.
12238937 [HikariPool-1 housekeeper] WARN  com.zaxxer.hikari.pool.HikariPool - HikariPool-1 - Thread starvation or clock leap detected (housekeeper delta=27m5s289ms360s800ns).
12240527 [scheduling-1] INFO  c.e.c.s.s.ContributionPaymentScheduler - Schedule type not found... On monthly payment scheduling.
12240668 [boundedElastic-73] INFO  c.e.c.s.i.MemberTransactionStatusServiceImpl - Enabling users to transact... BEGIN
12242823 [boundedElastic-73] INFO  c.e.c.s.i.MemberTransactionStatusServiceImpl - Enabling users to transact... END
12300578 [scheduling-1] INFO  c.e.c.s.s.ContributionPaymentScheduler - Schedule type not found... On monthly payment scheduling.
12360587 [scheduling-1] INFO  c.e.c.s.s.ContributionPaymentScheduler - Schedule type not found... On monthly payment scheduling.
12420608 [scheduling-1] INFO  c.e.c.s.s.ContributionPaymentScheduler - Schedule type not found... On monthly payment scheduling.
12457131 [AsyncResolver-bootstrap-executor-0] INFO  c.n.d.s.r.aws.ConfigClusterResolver - Resolving eureka endpoints via configuration
12480618 [scheduling-1] INFO  c.e.c.s.s.ContributionPaymentScheduler - Schedule type not found... On monthly payment scheduling.
12540803 [scheduling-1] INFO  c.e.c.s.s.ContributionPaymentScheduler - Schedule type not found... On monthly payment scheduling.
12540916 [boundedElastic-75] INFO  c.e.c.s.i.MemberTransactionStatusServiceImpl - Enabling users to transact... BEGIN
12540976 [boundedElastic-75] INFO  c.e.c.s.i.MemberTransactionStatusServiceImpl - Enabling users to transact... END
12600819 [scheduling-1] INFO  c.e.c.s.s.ContributionPaymentScheduler - Schedule type not found... On monthly payment scheduling.
12660840 [scheduling-1] INFO  c.e.c.s.s.ContributionPaymentScheduler - Schedule type not found... On monthly payment scheduling.
12720851 [scheduling-1] INFO  c.e.c.s.s.ContributionPaymentScheduler - Schedule type not found... On monthly payment scheduling.
12757152 [AsyncResolver-bootstrap-executor-0] INFO  c.n.d.s.r.aws.ConfigClusterResolver - Resolving eureka endpoints via configuration
12780861 [scheduling-1] INFO  c.e.c.s.s.ContributionPaymentScheduler - Schedule type not found... On monthly payment scheduling.
12840806 [boundedElastic-77] INFO  c.e.c.s.i.MemberTransactionStatusServiceImpl - Enabling users to transact... BEGIN
12840808 [boundedElastic-77] INFO  c.e.c.s.i.MemberTransactionStatusServiceImpl - Enabling users to transact... END
12840871 [scheduling-1] INFO  c.e.c.s.s.ContributionPaymentScheduler - Schedule type not found... On monthly payment scheduling.
12900879 [scheduling-1] INFO  c.e.c.s.s.ContributionPaymentScheduler - Schedule type not found... On monthly payment scheduling.
12960897 [scheduling-1] INFO  c.e.c.s.s.ContributionPaymentScheduler - Schedule type not found... On monthly payment scheduling.
13020918 [scheduling-1] INFO  c.e.c.s.s.ContributionPaymentScheduler - Schedule type not found... On monthly payment scheduling.
13057175 [AsyncResolver-bootstrap-executor-0] INFO  c.n.d.s.r.aws.ConfigClusterResolver - Resolving eureka endpoints via configuration
13080927 [scheduling-1] INFO  c.e.c.s.s.ContributionPaymentScheduler - Schedule type not found... On monthly payment scheduling.
13140827 [boundedElastic-79] INFO  c.e.c.s.i.MemberTransactionStatusServiceImpl - Enabling users to transact... BEGIN
13140831 [boundedElastic-79] INFO  c.e.c.s.i.MemberTransactionStatusServiceImpl - Enabling users to transact... END
13140932 [scheduling-1] INFO  c.e.c.s.s.ContributionPaymentScheduler - Schedule type not found... On monthly payment scheduling.
13200949 [scheduling-1] INFO  c.e.c.s.s.ContributionPaymentScheduler - Schedule type not found... On monthly payment scheduling.
13260969 [scheduling-1] INFO  c.e.c.s.s.ContributionPaymentScheduler - Schedule type not found... On monthly payment scheduling.
13320986 [scheduling-1] INFO  c.e.c.s.s.ContributionPaymentScheduler - Schedule type not found... On monthly payment scheduling.
13357194 [AsyncResolver-bootstrap-executor-0] INFO  c.n.d.s.r.aws.ConfigClusterResolver - Resolving eureka endpoints via configuration
13381007 [scheduling-1] INFO  c.e.c.s.s.ContributionPaymentScheduler - Schedule type not found... On monthly payment scheduling.
13440891 [boundedElastic-81] INFO  c.e.c.s.i.MemberTransactionStatusServiceImpl - Enabling users to transact... BEGIN
13440908 [boundedElastic-81] INFO  c.e.c.s.i.MemberTransactionStatusServiceImpl - Enabling users to transact... END
13441013 [scheduling-1] INFO  c.e.c.s.s.ContributionPaymentScheduler - Schedule type not found... On monthly payment scheduling.
13501019 [scheduling-1] INFO  c.e.c.s.s.ContributionPaymentScheduler - Schedule type not found... On monthly payment scheduling.
13561036 [scheduling-1] INFO  c.e.c.s.s.ContributionPaymentScheduler - Schedule type not found... On monthly payment scheduling.
13621057 [scheduling-1] INFO  c.e.c.s.s.ContributionPaymentScheduler - Schedule type not found... On monthly payment scheduling.
13657199 [AsyncResolver-bootstrap-executor-0] INFO  c.n.d.s.r.aws.ConfigClusterResolver - Resolving eureka endpoints via configuration
13681077 [scheduling-1] INFO  c.e.c.s.s.ContributionPaymentScheduler - Schedule type not found... On monthly payment scheduling.
13740852 [boundedElastic-83] INFO  c.e.c.s.i.MemberTransactionStatusServiceImpl - Enabling users to transact... BEGIN
13740878 [boundedElastic-83] INFO  c.e.c.s.i.MemberTransactionStatusServiceImpl - Enabling users to transact... END
13741101 [scheduling-1] INFO  c.e.c.s.s.ContributionPaymentScheduler - Schedule type not found... On monthly payment scheduling.
13801114 [scheduling-1] INFO  c.e.c.s.s.ContributionPaymentScheduler - Schedule type not found... On monthly payment scheduling.
13861132 [scheduling-1] INFO  c.e.c.s.s.ContributionPaymentScheduler - Schedule type not found... On monthly payment scheduling.
13921149 [scheduling-1] INFO  c.e.c.s.s.ContributionPaymentScheduler - Schedule type not found... On monthly payment scheduling.
13957210 [AsyncResolver-bootstrap-executor-0] INFO  c.n.d.s.r.aws.ConfigClusterResolver - Resolving eureka endpoints via configuration
13981159 [scheduling-1] INFO  c.e.c.s.s.ContributionPaymentScheduler - Schedule type not found... On monthly payment scheduling.
14041705 [boundedElastic-85] INFO  c.e.c.s.i.MemberTransactionStatusServiceImpl - Enabling users to transact... BEGIN
14041761 [scheduling-1] INFO  c.e.c.s.s.ContributionPaymentScheduler - Schedule type not found... On monthly payment scheduling.
14041954 [boundedElastic-85] INFO  c.e.c.s.i.MemberTransactionStatusServiceImpl - Enabling users to transact... END
14101784 [scheduling-1] INFO  c.e.c.s.s.ContributionPaymentScheduler - Schedule type not found... On monthly payment scheduling.
14161792 [scheduling-1] INFO  c.e.c.s.s.ContributionPaymentScheduler - Schedule type not found... On monthly payment scheduling.
14221800 [scheduling-1] INFO  c.e.c.s.s.ContributionPaymentScheduler - Schedule type not found... On monthly payment scheduling.
14257269 [AsyncResolver-bootstrap-executor-0] INFO  c.n.d.s.r.aws.ConfigClusterResolver - Resolving eureka endpoints via configuration
14281809 [scheduling-1] INFO  c.e.c.s.s.ContributionPaymentScheduler - Schedule type not found... On monthly payment scheduling.
14341747 [boundedElastic-87] INFO  c.e.c.s.i.MemberTransactionStatusServiceImpl - Enabling users to transact... BEGIN
14341759 [boundedElastic-87] INFO  c.e.c.s.i.MemberTransactionStatusServiceImpl - Enabling users to transact... END
14341823 [scheduling-1] INFO  c.e.c.s.s.ContributionPaymentScheduler - Schedule type not found... On monthly payment scheduling.
14401838 [scheduling-1] INFO  c.e.c.s.s.ContributionPaymentScheduler - Schedule type not found... On monthly payment scheduling.
14461857 [scheduling-1] INFO  c.e.c.s.s.ContributionPaymentScheduler - Schedule type not found... On monthly payment scheduling.
14521873 [scheduling-1] INFO  c.e.c.s.s.ContributionPaymentScheduler - Schedule type not found... On monthly payment scheduling.
14557500 [AsyncResolver-bootstrap-executor-0] INFO  c.n.d.s.r.aws.ConfigClusterResolver - Resolving eureka endpoints via configuration
14581884 [scheduling-1] INFO  c.e.c.s.s.ContributionPaymentScheduler - Schedule type not found... On monthly payment scheduling.
14641788 [boundedElastic-89] INFO  c.e.c.s.i.MemberTransactionStatusServiceImpl - Enabling users to transact... BEGIN
14641799 [boundedElastic-89] INFO  c.e.c.s.i.MemberTransactionStatusServiceImpl - Enabling users to transact... END
14641892 [scheduling-1] INFO  c.e.c.s.s.ContributionPaymentScheduler - Schedule type not found... On monthly payment scheduling.
14701896 [scheduling-1] INFO  c.e.c.s.s.ContributionPaymentScheduler - Schedule type not found... On monthly payment scheduling.
14761919 [scheduling-1] INFO  c.e.c.s.s.ContributionPaymentScheduler - Schedule type not found... On monthly payment scheduling.
14821943 [scheduling-1] INFO  c.e.c.s.s.ContributionPaymentScheduler - Schedule type not found... On monthly payment scheduling.
14857510 [AsyncResolver-bootstrap-executor-0] INFO  c.n.d.s.r.aws.ConfigClusterResolver - Resolving eureka endpoints via configuration
14881959 [scheduling-1] INFO  c.e.c.s.s.ContributionPaymentScheduler - Schedule type not found... On monthly payment scheduling.
14941818 [boundedElastic-91] INFO  c.e.c.s.i.MemberTransactionStatusServiceImpl - Enabling users to transact... BEGIN
14941829 [boundedElastic-91] INFO  c.e.c.s.i.MemberTransactionStatusServiceImpl - Enabling users to transact... END
14941968 [scheduling-1] INFO  c.e.c.s.s.ContributionPaymentScheduler - Schedule type not found... On monthly payment scheduling.
