49684899 [scheduling-1] INFO  c.e.c.s.scheduler.PollsScheduler - Disabling past polls...
49688902 [scheduling-1] INFO  c.e.c.s.scheduler.PollsScheduler - Checking for a winner...
49692587 [HikariPool-1 housekeeper] WARN  com.zaxxer.hikari.pool.HikariPool - HikariPool-1 - Thread starvation or clock leap detected (housekeeper delta=10h50m45s742ms821µs700ns).
49705181 [kafka-producer-network-thread | producer-1] ERROR o.s.k.s.LoggingProducerListener - Exception thrown when sending a message with key='null' and payload='byte[90]' to topic inMemorySwaggerResourcesProvider-out-0:
org.apache.kafka.common.errors.NetworkException: Disconnected from node 1
49860135 [AsyncResolver-bootstrap-executor-0] INFO  c.n.d.s.r.aws.ConfigClusterResolver - Resolving eureka endpoints via configuration
49989556 [scheduling-1] INFO  c.e.c.s.scheduler.PollsScheduler - Checking for a winner...
50160227 [AsyncResolver-bootstrap-executor-0] INFO  c.n.d.s.r.aws.ConfigClusterResolver - Resolving eureka endpoints via configuration
50288667 [scheduling-1] INFO  c.e.c.s.scheduler.PollsScheduler - Disabling past polls...
50289740 [scheduling-1] INFO  c.e.c.s.scheduler.PollsScheduler - Checking for a winner...
50460242 [AsyncResolver-bootstrap-executor-0] INFO  c.n.d.s.r.aws.ConfigClusterResolver - Resolving eureka endpoints via configuration
50589755 [scheduling-1] INFO  c.e.c.s.scheduler.PollsScheduler - Checking for a winner...
50760255 [AsyncResolver-bootstrap-executor-0] INFO  c.n.d.s.r.aws.ConfigClusterResolver - Resolving eureka endpoints via configuration
50888690 [scheduling-1] INFO  c.e.c.s.scheduler.PollsScheduler - Disabling past polls...
50889768 [scheduling-1] INFO  c.e.c.s.scheduler.PollsScheduler - Checking for a winner...
51060262 [AsyncResolver-bootstrap-executor-0] INFO  c.n.d.s.r.aws.ConfigClusterResolver - Resolving eureka endpoints via configuration
51189788 [scheduling-1] INFO  c.e.c.s.scheduler.PollsScheduler - Checking for a winner...
51360272 [AsyncResolver-bootstrap-executor-0] INFO  c.n.d.s.r.aws.ConfigClusterResolver - Resolving eureka endpoints via configuration
51488728 [scheduling-1] INFO  c.e.c.s.scheduler.PollsScheduler - Disabling past polls...
51489800 [scheduling-1] INFO  c.e.c.s.scheduler.PollsScheduler - Checking for a winner...
51660283 [AsyncResolver-bootstrap-executor-0] INFO  c.n.d.s.r.aws.ConfigClusterResolver - Resolving eureka endpoints via configuration
51789873 [scheduling-1] INFO  c.e.c.s.scheduler.PollsScheduler - Checking for a winner...
51960294 [AsyncResolver-bootstrap-executor-0] INFO  c.n.d.s.r.aws.ConfigClusterResolver - Resolving eureka endpoints via configuration
52088779 [scheduling-1] INFO  c.e.c.s.scheduler.PollsScheduler - Disabling past polls...
52089927 [scheduling-1] INFO  c.e.c.s.scheduler.PollsScheduler - Checking for a winner...
52260301 [AsyncResolver-bootstrap-executor-0] INFO  c.n.d.s.r.aws.ConfigClusterResolver - Resolving eureka endpoints via configuration
52390020 [scheduling-1] INFO  c.e.c.s.scheduler.PollsScheduler - Checking for a winner...
52560314 [AsyncResolver-bootstrap-executor-0] INFO  c.n.d.s.r.aws.ConfigClusterResolver - Resolving eureka endpoints via configuration
52688827 [scheduling-1] INFO  c.e.c.s.scheduler.PollsScheduler - Disabling past polls...
52690129 [scheduling-1] INFO  c.e.c.s.scheduler.PollsScheduler - Checking for a winner...
52860335 [AsyncResolver-bootstrap-executor-0] INFO  c.n.d.s.r.aws.ConfigClusterResolver - Resolving eureka endpoints via configuration
52990229 [scheduling-1] INFO  c.e.c.s.scheduler.PollsScheduler - Checking for a winner...
53160344 [AsyncResolver-bootstrap-executor-0] INFO  c.n.d.s.r.aws.ConfigClusterResolver - Resolving eureka endpoints via configuration
53289093 [scheduling-1] INFO  c.e.c.s.scheduler.PollsScheduler - Disabling past polls...
53290291 [scheduling-1] INFO  c.e.c.s.scheduler.PollsScheduler - Checking for a winner...
53460361 [AsyncResolver-bootstrap-executor-0] INFO  c.n.d.s.r.aws.ConfigClusterResolver - Resolving eureka endpoints via configuration
53590514 [scheduling-1] INFO  c.e.c.s.scheduler.PollsScheduler - Checking for a winner...
53760392 [AsyncResolver-bootstrap-executor-0] INFO  c.n.d.s.r.aws.ConfigClusterResolver - Resolving eureka endpoints via configuration
53889141 [scheduling-1] INFO  c.e.c.s.scheduler.PollsScheduler - Disabling past polls...
53890749 [scheduling-1] INFO  c.e.c.s.scheduler.PollsScheduler - Checking for a winner...
54060408 [AsyncResolver-bootstrap-executor-0] INFO  c.n.d.s.r.aws.ConfigClusterResolver - Resolving eureka endpoints via configuration
54191852 [scheduling-1] INFO  c.e.c.s.scheduler.PollsScheduler - Checking for a winner...
54360446 [AsyncResolver-bootstrap-executor-0] INFO  c.n.d.s.r.aws.ConfigClusterResolver - Resolving eureka endpoints via configuration
54489385 [scheduling-1] INFO  c.e.c.s.scheduler.PollsScheduler - Disabling past polls...
54492060 [scheduling-1] INFO  c.e.c.s.scheduler.PollsScheduler - Checking for a winner...
54660527 [AsyncResolver-bootstrap-executor-0] INFO  c.n.d.s.r.aws.ConfigClusterResolver - Resolving eureka endpoints via configuration
54792316 [scheduling-1] INFO  c.e.c.s.scheduler.PollsScheduler - Checking for a winner...
54960791 [AsyncResolver-bootstrap-executor-0] INFO  c.n.d.s.r.aws.ConfigClusterResolver - Resolving eureka endpoints via configuration
55089566 [scheduling-1] INFO  c.e.c.s.scheduler.PollsScheduler - Disabling past polls...
55092780 [scheduling-1] INFO  c.e.c.s.scheduler.PollsScheduler - Checking for a winner...
55260840 [AsyncResolver-bootstrap-executor-0] INFO  c.n.d.s.r.aws.ConfigClusterResolver - Resolving eureka endpoints via configuration
55392836 [scheduling-1] INFO  c.e.c.s.scheduler.PollsScheduler - Checking for a winner...
55560850 [AsyncResolver-bootstrap-executor-0] INFO  c.n.d.s.r.aws.ConfigClusterResolver - Resolving eureka endpoints via configuration
55689582 [scheduling-1] INFO  c.e.c.s.scheduler.PollsScheduler - Disabling past polls...
55692856 [scheduling-1] INFO  c.e.c.s.scheduler.PollsScheduler - Checking for a winner...
55860870 [AsyncResolver-bootstrap-executor-0] INFO  c.n.d.s.r.aws.ConfigClusterResolver - Resolving eureka endpoints via configuration
55992877 [scheduling-1] INFO  c.e.c.s.scheduler.PollsScheduler - Checking for a winner...
56160905 [AsyncResolver-bootstrap-executor-0] INFO  c.n.d.s.r.aws.ConfigClusterResolver - Resolving eureka endpoints via configuration
56289612 [scheduling-1] INFO  c.e.c.s.scheduler.PollsScheduler - Disabling past polls...
56292892 [scheduling-1] INFO  c.e.c.s.scheduler.PollsScheduler - Checking for a winner...
56460914 [AsyncResolver-bootstrap-executor-0] INFO  c.n.d.s.r.aws.ConfigClusterResolver - Resolving eureka endpoints via configuration
56592922 [scheduling-1] INFO  c.e.c.s.scheduler.PollsScheduler - Checking for a winner...
56760930 [AsyncResolver-bootstrap-executor-0] INFO  c.n.d.s.r.aws.ConfigClusterResolver - Resolving eureka endpoints via configuration
56889702 [scheduling-1] INFO  c.e.c.s.scheduler.PollsScheduler - Disabling past polls...
56892934 [scheduling-1] INFO  c.e.c.s.scheduler.PollsScheduler - Checking for a winner...
57060938 [AsyncResolver-bootstrap-executor-0] INFO  c.n.d.s.r.aws.ConfigClusterResolver - Resolving eureka endpoints via configuration
57192972 [scheduling-1] INFO  c.e.c.s.scheduler.PollsScheduler - Checking for a winner...
57360947 [AsyncResolver-bootstrap-executor-0] INFO  c.n.d.s.r.aws.ConfigClusterResolver - Resolving eureka endpoints via configuration
57489728 [scheduling-1] INFO  c.e.c.s.scheduler.PollsScheduler - Disabling past polls...
57493008 [scheduling-1] INFO  c.e.c.s.scheduler.PollsScheduler - Checking for a winner...
57660957 [AsyncResolver-bootstrap-executor-0] INFO  c.n.d.s.r.aws.ConfigClusterResolver - Resolving eureka endpoints via configuration
57793280 [scheduling-1] INFO  c.e.c.s.scheduler.PollsScheduler - Checking for a winner...
57960973 [AsyncResolver-bootstrap-executor-0] INFO  c.n.d.s.r.aws.ConfigClusterResolver - Resolving eureka endpoints via configuration
58089929 [scheduling-1] INFO  c.e.c.s.scheduler.PollsScheduler - Disabling past polls...
58093330 [scheduling-1] INFO  c.e.c.s.scheduler.PollsScheduler - Checking for a winner...
58260994 [AsyncResolver-bootstrap-executor-0] INFO  c.n.d.s.r.aws.ConfigClusterResolver - Resolving eureka endpoints via configuration
58393926 [scheduling-1] INFO  c.e.c.s.scheduler.PollsScheduler - Checking for a winner...
58561001 [AsyncResolver-bootstrap-executor-0] INFO  c.n.d.s.r.aws.ConfigClusterResolver - Resolving eureka endpoints via configuration
58690308 [scheduling-1] INFO  c.e.c.s.scheduler.PollsScheduler - Disabling past polls...
58693951 [scheduling-1] INFO  c.e.c.s.scheduler.PollsScheduler - Checking for a winner...
58862801 [AsyncResolver-bootstrap-executor-0] INFO  c.n.d.s.r.aws.ConfigClusterResolver - Resolving eureka endpoints via configuration
58994117 [scheduling-1] INFO  c.e.c.s.scheduler.PollsScheduler - Checking for a winner...
59162889 [AsyncResolver-bootstrap-executor-0] INFO  c.n.d.s.r.aws.ConfigClusterResolver - Resolving eureka endpoints via configuration
59290525 [scheduling-1] INFO  c.e.c.s.scheduler.PollsScheduler - Disabling past polls...
59294238 [scheduling-1] INFO  c.e.c.s.scheduler.PollsScheduler - Checking for a winner...
59462938 [AsyncResolver-bootstrap-executor-0] INFO  c.n.d.s.r.aws.ConfigClusterResolver - Resolving eureka endpoints via configuration
59594275 [scheduling-1] INFO  c.e.c.s.scheduler.PollsScheduler - Checking for a winner...
59762941 [AsyncResolver-bootstrap-executor-0] INFO  c.n.d.s.r.aws.ConfigClusterResolver - Resolving eureka endpoints via configuration
59890545 [scheduling-1] INFO  c.e.c.s.scheduler.PollsScheduler - Disabling past polls...
59894294 [scheduling-1] INFO  c.e.c.s.scheduler.PollsScheduler - Checking for a winner...
60062965 [AsyncResolver-bootstrap-executor-0] INFO  c.n.d.s.r.aws.ConfigClusterResolver - Resolving eureka endpoints via configuration
60194312 [scheduling-1] INFO  c.e.c.s.scheduler.PollsScheduler - Checking for a winner...
60363088 [AsyncResolver-bootstrap-executor-0] INFO  c.n.d.s.r.aws.ConfigClusterResolver - Resolving eureka endpoints via configuration
60492157 [scheduling-1] INFO  c.e.c.s.scheduler.PollsScheduler - Disabling past polls...
60494363 [scheduling-1] INFO  c.e.c.s.scheduler.PollsScheduler - Checking for a winner...
60663302 [AsyncResolver-bootstrap-executor-0] INFO  c.n.d.s.r.aws.ConfigClusterResolver - Resolving eureka endpoints via configuration
60794410 [scheduling-1] INFO  c.e.c.s.scheduler.PollsScheduler - Checking for a winner...
60963320 [AsyncResolver-bootstrap-executor-0] INFO  c.n.d.s.r.aws.ConfigClusterResolver - Resolving eureka endpoints via configuration
61092189 [scheduling-1] INFO  c.e.c.s.scheduler.PollsScheduler - Disabling past polls...
61094436 [scheduling-1] INFO  c.e.c.s.scheduler.PollsScheduler - Checking for a winner...
61263330 [AsyncResolver-bootstrap-executor-0] INFO  c.n.d.s.r.aws.ConfigClusterResolver - Resolving eureka endpoints via configuration
61396185 [scheduling-1] INFO  c.e.c.s.scheduler.PollsScheduler - Checking for a winner...
61563373 [AsyncResolver-bootstrap-executor-0] INFO  c.n.d.s.r.aws.ConfigClusterResolver - Resolving eureka endpoints via configuration
61692207 [scheduling-1] INFO  c.e.c.s.scheduler.PollsScheduler - Disabling past polls...
61697634 [scheduling-1] INFO  c.e.c.s.scheduler.PollsScheduler - Checking for a winner...
61863389 [AsyncResolver-bootstrap-executor-0] INFO  c.n.d.s.r.aws.ConfigClusterResolver - Resolving eureka endpoints via configuration
61997690 [scheduling-1] INFO  c.e.c.s.scheduler.PollsScheduler - Checking for a winner...
62163397 [AsyncResolver-bootstrap-executor-0] INFO  c.n.d.s.r.aws.ConfigClusterResolver - Resolving eureka endpoints via configuration
62293988 [scheduling-1] INFO  c.e.c.s.scheduler.PollsScheduler - Disabling past polls...
62297790 [scheduling-1] INFO  c.e.c.s.scheduler.PollsScheduler - Checking for a winner...
62463422 [AsyncResolver-bootstrap-executor-0] INFO  c.n.d.s.r.aws.ConfigClusterResolver - Resolving eureka endpoints via configuration
62570789 [SpringApplicationShutdownHook] INFO  o.s.c.n.e.s.EurekaServiceRegistry - Unregistering application CHAMA-POLLS with eureka with status DOWN
62570801 [SpringApplicationShutdownHook] INFO  c.netflix.discovery.DiscoveryClient - Saw local status change event StatusChangeEvent [timestamp=1716536015334, current=DOWN, previous=UP]
62570816 [DiscoveryClient-InstanceInfoReplicator-0] INFO  c.netflix.discovery.DiscoveryClient - DiscoveryClient_CHAMA-POLLS/DESKTOP-C76S6GF:chama-polls:8091: registering service...
62571304 [DiscoveryClient-InstanceInfoReplicator-0] INFO  c.netflix.discovery.DiscoveryClient - DiscoveryClient_CHAMA-POLLS/DESKTOP-C76S6GF:chama-polls:8091 - registration status: 204
62572617 [SpringApplicationShutdownHook] INFO  o.s.i.e.SourcePollingChannelAdapter - stopped bean 'inMemorySwaggerResourcesProvider-out-0_spca'
62572931 [SpringApplicationShutdownHook] INFO  o.s.i.endpoint.EventDrivenConsumer - Removing {logging-channel-adapter:_org.springframework.integration.errorLogger} as a subscriber to the 'errorChannel' channel
62572944 [SpringApplicationShutdownHook] INFO  o.s.i.c.PublishSubscribeChannel - Channel 'chama-polls.errorChannel' has 0 subscriber(s).
62572946 [SpringApplicationShutdownHook] INFO  o.s.i.endpoint.EventDrivenConsumer - stopped bean '_org.springframework.integration.errorLogger'
62572950 [SpringApplicationShutdownHook] INFO  o.s.i.endpoint.EventDrivenConsumer - Removing {router} as a subscriber to the 'inMemorySwaggerResourcesProvider_integrationflow.channel#0' channel
62572955 [SpringApplicationShutdownHook] INFO  o.s.i.channel.DirectChannel - Channel 'chama-polls.inMemorySwaggerResourcesProvider_integrationflow.channel#0' has 0 subscriber(s).
62572957 [SpringApplicationShutdownHook] INFO  o.s.i.endpoint.EventDrivenConsumer - stopped bean 'inMemorySwaggerResourcesProvider_integrationflow.org.springframework.integration.config.ConsumerEndpointFactoryBean#0'
62573415 [SpringApplicationShutdownHook] INFO  o.s.o.j.LocalContainerEntityManagerFactoryBean - Closing JPA EntityManagerFactory for persistence unit 'default'
62573713 [SpringApplicationShutdownHook] INFO  com.zaxxer.hikari.HikariDataSource - HikariPool-1 - Shutdown initiated...
62573811 [SpringApplicationShutdownHook] INFO  com.zaxxer.hikari.HikariDataSource - HikariPool-1 - Shutdown completed.
62576127 [SpringApplicationShutdownHook] INFO  c.netflix.discovery.DiscoveryClient - Shutting down DiscoveryClient ...
62579503 [SpringApplicationShutdownHook] INFO  c.netflix.discovery.DiscoveryClient - Unregistering ...
62579799 [SpringApplicationShutdownHook] INFO  c.netflix.discovery.DiscoveryClient - DiscoveryClient_CHAMA-POLLS/DESKTOP-C76S6GF:chama-polls:8091 - deregister  status: 200
62579986 [SpringApplicationShutdownHook] INFO  c.netflix.discovery.DiscoveryClient - Completed shut down of DiscoveryClient
3359 [restartedMain] INFO  c.e.chamapoll.ChamaPollApplication - Starting ChamaPollApplication using Java 11.0.22 on DESKTOP-C76S6GF with PID 11068 (C:\Users\HP\Documents\vicoba-backend-dev\chama-reactive-backend\Chama-Poll\target\classes started by HP in C:\Users\HP\Documents\vicoba-backend-dev)
3366 [restartedMain] INFO  c.e.chamapoll.ChamaPollApplication - The following 1 profile is active: "dev"
3528 [restartedMain] INFO  o.s.b.d.e.DevToolsPropertyDefaultsPostProcessor - Devtools property defaults active! Set 'spring.devtools.add-properties' to 'false' to disable
3531 [restartedMain] INFO  o.s.b.d.e.DevToolsPropertyDefaultsPostProcessor - For additional web related logging consider setting the 'logging.level.web' property to 'DEBUG'
7823 [restartedMain] INFO  o.s.d.r.c.RepositoryConfigurationDelegate - Multiple Spring Data modules found, entering strict repository configuration mode
7828 [restartedMain] INFO  o.s.d.r.c.RepositoryConfigurationDelegate - Bootstrapping Spring Data JPA repositories in DEFAULT mode.
8353 [restartedMain] INFO  o.s.d.r.c.RepositoryConfigurationDelegate - Finished Spring Data repository scanning in 507 ms. Found 5 JPA repository interfaces.
8378 [restartedMain] INFO  o.s.d.r.c.RepositoryConfigurationDelegate - Multiple Spring Data modules found, entering strict repository configuration mode
8382 [restartedMain] INFO  o.s.d.r.c.RepositoryConfigurationDelegate - Bootstrapping Spring Data Redis repositories in DEFAULT mode.
8432 [restartedMain] INFO  o.s.d.r.c.RepositoryConfigurationExtensionSupport - Spring Data Redis - Could not safely identify store assignment for repository candidate interface com.eclectics.chamapoll.repository.MessageTemplatesRepo; If you want this repository to be a Redis repository, consider annotating your entities with one of these annotations: org.springframework.data.redis.core.RedisHash (preferred), or consider extending one of the following types with your repository: org.springframework.data.keyvalue.repository.KeyValueRepository
8435 [restartedMain] INFO  o.s.d.r.c.RepositoryConfigurationExtensionSupport - Spring Data Redis - Could not safely identify store assignment for repository candidate interface com.eclectics.chamapoll.repository.PollCandidatesRepository; If you want this repository to be a Redis repository, consider annotating your entities with one of these annotations: org.springframework.data.redis.core.RedisHash (preferred), or consider extending one of the following types with your repository: org.springframework.data.keyvalue.repository.KeyValueRepository
8436 [restartedMain] INFO  o.s.d.r.c.RepositoryConfigurationExtensionSupport - Spring Data Redis - Could not safely identify store assignment for repository candidate interface com.eclectics.chamapoll.repository.PollPositionsRepository; If you want this repository to be a Redis repository, consider annotating your entities with one of these annotations: org.springframework.data.redis.core.RedisHash (preferred), or consider extending one of the following types with your repository: org.springframework.data.keyvalue.repository.KeyValueRepository
8438 [restartedMain] INFO  o.s.d.r.c.RepositoryConfigurationExtensionSupport - Spring Data Redis - Could not safely identify store assignment for repository candidate interface com.eclectics.chamapoll.repository.PollRepository; If you want this repository to be a Redis repository, consider annotating your entities with one of these annotations: org.springframework.data.redis.core.RedisHash (preferred), or consider extending one of the following types with your repository: org.springframework.data.keyvalue.repository.KeyValueRepository
8439 [restartedMain] INFO  o.s.d.r.c.RepositoryConfigurationExtensionSupport - Spring Data Redis - Could not safely identify store assignment for repository candidate interface com.eclectics.chamapoll.repository.PollVoteDataRepository; If you want this repository to be a Redis repository, consider annotating your entities with one of these annotations: org.springframework.data.redis.core.RedisHash (preferred), or consider extending one of the following types with your repository: org.springframework.data.keyvalue.repository.KeyValueRepository
8439 [restartedMain] INFO  o.s.d.r.c.RepositoryConfigurationDelegate - Finished Spring Data repository scanning in 36 ms. Found 0 Redis repository interfaces.
9147 [restartedMain] INFO  o.s.i.c.DefaultConfiguringBeanFactoryPostProcessor - No bean named 'errorChannel' has been explicitly defined. Therefore, a default PublishSubscribeChannel will be created.
9179 [restartedMain] INFO  o.s.i.c.DefaultConfiguringBeanFactoryPostProcessor - No bean named 'integrationHeaderChannelRegistry' has been explicitly defined. Therefore, a default DefaultHeaderChannelRegistry will be created.
9496 [restartedMain] INFO  o.s.c.context.scope.GenericScope - BeanFactory id=4dece178-8deb-3889-a0bf-727319013bdc
9996 [restartedMain] INFO  o.s.c.s.PostProcessorRegistrationDelegate$BeanPostProcessorChecker - Bean 'org.springframework.security.config.annotation.method.configuration.ReactiveMethodSecurityConfiguration' of type [org.springframework.security.config.annotation.method.configuration.ReactiveMethodSecurityConfiguration] is not eligible for getting processed by all BeanPostProcessors (for example: not eligible for auto-proxying)
10094 [restartedMain] INFO  o.s.c.s.PostProcessorRegistrationDelegate$BeanPostProcessorChecker - Bean 'org.springframework.integration.config.IntegrationManagementConfiguration' of type [org.springframework.integration.config.IntegrationManagementConfiguration] is not eligible for getting processed by all BeanPostProcessors (for example: not eligible for auto-proxying)
10109 [restartedMain] INFO  o.s.c.s.PostProcessorRegistrationDelegate$BeanPostProcessorChecker - Bean 'integrationChannelResolver' of type [org.springframework.integration.support.channel.BeanFactoryChannelResolver] is not eligible for getting processed by all BeanPostProcessors (for example: not eligible for auto-proxying)
10140 [restartedMain] INFO  o.s.c.s.PostProcessorRegistrationDelegate$BeanPostProcessorChecker - Bean 'org.springframework.cloud.client.loadbalancer.reactive.LoadBalancerBeanPostProcessorAutoConfiguration' of type [org.springframework.cloud.client.loadbalancer.reactive.LoadBalancerBeanPostProcessorAutoConfiguration] is not eligible for getting processed by all BeanPostProcessors (for example: not eligible for auto-proxying)
10143 [restartedMain] INFO  o.s.c.s.PostProcessorRegistrationDelegate$BeanPostProcessorChecker - Bean 'org.springframework.cloud.client.loadbalancer.reactive.LoadBalancerBeanPostProcessorAutoConfiguration$ReactorDeferringLoadBalancerFilterConfig' of type [org.springframework.cloud.client.loadbalancer.reactive.LoadBalancerBeanPostProcessorAutoConfiguration$ReactorDeferringLoadBalancerFilterConfig] is not eligible for getting processed by all BeanPostProcessors (for example: not eligible for auto-proxying)
10146 [restartedMain] INFO  o.s.c.s.PostProcessorRegistrationDelegate$BeanPostProcessorChecker - Bean 'reactorDeferringLoadBalancerExchangeFilterFunction' of type [org.springframework.cloud.client.loadbalancer.reactive.DeferringLoadBalancerExchangeFilterFunction] is not eligible for getting processed by all BeanPostProcessors (for example: not eligible for auto-proxying)
10987 [restartedMain] INFO  o.f.c.i.license.VersionPrinter - Flyway Community Edition 8.5.13 by Redgate
10987 [restartedMain] INFO  o.f.c.i.license.VersionPrinter - See what's new here: https://flywaydb.org/documentation/learnmore/releaseNotes#8.5.13
10988 [restartedMain] INFO  o.f.c.i.license.VersionPrinter - 
11013 [restartedMain] INFO  com.zaxxer.hikari.HikariDataSource - HikariPool-1 - Starting...
12231 [restartedMain] INFO  com.zaxxer.hikari.HikariDataSource - HikariPool-1 - Start completed.
12286 [restartedMain] INFO  o.f.c.i.d.base.BaseDatabaseType - Database: jdbc:postgresql://localhost:5432/chamadb (PostgreSQL 16.2)
12316 [restartedMain] WARN  o.f.c.i.database.base.Database - Flyway upgrade recommended: PostgreSQL 16.2 is newer than this version of Flyway and support has not been tested. The latest supported version of PostgreSQL is 14.
12389 [restartedMain] INFO  o.f.c.internal.command.DbValidate - Successfully validated 2 migrations (execution time 00:00.049s)
12406 [restartedMain] INFO  o.f.core.internal.command.DbMigrate - Current version of schema "public": 1.1
12407 [restartedMain] INFO  o.f.core.internal.command.DbMigrate - Schema "public" is up to date. No migration necessary.
12756 [restartedMain] INFO  o.h.jpa.internal.util.LogHelper - HHH000204: Processing PersistenceUnitInfo [name: default]
12927 [restartedMain] INFO  org.hibernate.Version - HHH000412: Hibernate ORM core version 5.6.10.Final
13516 [restartedMain] INFO  o.h.annotations.common.Version - HCANN000001: Hibernate Commons Annotations {5.1.2.Final}
14124 [restartedMain] INFO  org.hibernate.dialect.Dialect - HHH000400: Using dialect: org.hibernate.dialect.PostgreSQL10Dialect
17012 [restartedMain] INFO  o.h.e.t.j.p.i.JtaPlatformInitiator - HHH000490: Using JtaPlatform implementation: [org.hibernate.engine.transaction.jta.platform.internal.NoJtaPlatform]
17041 [restartedMain] INFO  o.s.o.j.LocalContainerEntityManagerFactoryBean - Initialized JPA EntityManagerFactory for persistence unit 'default'
21842 [restartedMain] INFO  o.s.b.a.e.web.EndpointLinksResolver - Exposing 1 endpoint(s) beneath base path '/actuator'
22295 [restartedMain] WARN  o.s.b.d.a.OptionalLiveReloadServer - Unable to start LiveReload server
26095 [restartedMain] INFO  o.s.c.n.e.c.DiscoveryClientOptionalArgsConfiguration - Eureka HTTP Client uses RestTemplate.
26363 [restartedMain] WARN  o.s.c.l.c.LoadBalancerCacheAutoConfiguration$LoadBalancerCaffeineWarnLogger - Spring Cloud LoadBalancer is currently working with the default cache. While this cache implementation is useful for development and tests, it's recommended to use Caffeine cache in production.You can switch to using Caffeine cache, by adding it and org.springframework.cache.caffeine.CaffeineCacheManager to the classpath.
26573 [restartedMain] INFO  o.s.i.endpoint.EventDrivenConsumer - Adding {logging-channel-adapter:_org.springframework.integration.errorLogger} as a subscriber to the 'errorChannel' channel
26574 [restartedMain] INFO  o.s.i.c.PublishSubscribeChannel - Channel 'chama-polls.errorChannel' has 1 subscriber(s).
26576 [restartedMain] INFO  o.s.i.endpoint.EventDrivenConsumer - started bean '_org.springframework.integration.errorLogger'
26576 [restartedMain] INFO  o.s.i.endpoint.EventDrivenConsumer - Adding {router} as a subscriber to the 'inMemorySwaggerResourcesProvider_integrationflow.channel#0' channel
26576 [restartedMain] INFO  o.s.i.channel.DirectChannel - Channel 'chama-polls.inMemorySwaggerResourcesProvider_integrationflow.channel#0' has 1 subscriber(s).
26577 [restartedMain] INFO  o.s.i.endpoint.EventDrivenConsumer - started bean 'inMemorySwaggerResourcesProvider_integrationflow.org.springframework.integration.config.ConsumerEndpointFactoryBean#0'
26579 [restartedMain] INFO  o.s.c.s.binder.DefaultBinderFactory - Creating binder: kafka
26957 [restartedMain] INFO  o.s.c.s.binder.DefaultBinderFactory - Caching the binder: kafka
26958 [restartedMain] INFO  o.s.c.s.binder.DefaultBinderFactory - Retrieving cached binder: kafka
27096 [restartedMain] INFO  o.s.c.s.b.k.p.KafkaTopicProvisioner - Using kafka topic for outbound: inMemorySwaggerResourcesProvider-out-0
29050 [restartedMain] INFO  o.s.c.s.m.DirectWithAttributesChannel - Channel 'chama-polls.inMemorySwaggerResourcesProvider-out-0' has 1 subscriber(s).
29075 [restartedMain] INFO  o.s.c.n.eureka.InstanceInfoFactory - Setting initial instance status as: STARTING
29169 [restartedMain] INFO  c.netflix.discovery.DiscoveryClient - Initializing Eureka in region us-east-1
29187 [restartedMain] INFO  c.n.d.s.r.aws.ConfigClusterResolver - Resolving eureka endpoints via configuration
29242 [restartedMain] INFO  c.netflix.discovery.DiscoveryClient - Disable delta property : false
29242 [restartedMain] INFO  c.netflix.discovery.DiscoveryClient - Single vip registry refresh property : null
29242 [restartedMain] INFO  c.netflix.discovery.DiscoveryClient - Force full registry fetch : false
29242 [restartedMain] INFO  c.netflix.discovery.DiscoveryClient - Application is null : false
29242 [restartedMain] INFO  c.netflix.discovery.DiscoveryClient - Registered Applications size is zero : true
29243 [restartedMain] INFO  c.netflix.discovery.DiscoveryClient - Application version is -1: true
29243 [restartedMain] INFO  c.netflix.discovery.DiscoveryClient - Getting all instance registry info from the eureka server
29989 [restartedMain] INFO  c.netflix.discovery.DiscoveryClient - The response status is 200
29994 [restartedMain] INFO  c.netflix.discovery.DiscoveryClient - Starting heartbeat executor: renew interval is: 30
30003 [restartedMain] INFO  c.n.d.InstanceInfoReplicator - InstanceInfoReplicator onDemand update allowed rate per min is 4
30014 [restartedMain] INFO  c.netflix.discovery.DiscoveryClient - Discovery Client initialized at timestamp 1716550220535 with initial instances count: 2
30023 [restartedMain] INFO  o.s.c.n.e.s.EurekaServiceRegistry - Registering application CHAMA-POLLS with eureka with status UP
30024 [restartedMain] INFO  c.netflix.discovery.DiscoveryClient - Saw local status change event StatusChangeEvent [timestamp=1716550220548, current=UP, previous=STARTING]
30027 [DiscoveryClient-InstanceInfoReplicator-0] INFO  c.netflix.discovery.DiscoveryClient - DiscoveryClient_CHAMA-POLLS/host.docker.internal:chama-polls:8091: registering service...
30036 [restartedMain] INFO  o.s.i.e.SourcePollingChannelAdapter - started bean 'inMemorySwaggerResourcesProvider-out-0_spca'
30117 [DiscoveryClient-InstanceInfoReplicator-0] INFO  c.netflix.discovery.DiscoveryClient - DiscoveryClient_CHAMA-POLLS/host.docker.internal:chama-polls:8091 - registration status: 204
30789 [restartedMain] INFO  o.s.b.w.e.netty.NettyWebServer - Netty started on port 8091
30792 [restartedMain] INFO  o.s.c.n.e.s.EurekaAutoServiceRegistration - Updating port to 8091
33637 [restartedMain] INFO  c.e.chamapoll.ChamaPollApplication - Started ChamaPollApplication in 32.109 seconds (JVM running for 34.852)
33725 [scheduling-1] INFO  c.e.c.s.scheduler.PollsScheduler - Disabling past polls...
33739 [scheduling-1] INFO  c.e.c.s.scheduler.PollsScheduler - Checking for a winner...
329280 [AsyncResolver-bootstrap-executor-0] INFO  c.n.d.s.r.aws.ConfigClusterResolver - Resolving eureka endpoints via configuration
334479 [scheduling-1] INFO  c.e.c.s.scheduler.PollsScheduler - Checking for a winner...
629339 [AsyncResolver-bootstrap-executor-0] INFO  c.n.d.s.r.aws.ConfigClusterResolver - Resolving eureka endpoints via configuration
633772 [scheduling-1] INFO  c.e.c.s.scheduler.PollsScheduler - Disabling past polls...
634705 [scheduling-1] INFO  c.e.c.s.scheduler.PollsScheduler - Checking for a winner...
929346 [AsyncResolver-bootstrap-executor-0] INFO  c.n.d.s.r.aws.ConfigClusterResolver - Resolving eureka endpoints via configuration
934739 [scheduling-1] INFO  c.e.c.s.scheduler.PollsScheduler - Checking for a winner...
1229356 [AsyncResolver-bootstrap-executor-0] INFO  c.n.d.s.r.aws.ConfigClusterResolver - Resolving eureka endpoints via configuration
1233814 [scheduling-1] INFO  c.e.c.s.scheduler.PollsScheduler - Disabling past polls...
1234768 [scheduling-1] INFO  c.e.c.s.scheduler.PollsScheduler - Checking for a winner...
1529369 [AsyncResolver-bootstrap-executor-0] INFO  c.n.d.s.r.aws.ConfigClusterResolver - Resolving eureka endpoints via configuration
1534818 [scheduling-1] INFO  c.e.c.s.scheduler.PollsScheduler - Checking for a winner...
1829381 [AsyncResolver-bootstrap-executor-0] INFO  c.n.d.s.r.aws.ConfigClusterResolver - Resolving eureka endpoints via configuration
1833848 [scheduling-1] INFO  c.e.c.s.scheduler.PollsScheduler - Disabling past polls...
1834848 [scheduling-1] INFO  c.e.c.s.scheduler.PollsScheduler - Checking for a winner...
2129388 [AsyncResolver-bootstrap-executor-0] INFO  c.n.d.s.r.aws.ConfigClusterResolver - Resolving eureka endpoints via configuration
2134872 [scheduling-1] INFO  c.e.c.s.scheduler.PollsScheduler - Checking for a winner...
2429404 [AsyncResolver-bootstrap-executor-0] INFO  c.n.d.s.r.aws.ConfigClusterResolver - Resolving eureka endpoints via configuration
2433879 [scheduling-1] INFO  c.e.c.s.scheduler.PollsScheduler - Disabling past polls...
2434893 [scheduling-1] INFO  c.e.c.s.scheduler.PollsScheduler - Checking for a winner...
2729423 [AsyncResolver-bootstrap-executor-0] INFO  c.n.d.s.r.aws.ConfigClusterResolver - Resolving eureka endpoints via configuration
2734950 [scheduling-1] INFO  c.e.c.s.scheduler.PollsScheduler - Checking for a winner...
3029447 [AsyncResolver-bootstrap-executor-0] INFO  c.n.d.s.r.aws.ConfigClusterResolver - Resolving eureka endpoints via configuration
3033944 [scheduling-1] INFO  c.e.c.s.scheduler.PollsScheduler - Disabling past polls...
3034988 [scheduling-1] INFO  c.e.c.s.scheduler.PollsScheduler - Checking for a winner...
3329463 [AsyncResolver-bootstrap-executor-0] INFO  c.n.d.s.r.aws.ConfigClusterResolver - Resolving eureka endpoints via configuration
3335046 [scheduling-1] INFO  c.e.c.s.scheduler.PollsScheduler - Checking for a winner...
3629490 [AsyncResolver-bootstrap-executor-0] INFO  c.n.d.s.r.aws.ConfigClusterResolver - Resolving eureka endpoints via configuration
3634030 [scheduling-1] INFO  c.e.c.s.scheduler.PollsScheduler - Disabling past polls...
3635065 [scheduling-1] INFO  c.e.c.s.scheduler.PollsScheduler - Checking for a winner...
3929506 [AsyncResolver-bootstrap-executor-0] INFO  c.n.d.s.r.aws.ConfigClusterResolver - Resolving eureka endpoints via configuration
3935086 [scheduling-1] INFO  c.e.c.s.scheduler.PollsScheduler - Checking for a winner...
4229517 [AsyncResolver-bootstrap-executor-0] INFO  c.n.d.s.r.aws.ConfigClusterResolver - Resolving eureka endpoints via configuration
4234046 [scheduling-1] INFO  c.e.c.s.scheduler.PollsScheduler - Disabling past polls...
4235107 [scheduling-1] INFO  c.e.c.s.scheduler.PollsScheduler - Checking for a winner...
4529529 [AsyncResolver-bootstrap-executor-0] INFO  c.n.d.s.r.aws.ConfigClusterResolver - Resolving eureka endpoints via configuration
4535253 [scheduling-1] INFO  c.e.c.s.scheduler.PollsScheduler - Checking for a winner...
4829538 [AsyncResolver-bootstrap-executor-0] INFO  c.n.d.s.r.aws.ConfigClusterResolver - Resolving eureka endpoints via configuration
4834087 [scheduling-1] INFO  c.e.c.s.scheduler.PollsScheduler - Disabling past polls...
4835365 [scheduling-1] INFO  c.e.c.s.scheduler.PollsScheduler - Checking for a winner...
5129548 [AsyncResolver-bootstrap-executor-0] INFO  c.n.d.s.r.aws.ConfigClusterResolver - Resolving eureka endpoints via configuration
5135402 [scheduling-1] INFO  c.e.c.s.scheduler.PollsScheduler - Checking for a winner...
5429563 [AsyncResolver-bootstrap-executor-0] INFO  c.n.d.s.r.aws.ConfigClusterResolver - Resolving eureka endpoints via configuration
5434133 [scheduling-1] INFO  c.e.c.s.scheduler.PollsScheduler - Disabling past polls...
5435426 [scheduling-1] INFO  c.e.c.s.scheduler.PollsScheduler - Checking for a winner...
5729582 [AsyncResolver-bootstrap-executor-0] INFO  c.n.d.s.r.aws.ConfigClusterResolver - Resolving eureka endpoints via configuration
5735439 [scheduling-1] INFO  c.e.c.s.scheduler.PollsScheduler - Checking for a winner...
6029586 [AsyncResolver-bootstrap-executor-0] INFO  c.n.d.s.r.aws.ConfigClusterResolver - Resolving eureka endpoints via configuration
6034152 [scheduling-1] INFO  c.e.c.s.scheduler.PollsScheduler - Disabling past polls...
6035466 [scheduling-1] INFO  c.e.c.s.scheduler.PollsScheduler - Checking for a winner...
6146208 [SpringApplicationShutdownHook] INFO  o.s.c.n.e.s.EurekaServiceRegistry - Unregistering application CHAMA-POLLS with eureka with status DOWN
6146232 [SpringApplicationShutdownHook] INFO  c.netflix.discovery.DiscoveryClient - Saw local status change event StatusChangeEvent [timestamp=1716556336756, current=DOWN, previous=UP]
6146277 [DiscoveryClient-InstanceInfoReplicator-0] INFO  c.netflix.discovery.DiscoveryClient - DiscoveryClient_CHAMA-POLLS/host.docker.internal:chama-polls:8091: registering service...
6146837 [DiscoveryClient-InstanceInfoReplicator-0] INFO  c.netflix.discovery.DiscoveryClient - DiscoveryClient_CHAMA-POLLS/host.docker.internal:chama-polls:8091 - registration status: 204
6149763 [SpringApplicationShutdownHook] INFO  o.s.i.e.SourcePollingChannelAdapter - stopped bean 'inMemorySwaggerResourcesProvider-out-0_spca'
