4927 [restartedMain] INFO  c.e.chamapoll.ChamaPollApplication - Starting ChamaPollApplication using Java 11.0.22 on DESKTOP-C76S6GF with PID 5244 (C:\Users\HP\Documents\vicoba-backend-dev\chama-reactive-backend\Chama-Poll\target\classes started by HP in C:\Users\HP\Documents\vicoba-backend-dev)
5068 [restartedMain] INFO  c.e.chamapoll.ChamaPollApplication - The following 1 profile is active: "dev"
5401 [restartedMain] INFO  o.s.b.d.e.DevToolsPropertyDefaultsPostProcessor - Devtools property defaults active! Set 'spring.devtools.add-properties' to 'false' to disable
5402 [restartedMain] INFO  o.s.b.d.e.DevToolsPropertyDefaultsPostProcessor - For additional web related logging consider setting the 'logging.level.web' property to 'DEBUG'
13920 [restartedMain] INFO  o.s.d.r.c.RepositoryConfigurationDelegate - Multiple Spring Data modules found, entering strict repository configuration mode
13933 [restartedMain] INFO  o.s.d.r.c.RepositoryConfigurationDelegate - Bootstrapping Spring Data JPA repositories in DEFAULT mode.
14541 [restartedMain] INFO  o.s.d.r.c.RepositoryConfigurationDelegate - Finished Spring Data repository scanning in 565 ms. Found 5 JPA repository interfaces.
14570 [restartedMain] INFO  o.s.d.r.c.RepositoryConfigurationDelegate - Multiple Spring Data modules found, entering strict repository configuration mode
14573 [restartedMain] INFO  o.s.d.r.c.RepositoryConfigurationDelegate - Bootstrapping Spring Data Redis repositories in DEFAULT mode.
14622 [restartedMain] INFO  o.s.d.r.c.RepositoryConfigurationExtensionSupport - Spring Data Redis - Could not safely identify store assignment for repository candidate interface com.eclectics.chamapoll.repository.MessageTemplatesRepo; If you want this repository to be a Redis repository, consider annotating your entities with one of these annotations: org.springframework.data.redis.core.RedisHash (preferred), or consider extending one of the following types with your repository: org.springframework.data.keyvalue.repository.KeyValueRepository
14626 [restartedMain] INFO  o.s.d.r.c.RepositoryConfigurationExtensionSupport - Spring Data Redis - Could not safely identify store assignment for repository candidate interface com.eclectics.chamapoll.repository.PollCandidatesRepository; If you want this repository to be a Redis repository, consider annotating your entities with one of these annotations: org.springframework.data.redis.core.RedisHash (preferred), or consider extending one of the following types with your repository: org.springframework.data.keyvalue.repository.KeyValueRepository
14627 [restartedMain] INFO  o.s.d.r.c.RepositoryConfigurationExtensionSupport - Spring Data Redis - Could not safely identify store assignment for repository candidate interface com.eclectics.chamapoll.repository.PollPositionsRepository; If you want this repository to be a Redis repository, consider annotating your entities with one of these annotations: org.springframework.data.redis.core.RedisHash (preferred), or consider extending one of the following types with your repository: org.springframework.data.keyvalue.repository.KeyValueRepository
14628 [restartedMain] INFO  o.s.d.r.c.RepositoryConfigurationExtensionSupport - Spring Data Redis - Could not safely identify store assignment for repository candidate interface com.eclectics.chamapoll.repository.PollRepository; If you want this repository to be a Redis repository, consider annotating your entities with one of these annotations: org.springframework.data.redis.core.RedisHash (preferred), or consider extending one of the following types with your repository: org.springframework.data.keyvalue.repository.KeyValueRepository
14629 [restartedMain] INFO  o.s.d.r.c.RepositoryConfigurationExtensionSupport - Spring Data Redis - Could not safely identify store assignment for repository candidate interface com.eclectics.chamapoll.repository.PollVoteDataRepository; If you want this repository to be a Redis repository, consider annotating your entities with one of these annotations: org.springframework.data.redis.core.RedisHash (preferred), or consider extending one of the following types with your repository: org.springframework.data.keyvalue.repository.KeyValueRepository
14630 [restartedMain] INFO  o.s.d.r.c.RepositoryConfigurationDelegate - Finished Spring Data repository scanning in 32 ms. Found 0 Redis repository interfaces.
15807 [restartedMain] INFO  o.s.i.c.DefaultConfiguringBeanFactoryPostProcessor - No bean named 'errorChannel' has been explicitly defined. Therefore, a default PublishSubscribeChannel will be created.
15835 [restartedMain] INFO  o.s.i.c.DefaultConfiguringBeanFactoryPostProcessor - No bean named 'integrationHeaderChannelRegistry' has been explicitly defined. Therefore, a default DefaultHeaderChannelRegistry will be created.
16265 [restartedMain] INFO  o.s.c.context.scope.GenericScope - BeanFactory id=4dece178-8deb-3889-a0bf-727319013bdc
16757 [restartedMain] INFO  o.s.c.s.PostProcessorRegistrationDelegate$BeanPostProcessorChecker - Bean 'org.springframework.security.config.annotation.method.configuration.ReactiveMethodSecurityConfiguration' of type [org.springframework.security.config.annotation.method.configuration.ReactiveMethodSecurityConfiguration] is not eligible for getting processed by all BeanPostProcessors (for example: not eligible for auto-proxying)
16848 [restartedMain] INFO  o.s.c.s.PostProcessorRegistrationDelegate$BeanPostProcessorChecker - Bean 'org.springframework.integration.config.IntegrationManagementConfiguration' of type [org.springframework.integration.config.IntegrationManagementConfiguration] is not eligible for getting processed by all BeanPostProcessors (for example: not eligible for auto-proxying)
16866 [restartedMain] INFO  o.s.c.s.PostProcessorRegistrationDelegate$BeanPostProcessorChecker - Bean 'integrationChannelResolver' of type [org.springframework.integration.support.channel.BeanFactoryChannelResolver] is not eligible for getting processed by all BeanPostProcessors (for example: not eligible for auto-proxying)
16893 [restartedMain] INFO  o.s.c.s.PostProcessorRegistrationDelegate$BeanPostProcessorChecker - Bean 'org.springframework.cloud.client.loadbalancer.reactive.LoadBalancerBeanPostProcessorAutoConfiguration' of type [org.springframework.cloud.client.loadbalancer.reactive.LoadBalancerBeanPostProcessorAutoConfiguration] is not eligible for getting processed by all BeanPostProcessors (for example: not eligible for auto-proxying)
16896 [restartedMain] INFO  o.s.c.s.PostProcessorRegistrationDelegate$BeanPostProcessorChecker - Bean 'org.springframework.cloud.client.loadbalancer.reactive.LoadBalancerBeanPostProcessorAutoConfiguration$ReactorDeferringLoadBalancerFilterConfig' of type [org.springframework.cloud.client.loadbalancer.reactive.LoadBalancerBeanPostProcessorAutoConfiguration$ReactorDeferringLoadBalancerFilterConfig] is not eligible for getting processed by all BeanPostProcessors (for example: not eligible for auto-proxying)
16899 [restartedMain] INFO  o.s.c.s.PostProcessorRegistrationDelegate$BeanPostProcessorChecker - Bean 'reactorDeferringLoadBalancerExchangeFilterFunction' of type [org.springframework.cloud.client.loadbalancer.reactive.DeferringLoadBalancerExchangeFilterFunction] is not eligible for getting processed by all BeanPostProcessors (for example: not eligible for auto-proxying)
17735 [restartedMain] INFO  o.f.c.i.license.VersionPrinter - Flyway Community Edition 8.5.13 by Redgate
17736 [restartedMain] INFO  o.f.c.i.license.VersionPrinter - See what's new here: https://flywaydb.org/documentation/learnmore/releaseNotes#8.5.13
17736 [restartedMain] INFO  o.f.c.i.license.VersionPrinter - 
17762 [restartedMain] INFO  com.zaxxer.hikari.HikariDataSource - HikariPool-1 - Starting...
18945 [restartedMain] INFO  com.zaxxer.hikari.HikariDataSource - HikariPool-1 - Start completed.
19044 [restartedMain] INFO  o.f.c.i.d.base.BaseDatabaseType - Database: jdbc:postgresql://localhost:5432/chamadb (PostgreSQL 16.2)
19063 [restartedMain] WARN  o.f.c.i.database.base.Database - Flyway upgrade recommended: PostgreSQL 16.2 is newer than this version of Flyway and support has not been tested. The latest supported version of PostgreSQL is 14.
19141 [restartedMain] INFO  o.f.c.internal.command.DbValidate - Successfully validated 2 migrations (execution time 00:00.051s)
19163 [restartedMain] INFO  o.f.core.internal.command.DbMigrate - Current version of schema "public": 1.1
19167 [restartedMain] INFO  o.f.core.internal.command.DbMigrate - Schema "public" is up to date. No migration necessary.
19457 [restartedMain] INFO  o.h.jpa.internal.util.LogHelper - HHH000204: Processing PersistenceUnitInfo [name: default]
19627 [restartedMain] INFO  org.hibernate.Version - HHH000412: Hibernate ORM core version 5.6.10.Final
20216 [restartedMain] INFO  o.h.annotations.common.Version - HCANN000001: Hibernate Commons Annotations {5.1.2.Final}
20620 [restartedMain] INFO  org.hibernate.dialect.Dialect - HHH000400: Using dialect: org.hibernate.dialect.PostgreSQL10Dialect
23005 [restartedMain] INFO  o.h.e.t.j.p.i.JtaPlatformInitiator - HHH000490: Using JtaPlatform implementation: [org.hibernate.engine.transaction.jta.platform.internal.NoJtaPlatform]
23030 [restartedMain] INFO  o.s.o.j.LocalContainerEntityManagerFactoryBean - Initialized JPA EntityManagerFactory for persistence unit 'default'
29876 [restartedMain] INFO  o.s.b.a.e.web.EndpointLinksResolver - Exposing 1 endpoint(s) beneath base path '/actuator'
30536 [restartedMain] WARN  o.s.b.d.a.OptionalLiveReloadServer - Unable to start LiveReload server
34697 [restartedMain] INFO  o.s.c.n.e.c.DiscoveryClientOptionalArgsConfiguration - Eureka HTTP Client uses RestTemplate.
34879 [restartedMain] WARN  o.s.c.l.c.LoadBalancerCacheAutoConfiguration$LoadBalancerCaffeineWarnLogger - Spring Cloud LoadBalancer is currently working with the default cache. While this cache implementation is useful for development and tests, it's recommended to use Caffeine cache in production.You can switch to using Caffeine cache, by adding it and org.springframework.cache.caffeine.CaffeineCacheManager to the classpath.
35154 [restartedMain] INFO  o.s.i.endpoint.EventDrivenConsumer - Adding {logging-channel-adapter:_org.springframework.integration.errorLogger} as a subscriber to the 'errorChannel' channel
35155 [restartedMain] INFO  o.s.i.c.PublishSubscribeChannel - Channel 'chama-polls.errorChannel' has 1 subscriber(s).
35156 [restartedMain] INFO  o.s.i.endpoint.EventDrivenConsumer - started bean '_org.springframework.integration.errorLogger'
35156 [restartedMain] INFO  o.s.i.endpoint.EventDrivenConsumer - Adding {router} as a subscriber to the 'inMemorySwaggerResourcesProvider_integrationflow.channel#0' channel
35156 [restartedMain] INFO  o.s.i.channel.DirectChannel - Channel 'chama-polls.inMemorySwaggerResourcesProvider_integrationflow.channel#0' has 1 subscriber(s).
35157 [restartedMain] INFO  o.s.i.endpoint.EventDrivenConsumer - started bean 'inMemorySwaggerResourcesProvider_integrationflow.org.springframework.integration.config.ConsumerEndpointFactoryBean#0'
35160 [restartedMain] INFO  o.s.c.s.binder.DefaultBinderFactory - Creating binder: kafka
35504 [restartedMain] INFO  o.s.c.s.binder.DefaultBinderFactory - Caching the binder: kafka
35504 [restartedMain] INFO  o.s.c.s.binder.DefaultBinderFactory - Retrieving cached binder: kafka
35648 [restartedMain] INFO  o.s.c.s.b.k.p.KafkaTopicProvisioner - Using kafka topic for outbound: inMemorySwaggerResourcesProvider-out-0
37149 [restartedMain] INFO  o.s.c.s.m.DirectWithAttributesChannel - Channel 'chama-polls.inMemorySwaggerResourcesProvider-out-0' has 1 subscriber(s).
37173 [restartedMain] INFO  o.s.c.n.eureka.InstanceInfoFactory - Setting initial instance status as: STARTING
37255 [restartedMain] INFO  c.netflix.discovery.DiscoveryClient - Initializing Eureka in region us-east-1
37266 [restartedMain] INFO  c.n.d.s.r.aws.ConfigClusterResolver - Resolving eureka endpoints via configuration
37322 [restartedMain] INFO  c.netflix.discovery.DiscoveryClient - Disable delta property : false
37323 [restartedMain] INFO  c.netflix.discovery.DiscoveryClient - Single vip registry refresh property : null
37323 [restartedMain] INFO  c.netflix.discovery.DiscoveryClient - Force full registry fetch : false
37323 [restartedMain] INFO  c.netflix.discovery.DiscoveryClient - Application is null : false
37323 [restartedMain] INFO  c.netflix.discovery.DiscoveryClient - Registered Applications size is zero : true
37323 [restartedMain] INFO  c.netflix.discovery.DiscoveryClient - Application version is -1: true
37324 [restartedMain] INFO  c.netflix.discovery.DiscoveryClient - Getting all instance registry info from the eureka server
38216 [restartedMain] INFO  c.netflix.discovery.DiscoveryClient - The response status is 200
38221 [restartedMain] INFO  c.netflix.discovery.DiscoveryClient - Starting heartbeat executor: renew interval is: 30
38227 [restartedMain] INFO  c.n.d.InstanceInfoReplicator - InstanceInfoReplicator onDemand update allowed rate per min is 4
38237 [restartedMain] INFO  c.netflix.discovery.DiscoveryClient - Discovery Client initialized at timestamp 1716982473677 with initial instances count: 2
38244 [restartedMain] INFO  o.s.c.n.e.s.EurekaServiceRegistry - Registering application CHAMA-POLLS with eureka with status UP
38245 [restartedMain] INFO  c.netflix.discovery.DiscoveryClient - Saw local status change event StatusChangeEvent [timestamp=1716982473688, current=UP, previous=STARTING]
38249 [DiscoveryClient-InstanceInfoReplicator-0] INFO  c.netflix.discovery.DiscoveryClient - DiscoveryClient_CHAMA-POLLS/host.docker.internal:chama-polls:8091: registering service...
38260 [restartedMain] INFO  o.s.i.e.SourcePollingChannelAdapter - started bean 'inMemorySwaggerResourcesProvider-out-0_spca'
38343 [DiscoveryClient-InstanceInfoReplicator-0] INFO  c.netflix.discovery.DiscoveryClient - DiscoveryClient_CHAMA-POLLS/host.docker.internal:chama-polls:8091 - registration status: 204
39027 [restartedMain] INFO  o.s.b.w.e.netty.NettyWebServer - Netty started on port 8091
39029 [restartedMain] INFO  o.s.c.n.e.s.EurekaAutoServiceRegistration - Updating port to 8091
41051 [restartedMain] INFO  c.e.chamapoll.ChamaPollApplication - Started ChamaPollApplication in 39.181 seconds (JVM running for 43.027)
41139 [scheduling-1] INFO  c.e.c.s.scheduler.PollsScheduler - Disabling past polls...
41152 [scheduling-1] INFO  c.e.c.s.scheduler.PollsScheduler - Checking for a winner...
337368 [AsyncResolver-bootstrap-executor-0] INFO  c.n.d.s.r.aws.ConfigClusterResolver - Resolving eureka endpoints via configuration
341944 [scheduling-1] INFO  c.e.c.s.scheduler.PollsScheduler - Checking for a winner...
637461 [AsyncResolver-bootstrap-executor-0] INFO  c.n.d.s.r.aws.ConfigClusterResolver - Resolving eureka endpoints via configuration
641240 [scheduling-1] INFO  c.e.c.s.scheduler.PollsScheduler - Disabling past polls...
642320 [scheduling-1] INFO  c.e.c.s.scheduler.PollsScheduler - Checking for a winner...
937483 [AsyncResolver-bootstrap-executor-0] INFO  c.n.d.s.r.aws.ConfigClusterResolver - Resolving eureka endpoints via configuration
942519 [scheduling-1] INFO  c.e.c.s.scheduler.PollsScheduler - Checking for a winner...
1237590 [AsyncResolver-bootstrap-executor-0] INFO  c.n.d.s.r.aws.ConfigClusterResolver - Resolving eureka endpoints via configuration
1241390 [scheduling-1] INFO  c.e.c.s.scheduler.PollsScheduler - Disabling past polls...
1242772 [scheduling-1] INFO  c.e.c.s.scheduler.PollsScheduler - Checking for a winner...
1537660 [AsyncResolver-bootstrap-executor-0] INFO  c.n.d.s.r.aws.ConfigClusterResolver - Resolving eureka endpoints via configuration
1543003 [scheduling-1] INFO  c.e.c.s.scheduler.PollsScheduler - Checking for a winner...
1837803 [AsyncResolver-bootstrap-executor-0] INFO  c.n.d.s.r.aws.ConfigClusterResolver - Resolving eureka endpoints via configuration
1841480 [scheduling-1] INFO  c.e.c.s.scheduler.PollsScheduler - Disabling past polls...
1843261 [scheduling-1] INFO  c.e.c.s.scheduler.PollsScheduler - Checking for a winner...
2137821 [AsyncResolver-bootstrap-executor-0] INFO  c.n.d.s.r.aws.ConfigClusterResolver - Resolving eureka endpoints via configuration
2143296 [scheduling-1] INFO  c.e.c.s.scheduler.PollsScheduler - Checking for a winner...
2437836 [AsyncResolver-bootstrap-executor-0] INFO  c.n.d.s.r.aws.ConfigClusterResolver - Resolving eureka endpoints via configuration
2441589 [scheduling-1] INFO  c.e.c.s.scheduler.PollsScheduler - Disabling past polls...
2443330 [scheduling-1] INFO  c.e.c.s.scheduler.PollsScheduler - Checking for a winner...
2737919 [AsyncResolver-bootstrap-executor-0] INFO  c.n.d.s.r.aws.ConfigClusterResolver - Resolving eureka endpoints via configuration
2744928 [scheduling-1] INFO  c.e.c.s.scheduler.PollsScheduler - Checking for a winner...
3038165 [AsyncResolver-bootstrap-executor-0] INFO  c.n.d.s.r.aws.ConfigClusterResolver - Resolving eureka endpoints via configuration
3041738 [scheduling-1] INFO  c.e.c.s.scheduler.PollsScheduler - Disabling past polls...
3046100 [scheduling-1] INFO  c.e.c.s.scheduler.PollsScheduler - Checking for a winner...
3338208 [AsyncResolver-bootstrap-executor-0] INFO  c.n.d.s.r.aws.ConfigClusterResolver - Resolving eureka endpoints via configuration
3346246 [scheduling-1] INFO  c.e.c.s.scheduler.PollsScheduler - Checking for a winner...
3638242 [AsyncResolver-bootstrap-executor-0] INFO  c.n.d.s.r.aws.ConfigClusterResolver - Resolving eureka endpoints via configuration
3643640 [scheduling-1] INFO  c.e.c.s.scheduler.PollsScheduler - Disabling past polls...
3646499 [scheduling-1] INFO  c.e.c.s.scheduler.PollsScheduler - Checking for a winner...
3938268 [AsyncResolver-bootstrap-executor-0] INFO  c.n.d.s.r.aws.ConfigClusterResolver - Resolving eureka endpoints via configuration
3946663 [scheduling-1] INFO  c.e.c.s.scheduler.PollsScheduler - Checking for a winner...
4238291 [AsyncResolver-bootstrap-executor-0] INFO  c.n.d.s.r.aws.ConfigClusterResolver - Resolving eureka endpoints via configuration
4243705 [scheduling-1] INFO  c.e.c.s.scheduler.PollsScheduler - Disabling past polls...
4246685 [scheduling-1] INFO  c.e.c.s.scheduler.PollsScheduler - Checking for a winner...
4538312 [AsyncResolver-bootstrap-executor-0] INFO  c.n.d.s.r.aws.ConfigClusterResolver - Resolving eureka endpoints via configuration
4547009 [scheduling-1] INFO  c.e.c.s.scheduler.PollsScheduler - Checking for a winner...
4838367 [AsyncResolver-bootstrap-executor-0] INFO  c.n.d.s.r.aws.ConfigClusterResolver - Resolving eureka endpoints via configuration
4843740 [scheduling-1] INFO  c.e.c.s.scheduler.PollsScheduler - Disabling past polls...
4847354 [scheduling-1] INFO  c.e.c.s.scheduler.PollsScheduler - Checking for a winner...
5138382 [AsyncResolver-bootstrap-executor-0] INFO  c.n.d.s.r.aws.ConfigClusterResolver - Resolving eureka endpoints via configuration
5147377 [scheduling-1] INFO  c.e.c.s.scheduler.PollsScheduler - Checking for a winner...
5438421 [AsyncResolver-bootstrap-executor-0] INFO  c.n.d.s.r.aws.ConfigClusterResolver - Resolving eureka endpoints via configuration
5443881 [scheduling-1] INFO  c.e.c.s.scheduler.PollsScheduler - Disabling past polls...
5447403 [scheduling-1] INFO  c.e.c.s.scheduler.PollsScheduler - Checking for a winner...
5738468 [AsyncResolver-bootstrap-executor-0] INFO  c.n.d.s.r.aws.ConfigClusterResolver - Resolving eureka endpoints via configuration
5747461 [scheduling-1] INFO  c.e.c.s.scheduler.PollsScheduler - Checking for a winner...
6038495 [AsyncResolver-bootstrap-executor-0] INFO  c.n.d.s.r.aws.ConfigClusterResolver - Resolving eureka endpoints via configuration
6044085 [scheduling-1] INFO  c.e.c.s.scheduler.PollsScheduler - Disabling past polls...
6047489 [scheduling-1] INFO  c.e.c.s.scheduler.PollsScheduler - Checking for a winner...
6338578 [AsyncResolver-bootstrap-executor-0] INFO  c.n.d.s.r.aws.ConfigClusterResolver - Resolving eureka endpoints via configuration
6347506 [scheduling-1] INFO  c.e.c.s.scheduler.PollsScheduler - Checking for a winner...
6638594 [AsyncResolver-bootstrap-executor-0] INFO  c.n.d.s.r.aws.ConfigClusterResolver - Resolving eureka endpoints via configuration
6644107 [scheduling-1] INFO  c.e.c.s.scheduler.PollsScheduler - Disabling past polls...
6647525 [scheduling-1] INFO  c.e.c.s.scheduler.PollsScheduler - Checking for a winner...
6938609 [AsyncResolver-bootstrap-executor-0] INFO  c.n.d.s.r.aws.ConfigClusterResolver - Resolving eureka endpoints via configuration
6947759 [scheduling-1] INFO  c.e.c.s.scheduler.PollsScheduler - Checking for a winner...
7238903 [AsyncResolver-bootstrap-executor-0] INFO  c.n.d.s.r.aws.ConfigClusterResolver - Resolving eureka endpoints via configuration
7244458 [scheduling-1] INFO  c.e.c.s.scheduler.PollsScheduler - Disabling past polls...
7248027 [scheduling-1] INFO  c.e.c.s.scheduler.PollsScheduler - Checking for a winner...
7539591 [AsyncResolver-bootstrap-executor-0] INFO  c.n.d.s.r.aws.ConfigClusterResolver - Resolving eureka endpoints via configuration
7548321 [scheduling-1] INFO  c.e.c.s.scheduler.PollsScheduler - Checking for a winner...
7839708 [AsyncResolver-bootstrap-executor-0] INFO  c.n.d.s.r.aws.ConfigClusterResolver - Resolving eureka endpoints via configuration
7844641 [scheduling-1] INFO  c.e.c.s.scheduler.PollsScheduler - Disabling past polls...
7849135 [scheduling-1] INFO  c.e.c.s.scheduler.PollsScheduler - Checking for a winner...
8139753 [AsyncResolver-bootstrap-executor-0] INFO  c.n.d.s.r.aws.ConfigClusterResolver - Resolving eureka endpoints via configuration
8149423 [scheduling-1] INFO  c.e.c.s.scheduler.PollsScheduler - Checking for a winner...
8439861 [AsyncResolver-bootstrap-executor-0] INFO  c.n.d.s.r.aws.ConfigClusterResolver - Resolving eureka endpoints via configuration
8444808 [scheduling-1] INFO  c.e.c.s.scheduler.PollsScheduler - Disabling past polls...
8449720 [scheduling-1] INFO  c.e.c.s.scheduler.PollsScheduler - Checking for a winner...
8739927 [AsyncResolver-bootstrap-executor-0] INFO  c.n.d.s.r.aws.ConfigClusterResolver - Resolving eureka endpoints via configuration
8749996 [scheduling-1] INFO  c.e.c.s.scheduler.PollsScheduler - Checking for a winner...
9039996 [AsyncResolver-bootstrap-executor-0] INFO  c.n.d.s.r.aws.ConfigClusterResolver - Resolving eureka endpoints via configuration
9045521 [scheduling-1] INFO  c.e.c.s.scheduler.PollsScheduler - Disabling past polls...
9050356 [scheduling-1] INFO  c.e.c.s.scheduler.PollsScheduler - Checking for a winner...
9340007 [AsyncResolver-bootstrap-executor-0] INFO  c.n.d.s.r.aws.ConfigClusterResolver - Resolving eureka endpoints via configuration
9350378 [scheduling-1] INFO  c.e.c.s.scheduler.PollsScheduler - Checking for a winner...
9640140 [AsyncResolver-bootstrap-executor-0] INFO  c.n.d.s.r.aws.ConfigClusterResolver - Resolving eureka endpoints via configuration
9653013 [scheduling-1] INFO  c.e.c.s.scheduler.PollsScheduler - Disabling past polls...
9653186 [scheduling-1] INFO  c.e.c.s.scheduler.PollsScheduler - Checking for a winner...
9940679 [AsyncResolver-bootstrap-executor-0] INFO  c.n.d.s.r.aws.ConfigClusterResolver - Resolving eureka endpoints via configuration
9957747 [scheduling-1] INFO  c.e.c.s.scheduler.PollsScheduler - Checking for a winner...
10240695 [AsyncResolver-bootstrap-executor-0] INFO  c.n.d.s.r.aws.ConfigClusterResolver - Resolving eureka endpoints via configuration
10253169 [scheduling-1] INFO  c.e.c.s.scheduler.PollsScheduler - Disabling past polls...
10257841 [scheduling-1] INFO  c.e.c.s.scheduler.PollsScheduler - Checking for a winner...
10540713 [AsyncResolver-bootstrap-executor-0] INFO  c.n.d.s.r.aws.ConfigClusterResolver - Resolving eureka endpoints via configuration
10557869 [scheduling-1] INFO  c.e.c.s.scheduler.PollsScheduler - Checking for a winner...
12364148 [scheduling-1] INFO  c.e.c.s.scheduler.PollsScheduler - Disabling past polls...
12364338 [scheduling-1] INFO  c.e.c.s.scheduler.PollsScheduler - Checking for a winner...
12368108 [kafka-producer-network-thread | producer-1] ERROR o.s.k.s.LoggingProducerListener - Exception thrown when sending a message with key='null' and payload='byte[90]' to topic inMemorySwaggerResourcesProvider-out-0:
org.apache.kafka.common.errors.NetworkException: Disconnected from node 1
12387921 [HikariPool-1 housekeeper] WARN  com.zaxxer.hikari.pool.HikariPool - HikariPool-1 - Thread starvation or clock leap detected (housekeeper delta=27m5s242ms403µs100ns).
12435989 [AsyncResolver-bootstrap-executor-0] INFO  c.n.d.s.r.aws.ConfigClusterResolver - Resolving eureka endpoints via configuration
12664944 [scheduling-1] INFO  c.e.c.s.scheduler.PollsScheduler - Checking for a winner...
12736136 [AsyncResolver-bootstrap-executor-0] INFO  c.n.d.s.r.aws.ConfigClusterResolver - Resolving eureka endpoints via configuration
12964423 [scheduling-1] INFO  c.e.c.s.scheduler.PollsScheduler - Disabling past polls...
12965455 [scheduling-1] INFO  c.e.c.s.scheduler.PollsScheduler - Checking for a winner...
13036158 [AsyncResolver-bootstrap-executor-0] INFO  c.n.d.s.r.aws.ConfigClusterResolver - Resolving eureka endpoints via configuration
13265492 [scheduling-1] INFO  c.e.c.s.scheduler.PollsScheduler - Checking for a winner...
13336172 [AsyncResolver-bootstrap-executor-0] INFO  c.n.d.s.r.aws.ConfigClusterResolver - Resolving eureka endpoints via configuration
13564458 [scheduling-1] INFO  c.e.c.s.scheduler.PollsScheduler - Disabling past polls...
13565520 [scheduling-1] INFO  c.e.c.s.scheduler.PollsScheduler - Checking for a winner...
13636178 [AsyncResolver-bootstrap-executor-0] INFO  c.n.d.s.r.aws.ConfigClusterResolver - Resolving eureka endpoints via configuration
13865628 [scheduling-1] INFO  c.e.c.s.scheduler.PollsScheduler - Checking for a winner...
13936204 [AsyncResolver-bootstrap-executor-0] INFO  c.n.d.s.r.aws.ConfigClusterResolver - Resolving eureka endpoints via configuration
14166907 [scheduling-1] INFO  c.e.c.s.scheduler.PollsScheduler - Disabling past polls...
14167413 [scheduling-1] INFO  c.e.c.s.scheduler.PollsScheduler - Checking for a winner...
14236225 [AsyncResolver-bootstrap-executor-0] INFO  c.n.d.s.r.aws.ConfigClusterResolver - Resolving eureka endpoints via configuration
14470642 [scheduling-1] INFO  c.e.c.s.scheduler.PollsScheduler - Checking for a winner...
14536338 [AsyncResolver-bootstrap-executor-0] INFO  c.n.d.s.r.aws.ConfigClusterResolver - Resolving eureka endpoints via configuration
14767568 [scheduling-1] INFO  c.e.c.s.scheduler.PollsScheduler - Disabling past polls...
14771064 [scheduling-1] INFO  c.e.c.s.scheduler.PollsScheduler - Checking for a winner...
14836412 [AsyncResolver-bootstrap-executor-0] INFO  c.n.d.s.r.aws.ConfigClusterResolver - Resolving eureka endpoints via configuration
15071160 [scheduling-1] INFO  c.e.c.s.scheduler.PollsScheduler - Checking for a winner...
