4395 [restartedMain] INFO  c.e.chamapoll.ChamaPollApplication - Starting ChamaPollApplication using Java 11.0.22 on DESKTOP-C76S6GF with PID 13772 (C:\Users\HP\Documents\vicoba-backend-dev\chama-reactive-backend\Chama-Poll\target\classes started by HP in C:\Users\HP\Documents\vicoba-backend-dev)
4429 [restartedMain] INFO  c.e.chamapoll.ChamaPollApplication - The following 1 profile is active: "dev"
4598 [restartedMain] INFO  o.s.b.d.e.DevToolsPropertyDefaultsPostProcessor - Devtools property defaults active! Set 'spring.devtools.add-properties' to 'false' to disable
4600 [restartedMain] INFO  o.s.b.d.e.DevToolsPropertyDefaultsPostProcessor - For additional web related logging consider setting the 'logging.level.web' property to 'DEBUG'
10843 [restartedMain] INFO  o.s.d.r.c.RepositoryConfigurationDelegate - Multiple Spring Data modules found, entering strict repository configuration mode
10851 [restartedMain] INFO  o.s.d.r.c.RepositoryConfigurationDelegate - Bootstrapping Spring Data JPA repositories in DEFAULT mode.
11425 [restartedMain] INFO  o.s.d.r.c.RepositoryConfigurationDelegate - Finished Spring Data repository scanning in 549 ms. Found 5 JPA repository interfaces.
11451 [restartedMain] INFO  o.s.d.r.c.RepositoryConfigurationDelegate - Multiple Spring Data modules found, entering strict repository configuration mode
11454 [restartedMain] INFO  o.s.d.r.c.RepositoryConfigurationDelegate - Bootstrapping Spring Data Redis repositories in DEFAULT mode.
11508 [restartedMain] INFO  o.s.d.r.c.RepositoryConfigurationExtensionSupport - Spring Data Redis - Could not safely identify store assignment for repository candidate interface com.eclectics.chamapoll.repository.MessageTemplatesRepo; If you want this repository to be a Redis repository, consider annotating your entities with one of these annotations: org.springframework.data.redis.core.RedisHash (preferred), or consider extending one of the following types with your repository: org.springframework.data.keyvalue.repository.KeyValueRepository
11511 [restartedMain] INFO  o.s.d.r.c.RepositoryConfigurationExtensionSupport - Spring Data Redis - Could not safely identify store assignment for repository candidate interface com.eclectics.chamapoll.repository.PollCandidatesRepository; If you want this repository to be a Redis repository, consider annotating your entities with one of these annotations: org.springframework.data.redis.core.RedisHash (preferred), or consider extending one of the following types with your repository: org.springframework.data.keyvalue.repository.KeyValueRepository
11512 [restartedMain] INFO  o.s.d.r.c.RepositoryConfigurationExtensionSupport - Spring Data Redis - Could not safely identify store assignment for repository candidate interface com.eclectics.chamapoll.repository.PollPositionsRepository; If you want this repository to be a Redis repository, consider annotating your entities with one of these annotations: org.springframework.data.redis.core.RedisHash (preferred), or consider extending one of the following types with your repository: org.springframework.data.keyvalue.repository.KeyValueRepository
11513 [restartedMain] INFO  o.s.d.r.c.RepositoryConfigurationExtensionSupport - Spring Data Redis - Could not safely identify store assignment for repository candidate interface com.eclectics.chamapoll.repository.PollRepository; If you want this repository to be a Redis repository, consider annotating your entities with one of these annotations: org.springframework.data.redis.core.RedisHash (preferred), or consider extending one of the following types with your repository: org.springframework.data.keyvalue.repository.KeyValueRepository
11515 [restartedMain] INFO  o.s.d.r.c.RepositoryConfigurationExtensionSupport - Spring Data Redis - Could not safely identify store assignment for repository candidate interface com.eclectics.chamapoll.repository.PollVoteDataRepository; If you want this repository to be a Redis repository, consider annotating your entities with one of these annotations: org.springframework.data.redis.core.RedisHash (preferred), or consider extending one of the following types with your repository: org.springframework.data.keyvalue.repository.KeyValueRepository
11515 [restartedMain] INFO  o.s.d.r.c.RepositoryConfigurationDelegate - Finished Spring Data repository scanning in 36 ms. Found 0 Redis repository interfaces.
12368 [restartedMain] INFO  o.s.i.c.DefaultConfiguringBeanFactoryPostProcessor - No bean named 'errorChannel' has been explicitly defined. Therefore, a default PublishSubscribeChannel will be created.
12406 [restartedMain] INFO  o.s.i.c.DefaultConfiguringBeanFactoryPostProcessor - No bean named 'integrationHeaderChannelRegistry' has been explicitly defined. Therefore, a default DefaultHeaderChannelRegistry will be created.
12754 [restartedMain] INFO  o.s.c.context.scope.GenericScope - BeanFactory id=4dece178-8deb-3889-a0bf-727319013bdc
13363 [restartedMain] INFO  o.s.c.s.PostProcessorRegistrationDelegate$BeanPostProcessorChecker - Bean 'org.springframework.security.config.annotation.method.configuration.ReactiveMethodSecurityConfiguration' of type [org.springframework.security.config.annotation.method.configuration.ReactiveMethodSecurityConfiguration] is not eligible for getting processed by all BeanPostProcessors (for example: not eligible for auto-proxying)
13488 [restartedMain] INFO  o.s.c.s.PostProcessorRegistrationDelegate$BeanPostProcessorChecker - Bean 'org.springframework.integration.config.IntegrationManagementConfiguration' of type [org.springframework.integration.config.IntegrationManagementConfiguration] is not eligible for getting processed by all BeanPostProcessors (for example: not eligible for auto-proxying)
13507 [restartedMain] INFO  o.s.c.s.PostProcessorRegistrationDelegate$BeanPostProcessorChecker - Bean 'integrationChannelResolver' of type [org.springframework.integration.support.channel.BeanFactoryChannelResolver] is not eligible for getting processed by all BeanPostProcessors (for example: not eligible for auto-proxying)
13549 [restartedMain] INFO  o.s.c.s.PostProcessorRegistrationDelegate$BeanPostProcessorChecker - Bean 'org.springframework.cloud.client.loadbalancer.reactive.LoadBalancerBeanPostProcessorAutoConfiguration' of type [org.springframework.cloud.client.loadbalancer.reactive.LoadBalancerBeanPostProcessorAutoConfiguration] is not eligible for getting processed by all BeanPostProcessors (for example: not eligible for auto-proxying)
13553 [restartedMain] INFO  o.s.c.s.PostProcessorRegistrationDelegate$BeanPostProcessorChecker - Bean 'org.springframework.cloud.client.loadbalancer.reactive.LoadBalancerBeanPostProcessorAutoConfiguration$ReactorDeferringLoadBalancerFilterConfig' of type [org.springframework.cloud.client.loadbalancer.reactive.LoadBalancerBeanPostProcessorAutoConfiguration$ReactorDeferringLoadBalancerFilterConfig] is not eligible for getting processed by all BeanPostProcessors (for example: not eligible for auto-proxying)
13557 [restartedMain] INFO  o.s.c.s.PostProcessorRegistrationDelegate$BeanPostProcessorChecker - Bean 'reactorDeferringLoadBalancerExchangeFilterFunction' of type [org.springframework.cloud.client.loadbalancer.reactive.DeferringLoadBalancerExchangeFilterFunction] is not eligible for getting processed by all BeanPostProcessors (for example: not eligible for auto-proxying)
14611 [restartedMain] INFO  o.f.c.i.license.VersionPrinter - Flyway Community Edition 8.5.13 by Redgate
14612 [restartedMain] INFO  o.f.c.i.license.VersionPrinter - See what's new here: https://flywaydb.org/documentation/learnmore/releaseNotes#8.5.13
14613 [restartedMain] INFO  o.f.c.i.license.VersionPrinter - 
14636 [restartedMain] INFO  com.zaxxer.hikari.HikariDataSource - HikariPool-1 - Starting...
15861 [restartedMain] INFO  com.zaxxer.hikari.HikariDataSource - HikariPool-1 - Start completed.
15904 [restartedMain] INFO  o.f.c.i.d.base.BaseDatabaseType - Database: jdbc:postgresql://localhost:5432/chamadb (PostgreSQL 16.2)
15923 [restartedMain] WARN  o.f.c.i.database.base.Database - Flyway upgrade recommended: PostgreSQL 16.2 is newer than this version of Flyway and support has not been tested. The latest supported version of PostgreSQL is 14.
16006 [restartedMain] INFO  o.f.c.internal.command.DbValidate - Successfully validated 2 migrations (execution time 00:00.057s)
16027 [restartedMain] INFO  o.f.core.internal.command.DbMigrate - Current version of schema "public": 1.1
16030 [restartedMain] INFO  o.f.core.internal.command.DbMigrate - Schema "public" is up to date. No migration necessary.
16407 [restartedMain] INFO  o.h.jpa.internal.util.LogHelper - HHH000204: Processing PersistenceUnitInfo [name: default]
16671 [restartedMain] INFO  org.hibernate.Version - HHH000412: Hibernate ORM core version 5.6.10.Final
17313 [restartedMain] INFO  o.h.annotations.common.Version - HCANN000001: Hibernate Commons Annotations {5.1.2.Final}
17837 [restartedMain] INFO  org.hibernate.dialect.Dialect - HHH000400: Using dialect: org.hibernate.dialect.PostgreSQL10Dialect
21153 [restartedMain] INFO  o.h.e.t.j.p.i.JtaPlatformInitiator - HHH000490: Using JtaPlatform implementation: [org.hibernate.engine.transaction.jta.platform.internal.NoJtaPlatform]
21177 [restartedMain] INFO  o.s.o.j.LocalContainerEntityManagerFactoryBean - Initialized JPA EntityManagerFactory for persistence unit 'default'
27186 [restartedMain] INFO  o.s.b.a.e.web.EndpointLinksResolver - Exposing 1 endpoint(s) beneath base path '/actuator'
27849 [restartedMain] WARN  o.s.b.d.a.OptionalLiveReloadServer - Unable to start LiveReload server
32689 [restartedMain] INFO  o.s.c.n.e.c.DiscoveryClientOptionalArgsConfiguration - Eureka HTTP Client uses RestTemplate.
32929 [restartedMain] WARN  o.s.c.l.c.LoadBalancerCacheAutoConfiguration$LoadBalancerCaffeineWarnLogger - Spring Cloud LoadBalancer is currently working with the default cache. While this cache implementation is useful for development and tests, it's recommended to use Caffeine cache in production.You can switch to using Caffeine cache, by adding it and org.springframework.cache.caffeine.CaffeineCacheManager to the classpath.
33194 [restartedMain] INFO  o.s.i.endpoint.EventDrivenConsumer - Adding {logging-channel-adapter:_org.springframework.integration.errorLogger} as a subscriber to the 'errorChannel' channel
33195 [restartedMain] INFO  o.s.i.c.PublishSubscribeChannel - Channel 'chama-polls.errorChannel' has 1 subscriber(s).
33196 [restartedMain] INFO  o.s.i.endpoint.EventDrivenConsumer - started bean '_org.springframework.integration.errorLogger'
33197 [restartedMain] INFO  o.s.i.endpoint.EventDrivenConsumer - Adding {router} as a subscriber to the 'inMemorySwaggerResourcesProvider_integrationflow.channel#0' channel
33197 [restartedMain] INFO  o.s.i.channel.DirectChannel - Channel 'chama-polls.inMemorySwaggerResourcesProvider_integrationflow.channel#0' has 1 subscriber(s).
33198 [restartedMain] INFO  o.s.i.endpoint.EventDrivenConsumer - started bean 'inMemorySwaggerResourcesProvider_integrationflow.org.springframework.integration.config.ConsumerEndpointFactoryBean#0'
33200 [restartedMain] INFO  o.s.c.s.binder.DefaultBinderFactory - Creating binder: kafka
33677 [restartedMain] INFO  o.s.c.s.binder.DefaultBinderFactory - Caching the binder: kafka
33678 [restartedMain] INFO  o.s.c.s.binder.DefaultBinderFactory - Retrieving cached binder: kafka
33847 [restartedMain] INFO  o.s.c.s.b.k.p.KafkaTopicProvisioner - Using kafka topic for outbound: inMemorySwaggerResourcesProvider-out-0
35668 [restartedMain] INFO  o.s.c.s.m.DirectWithAttributesChannel - Channel 'chama-polls.inMemorySwaggerResourcesProvider-out-0' has 1 subscriber(s).
35701 [restartedMain] INFO  o.s.c.n.eureka.InstanceInfoFactory - Setting initial instance status as: STARTING
35883 [restartedMain] INFO  c.netflix.discovery.DiscoveryClient - Initializing Eureka in region us-east-1
35902 [restartedMain] INFO  c.n.d.s.r.aws.ConfigClusterResolver - Resolving eureka endpoints via configuration
35975 [restartedMain] INFO  c.netflix.discovery.DiscoveryClient - Disable delta property : false
35976 [restartedMain] INFO  c.netflix.discovery.DiscoveryClient - Single vip registry refresh property : null
35976 [restartedMain] INFO  c.netflix.discovery.DiscoveryClient - Force full registry fetch : false
35977 [restartedMain] INFO  c.netflix.discovery.DiscoveryClient - Application is null : false
35977 [restartedMain] INFO  c.netflix.discovery.DiscoveryClient - Registered Applications size is zero : true
35978 [restartedMain] INFO  c.netflix.discovery.DiscoveryClient - Application version is -1: true
35978 [restartedMain] INFO  c.netflix.discovery.DiscoveryClient - Getting all instance registry info from the eureka server
36887 [restartedMain] INFO  c.netflix.discovery.DiscoveryClient - The response status is 200
36894 [restartedMain] INFO  c.netflix.discovery.DiscoveryClient - Starting heartbeat executor: renew interval is: 30
36901 [restartedMain] INFO  c.n.d.InstanceInfoReplicator - InstanceInfoReplicator onDemand update allowed rate per min is 4
36911 [restartedMain] INFO  c.netflix.discovery.DiscoveryClient - Discovery Client initialized at timestamp 1716268986334 with initial instances count: 2
36942 [restartedMain] INFO  o.s.c.n.e.s.EurekaServiceRegistry - Registering application CHAMA-POLLS with eureka with status UP
36943 [restartedMain] INFO  c.netflix.discovery.DiscoveryClient - Saw local status change event StatusChangeEvent [timestamp=1716268986368, current=UP, previous=STARTING]
36959 [restartedMain] INFO  o.s.i.e.SourcePollingChannelAdapter - started bean 'inMemorySwaggerResourcesProvider-out-0_spca'
36950 [DiscoveryClient-InstanceInfoReplicator-0] INFO  c.netflix.discovery.DiscoveryClient - DiscoveryClient_CHAMA-POLLS/host.docker.internal:chama-polls:8091: registering service...
37143 [DiscoveryClient-InstanceInfoReplicator-0] INFO  c.netflix.discovery.DiscoveryClient - DiscoveryClient_CHAMA-POLLS/host.docker.internal:chama-polls:8091 - registration status: 204
37939 [restartedMain] INFO  o.s.b.w.e.netty.NettyWebServer - Netty started on port 8091
37943 [restartedMain] INFO  o.s.c.n.e.s.EurekaAutoServiceRegistration - Updating port to 8091
40321 [restartedMain] INFO  c.e.chamapoll.ChamaPollApplication - Started ChamaPollApplication in 38.227 seconds (JVM running for 41.536)
40406 [scheduling-1] INFO  c.e.c.s.scheduler.PollsScheduler - Disabling past polls...
40416 [scheduling-1] INFO  c.e.c.s.scheduler.PollsScheduler - Checking for a winner...
335987 [AsyncResolver-bootstrap-executor-0] INFO  c.n.d.s.r.aws.ConfigClusterResolver - Resolving eureka endpoints via configuration
340857 [scheduling-1] INFO  c.e.c.s.scheduler.PollsScheduler - Checking for a winner...
636009 [AsyncResolver-bootstrap-executor-0] INFO  c.n.d.s.r.aws.ConfigClusterResolver - Resolving eureka endpoints via configuration
640432 [scheduling-1] INFO  c.e.c.s.scheduler.PollsScheduler - Disabling past polls...
640910 [scheduling-1] INFO  c.e.c.s.scheduler.PollsScheduler - Checking for a winner...
936022 [AsyncResolver-bootstrap-executor-0] INFO  c.n.d.s.r.aws.ConfigClusterResolver - Resolving eureka endpoints via configuration
940930 [scheduling-1] INFO  c.e.c.s.scheduler.PollsScheduler - Checking for a winner...
1236026 [AsyncResolver-bootstrap-executor-0] INFO  c.n.d.s.r.aws.ConfigClusterResolver - Resolving eureka endpoints via configuration
1240457 [scheduling-1] INFO  c.e.c.s.scheduler.PollsScheduler - Disabling past polls...
1240953 [scheduling-1] INFO  c.e.c.s.scheduler.PollsScheduler - Checking for a winner...
1536031 [AsyncResolver-bootstrap-executor-0] INFO  c.n.d.s.r.aws.ConfigClusterResolver - Resolving eureka endpoints via configuration
1540984 [scheduling-1] INFO  c.e.c.s.scheduler.PollsScheduler - Checking for a winner...
1836040 [AsyncResolver-bootstrap-executor-0] INFO  c.n.d.s.r.aws.ConfigClusterResolver - Resolving eureka endpoints via configuration
1840505 [scheduling-1] INFO  c.e.c.s.scheduler.PollsScheduler - Disabling past polls...
1841014 [scheduling-1] INFO  c.e.c.s.scheduler.PollsScheduler - Checking for a winner...
2136048 [AsyncResolver-bootstrap-executor-0] INFO  c.n.d.s.r.aws.ConfigClusterResolver - Resolving eureka endpoints via configuration
2141037 [scheduling-1] INFO  c.e.c.s.scheduler.PollsScheduler - Checking for a winner...
2436051 [AsyncResolver-bootstrap-executor-0] INFO  c.n.d.s.r.aws.ConfigClusterResolver - Resolving eureka endpoints via configuration
2440532 [scheduling-1] INFO  c.e.c.s.scheduler.PollsScheduler - Disabling past polls...
2441055 [scheduling-1] INFO  c.e.c.s.scheduler.PollsScheduler - Checking for a winner...
2736075 [AsyncResolver-bootstrap-executor-0] INFO  c.n.d.s.r.aws.ConfigClusterResolver - Resolving eureka endpoints via configuration
2741087 [scheduling-1] INFO  c.e.c.s.scheduler.PollsScheduler - Checking for a winner...
3037425 [AsyncResolver-bootstrap-executor-0] INFO  c.n.d.s.r.aws.ConfigClusterResolver - Resolving eureka endpoints via configuration
3041925 [scheduling-1] INFO  c.e.c.s.scheduler.PollsScheduler - Disabling past polls...
3042458 [scheduling-1] INFO  c.e.c.s.scheduler.PollsScheduler - Checking for a winner...
3337467 [AsyncResolver-bootstrap-executor-0] INFO  c.n.d.s.r.aws.ConfigClusterResolver - Resolving eureka endpoints via configuration
3342521 [scheduling-1] INFO  c.e.c.s.scheduler.PollsScheduler - Checking for a winner...
3637492 [AsyncResolver-bootstrap-executor-0] INFO  c.n.d.s.r.aws.ConfigClusterResolver - Resolving eureka endpoints via configuration
3641960 [scheduling-1] INFO  c.e.c.s.scheduler.PollsScheduler - Disabling past polls...
3642569 [scheduling-1] INFO  c.e.c.s.scheduler.PollsScheduler - Checking for a winner...
3937510 [AsyncResolver-bootstrap-executor-0] INFO  c.n.d.s.r.aws.ConfigClusterResolver - Resolving eureka endpoints via configuration
3942585 [scheduling-1] INFO  c.e.c.s.scheduler.PollsScheduler - Checking for a winner...
4237527 [AsyncResolver-bootstrap-executor-0] INFO  c.n.d.s.r.aws.ConfigClusterResolver - Resolving eureka endpoints via configuration
4241984 [scheduling-1] INFO  c.e.c.s.scheduler.PollsScheduler - Disabling past polls...
4242601 [scheduling-1] INFO  c.e.c.s.scheduler.PollsScheduler - Checking for a winner...
4537532 [AsyncResolver-bootstrap-executor-0] INFO  c.n.d.s.r.aws.ConfigClusterResolver - Resolving eureka endpoints via configuration
4542661 [scheduling-1] INFO  c.e.c.s.scheduler.PollsScheduler - Checking for a winner...
4837544 [AsyncResolver-bootstrap-executor-0] INFO  c.n.d.s.r.aws.ConfigClusterResolver - Resolving eureka endpoints via configuration
4842023 [scheduling-1] INFO  c.e.c.s.scheduler.PollsScheduler - Disabling past polls...
4842694 [scheduling-1] INFO  c.e.c.s.scheduler.PollsScheduler - Checking for a winner...
5137567 [AsyncResolver-bootstrap-executor-0] INFO  c.n.d.s.r.aws.ConfigClusterResolver - Resolving eureka endpoints via configuration
5142725 [scheduling-1] INFO  c.e.c.s.scheduler.PollsScheduler - Checking for a winner...
5437581 [AsyncResolver-bootstrap-executor-0] INFO  c.n.d.s.r.aws.ConfigClusterResolver - Resolving eureka endpoints via configuration
5442042 [scheduling-1] INFO  c.e.c.s.scheduler.PollsScheduler - Disabling past polls...
5442754 [scheduling-1] INFO  c.e.c.s.scheduler.PollsScheduler - Checking for a winner...
5737585 [AsyncResolver-bootstrap-executor-0] INFO  c.n.d.s.r.aws.ConfigClusterResolver - Resolving eureka endpoints via configuration
5742786 [scheduling-1] INFO  c.e.c.s.scheduler.PollsScheduler - Checking for a winner...
6037593 [AsyncResolver-bootstrap-executor-0] INFO  c.n.d.s.r.aws.ConfigClusterResolver - Resolving eureka endpoints via configuration
6042051 [scheduling-1] INFO  c.e.c.s.scheduler.PollsScheduler - Disabling past polls...
6042805 [scheduling-1] INFO  c.e.c.s.scheduler.PollsScheduler - Checking for a winner...
6337605 [AsyncResolver-bootstrap-executor-0] INFO  c.n.d.s.r.aws.ConfigClusterResolver - Resolving eureka endpoints via configuration
6342833 [scheduling-1] INFO  c.e.c.s.scheduler.PollsScheduler - Checking for a winner...
6637618 [AsyncResolver-bootstrap-executor-0] INFO  c.n.d.s.r.aws.ConfigClusterResolver - Resolving eureka endpoints via configuration
6642064 [scheduling-1] INFO  c.e.c.s.scheduler.PollsScheduler - Disabling past polls...
6642856 [scheduling-1] INFO  c.e.c.s.scheduler.PollsScheduler - Checking for a winner...
6937630 [AsyncResolver-bootstrap-executor-0] INFO  c.n.d.s.r.aws.ConfigClusterResolver - Resolving eureka endpoints via configuration
6942873 [scheduling-1] INFO  c.e.c.s.scheduler.PollsScheduler - Checking for a winner...
7237646 [AsyncResolver-bootstrap-executor-0] INFO  c.n.d.s.r.aws.ConfigClusterResolver - Resolving eureka endpoints via configuration
7242103 [scheduling-1] INFO  c.e.c.s.scheduler.PollsScheduler - Disabling past polls...
7242897 [scheduling-1] INFO  c.e.c.s.scheduler.PollsScheduler - Checking for a winner...
7537650 [AsyncResolver-bootstrap-executor-0] INFO  c.n.d.s.r.aws.ConfigClusterResolver - Resolving eureka endpoints via configuration
7542921 [scheduling-1] INFO  c.e.c.s.scheduler.PollsScheduler - Checking for a winner...
7837654 [AsyncResolver-bootstrap-executor-0] INFO  c.n.d.s.r.aws.ConfigClusterResolver - Resolving eureka endpoints via configuration
7842124 [scheduling-1] INFO  c.e.c.s.scheduler.PollsScheduler - Disabling past polls...
7842936 [scheduling-1] INFO  c.e.c.s.scheduler.PollsScheduler - Checking for a winner...
8137665 [AsyncResolver-bootstrap-executor-0] INFO  c.n.d.s.r.aws.ConfigClusterResolver - Resolving eureka endpoints via configuration
8142950 [scheduling-1] INFO  c.e.c.s.scheduler.PollsScheduler - Checking for a winner...
8437676 [AsyncResolver-bootstrap-executor-0] INFO  c.n.d.s.r.aws.ConfigClusterResolver - Resolving eureka endpoints via configuration
8442147 [scheduling-1] INFO  c.e.c.s.scheduler.PollsScheduler - Disabling past polls...
8442978 [scheduling-1] INFO  c.e.c.s.scheduler.PollsScheduler - Checking for a winner...
8737693 [AsyncResolver-bootstrap-executor-0] INFO  c.n.d.s.r.aws.ConfigClusterResolver - Resolving eureka endpoints via configuration
8742994 [scheduling-1] INFO  c.e.c.s.scheduler.PollsScheduler - Checking for a winner...
9037709 [AsyncResolver-bootstrap-executor-0] INFO  c.n.d.s.r.aws.ConfigClusterResolver - Resolving eureka endpoints via configuration
9042187 [scheduling-1] INFO  c.e.c.s.scheduler.PollsScheduler - Disabling past polls...
9043019 [scheduling-1] INFO  c.e.c.s.scheduler.PollsScheduler - Checking for a winner...
9337721 [AsyncResolver-bootstrap-executor-0] INFO  c.n.d.s.r.aws.ConfigClusterResolver - Resolving eureka endpoints via configuration
9343052 [scheduling-1] INFO  c.e.c.s.scheduler.PollsScheduler - Checking for a winner...
9637732 [AsyncResolver-bootstrap-executor-0] INFO  c.n.d.s.r.aws.ConfigClusterResolver - Resolving eureka endpoints via configuration
9642198 [scheduling-1] INFO  c.e.c.s.scheduler.PollsScheduler - Disabling past polls...
9643086 [scheduling-1] INFO  c.e.c.s.scheduler.PollsScheduler - Checking for a winner...
9937745 [AsyncResolver-bootstrap-executor-0] INFO  c.n.d.s.r.aws.ConfigClusterResolver - Resolving eureka endpoints via configuration
9943100 [scheduling-1] INFO  c.e.c.s.scheduler.PollsScheduler - Checking for a winner...
10237749 [AsyncResolver-bootstrap-executor-0] INFO  c.n.d.s.r.aws.ConfigClusterResolver - Resolving eureka endpoints via configuration
10242217 [scheduling-1] INFO  c.e.c.s.scheduler.PollsScheduler - Disabling past polls...
10243115 [scheduling-1] INFO  c.e.c.s.scheduler.PollsScheduler - Checking for a winner...
10537761 [AsyncResolver-bootstrap-executor-0] INFO  c.n.d.s.r.aws.ConfigClusterResolver - Resolving eureka endpoints via configuration
10543134 [scheduling-1] INFO  c.e.c.s.scheduler.PollsScheduler - Checking for a winner...
10837772 [AsyncResolver-bootstrap-executor-0] INFO  c.n.d.s.r.aws.ConfigClusterResolver - Resolving eureka endpoints via configuration
10842262 [scheduling-1] INFO  c.e.c.s.scheduler.PollsScheduler - Disabling past polls...
10843151 [scheduling-1] INFO  c.e.c.s.scheduler.PollsScheduler - Checking for a winner...
11137774 [AsyncResolver-bootstrap-executor-0] INFO  c.n.d.s.r.aws.ConfigClusterResolver - Resolving eureka endpoints via configuration
11143162 [scheduling-1] INFO  c.e.c.s.scheduler.PollsScheduler - Checking for a winner...
11437786 [AsyncResolver-bootstrap-executor-0] INFO  c.n.d.s.r.aws.ConfigClusterResolver - Resolving eureka endpoints via configuration
11442305 [scheduling-1] INFO  c.e.c.s.scheduler.PollsScheduler - Disabling past polls...
11443174 [scheduling-1] INFO  c.e.c.s.scheduler.PollsScheduler - Checking for a winner...
11737799 [AsyncResolver-bootstrap-executor-0] INFO  c.n.d.s.r.aws.ConfigClusterResolver - Resolving eureka endpoints via configuration
11743197 [scheduling-1] INFO  c.e.c.s.scheduler.PollsScheduler - Checking for a winner...
12037815 [AsyncResolver-bootstrap-executor-0] INFO  c.n.d.s.r.aws.ConfigClusterResolver - Resolving eureka endpoints via configuration
12042319 [scheduling-1] INFO  c.e.c.s.scheduler.PollsScheduler - Disabling past polls...
12043225 [scheduling-1] INFO  c.e.c.s.scheduler.PollsScheduler - Checking for a winner...
12337828 [AsyncResolver-bootstrap-executor-0] INFO  c.n.d.s.r.aws.ConfigClusterResolver - Resolving eureka endpoints via configuration
12343238 [scheduling-1] INFO  c.e.c.s.scheduler.PollsScheduler - Checking for a winner...
12637840 [AsyncResolver-bootstrap-executor-0] INFO  c.n.d.s.r.aws.ConfigClusterResolver - Resolving eureka endpoints via configuration
12642362 [scheduling-1] INFO  c.e.c.s.scheduler.PollsScheduler - Disabling past polls...
12643259 [scheduling-1] INFO  c.e.c.s.scheduler.PollsScheduler - Checking for a winner...
12937844 [AsyncResolver-bootstrap-executor-0] INFO  c.n.d.s.r.aws.ConfigClusterResolver - Resolving eureka endpoints via configuration
12943281 [scheduling-1] INFO  c.e.c.s.scheduler.PollsScheduler - Checking for a winner...
13237860 [AsyncResolver-bootstrap-executor-0] INFO  c.n.d.s.r.aws.ConfigClusterResolver - Resolving eureka endpoints via configuration
13242391 [scheduling-1] INFO  c.e.c.s.scheduler.PollsScheduler - Disabling past polls...
13243327 [scheduling-1] INFO  c.e.c.s.scheduler.PollsScheduler - Checking for a winner...
13537875 [AsyncResolver-bootstrap-executor-0] INFO  c.n.d.s.r.aws.ConfigClusterResolver - Resolving eureka endpoints via configuration
13543340 [scheduling-1] INFO  c.e.c.s.scheduler.PollsScheduler - Checking for a winner...
13837883 [AsyncResolver-bootstrap-executor-0] INFO  c.n.d.s.r.aws.ConfigClusterResolver - Resolving eureka endpoints via configuration
13842411 [scheduling-1] INFO  c.e.c.s.scheduler.PollsScheduler - Disabling past polls...
13843352 [scheduling-1] INFO  c.e.c.s.scheduler.PollsScheduler - Checking for a winner...
14137885 [AsyncResolver-bootstrap-executor-0] INFO  c.n.d.s.r.aws.ConfigClusterResolver - Resolving eureka endpoints via configuration
14143368 [scheduling-1] INFO  c.e.c.s.scheduler.PollsScheduler - Checking for a winner...
14437889 [AsyncResolver-bootstrap-executor-0] INFO  c.n.d.s.r.aws.ConfigClusterResolver - Resolving eureka endpoints via configuration
14442463 [scheduling-1] INFO  c.e.c.s.scheduler.PollsScheduler - Disabling past polls...
14443394 [scheduling-1] INFO  c.e.c.s.scheduler.PollsScheduler - Checking for a winner...
14737909 [AsyncResolver-bootstrap-executor-0] INFO  c.n.d.s.r.aws.ConfigClusterResolver - Resolving eureka endpoints via configuration
14743426 [scheduling-1] INFO  c.e.c.s.scheduler.PollsScheduler - Checking for a winner...
15037921 [AsyncResolver-bootstrap-executor-0] INFO  c.n.d.s.r.aws.ConfigClusterResolver - Resolving eureka endpoints via configuration
15042489 [scheduling-1] INFO  c.e.c.s.scheduler.PollsScheduler - Disabling past polls...
15043445 [scheduling-1] INFO  c.e.c.s.scheduler.PollsScheduler - Checking for a winner...
15337924 [AsyncResolver-bootstrap-executor-0] INFO  c.n.d.s.r.aws.ConfigClusterResolver - Resolving eureka endpoints via configuration
15343470 [scheduling-1] INFO  c.e.c.s.scheduler.PollsScheduler - Checking for a winner...
15637942 [AsyncResolver-bootstrap-executor-0] INFO  c.n.d.s.r.aws.ConfigClusterResolver - Resolving eureka endpoints via configuration
15642498 [scheduling-1] INFO  c.e.c.s.scheduler.PollsScheduler - Disabling past polls...
15643496 [scheduling-1] INFO  c.e.c.s.scheduler.PollsScheduler - Checking for a winner...
15937944 [AsyncResolver-bootstrap-executor-0] INFO  c.n.d.s.r.aws.ConfigClusterResolver - Resolving eureka endpoints via configuration
15943512 [scheduling-1] INFO  c.e.c.s.scheduler.PollsScheduler - Checking for a winner...
16237947 [AsyncResolver-bootstrap-executor-0] INFO  c.n.d.s.r.aws.ConfigClusterResolver - Resolving eureka endpoints via configuration
16242540 [scheduling-1] INFO  c.e.c.s.scheduler.PollsScheduler - Disabling past polls...
16243533 [scheduling-1] INFO  c.e.c.s.scheduler.PollsScheduler - Checking for a winner...
16537955 [AsyncResolver-bootstrap-executor-0] INFO  c.n.d.s.r.aws.ConfigClusterResolver - Resolving eureka endpoints via configuration
16543542 [scheduling-1] INFO  c.e.c.s.scheduler.PollsScheduler - Checking for a winner...
16837974 [AsyncResolver-bootstrap-executor-0] INFO  c.n.d.s.r.aws.ConfigClusterResolver - Resolving eureka endpoints via configuration
16842556 [scheduling-1] INFO  c.e.c.s.scheduler.PollsScheduler - Disabling past polls...
16843554 [scheduling-1] INFO  c.e.c.s.scheduler.PollsScheduler - Checking for a winner...
17137983 [AsyncResolver-bootstrap-executor-0] INFO  c.n.d.s.r.aws.ConfigClusterResolver - Resolving eureka endpoints via configuration
17143575 [scheduling-1] INFO  c.e.c.s.scheduler.PollsScheduler - Checking for a winner...
17437991 [AsyncResolver-bootstrap-executor-0] INFO  c.n.d.s.r.aws.ConfigClusterResolver - Resolving eureka endpoints via configuration
17442581 [scheduling-1] INFO  c.e.c.s.scheduler.PollsScheduler - Disabling past polls...
17443610 [scheduling-1] INFO  c.e.c.s.scheduler.PollsScheduler - Checking for a winner...
17737995 [AsyncResolver-bootstrap-executor-0] INFO  c.n.d.s.r.aws.ConfigClusterResolver - Resolving eureka endpoints via configuration
17743639 [scheduling-1] INFO  c.e.c.s.scheduler.PollsScheduler - Checking for a winner...
18038007 [AsyncResolver-bootstrap-executor-0] INFO  c.n.d.s.r.aws.ConfigClusterResolver - Resolving eureka endpoints via configuration
18042606 [scheduling-1] INFO  c.e.c.s.scheduler.PollsScheduler - Disabling past polls...
18043659 [scheduling-1] INFO  c.e.c.s.scheduler.PollsScheduler - Checking for a winner...
20127015 [scheduling-1] INFO  c.e.c.s.scheduler.PollsScheduler - Checking for a winner...
20127184 [scheduling-1] INFO  c.e.c.s.scheduler.PollsScheduler - Disabling past polls...
20129989 [kafka-producer-network-thread | producer-1] ERROR o.s.k.s.LoggingProducerListener - Exception thrown when sending a message with key='null' and payload='byte[90]' to topic inMemorySwaggerResourcesProvider-out-0:
org.apache.kafka.common.errors.NetworkException: Disconnected from node 1
20132900 [HikariPool-1 housekeeper] WARN  com.zaxxer.hikari.pool.HikariPool - HikariPool-1 - Thread starvation or clock leap detected (housekeeper delta=34m9s814ms665µs300ns).
20357823 [AsyncResolver-bootstrap-executor-0] INFO  c.n.d.s.r.aws.ConfigClusterResolver - Resolving eureka endpoints via configuration
20427220 [scheduling-1] INFO  c.e.c.s.scheduler.PollsScheduler - Checking for a winner...
20657835 [AsyncResolver-bootstrap-executor-0] INFO  c.n.d.s.r.aws.ConfigClusterResolver - Resolving eureka endpoints via configuration
20727199 [scheduling-1] INFO  c.e.c.s.scheduler.PollsScheduler - Disabling past polls...
20727258 [scheduling-1] INFO  c.e.c.s.scheduler.PollsScheduler - Checking for a winner...
20957839 [AsyncResolver-bootstrap-executor-0] INFO  c.n.d.s.r.aws.ConfigClusterResolver - Resolving eureka endpoints via configuration
21027279 [scheduling-1] INFO  c.e.c.s.scheduler.PollsScheduler - Checking for a winner...
21257843 [AsyncResolver-bootstrap-executor-0] INFO  c.n.d.s.r.aws.ConfigClusterResolver - Resolving eureka endpoints via configuration
21327232 [scheduling-1] INFO  c.e.c.s.scheduler.PollsScheduler - Disabling past polls...
21327600 [scheduling-1] INFO  c.e.c.s.scheduler.PollsScheduler - Checking for a winner...
21557850 [AsyncResolver-bootstrap-executor-0] INFO  c.n.d.s.r.aws.ConfigClusterResolver - Resolving eureka endpoints via configuration
21627617 [scheduling-1] INFO  c.e.c.s.scheduler.PollsScheduler - Checking for a winner...
21857860 [AsyncResolver-bootstrap-executor-0] INFO  c.n.d.s.r.aws.ConfigClusterResolver - Resolving eureka endpoints via configuration
21927254 [scheduling-1] INFO  c.e.c.s.scheduler.PollsScheduler - Disabling past polls...
21927632 [scheduling-1] INFO  c.e.c.s.scheduler.PollsScheduler - Checking for a winner...
22157871 [AsyncResolver-bootstrap-executor-0] INFO  c.n.d.s.r.aws.ConfigClusterResolver - Resolving eureka endpoints via configuration
22227694 [scheduling-1] INFO  c.e.c.s.scheduler.PollsScheduler - Checking for a winner...
22457889 [AsyncResolver-bootstrap-executor-0] INFO  c.n.d.s.r.aws.ConfigClusterResolver - Resolving eureka endpoints via configuration
22527269 [scheduling-1] INFO  c.e.c.s.scheduler.PollsScheduler - Disabling past polls...
22527720 [scheduling-1] INFO  c.e.c.s.scheduler.PollsScheduler - Checking for a winner...
22757901 [AsyncResolver-bootstrap-executor-0] INFO  c.n.d.s.r.aws.ConfigClusterResolver - Resolving eureka endpoints via configuration
22827731 [scheduling-1] INFO  c.e.c.s.scheduler.PollsScheduler - Checking for a winner...
23057903 [AsyncResolver-bootstrap-executor-0] INFO  c.n.d.s.r.aws.ConfigClusterResolver - Resolving eureka endpoints via configuration
23127292 [scheduling-1] INFO  c.e.c.s.scheduler.PollsScheduler - Disabling past polls...
23127746 [scheduling-1] INFO  c.e.c.s.scheduler.PollsScheduler - Checking for a winner...
23357909 [AsyncResolver-bootstrap-executor-0] INFO  c.n.d.s.r.aws.ConfigClusterResolver - Resolving eureka endpoints via configuration
23427766 [scheduling-1] INFO  c.e.c.s.scheduler.PollsScheduler - Checking for a winner...
23657913 [AsyncResolver-bootstrap-executor-0] INFO  c.n.d.s.r.aws.ConfigClusterResolver - Resolving eureka endpoints via configuration
23727398 [scheduling-1] INFO  c.e.c.s.scheduler.PollsScheduler - Disabling past polls...
23727781 [scheduling-1] INFO  c.e.c.s.scheduler.PollsScheduler - Checking for a winner...
23957923 [AsyncResolver-bootstrap-executor-0] INFO  c.n.d.s.r.aws.ConfigClusterResolver - Resolving eureka endpoints via configuration
24028937 [scheduling-1] INFO  c.e.c.s.scheduler.PollsScheduler - Checking for a winner...
24257984 [AsyncResolver-bootstrap-executor-0] INFO  c.n.d.s.r.aws.ConfigClusterResolver - Resolving eureka endpoints via configuration
24327450 [scheduling-1] INFO  c.e.c.s.scheduler.PollsScheduler - Disabling past polls...
24329693 [scheduling-1] INFO  c.e.c.s.scheduler.PollsScheduler - Checking for a winner...
24558017 [AsyncResolver-bootstrap-executor-0] INFO  c.n.d.s.r.aws.ConfigClusterResolver - Resolving eureka endpoints via configuration
24629710 [scheduling-1] INFO  c.e.c.s.scheduler.PollsScheduler - Checking for a winner...
24858054 [AsyncResolver-bootstrap-executor-0] INFO  c.n.d.s.r.aws.ConfigClusterResolver - Resolving eureka endpoints via configuration
24927466 [scheduling-1] INFO  c.e.c.s.scheduler.PollsScheduler - Disabling past polls...
24929733 [scheduling-1] INFO  c.e.c.s.scheduler.PollsScheduler - Checking for a winner...
25158071 [AsyncResolver-bootstrap-executor-0] INFO  c.n.d.s.r.aws.ConfigClusterResolver - Resolving eureka endpoints via configuration
25229764 [scheduling-1] INFO  c.e.c.s.scheduler.PollsScheduler - Checking for a winner...
25458078 [AsyncResolver-bootstrap-executor-0] INFO  c.n.d.s.r.aws.ConfigClusterResolver - Resolving eureka endpoints via configuration
25527507 [scheduling-1] INFO  c.e.c.s.scheduler.PollsScheduler - Disabling past polls...
25529793 [scheduling-1] INFO  c.e.c.s.scheduler.PollsScheduler - Checking for a winner...
25758090 [AsyncResolver-bootstrap-executor-0] INFO  c.n.d.s.r.aws.ConfigClusterResolver - Resolving eureka endpoints via configuration
25829813 [scheduling-1] INFO  c.e.c.s.scheduler.PollsScheduler - Checking for a winner...
26058092 [AsyncResolver-bootstrap-executor-0] INFO  c.n.d.s.r.aws.ConfigClusterResolver - Resolving eureka endpoints via configuration
26127542 [scheduling-1] INFO  c.e.c.s.scheduler.PollsScheduler - Disabling past polls...
26129834 [scheduling-1] INFO  c.e.c.s.scheduler.PollsScheduler - Checking for a winner...
26358112 [AsyncResolver-bootstrap-executor-0] INFO  c.n.d.s.r.aws.ConfigClusterResolver - Resolving eureka endpoints via configuration
26429844 [scheduling-1] INFO  c.e.c.s.scheduler.PollsScheduler - Checking for a winner...
26658129 [AsyncResolver-bootstrap-executor-0] INFO  c.n.d.s.r.aws.ConfigClusterResolver - Resolving eureka endpoints via configuration
26727561 [scheduling-1] INFO  c.e.c.s.scheduler.PollsScheduler - Disabling past polls...
26729874 [scheduling-1] INFO  c.e.c.s.scheduler.PollsScheduler - Checking for a winner...
26958143 [AsyncResolver-bootstrap-executor-0] INFO  c.n.d.s.r.aws.ConfigClusterResolver - Resolving eureka endpoints via configuration
27030044 [scheduling-1] INFO  c.e.c.s.scheduler.PollsScheduler - Checking for a winner...
27258175 [AsyncResolver-bootstrap-executor-0] INFO  c.n.d.s.r.aws.ConfigClusterResolver - Resolving eureka endpoints via configuration
27327689 [scheduling-1] INFO  c.e.c.s.scheduler.PollsScheduler - Disabling past polls...
27330209 [scheduling-1] INFO  c.e.c.s.scheduler.PollsScheduler - Checking for a winner...
27558257 [AsyncResolver-bootstrap-executor-0] INFO  c.n.d.s.r.aws.ConfigClusterResolver - Resolving eureka endpoints via configuration
27630232 [scheduling-1] INFO  c.e.c.s.scheduler.PollsScheduler - Checking for a winner...
27858272 [AsyncResolver-bootstrap-executor-0] INFO  c.n.d.s.r.aws.ConfigClusterResolver - Resolving eureka endpoints via configuration
27927700 [scheduling-1] INFO  c.e.c.s.scheduler.PollsScheduler - Disabling past polls...
27930252 [scheduling-1] INFO  c.e.c.s.scheduler.PollsScheduler - Checking for a winner...
28158290 [AsyncResolver-bootstrap-executor-0] INFO  c.n.d.s.r.aws.ConfigClusterResolver - Resolving eureka endpoints via configuration
28230278 [scheduling-1] INFO  c.e.c.s.scheduler.PollsScheduler - Checking for a winner...
28458308 [AsyncResolver-bootstrap-executor-0] INFO  c.n.d.s.r.aws.ConfigClusterResolver - Resolving eureka endpoints via configuration
28527729 [scheduling-1] INFO  c.e.c.s.scheduler.PollsScheduler - Disabling past polls...
28530287 [scheduling-1] INFO  c.e.c.s.scheduler.PollsScheduler - Checking for a winner...
28758320 [AsyncResolver-bootstrap-executor-0] INFO  c.n.d.s.r.aws.ConfigClusterResolver - Resolving eureka endpoints via configuration
