3231 [restartedMain] INFO  c.e.chamapoll.ChamaPollApplication - Starting ChamaPollApplication using Java 11.0.22 on DESKTOP-C76S6GF with PID 21852 (C:\Users\HP\Documents\vicoba-backend-dev\chama-reactive-backend\Chama-Poll\target\classes started by HP in C:\Users\HP\Documents\vicoba-backend-dev)
3254 [restartedMain] INFO  c.e.chamapoll.ChamaPollApplication - The following 1 profile is active: "dev"
3420 [restartedMain] INFO  o.s.b.d.e.DevToolsPropertyDefaultsPostProcessor - Devtools property defaults active! Set 'spring.devtools.add-properties' to 'false' to disable
3421 [restartedMain] INFO  o.s.b.d.e.DevToolsPropertyDefaultsPostProcessor - For additional web related logging consider setting the 'logging.level.web' property to 'DEBUG'
7700 [restartedMain] INFO  o.s.d.r.c.RepositoryConfigurationDelegate - Multiple Spring Data modules found, entering strict repository configuration mode
7705 [restartedMain] INFO  o.s.d.r.c.RepositoryConfigurationDelegate - Bootstrapping Spring Data JPA repositories in DEFAULT mode.
8221 [restartedMain] INFO  o.s.d.r.c.RepositoryConfigurationDelegate - Finished Spring Data repository scanning in 498 ms. Found 5 JPA repository interfaces.
8248 [restartedMain] INFO  o.s.d.r.c.RepositoryConfigurationDelegate - Multiple Spring Data modules found, entering strict repository configuration mode
8251 [restartedMain] INFO  o.s.d.r.c.RepositoryConfigurationDelegate - Bootstrapping Spring Data Redis repositories in DEFAULT mode.
8300 [restartedMain] INFO  o.s.d.r.c.RepositoryConfigurationExtensionSupport - Spring Data Redis - Could not safely identify store assignment for repository candidate interface com.eclectics.chamapoll.repository.MessageTemplatesRepo; If you want this repository to be a Redis repository, consider annotating your entities with one of these annotations: org.springframework.data.redis.core.RedisHash (preferred), or consider extending one of the following types with your repository: org.springframework.data.keyvalue.repository.KeyValueRepository
8303 [restartedMain] INFO  o.s.d.r.c.RepositoryConfigurationExtensionSupport - Spring Data Redis - Could not safely identify store assignment for repository candidate interface com.eclectics.chamapoll.repository.PollCandidatesRepository; If you want this repository to be a Redis repository, consider annotating your entities with one of these annotations: org.springframework.data.redis.core.RedisHash (preferred), or consider extending one of the following types with your repository: org.springframework.data.keyvalue.repository.KeyValueRepository
8304 [restartedMain] INFO  o.s.d.r.c.RepositoryConfigurationExtensionSupport - Spring Data Redis - Could not safely identify store assignment for repository candidate interface com.eclectics.chamapoll.repository.PollPositionsRepository; If you want this repository to be a Redis repository, consider annotating your entities with one of these annotations: org.springframework.data.redis.core.RedisHash (preferred), or consider extending one of the following types with your repository: org.springframework.data.keyvalue.repository.KeyValueRepository
8305 [restartedMain] INFO  o.s.d.r.c.RepositoryConfigurationExtensionSupport - Spring Data Redis - Could not safely identify store assignment for repository candidate interface com.eclectics.chamapoll.repository.PollRepository; If you want this repository to be a Redis repository, consider annotating your entities with one of these annotations: org.springframework.data.redis.core.RedisHash (preferred), or consider extending one of the following types with your repository: org.springframework.data.keyvalue.repository.KeyValueRepository
8307 [restartedMain] INFO  o.s.d.r.c.RepositoryConfigurationExtensionSupport - Spring Data Redis - Could not safely identify store assignment for repository candidate interface com.eclectics.chamapoll.repository.PollVoteDataRepository; If you want this repository to be a Redis repository, consider annotating your entities with one of these annotations: org.springframework.data.redis.core.RedisHash (preferred), or consider extending one of the following types with your repository: org.springframework.data.keyvalue.repository.KeyValueRepository
8307 [restartedMain] INFO  o.s.d.r.c.RepositoryConfigurationDelegate - Finished Spring Data repository scanning in 34 ms. Found 0 Redis repository interfaces.
9054 [restartedMain] INFO  o.s.i.c.DefaultConfiguringBeanFactoryPostProcessor - No bean named 'errorChannel' has been explicitly defined. Therefore, a default PublishSubscribeChannel will be created.
9082 [restartedMain] INFO  o.s.i.c.DefaultConfiguringBeanFactoryPostProcessor - No bean named 'integrationHeaderChannelRegistry' has been explicitly defined. Therefore, a default DefaultHeaderChannelRegistry will be created.
9401 [restartedMain] INFO  o.s.c.context.scope.GenericScope - BeanFactory id=4dece178-8deb-3889-a0bf-727319013bdc
9902 [restartedMain] INFO  o.s.c.s.PostProcessorRegistrationDelegate$BeanPostProcessorChecker - Bean 'org.springframework.security.config.annotation.method.configuration.ReactiveMethodSecurityConfiguration' of type [org.springframework.security.config.annotation.method.configuration.ReactiveMethodSecurityConfiguration] is not eligible for getting processed by all BeanPostProcessors (for example: not eligible for auto-proxying)
9996 [restartedMain] INFO  o.s.c.s.PostProcessorRegistrationDelegate$BeanPostProcessorChecker - Bean 'org.springframework.integration.config.IntegrationManagementConfiguration' of type [org.springframework.integration.config.IntegrationManagementConfiguration] is not eligible for getting processed by all BeanPostProcessors (for example: not eligible for auto-proxying)
10013 [restartedMain] INFO  o.s.c.s.PostProcessorRegistrationDelegate$BeanPostProcessorChecker - Bean 'integrationChannelResolver' of type [org.springframework.integration.support.channel.BeanFactoryChannelResolver] is not eligible for getting processed by all BeanPostProcessors (for example: not eligible for auto-proxying)
10042 [restartedMain] INFO  o.s.c.s.PostProcessorRegistrationDelegate$BeanPostProcessorChecker - Bean 'org.springframework.cloud.client.loadbalancer.reactive.LoadBalancerBeanPostProcessorAutoConfiguration' of type [org.springframework.cloud.client.loadbalancer.reactive.LoadBalancerBeanPostProcessorAutoConfiguration] is not eligible for getting processed by all BeanPostProcessors (for example: not eligible for auto-proxying)
10045 [restartedMain] INFO  o.s.c.s.PostProcessorRegistrationDelegate$BeanPostProcessorChecker - Bean 'org.springframework.cloud.client.loadbalancer.reactive.LoadBalancerBeanPostProcessorAutoConfiguration$ReactorDeferringLoadBalancerFilterConfig' of type [org.springframework.cloud.client.loadbalancer.reactive.LoadBalancerBeanPostProcessorAutoConfiguration$ReactorDeferringLoadBalancerFilterConfig] is not eligible for getting processed by all BeanPostProcessors (for example: not eligible for auto-proxying)
10048 [restartedMain] INFO  o.s.c.s.PostProcessorRegistrationDelegate$BeanPostProcessorChecker - Bean 'reactorDeferringLoadBalancerExchangeFilterFunction' of type [org.springframework.cloud.client.loadbalancer.reactive.DeferringLoadBalancerExchangeFilterFunction] is not eligible for getting processed by all BeanPostProcessors (for example: not eligible for auto-proxying)
10874 [restartedMain] INFO  o.f.c.i.license.VersionPrinter - Flyway Community Edition 8.5.13 by Redgate
10875 [restartedMain] INFO  o.f.c.i.license.VersionPrinter - See what's new here: https://flywaydb.org/documentation/learnmore/releaseNotes#8.5.13
10876 [restartedMain] INFO  o.f.c.i.license.VersionPrinter - 
10910 [restartedMain] INFO  com.zaxxer.hikari.HikariDataSource - HikariPool-1 - Starting...
12092 [restartedMain] INFO  com.zaxxer.hikari.HikariDataSource - HikariPool-1 - Start completed.
12130 [restartedMain] INFO  o.f.c.i.d.base.BaseDatabaseType - Database: jdbc:postgresql://localhost:5432/chamadb (PostgreSQL 16.2)
12147 [restartedMain] WARN  o.f.c.i.database.base.Database - Flyway upgrade recommended: PostgreSQL 16.2 is newer than this version of Flyway and support has not been tested. The latest supported version of PostgreSQL is 14.
12226 [restartedMain] INFO  o.f.c.internal.command.DbValidate - Successfully validated 2 migrations (execution time 00:00.052s)
12242 [restartedMain] INFO  o.f.core.internal.command.DbMigrate - Current version of schema "public": 1.1
12244 [restartedMain] INFO  o.f.core.internal.command.DbMigrate - Schema "public" is up to date. No migration necessary.
12608 [restartedMain] INFO  o.h.jpa.internal.util.LogHelper - HHH000204: Processing PersistenceUnitInfo [name: default]
12898 [restartedMain] INFO  org.hibernate.Version - HHH000412: Hibernate ORM core version 5.6.10.Final
13815 [restartedMain] INFO  o.h.annotations.common.Version - HCANN000001: Hibernate Commons Annotations {5.1.2.Final}
14382 [restartedMain] INFO  org.hibernate.dialect.Dialect - HHH000400: Using dialect: org.hibernate.dialect.PostgreSQL10Dialect
17937 [restartedMain] INFO  o.h.e.t.j.p.i.JtaPlatformInitiator - HHH000490: Using JtaPlatform implementation: [org.hibernate.engine.transaction.jta.platform.internal.NoJtaPlatform]
17959 [restartedMain] INFO  o.s.o.j.LocalContainerEntityManagerFactoryBean - Initialized JPA EntityManagerFactory for persistence unit 'default'
22095 [restartedMain] INFO  o.s.b.a.e.web.EndpointLinksResolver - Exposing 1 endpoint(s) beneath base path '/actuator'
22491 [restartedMain] WARN  o.s.b.d.a.OptionalLiveReloadServer - Unable to start LiveReload server
26437 [restartedMain] INFO  o.s.c.n.e.c.DiscoveryClientOptionalArgsConfiguration - Eureka HTTP Client uses RestTemplate.
26624 [restartedMain] WARN  o.s.c.l.c.LoadBalancerCacheAutoConfiguration$LoadBalancerCaffeineWarnLogger - Spring Cloud LoadBalancer is currently working with the default cache. While this cache implementation is useful for development and tests, it's recommended to use Caffeine cache in production.You can switch to using Caffeine cache, by adding it and org.springframework.cache.caffeine.CaffeineCacheManager to the classpath.
26867 [restartedMain] INFO  o.s.i.endpoint.EventDrivenConsumer - Adding {logging-channel-adapter:_org.springframework.integration.errorLogger} as a subscriber to the 'errorChannel' channel
26868 [restartedMain] INFO  o.s.i.c.PublishSubscribeChannel - Channel 'chama-polls.errorChannel' has 1 subscriber(s).
26868 [restartedMain] INFO  o.s.i.endpoint.EventDrivenConsumer - started bean '_org.springframework.integration.errorLogger'
26869 [restartedMain] INFO  o.s.i.endpoint.EventDrivenConsumer - Adding {router} as a subscriber to the 'inMemorySwaggerResourcesProvider_integrationflow.channel#0' channel
26869 [restartedMain] INFO  o.s.i.channel.DirectChannel - Channel 'chama-polls.inMemorySwaggerResourcesProvider_integrationflow.channel#0' has 1 subscriber(s).
26869 [restartedMain] INFO  o.s.i.endpoint.EventDrivenConsumer - started bean 'inMemorySwaggerResourcesProvider_integrationflow.org.springframework.integration.config.ConsumerEndpointFactoryBean#0'
26871 [restartedMain] INFO  o.s.c.s.binder.DefaultBinderFactory - Creating binder: kafka
27178 [restartedMain] INFO  o.s.c.s.binder.DefaultBinderFactory - Caching the binder: kafka
27178 [restartedMain] INFO  o.s.c.s.binder.DefaultBinderFactory - Retrieving cached binder: kafka
27298 [restartedMain] INFO  o.s.c.s.b.k.p.KafkaTopicProvisioner - Using kafka topic for outbound: inMemorySwaggerResourcesProvider-out-0
28752 [restartedMain] INFO  o.s.c.s.m.DirectWithAttributesChannel - Channel 'chama-polls.inMemorySwaggerResourcesProvider-out-0' has 1 subscriber(s).
28780 [restartedMain] INFO  o.s.c.n.eureka.InstanceInfoFactory - Setting initial instance status as: STARTING
28890 [restartedMain] INFO  c.netflix.discovery.DiscoveryClient - Initializing Eureka in region us-east-1
28905 [restartedMain] INFO  c.n.d.s.r.aws.ConfigClusterResolver - Resolving eureka endpoints via configuration
29004 [restartedMain] INFO  c.netflix.discovery.DiscoveryClient - Disable delta property : false
29006 [restartedMain] INFO  c.netflix.discovery.DiscoveryClient - Single vip registry refresh property : null
29007 [restartedMain] INFO  c.netflix.discovery.DiscoveryClient - Force full registry fetch : false
29007 [restartedMain] INFO  c.netflix.discovery.DiscoveryClient - Application is null : false
29007 [restartedMain] INFO  c.netflix.discovery.DiscoveryClient - Registered Applications size is zero : true
29008 [restartedMain] INFO  c.netflix.discovery.DiscoveryClient - Application version is -1: true
29008 [restartedMain] INFO  c.netflix.discovery.DiscoveryClient - Getting all instance registry info from the eureka server
29692 [restartedMain] INFO  c.netflix.discovery.DiscoveryClient - The response status is 200
29697 [restartedMain] INFO  c.netflix.discovery.DiscoveryClient - Starting heartbeat executor: renew interval is: 30
29702 [restartedMain] INFO  c.n.d.InstanceInfoReplicator - InstanceInfoReplicator onDemand update allowed rate per min is 4
29711 [restartedMain] INFO  c.netflix.discovery.DiscoveryClient - Discovery Client initialized at timestamp 1716875687439 with initial instances count: 2
29721 [restartedMain] INFO  o.s.c.n.e.s.EurekaServiceRegistry - Registering application CHAMA-POLLS with eureka with status UP
29722 [restartedMain] INFO  c.netflix.discovery.DiscoveryClient - Saw local status change event StatusChangeEvent [timestamp=1716875687453, current=UP, previous=STARTING]
29726 [DiscoveryClient-InstanceInfoReplicator-0] INFO  c.netflix.discovery.DiscoveryClient - DiscoveryClient_CHAMA-POLLS/host.docker.internal:chama-polls:8091: registering service...
29734 [restartedMain] INFO  o.s.i.e.SourcePollingChannelAdapter - started bean 'inMemorySwaggerResourcesProvider-out-0_spca'
29813 [DiscoveryClient-InstanceInfoReplicator-0] INFO  c.netflix.discovery.DiscoveryClient - DiscoveryClient_CHAMA-POLLS/host.docker.internal:chama-polls:8091 - registration status: 204
30360 [restartedMain] INFO  o.s.b.w.e.netty.NettyWebServer - Netty started on port 8091
30362 [restartedMain] INFO  o.s.c.n.e.s.EurekaAutoServiceRegistration - Updating port to 8091
32402 [restartedMain] INFO  c.e.chamapoll.ChamaPollApplication - Started ChamaPollApplication in 31.085 seconds (JVM running for 33.497)
32459 [scheduling-1] INFO  c.e.c.s.scheduler.PollsScheduler - Checking for a winner...
32765 [scheduling-1] INFO  c.e.c.s.scheduler.PollsScheduler - Disabling past polls...
329038 [AsyncResolver-bootstrap-executor-0] INFO  c.n.d.s.r.aws.ConfigClusterResolver - Resolving eureka endpoints via configuration
332803 [scheduling-1] INFO  c.e.c.s.scheduler.PollsScheduler - Checking for a winner...
629063 [AsyncResolver-bootstrap-executor-0] INFO  c.n.d.s.r.aws.ConfigClusterResolver - Resolving eureka endpoints via configuration
632780 [scheduling-1] INFO  c.e.c.s.scheduler.PollsScheduler - Disabling past polls...
632865 [scheduling-1] INFO  c.e.c.s.scheduler.PollsScheduler - Checking for a winner...
929069 [AsyncResolver-bootstrap-executor-0] INFO  c.n.d.s.r.aws.ConfigClusterResolver - Resolving eureka endpoints via configuration
932887 [scheduling-1] INFO  c.e.c.s.scheduler.PollsScheduler - Checking for a winner...
1229086 [AsyncResolver-bootstrap-executor-0] INFO  c.n.d.s.r.aws.ConfigClusterResolver - Resolving eureka endpoints via configuration
1232821 [scheduling-1] INFO  c.e.c.s.scheduler.PollsScheduler - Disabling past polls...
1232901 [scheduling-1] INFO  c.e.c.s.scheduler.PollsScheduler - Checking for a winner...
1529092 [AsyncResolver-bootstrap-executor-0] INFO  c.n.d.s.r.aws.ConfigClusterResolver - Resolving eureka endpoints via configuration
1532955 [scheduling-1] INFO  c.e.c.s.scheduler.PollsScheduler - Checking for a winner...
1829110 [AsyncResolver-bootstrap-executor-0] INFO  c.n.d.s.r.aws.ConfigClusterResolver - Resolving eureka endpoints via configuration
1832847 [scheduling-1] INFO  c.e.c.s.scheduler.PollsScheduler - Disabling past polls...
1833002 [scheduling-1] INFO  c.e.c.s.scheduler.PollsScheduler - Checking for a winner...
2129131 [AsyncResolver-bootstrap-executor-0] INFO  c.n.d.s.r.aws.ConfigClusterResolver - Resolving eureka endpoints via configuration
2133029 [scheduling-1] INFO  c.e.c.s.scheduler.PollsScheduler - Checking for a winner...
2429150 [AsyncResolver-bootstrap-executor-0] INFO  c.n.d.s.r.aws.ConfigClusterResolver - Resolving eureka endpoints via configuration
2432860 [scheduling-1] INFO  c.e.c.s.scheduler.PollsScheduler - Disabling past polls...
2433046 [scheduling-1] INFO  c.e.c.s.scheduler.PollsScheduler - Checking for a winner...
2729167 [AsyncResolver-bootstrap-executor-0] INFO  c.n.d.s.r.aws.ConfigClusterResolver - Resolving eureka endpoints via configuration
2733079 [scheduling-1] INFO  c.e.c.s.scheduler.PollsScheduler - Checking for a winner...
3029177 [AsyncResolver-bootstrap-executor-0] INFO  c.n.d.s.r.aws.ConfigClusterResolver - Resolving eureka endpoints via configuration
3032954 [scheduling-1] INFO  c.e.c.s.scheduler.PollsScheduler - Disabling past polls...
3033098 [scheduling-1] INFO  c.e.c.s.scheduler.PollsScheduler - Checking for a winner...
3329190 [AsyncResolver-bootstrap-executor-0] INFO  c.n.d.s.r.aws.ConfigClusterResolver - Resolving eureka endpoints via configuration
3333129 [scheduling-1] INFO  c.e.c.s.scheduler.PollsScheduler - Checking for a winner...
3629205 [AsyncResolver-bootstrap-executor-0] INFO  c.n.d.s.r.aws.ConfigClusterResolver - Resolving eureka endpoints via configuration
3632997 [scheduling-1] INFO  c.e.c.s.scheduler.PollsScheduler - Disabling past polls...
3633162 [scheduling-1] INFO  c.e.c.s.scheduler.PollsScheduler - Checking for a winner...
3929212 [AsyncResolver-bootstrap-executor-0] INFO  c.n.d.s.r.aws.ConfigClusterResolver - Resolving eureka endpoints via configuration
3933199 [scheduling-1] INFO  c.e.c.s.scheduler.PollsScheduler - Checking for a winner...
4229222 [AsyncResolver-bootstrap-executor-0] INFO  c.n.d.s.r.aws.ConfigClusterResolver - Resolving eureka endpoints via configuration
4233009 [scheduling-1] INFO  c.e.c.s.scheduler.PollsScheduler - Disabling past polls...
4233208 [scheduling-1] INFO  c.e.c.s.scheduler.PollsScheduler - Checking for a winner...
4529233 [AsyncResolver-bootstrap-executor-0] INFO  c.n.d.s.r.aws.ConfigClusterResolver - Resolving eureka endpoints via configuration
4533396 [scheduling-1] INFO  c.e.c.s.scheduler.PollsScheduler - Checking for a winner...
4829241 [AsyncResolver-bootstrap-executor-0] INFO  c.n.d.s.r.aws.ConfigClusterResolver - Resolving eureka endpoints via configuration
4833040 [scheduling-1] INFO  c.e.c.s.scheduler.PollsScheduler - Disabling past polls...
4833439 [scheduling-1] INFO  c.e.c.s.scheduler.PollsScheduler - Checking for a winner...
5129256 [AsyncResolver-bootstrap-executor-0] INFO  c.n.d.s.r.aws.ConfigClusterResolver - Resolving eureka endpoints via configuration
5133449 [scheduling-1] INFO  c.e.c.s.scheduler.PollsScheduler - Checking for a winner...
5429263 [AsyncResolver-bootstrap-executor-0] INFO  c.n.d.s.r.aws.ConfigClusterResolver - Resolving eureka endpoints via configuration
5433075 [scheduling-1] INFO  c.e.c.s.scheduler.PollsScheduler - Disabling past polls...
5433460 [scheduling-1] INFO  c.e.c.s.scheduler.PollsScheduler - Checking for a winner...
5729265 [AsyncResolver-bootstrap-executor-0] INFO  c.n.d.s.r.aws.ConfigClusterResolver - Resolving eureka endpoints via configuration
5733473 [scheduling-1] INFO  c.e.c.s.scheduler.PollsScheduler - Checking for a winner...
6029280 [AsyncResolver-bootstrap-executor-0] INFO  c.n.d.s.r.aws.ConfigClusterResolver - Resolving eureka endpoints via configuration
6033088 [scheduling-1] INFO  c.e.c.s.scheduler.PollsScheduler - Disabling past polls...
6033488 [scheduling-1] INFO  c.e.c.s.scheduler.PollsScheduler - Checking for a winner...
6329286 [AsyncResolver-bootstrap-executor-0] INFO  c.n.d.s.r.aws.ConfigClusterResolver - Resolving eureka endpoints via configuration
6333538 [scheduling-1] INFO  c.e.c.s.scheduler.PollsScheduler - Checking for a winner...
6629305 [AsyncResolver-bootstrap-executor-0] INFO  c.n.d.s.r.aws.ConfigClusterResolver - Resolving eureka endpoints via configuration
6633109 [scheduling-1] INFO  c.e.c.s.scheduler.PollsScheduler - Disabling past polls...
6633568 [scheduling-1] INFO  c.e.c.s.scheduler.PollsScheduler - Checking for a winner...
6929314 [AsyncResolver-bootstrap-executor-0] INFO  c.n.d.s.r.aws.ConfigClusterResolver - Resolving eureka endpoints via configuration
6933610 [scheduling-1] INFO  c.e.c.s.scheduler.PollsScheduler - Checking for a winner...
7229324 [AsyncResolver-bootstrap-executor-0] INFO  c.n.d.s.r.aws.ConfigClusterResolver - Resolving eureka endpoints via configuration
7233149 [scheduling-1] INFO  c.e.c.s.scheduler.PollsScheduler - Disabling past polls...
7233626 [scheduling-1] INFO  c.e.c.s.scheduler.PollsScheduler - Checking for a winner...
7529337 [AsyncResolver-bootstrap-executor-0] INFO  c.n.d.s.r.aws.ConfigClusterResolver - Resolving eureka endpoints via configuration
7533648 [scheduling-1] INFO  c.e.c.s.scheduler.PollsScheduler - Checking for a winner...
7829354 [AsyncResolver-bootstrap-executor-0] INFO  c.n.d.s.r.aws.ConfigClusterResolver - Resolving eureka endpoints via configuration
7833162 [scheduling-1] INFO  c.e.c.s.scheduler.PollsScheduler - Disabling past polls...
7833661 [scheduling-1] INFO  c.e.c.s.scheduler.PollsScheduler - Checking for a winner...
8129371 [AsyncResolver-bootstrap-executor-0] INFO  c.n.d.s.r.aws.ConfigClusterResolver - Resolving eureka endpoints via configuration
8133717 [scheduling-1] INFO  c.e.c.s.scheduler.PollsScheduler - Checking for a winner...
8429383 [AsyncResolver-bootstrap-executor-0] INFO  c.n.d.s.r.aws.ConfigClusterResolver - Resolving eureka endpoints via configuration
8433176 [scheduling-1] INFO  c.e.c.s.scheduler.PollsScheduler - Disabling past polls...
8433743 [scheduling-1] INFO  c.e.c.s.scheduler.PollsScheduler - Checking for a winner...
8729397 [AsyncResolver-bootstrap-executor-0] INFO  c.n.d.s.r.aws.ConfigClusterResolver - Resolving eureka endpoints via configuration
8733761 [scheduling-1] INFO  c.e.c.s.scheduler.PollsScheduler - Checking for a winner...
9029407 [AsyncResolver-bootstrap-executor-0] INFO  c.n.d.s.r.aws.ConfigClusterResolver - Resolving eureka endpoints via configuration
9033226 [scheduling-1] INFO  c.e.c.s.scheduler.PollsScheduler - Disabling past polls...
9033795 [scheduling-1] INFO  c.e.c.s.scheduler.PollsScheduler - Checking for a winner...
9329430 [AsyncResolver-bootstrap-executor-0] INFO  c.n.d.s.r.aws.ConfigClusterResolver - Resolving eureka endpoints via configuration
9333886 [scheduling-1] INFO  c.e.c.s.scheduler.PollsScheduler - Checking for a winner...
9629479 [AsyncResolver-bootstrap-executor-0] INFO  c.n.d.s.r.aws.ConfigClusterResolver - Resolving eureka endpoints via configuration
9633334 [scheduling-1] INFO  c.e.c.s.scheduler.PollsScheduler - Disabling past polls...
9633996 [scheduling-1] INFO  c.e.c.s.scheduler.PollsScheduler - Checking for a winner...
9929534 [AsyncResolver-bootstrap-executor-0] INFO  c.n.d.s.r.aws.ConfigClusterResolver - Resolving eureka endpoints via configuration
9934025 [scheduling-1] INFO  c.e.c.s.scheduler.PollsScheduler - Checking for a winner...
10229543 [AsyncResolver-bootstrap-executor-0] INFO  c.n.d.s.r.aws.ConfigClusterResolver - Resolving eureka endpoints via configuration
10233355 [scheduling-1] INFO  c.e.c.s.scheduler.PollsScheduler - Disabling past polls...
10234045 [scheduling-1] INFO  c.e.c.s.scheduler.PollsScheduler - Checking for a winner...
10529552 [AsyncResolver-bootstrap-executor-0] INFO  c.n.d.s.r.aws.ConfigClusterResolver - Resolving eureka endpoints via configuration
10534076 [scheduling-1] INFO  c.e.c.s.scheduler.PollsScheduler - Checking for a winner...
10829560 [AsyncResolver-bootstrap-executor-0] INFO  c.n.d.s.r.aws.ConfigClusterResolver - Resolving eureka endpoints via configuration
10833397 [scheduling-1] INFO  c.e.c.s.scheduler.PollsScheduler - Disabling past polls...
10834145 [scheduling-1] INFO  c.e.c.s.scheduler.PollsScheduler - Checking for a winner...
11129577 [AsyncResolver-bootstrap-executor-0] INFO  c.n.d.s.r.aws.ConfigClusterResolver - Resolving eureka endpoints via configuration
11134171 [scheduling-1] INFO  c.e.c.s.scheduler.PollsScheduler - Checking for a winner...
11429583 [AsyncResolver-bootstrap-executor-0] INFO  c.n.d.s.r.aws.ConfigClusterResolver - Resolving eureka endpoints via configuration
11433484 [scheduling-1] INFO  c.e.c.s.scheduler.PollsScheduler - Disabling past polls...
11434201 [scheduling-1] INFO  c.e.c.s.scheduler.PollsScheduler - Checking for a winner...
11729595 [AsyncResolver-bootstrap-executor-0] INFO  c.n.d.s.r.aws.ConfigClusterResolver - Resolving eureka endpoints via configuration
11734255 [scheduling-1] INFO  c.e.c.s.scheduler.PollsScheduler - Checking for a winner...
12029607 [AsyncResolver-bootstrap-executor-0] INFO  c.n.d.s.r.aws.ConfigClusterResolver - Resolving eureka endpoints via configuration
12033548 [scheduling-1] INFO  c.e.c.s.scheduler.PollsScheduler - Disabling past polls...
12034266 [scheduling-1] INFO  c.e.c.s.scheduler.PollsScheduler - Checking for a winner...
12329615 [AsyncResolver-bootstrap-executor-0] INFO  c.n.d.s.r.aws.ConfigClusterResolver - Resolving eureka endpoints via configuration
12334277 [scheduling-1] INFO  c.e.c.s.scheduler.PollsScheduler - Checking for a winner...
12629630 [AsyncResolver-bootstrap-executor-0] INFO  c.n.d.s.r.aws.ConfigClusterResolver - Resolving eureka endpoints via configuration
12633614 [scheduling-1] INFO  c.e.c.s.scheduler.PollsScheduler - Disabling past polls...
12634401 [scheduling-1] INFO  c.e.c.s.scheduler.PollsScheduler - Checking for a winner...
12929646 [AsyncResolver-bootstrap-executor-0] INFO  c.n.d.s.r.aws.ConfigClusterResolver - Resolving eureka endpoints via configuration
12934438 [scheduling-1] INFO  c.e.c.s.scheduler.PollsScheduler - Checking for a winner...
13229654 [AsyncResolver-bootstrap-executor-0] INFO  c.n.d.s.r.aws.ConfigClusterResolver - Resolving eureka endpoints via configuration
13233659 [scheduling-1] INFO  c.e.c.s.scheduler.PollsScheduler - Disabling past polls...
13234464 [scheduling-1] INFO  c.e.c.s.scheduler.PollsScheduler - Checking for a winner...
13529672 [AsyncResolver-bootstrap-executor-0] INFO  c.n.d.s.r.aws.ConfigClusterResolver - Resolving eureka endpoints via configuration
13534482 [scheduling-1] INFO  c.e.c.s.scheduler.PollsScheduler - Checking for a winner...
13829679 [AsyncResolver-bootstrap-executor-0] INFO  c.n.d.s.r.aws.ConfigClusterResolver - Resolving eureka endpoints via configuration
13833687 [scheduling-1] INFO  c.e.c.s.scheduler.PollsScheduler - Disabling past polls...
13834496 [scheduling-1] INFO  c.e.c.s.scheduler.PollsScheduler - Checking for a winner...
14129730 [AsyncResolver-bootstrap-executor-0] INFO  c.n.d.s.r.aws.ConfigClusterResolver - Resolving eureka endpoints via configuration
14134719 [scheduling-1] INFO  c.e.c.s.scheduler.PollsScheduler - Checking for a winner...
14429863 [AsyncResolver-bootstrap-executor-0] INFO  c.n.d.s.r.aws.ConfigClusterResolver - Resolving eureka endpoints via configuration
14434332 [scheduling-1] INFO  c.e.c.s.scheduler.PollsScheduler - Disabling past polls...
14434912 [scheduling-1] INFO  c.e.c.s.scheduler.PollsScheduler - Checking for a winner...
14730052 [AsyncResolver-bootstrap-executor-0] INFO  c.n.d.s.r.aws.ConfigClusterResolver - Resolving eureka endpoints via configuration
14735477 [scheduling-1] INFO  c.e.c.s.scheduler.PollsScheduler - Checking for a winner...
15030061 [AsyncResolver-bootstrap-executor-0] INFO  c.n.d.s.r.aws.ConfigClusterResolver - Resolving eureka endpoints via configuration
15034402 [scheduling-1] INFO  c.e.c.s.scheduler.PollsScheduler - Disabling past polls...
15035504 [scheduling-1] INFO  c.e.c.s.scheduler.PollsScheduler - Checking for a winner...
15330067 [AsyncResolver-bootstrap-executor-0] INFO  c.n.d.s.r.aws.ConfigClusterResolver - Resolving eureka endpoints via configuration
15335526 [scheduling-1] INFO  c.e.c.s.scheduler.PollsScheduler - Checking for a winner...
15630081 [AsyncResolver-bootstrap-executor-0] INFO  c.n.d.s.r.aws.ConfigClusterResolver - Resolving eureka endpoints via configuration
15634434 [scheduling-1] INFO  c.e.c.s.scheduler.PollsScheduler - Disabling past polls...
15635540 [scheduling-1] INFO  c.e.c.s.scheduler.PollsScheduler - Checking for a winner...
18121706 [scheduling-1] INFO  c.e.c.s.scheduler.PollsScheduler - Checking for a winner...
18121719 [scheduling-1] INFO  c.e.c.s.scheduler.PollsScheduler - Disabling past polls...
18125868 [kafka-producer-network-thread | producer-1] ERROR o.s.k.s.LoggingProducerListener - Exception thrown when sending a message with key='null' and payload='byte[90]' to topic inMemorySwaggerResourcesProvider-out-0:
org.apache.kafka.common.errors.NetworkException: Disconnected from node 1
18127449 [kafka-producer-network-thread | producer-1] ERROR o.s.k.s.LoggingProducerListener - Exception thrown when sending a message with key='null' and payload='byte[90]' to topic inMemorySwaggerResourcesProvider-out-0:
org.apache.kafka.common.errors.NetworkException: Disconnected from node 1
18134778 [HikariPool-1 housekeeper] WARN  com.zaxxer.hikari.pool.HikariPool - HikariPool-1 - Thread starvation or clock leap detected (housekeeper delta=37m57s443ms959µs900ns).
18177474 [AsyncResolver-bootstrap-executor-0] INFO  c.n.d.s.r.aws.ConfigClusterResolver - Resolving eureka endpoints via configuration
