5189 [restartedMain] INFO  c.e.chamapoll.ChamaPollApplication - Starting ChamaPollApplication using Java 11.0.22 on DESKTOP-C76S6GF with PID 16920 (C:\Users\HP\Documents\vicoba-backend-dev\chama-reactive-backend\Chama-Poll\target\classes started by HP in C:\Users\HP\Documents\vicoba-backend-dev)
5239 [restartedMain] INFO  c.e.chamapoll.ChamaPollApplication - The following 1 profile is active: "dev"
5455 [restartedMain] INFO  o.s.b.d.e.DevToolsPropertyDefaultsPostProcessor - Devtools property defaults active! Set 'spring.devtools.add-properties' to 'false' to disable
5457 [restartedMain] INFO  o.s.b.d.e.DevToolsPropertyDefaultsPostProcessor - For additional web related logging consider setting the 'logging.level.web' property to 'DEBUG'
11597 [restartedMain] INFO  o.s.d.r.c.RepositoryConfigurationDelegate - Multiple Spring Data modules found, entering strict repository configuration mode
11602 [restartedMain] INFO  o.s.d.r.c.RepositoryConfigurationDelegate - Bootstrapping Spring Data JPA repositories in DEFAULT mode.
12322 [restartedMain] INFO  o.s.d.r.c.RepositoryConfigurationDelegate - Finished Spring Data repository scanning in 701 ms. Found 5 JPA repository interfaces.
12356 [restartedMain] INFO  o.s.d.r.c.RepositoryConfigurationDelegate - Multiple Spring Data modules found, entering strict repository configuration mode
12358 [restartedMain] INFO  o.s.d.r.c.RepositoryConfigurationDelegate - Bootstrapping Spring Data Redis repositories in DEFAULT mode.
12411 [restartedMain] INFO  o.s.d.r.c.RepositoryConfigurationExtensionSupport - Spring Data Redis - Could not safely identify store assignment for repository candidate interface com.eclectics.chamapoll.repository.MessageTemplatesRepo; If you want this repository to be a Redis repository, consider annotating your entities with one of these annotations: org.springframework.data.redis.core.RedisHash (preferred), or consider extending one of the following types with your repository: org.springframework.data.keyvalue.repository.KeyValueRepository
12415 [restartedMain] INFO  o.s.d.r.c.RepositoryConfigurationExtensionSupport - Spring Data Redis - Could not safely identify store assignment for repository candidate interface com.eclectics.chamapoll.repository.PollCandidatesRepository; If you want this repository to be a Redis repository, consider annotating your entities with one of these annotations: org.springframework.data.redis.core.RedisHash (preferred), or consider extending one of the following types with your repository: org.springframework.data.keyvalue.repository.KeyValueRepository
12416 [restartedMain] INFO  o.s.d.r.c.RepositoryConfigurationExtensionSupport - Spring Data Redis - Could not safely identify store assignment for repository candidate interface com.eclectics.chamapoll.repository.PollPositionsRepository; If you want this repository to be a Redis repository, consider annotating your entities with one of these annotations: org.springframework.data.redis.core.RedisHash (preferred), or consider extending one of the following types with your repository: org.springframework.data.keyvalue.repository.KeyValueRepository
12418 [restartedMain] INFO  o.s.d.r.c.RepositoryConfigurationExtensionSupport - Spring Data Redis - Could not safely identify store assignment for repository candidate interface com.eclectics.chamapoll.repository.PollRepository; If you want this repository to be a Redis repository, consider annotating your entities with one of these annotations: org.springframework.data.redis.core.RedisHash (preferred), or consider extending one of the following types with your repository: org.springframework.data.keyvalue.repository.KeyValueRepository
12435 [restartedMain] INFO  o.s.d.r.c.RepositoryConfigurationExtensionSupport - Spring Data Redis - Could not safely identify store assignment for repository candidate interface com.eclectics.chamapoll.repository.PollVoteDataRepository; If you want this repository to be a Redis repository, consider annotating your entities with one of these annotations: org.springframework.data.redis.core.RedisHash (preferred), or consider extending one of the following types with your repository: org.springframework.data.keyvalue.repository.KeyValueRepository
12437 [restartedMain] INFO  o.s.d.r.c.RepositoryConfigurationDelegate - Finished Spring Data repository scanning in 55 ms. Found 0 Redis repository interfaces.
13429 [restartedMain] INFO  o.s.i.c.DefaultConfiguringBeanFactoryPostProcessor - No bean named 'errorChannel' has been explicitly defined. Therefore, a default PublishSubscribeChannel will be created.
13462 [restartedMain] INFO  o.s.i.c.DefaultConfiguringBeanFactoryPostProcessor - No bean named 'integrationHeaderChannelRegistry' has been explicitly defined. Therefore, a default DefaultHeaderChannelRegistry will be created.
13778 [restartedMain] INFO  o.s.c.context.scope.GenericScope - BeanFactory id=4dece178-8deb-3889-a0bf-727319013bdc
14348 [restartedMain] INFO  o.s.c.s.PostProcessorRegistrationDelegate$BeanPostProcessorChecker - Bean 'org.springframework.security.config.annotation.method.configuration.ReactiveMethodSecurityConfiguration' of type [org.springframework.security.config.annotation.method.configuration.ReactiveMethodSecurityConfiguration] is not eligible for getting processed by all BeanPostProcessors (for example: not eligible for auto-proxying)
14464 [restartedMain] INFO  o.s.c.s.PostProcessorRegistrationDelegate$BeanPostProcessorChecker - Bean 'org.springframework.integration.config.IntegrationManagementConfiguration' of type [org.springframework.integration.config.IntegrationManagementConfiguration] is not eligible for getting processed by all BeanPostProcessors (for example: not eligible for auto-proxying)
14482 [restartedMain] INFO  o.s.c.s.PostProcessorRegistrationDelegate$BeanPostProcessorChecker - Bean 'integrationChannelResolver' of type [org.springframework.integration.support.channel.BeanFactoryChannelResolver] is not eligible for getting processed by all BeanPostProcessors (for example: not eligible for auto-proxying)
14525 [restartedMain] INFO  o.s.c.s.PostProcessorRegistrationDelegate$BeanPostProcessorChecker - Bean 'org.springframework.cloud.client.loadbalancer.reactive.LoadBalancerBeanPostProcessorAutoConfiguration' of type [org.springframework.cloud.client.loadbalancer.reactive.LoadBalancerBeanPostProcessorAutoConfiguration] is not eligible for getting processed by all BeanPostProcessors (for example: not eligible for auto-proxying)
14528 [restartedMain] INFO  o.s.c.s.PostProcessorRegistrationDelegate$BeanPostProcessorChecker - Bean 'org.springframework.cloud.client.loadbalancer.reactive.LoadBalancerBeanPostProcessorAutoConfiguration$ReactorDeferringLoadBalancerFilterConfig' of type [org.springframework.cloud.client.loadbalancer.reactive.LoadBalancerBeanPostProcessorAutoConfiguration$ReactorDeferringLoadBalancerFilterConfig] is not eligible for getting processed by all BeanPostProcessors (for example: not eligible for auto-proxying)
14532 [restartedMain] INFO  o.s.c.s.PostProcessorRegistrationDelegate$BeanPostProcessorChecker - Bean 'reactorDeferringLoadBalancerExchangeFilterFunction' of type [org.springframework.cloud.client.loadbalancer.reactive.DeferringLoadBalancerExchangeFilterFunction] is not eligible for getting processed by all BeanPostProcessors (for example: not eligible for auto-proxying)
15751 [restartedMain] INFO  o.f.c.i.license.VersionPrinter - Flyway Community Edition 8.5.13 by Redgate
15754 [restartedMain] INFO  o.f.c.i.license.VersionPrinter - See what's new here: https://flywaydb.org/documentation/learnmore/releaseNotes#8.5.13
15755 [restartedMain] INFO  o.f.c.i.license.VersionPrinter - 
15778 [restartedMain] INFO  com.zaxxer.hikari.HikariDataSource - HikariPool-1 - Starting...
17135 [restartedMain] INFO  com.zaxxer.hikari.HikariDataSource - HikariPool-1 - Start completed.
17196 [restartedMain] INFO  o.f.c.i.d.base.BaseDatabaseType - Database: jdbc:postgresql://localhost:5432/chamadb (PostgreSQL 16.2)
17214 [restartedMain] WARN  o.f.c.i.database.base.Database - Flyway upgrade recommended: PostgreSQL 16.2 is newer than this version of Flyway and support has not been tested. The latest supported version of PostgreSQL is 14.
17305 [restartedMain] INFO  o.f.c.internal.command.DbValidate - Successfully validated 2 migrations (execution time 00:00.054s)
17324 [restartedMain] INFO  o.f.core.internal.command.DbMigrate - Current version of schema "public": 1.1
17327 [restartedMain] INFO  o.f.core.internal.command.DbMigrate - Schema "public" is up to date. No migration necessary.
17791 [restartedMain] INFO  o.h.jpa.internal.util.LogHelper - HHH000204: Processing PersistenceUnitInfo [name: default]
17973 [restartedMain] INFO  org.hibernate.Version - HHH000412: Hibernate ORM core version 5.6.10.Final
18512 [restartedMain] INFO  o.h.annotations.common.Version - HCANN000001: Hibernate Commons Annotations {5.1.2.Final}
19197 [restartedMain] INFO  org.hibernate.dialect.Dialect - HHH000400: Using dialect: org.hibernate.dialect.PostgreSQL10Dialect
23753 [restartedMain] INFO  o.h.e.t.j.p.i.JtaPlatformInitiator - HHH000490: Using JtaPlatform implementation: [org.hibernate.engine.transaction.jta.platform.internal.NoJtaPlatform]
23781 [restartedMain] INFO  o.s.o.j.LocalContainerEntityManagerFactoryBean - Initialized JPA EntityManagerFactory for persistence unit 'default'
29571 [restartedMain] INFO  o.s.b.a.e.web.EndpointLinksResolver - Exposing 1 endpoint(s) beneath base path '/actuator'
30491 [restartedMain] WARN  o.s.b.d.a.OptionalLiveReloadServer - Unable to start LiveReload server
35581 [restartedMain] INFO  o.s.c.n.e.c.DiscoveryClientOptionalArgsConfiguration - Eureka HTTP Client uses RestTemplate.
35859 [restartedMain] WARN  o.s.c.l.c.LoadBalancerCacheAutoConfiguration$LoadBalancerCaffeineWarnLogger - Spring Cloud LoadBalancer is currently working with the default cache. While this cache implementation is useful for development and tests, it's recommended to use Caffeine cache in production.You can switch to using Caffeine cache, by adding it and org.springframework.cache.caffeine.CaffeineCacheManager to the classpath.
36190 [restartedMain] INFO  o.s.i.endpoint.EventDrivenConsumer - Adding {logging-channel-adapter:_org.springframework.integration.errorLogger} as a subscriber to the 'errorChannel' channel
36191 [restartedMain] INFO  o.s.i.c.PublishSubscribeChannel - Channel 'chama-polls.errorChannel' has 1 subscriber(s).
36193 [restartedMain] INFO  o.s.i.endpoint.EventDrivenConsumer - started bean '_org.springframework.integration.errorLogger'
36194 [restartedMain] INFO  o.s.i.endpoint.EventDrivenConsumer - Adding {router} as a subscriber to the 'inMemorySwaggerResourcesProvider_integrationflow.channel#0' channel
36194 [restartedMain] INFO  o.s.i.channel.DirectChannel - Channel 'chama-polls.inMemorySwaggerResourcesProvider_integrationflow.channel#0' has 1 subscriber(s).
36196 [restartedMain] INFO  o.s.i.endpoint.EventDrivenConsumer - started bean 'inMemorySwaggerResourcesProvider_integrationflow.org.springframework.integration.config.ConsumerEndpointFactoryBean#0'
36199 [restartedMain] INFO  o.s.c.s.binder.DefaultBinderFactory - Creating binder: kafka
36735 [restartedMain] INFO  o.s.c.s.binder.DefaultBinderFactory - Caching the binder: kafka
36736 [restartedMain] INFO  o.s.c.s.binder.DefaultBinderFactory - Retrieving cached binder: kafka
36949 [restartedMain] INFO  o.s.c.s.b.k.p.KafkaTopicProvisioner - Using kafka topic for outbound: inMemorySwaggerResourcesProvider-out-0
38815 [restartedMain] INFO  o.s.c.s.m.DirectWithAttributesChannel - Channel 'chama-polls.inMemorySwaggerResourcesProvider-out-0' has 1 subscriber(s).
38877 [restartedMain] INFO  o.s.c.n.eureka.InstanceInfoFactory - Setting initial instance status as: STARTING
39040 [restartedMain] INFO  c.netflix.discovery.DiscoveryClient - Initializing Eureka in region us-east-1
39075 [restartedMain] INFO  c.n.d.s.r.aws.ConfigClusterResolver - Resolving eureka endpoints via configuration
39168 [restartedMain] INFO  c.netflix.discovery.DiscoveryClient - Disable delta property : false
39187 [restartedMain] INFO  c.netflix.discovery.DiscoveryClient - Single vip registry refresh property : null
39189 [restartedMain] INFO  c.netflix.discovery.DiscoveryClient - Force full registry fetch : false
39190 [restartedMain] INFO  c.netflix.discovery.DiscoveryClient - Application is null : false
39192 [restartedMain] INFO  c.netflix.discovery.DiscoveryClient - Registered Applications size is zero : true
39192 [restartedMain] INFO  c.netflix.discovery.DiscoveryClient - Application version is -1: true
39195 [restartedMain] INFO  c.netflix.discovery.DiscoveryClient - Getting all instance registry info from the eureka server
40666 [restartedMain] INFO  c.netflix.discovery.DiscoveryClient - The response status is 200
40671 [restartedMain] INFO  c.netflix.discovery.DiscoveryClient - Starting heartbeat executor: renew interval is: 30
40676 [restartedMain] INFO  c.n.d.InstanceInfoReplicator - InstanceInfoReplicator onDemand update allowed rate per min is 4
40686 [restartedMain] INFO  c.netflix.discovery.DiscoveryClient - Discovery Client initialized at timestamp 1716796135980 with initial instances count: 2
40695 [restartedMain] INFO  o.s.c.n.e.s.EurekaServiceRegistry - Registering application CHAMA-POLLS with eureka with status UP
40697 [restartedMain] INFO  c.netflix.discovery.DiscoveryClient - Saw local status change event StatusChangeEvent [timestamp=1716796135994, current=UP, previous=STARTING]
40739 [DiscoveryClient-InstanceInfoReplicator-0] INFO  c.netflix.discovery.DiscoveryClient - DiscoveryClient_CHAMA-POLLS/host.docker.internal:chama-polls:8091: registering service...
40747 [restartedMain] INFO  o.s.i.e.SourcePollingChannelAdapter - started bean 'inMemorySwaggerResourcesProvider-out-0_spca'
40938 [DiscoveryClient-InstanceInfoReplicator-0] INFO  c.netflix.discovery.DiscoveryClient - DiscoveryClient_CHAMA-POLLS/host.docker.internal:chama-polls:8091 - registration status: 204
42959 [restartedMain] INFO  o.s.b.w.e.netty.NettyWebServer - Netty started on port 8091
42962 [restartedMain] INFO  o.s.c.n.e.s.EurekaAutoServiceRegistration - Updating port to 8091
48326 [restartedMain] INFO  c.e.chamapoll.ChamaPollApplication - Started ChamaPollApplication in 45.712 seconds (JVM running for 52.952)
48477 [scheduling-1] INFO  c.e.c.s.scheduler.PollsScheduler - Checking for a winner...
49682 [scheduling-1] INFO  c.e.c.s.scheduler.PollsScheduler - Disabling past polls...
339219 [AsyncResolver-bootstrap-executor-0] INFO  c.n.d.s.r.aws.ConfigClusterResolver - Resolving eureka endpoints via configuration
349706 [scheduling-1] INFO  c.e.c.s.scheduler.PollsScheduler - Checking for a winner...
639244 [AsyncResolver-bootstrap-executor-0] INFO  c.n.d.s.r.aws.ConfigClusterResolver - Resolving eureka endpoints via configuration
649695 [scheduling-1] INFO  c.e.c.s.scheduler.PollsScheduler - Disabling past polls...
649736 [scheduling-1] INFO  c.e.c.s.scheduler.PollsScheduler - Checking for a winner...
939254 [AsyncResolver-bootstrap-executor-0] INFO  c.n.d.s.r.aws.ConfigClusterResolver - Resolving eureka endpoints via configuration
949771 [scheduling-1] INFO  c.e.c.s.scheduler.PollsScheduler - Checking for a winner...
1239275 [AsyncResolver-bootstrap-executor-0] INFO  c.n.d.s.r.aws.ConfigClusterResolver - Resolving eureka endpoints via configuration
1249729 [scheduling-1] INFO  c.e.c.s.scheduler.PollsScheduler - Disabling past polls...
1249807 [scheduling-1] INFO  c.e.c.s.scheduler.PollsScheduler - Checking for a winner...
1539280 [AsyncResolver-bootstrap-executor-0] INFO  c.n.d.s.r.aws.ConfigClusterResolver - Resolving eureka endpoints via configuration
1549878 [scheduling-1] INFO  c.e.c.s.scheduler.PollsScheduler - Checking for a winner...
1839293 [AsyncResolver-bootstrap-executor-0] INFO  c.n.d.s.r.aws.ConfigClusterResolver - Resolving eureka endpoints via configuration
1849769 [scheduling-1] INFO  c.e.c.s.scheduler.PollsScheduler - Disabling past polls...
1849906 [scheduling-1] INFO  c.e.c.s.scheduler.PollsScheduler - Checking for a winner...
2139300 [AsyncResolver-bootstrap-executor-0] INFO  c.n.d.s.r.aws.ConfigClusterResolver - Resolving eureka endpoints via configuration
2149933 [scheduling-1] INFO  c.e.c.s.scheduler.PollsScheduler - Checking for a winner...
2439309 [AsyncResolver-bootstrap-executor-0] INFO  c.n.d.s.r.aws.ConfigClusterResolver - Resolving eureka endpoints via configuration
2449816 [scheduling-1] INFO  c.e.c.s.scheduler.PollsScheduler - Disabling past polls...
2449957 [scheduling-1] INFO  c.e.c.s.scheduler.PollsScheduler - Checking for a winner...
2739325 [AsyncResolver-bootstrap-executor-0] INFO  c.n.d.s.r.aws.ConfigClusterResolver - Resolving eureka endpoints via configuration
2749976 [scheduling-1] INFO  c.e.c.s.scheduler.PollsScheduler - Checking for a winner...
3039329 [AsyncResolver-bootstrap-executor-0] INFO  c.n.d.s.r.aws.ConfigClusterResolver - Resolving eureka endpoints via configuration
3049925 [scheduling-1] INFO  c.e.c.s.scheduler.PollsScheduler - Disabling past polls...
3049999 [scheduling-1] INFO  c.e.c.s.scheduler.PollsScheduler - Checking for a winner...
3339331 [AsyncResolver-bootstrap-executor-0] INFO  c.n.d.s.r.aws.ConfigClusterResolver - Resolving eureka endpoints via configuration
3350025 [scheduling-1] INFO  c.e.c.s.scheduler.PollsScheduler - Checking for a winner...
3639385 [AsyncResolver-bootstrap-executor-0] INFO  c.n.d.s.r.aws.ConfigClusterResolver - Resolving eureka endpoints via configuration
3649955 [scheduling-1] INFO  c.e.c.s.scheduler.PollsScheduler - Disabling past polls...
3650051 [scheduling-1] INFO  c.e.c.s.scheduler.PollsScheduler - Checking for a winner...
3939387 [AsyncResolver-bootstrap-executor-0] INFO  c.n.d.s.r.aws.ConfigClusterResolver - Resolving eureka endpoints via configuration
3950075 [scheduling-1] INFO  c.e.c.s.scheduler.PollsScheduler - Checking for a winner...
4239399 [AsyncResolver-bootstrap-executor-0] INFO  c.n.d.s.r.aws.ConfigClusterResolver - Resolving eureka endpoints via configuration
4249983 [scheduling-1] INFO  c.e.c.s.scheduler.PollsScheduler - Disabling past polls...
4250085 [scheduling-1] INFO  c.e.c.s.scheduler.PollsScheduler - Checking for a winner...
4539405 [AsyncResolver-bootstrap-executor-0] INFO  c.n.d.s.r.aws.ConfigClusterResolver - Resolving eureka endpoints via configuration
4550127 [scheduling-1] INFO  c.e.c.s.scheduler.PollsScheduler - Checking for a winner...
4839407 [AsyncResolver-bootstrap-executor-0] INFO  c.n.d.s.r.aws.ConfigClusterResolver - Resolving eureka endpoints via configuration
4850011 [scheduling-1] INFO  c.e.c.s.scheduler.PollsScheduler - Disabling past polls...
4850145 [scheduling-1] INFO  c.e.c.s.scheduler.PollsScheduler - Checking for a winner...
5139410 [AsyncResolver-bootstrap-executor-0] INFO  c.n.d.s.r.aws.ConfigClusterResolver - Resolving eureka endpoints via configuration
5150160 [scheduling-1] INFO  c.e.c.s.scheduler.PollsScheduler - Checking for a winner...
5439419 [AsyncResolver-bootstrap-executor-0] INFO  c.n.d.s.r.aws.ConfigClusterResolver - Resolving eureka endpoints via configuration
5450027 [scheduling-1] INFO  c.e.c.s.scheduler.PollsScheduler - Disabling past polls...
5450173 [scheduling-1] INFO  c.e.c.s.scheduler.PollsScheduler - Checking for a winner...
5739427 [AsyncResolver-bootstrap-executor-0] INFO  c.n.d.s.r.aws.ConfigClusterResolver - Resolving eureka endpoints via configuration
5750190 [scheduling-1] INFO  c.e.c.s.scheduler.PollsScheduler - Checking for a winner...
6039433 [AsyncResolver-bootstrap-executor-0] INFO  c.n.d.s.r.aws.ConfigClusterResolver - Resolving eureka endpoints via configuration
6050041 [scheduling-1] INFO  c.e.c.s.scheduler.PollsScheduler - Disabling past polls...
6050213 [scheduling-1] INFO  c.e.c.s.scheduler.PollsScheduler - Checking for a winner...
6339443 [AsyncResolver-bootstrap-executor-0] INFO  c.n.d.s.r.aws.ConfigClusterResolver - Resolving eureka endpoints via configuration
6350235 [scheduling-1] INFO  c.e.c.s.scheduler.PollsScheduler - Checking for a winner...
6639463 [AsyncResolver-bootstrap-executor-0] INFO  c.n.d.s.r.aws.ConfigClusterResolver - Resolving eureka endpoints via configuration
6650054 [scheduling-1] INFO  c.e.c.s.scheduler.PollsScheduler - Disabling past polls...
6650252 [scheduling-1] INFO  c.e.c.s.scheduler.PollsScheduler - Checking for a winner...
6939476 [AsyncResolver-bootstrap-executor-0] INFO  c.n.d.s.r.aws.ConfigClusterResolver - Resolving eureka endpoints via configuration
6950277 [scheduling-1] INFO  c.e.c.s.scheduler.PollsScheduler - Checking for a winner...
7239493 [AsyncResolver-bootstrap-executor-0] INFO  c.n.d.s.r.aws.ConfigClusterResolver - Resolving eureka endpoints via configuration
7250108 [scheduling-1] INFO  c.e.c.s.scheduler.PollsScheduler - Disabling past polls...
7250294 [scheduling-1] INFO  c.e.c.s.scheduler.PollsScheduler - Checking for a winner...
7539496 [AsyncResolver-bootstrap-executor-0] INFO  c.n.d.s.r.aws.ConfigClusterResolver - Resolving eureka endpoints via configuration
7550318 [scheduling-1] INFO  c.e.c.s.scheduler.PollsScheduler - Checking for a winner...
7839509 [AsyncResolver-bootstrap-executor-0] INFO  c.n.d.s.r.aws.ConfigClusterResolver - Resolving eureka endpoints via configuration
7850131 [scheduling-1] INFO  c.e.c.s.scheduler.PollsScheduler - Disabling past polls...
7850328 [scheduling-1] INFO  c.e.c.s.scheduler.PollsScheduler - Checking for a winner...
8139513 [AsyncResolver-bootstrap-executor-0] INFO  c.n.d.s.r.aws.ConfigClusterResolver - Resolving eureka endpoints via configuration
8150348 [scheduling-1] INFO  c.e.c.s.scheduler.PollsScheduler - Checking for a winner...
8439530 [AsyncResolver-bootstrap-executor-0] INFO  c.n.d.s.r.aws.ConfigClusterResolver - Resolving eureka endpoints via configuration
8450154 [scheduling-1] INFO  c.e.c.s.scheduler.PollsScheduler - Disabling past polls...
8450369 [scheduling-1] INFO  c.e.c.s.scheduler.PollsScheduler - Checking for a winner...
8739547 [AsyncResolver-bootstrap-executor-0] INFO  c.n.d.s.r.aws.ConfigClusterResolver - Resolving eureka endpoints via configuration
8750384 [scheduling-1] INFO  c.e.c.s.scheduler.PollsScheduler - Checking for a winner...
10764385 [scheduling-1] INFO  c.e.c.s.scheduler.PollsScheduler - Disabling past polls...
10764389 [scheduling-1] INFO  c.e.c.s.scheduler.PollsScheduler - Checking for a winner...
10767286 [kafka-producer-network-thread | producer-1] ERROR o.s.k.s.LoggingProducerListener - Exception thrown when sending a message with key='null' and payload='byte[90]' to topic inMemorySwaggerResourcesProvider-out-0:
org.apache.kafka.common.errors.NetworkException: Disconnected from node 1
10773192 [HikariPool-1 housekeeper] WARN  com.zaxxer.hikari.pool.HikariPool - HikariPool-1 - Thread starvation or clock leap detected (housekeeper delta=32m43s346ms265µs300ns).
10976423 [AsyncResolver-bootstrap-executor-0] INFO  c.n.d.s.r.aws.ConfigClusterResolver - Resolving eureka endpoints via configuration
11068121 [scheduling-1] INFO  c.e.c.s.scheduler.PollsScheduler - Checking for a winner...
11276442 [AsyncResolver-bootstrap-executor-0] INFO  c.n.d.s.r.aws.ConfigClusterResolver - Resolving eureka endpoints via configuration
11367998 [scheduling-1] INFO  c.e.c.s.scheduler.PollsScheduler - Disabling past polls...
11368184 [scheduling-1] INFO  c.e.c.s.scheduler.PollsScheduler - Checking for a winner...
11576448 [AsyncResolver-bootstrap-executor-0] INFO  c.n.d.s.r.aws.ConfigClusterResolver - Resolving eureka endpoints via configuration
11668201 [scheduling-1] INFO  c.e.c.s.scheduler.PollsScheduler - Checking for a winner...
11876460 [AsyncResolver-bootstrap-executor-0] INFO  c.n.d.s.r.aws.ConfigClusterResolver - Resolving eureka endpoints via configuration
11968011 [scheduling-1] INFO  c.e.c.s.scheduler.PollsScheduler - Disabling past polls...
11968245 [scheduling-1] INFO  c.e.c.s.scheduler.PollsScheduler - Checking for a winner...
12176466 [AsyncResolver-bootstrap-executor-0] INFO  c.n.d.s.r.aws.ConfigClusterResolver - Resolving eureka endpoints via configuration
12268260 [scheduling-1] INFO  c.e.c.s.scheduler.PollsScheduler - Checking for a winner...
12476473 [AsyncResolver-bootstrap-executor-0] INFO  c.n.d.s.r.aws.ConfigClusterResolver - Resolving eureka endpoints via configuration
12568020 [scheduling-1] INFO  c.e.c.s.scheduler.PollsScheduler - Disabling past polls...
12568270 [scheduling-1] INFO  c.e.c.s.scheduler.PollsScheduler - Checking for a winner...
12776581 [AsyncResolver-bootstrap-executor-0] INFO  c.n.d.s.r.aws.ConfigClusterResolver - Resolving eureka endpoints via configuration
12869079 [scheduling-1] INFO  c.e.c.s.scheduler.PollsScheduler - Checking for a winner...
13076639 [AsyncResolver-bootstrap-executor-0] INFO  c.n.d.s.r.aws.ConfigClusterResolver - Resolving eureka endpoints via configuration
13168150 [scheduling-1] INFO  c.e.c.s.scheduler.PollsScheduler - Disabling past polls...
13169274 [scheduling-1] INFO  c.e.c.s.scheduler.PollsScheduler - Checking for a winner...
13376668 [AsyncResolver-bootstrap-executor-0] INFO  c.n.d.s.r.aws.ConfigClusterResolver - Resolving eureka endpoints via configuration
13469378 [scheduling-1] INFO  c.e.c.s.scheduler.PollsScheduler - Checking for a winner...
13676681 [AsyncResolver-bootstrap-executor-0] INFO  c.n.d.s.r.aws.ConfigClusterResolver - Resolving eureka endpoints via configuration
13768346 [scheduling-1] INFO  c.e.c.s.scheduler.PollsScheduler - Disabling past polls...
13769460 [scheduling-1] INFO  c.e.c.s.scheduler.PollsScheduler - Checking for a winner...
13976693 [AsyncResolver-bootstrap-executor-0] INFO  c.n.d.s.r.aws.ConfigClusterResolver - Resolving eureka endpoints via configuration
14069676 [scheduling-1] INFO  c.e.c.s.scheduler.PollsScheduler - Checking for a winner...
14276703 [AsyncResolver-bootstrap-executor-0] INFO  c.n.d.s.r.aws.ConfigClusterResolver - Resolving eureka endpoints via configuration
14368401 [scheduling-1] INFO  c.e.c.s.scheduler.PollsScheduler - Disabling past polls...
14369869 [scheduling-1] INFO  c.e.c.s.scheduler.PollsScheduler - Checking for a winner...
14576734 [AsyncResolver-bootstrap-executor-0] INFO  c.n.d.s.r.aws.ConfigClusterResolver - Resolving eureka endpoints via configuration
14669904 [scheduling-1] INFO  c.e.c.s.scheduler.PollsScheduler - Checking for a winner...
14876738 [AsyncResolver-bootstrap-executor-0] INFO  c.n.d.s.r.aws.ConfigClusterResolver - Resolving eureka endpoints via configuration
14968543 [scheduling-1] INFO  c.e.c.s.scheduler.PollsScheduler - Disabling past polls...
14969920 [scheduling-1] INFO  c.e.c.s.scheduler.PollsScheduler - Checking for a winner...
15176750 [AsyncResolver-bootstrap-executor-0] INFO  c.n.d.s.r.aws.ConfigClusterResolver - Resolving eureka endpoints via configuration
15270067 [scheduling-1] INFO  c.e.c.s.scheduler.PollsScheduler - Checking for a winner...
15476819 [AsyncResolver-bootstrap-executor-0] INFO  c.n.d.s.r.aws.ConfigClusterResolver - Resolving eureka endpoints via configuration
15568555 [scheduling-1] INFO  c.e.c.s.scheduler.PollsScheduler - Disabling past polls...
15570170 [scheduling-1] INFO  c.e.c.s.scheduler.PollsScheduler - Checking for a winner...
15776842 [AsyncResolver-bootstrap-executor-0] INFO  c.n.d.s.r.aws.ConfigClusterResolver - Resolving eureka endpoints via configuration
15870181 [scheduling-1] INFO  c.e.c.s.scheduler.PollsScheduler - Checking for a winner...
16076856 [AsyncResolver-bootstrap-executor-0] INFO  c.n.d.s.r.aws.ConfigClusterResolver - Resolving eureka endpoints via configuration
16168689 [scheduling-1] INFO  c.e.c.s.scheduler.PollsScheduler - Disabling past polls...
16170216 [scheduling-1] INFO  c.e.c.s.scheduler.PollsScheduler - Checking for a winner...
16376896 [AsyncResolver-bootstrap-executor-0] INFO  c.n.d.s.r.aws.ConfigClusterResolver - Resolving eureka endpoints via configuration
16470250 [scheduling-1] INFO  c.e.c.s.scheduler.PollsScheduler - Checking for a winner...
16676913 [AsyncResolver-bootstrap-executor-0] INFO  c.n.d.s.r.aws.ConfigClusterResolver - Resolving eureka endpoints via configuration
16768792 [scheduling-1] INFO  c.e.c.s.scheduler.PollsScheduler - Disabling past polls...
16770266 [scheduling-1] INFO  c.e.c.s.scheduler.PollsScheduler - Checking for a winner...
16976937 [AsyncResolver-bootstrap-executor-0] INFO  c.n.d.s.r.aws.ConfigClusterResolver - Resolving eureka endpoints via configuration
17070447 [scheduling-1] INFO  c.e.c.s.scheduler.PollsScheduler - Checking for a winner...
17276995 [AsyncResolver-bootstrap-executor-0] INFO  c.n.d.s.r.aws.ConfigClusterResolver - Resolving eureka endpoints via configuration
17369081 [scheduling-1] INFO  c.e.c.s.scheduler.PollsScheduler - Disabling past polls...
17370604 [scheduling-1] INFO  c.e.c.s.scheduler.PollsScheduler - Checking for a winner...
17577071 [AsyncResolver-bootstrap-executor-0] INFO  c.n.d.s.r.aws.ConfigClusterResolver - Resolving eureka endpoints via configuration
17670700 [scheduling-1] INFO  c.e.c.s.scheduler.PollsScheduler - Checking for a winner...
17877104 [AsyncResolver-bootstrap-executor-0] INFO  c.n.d.s.r.aws.ConfigClusterResolver - Resolving eureka endpoints via configuration
17969152 [scheduling-1] INFO  c.e.c.s.scheduler.PollsScheduler - Disabling past polls...
17970755 [scheduling-1] INFO  c.e.c.s.scheduler.PollsScheduler - Checking for a winner...
18177137 [AsyncResolver-bootstrap-executor-0] INFO  c.n.d.s.r.aws.ConfigClusterResolver - Resolving eureka endpoints via configuration
18270883 [scheduling-1] INFO  c.e.c.s.scheduler.PollsScheduler - Checking for a winner...
18477165 [AsyncResolver-bootstrap-executor-0] INFO  c.n.d.s.r.aws.ConfigClusterResolver - Resolving eureka endpoints via configuration
18569280 [scheduling-1] INFO  c.e.c.s.scheduler.PollsScheduler - Disabling past polls...
18571042 [scheduling-1] INFO  c.e.c.s.scheduler.PollsScheduler - Checking for a winner...
18777195 [AsyncResolver-bootstrap-executor-0] INFO  c.n.d.s.r.aws.ConfigClusterResolver - Resolving eureka endpoints via configuration
18871094 [scheduling-1] INFO  c.e.c.s.scheduler.PollsScheduler - Checking for a winner...
19077260 [AsyncResolver-bootstrap-executor-0] INFO  c.n.d.s.r.aws.ConfigClusterResolver - Resolving eureka endpoints via configuration
19169369 [scheduling-1] INFO  c.e.c.s.scheduler.PollsScheduler - Disabling past polls...
19171125 [scheduling-1] INFO  c.e.c.s.scheduler.PollsScheduler - Checking for a winner...
19377275 [AsyncResolver-bootstrap-executor-0] INFO  c.n.d.s.r.aws.ConfigClusterResolver - Resolving eureka endpoints via configuration
19471165 [scheduling-1] INFO  c.e.c.s.scheduler.PollsScheduler - Checking for a winner...
19677285 [AsyncResolver-bootstrap-executor-0] INFO  c.n.d.s.r.aws.ConfigClusterResolver - Resolving eureka endpoints via configuration
19769574 [scheduling-1] INFO  c.e.c.s.scheduler.PollsScheduler - Disabling past polls...
19771187 [scheduling-1] INFO  c.e.c.s.scheduler.PollsScheduler - Checking for a winner...
19977300 [AsyncResolver-bootstrap-executor-0] INFO  c.n.d.s.r.aws.ConfigClusterResolver - Resolving eureka endpoints via configuration
20071337 [scheduling-1] INFO  c.e.c.s.scheduler.PollsScheduler - Checking for a winner...
20277351 [AsyncResolver-bootstrap-executor-0] INFO  c.n.d.s.r.aws.ConfigClusterResolver - Resolving eureka endpoints via configuration
20369809 [scheduling-1] INFO  c.e.c.s.scheduler.PollsScheduler - Disabling past polls...
20371419 [scheduling-1] INFO  c.e.c.s.scheduler.PollsScheduler - Checking for a winner...
20577358 [AsyncResolver-bootstrap-executor-0] INFO  c.n.d.s.r.aws.ConfigClusterResolver - Resolving eureka endpoints via configuration
20671487 [scheduling-1] INFO  c.e.c.s.scheduler.PollsScheduler - Checking for a winner...
20877383 [AsyncResolver-bootstrap-executor-0] INFO  c.n.d.s.r.aws.ConfigClusterResolver - Resolving eureka endpoints via configuration
20969841 [scheduling-1] INFO  c.e.c.s.scheduler.PollsScheduler - Disabling past polls...
20971580 [scheduling-1] INFO  c.e.c.s.scheduler.PollsScheduler - Checking for a winner...
21177405 [AsyncResolver-bootstrap-executor-0] INFO  c.n.d.s.r.aws.ConfigClusterResolver - Resolving eureka endpoints via configuration
21272537 [scheduling-1] INFO  c.e.c.s.scheduler.PollsScheduler - Checking for a winner...
21477424 [AsyncResolver-bootstrap-executor-0] INFO  c.n.d.s.r.aws.ConfigClusterResolver - Resolving eureka endpoints via configuration
21570215 [scheduling-1] INFO  c.e.c.s.scheduler.PollsScheduler - Disabling past polls...
21572684 [scheduling-1] INFO  c.e.c.s.scheduler.PollsScheduler - Checking for a winner...
21777466 [AsyncResolver-bootstrap-executor-0] INFO  c.n.d.s.r.aws.ConfigClusterResolver - Resolving eureka endpoints via configuration
21872705 [scheduling-1] INFO  c.e.c.s.scheduler.PollsScheduler - Checking for a winner...
22077479 [AsyncResolver-bootstrap-executor-0] INFO  c.n.d.s.r.aws.ConfigClusterResolver - Resolving eureka endpoints via configuration
22170239 [scheduling-1] INFO  c.e.c.s.scheduler.PollsScheduler - Disabling past polls...
22172729 [scheduling-1] INFO  c.e.c.s.scheduler.PollsScheduler - Checking for a winner...
22377496 [AsyncResolver-bootstrap-executor-0] INFO  c.n.d.s.r.aws.ConfigClusterResolver - Resolving eureka endpoints via configuration
22472849 [scheduling-1] INFO  c.e.c.s.scheduler.PollsScheduler - Checking for a winner...
22677509 [AsyncResolver-bootstrap-executor-0] INFO  c.n.d.s.r.aws.ConfigClusterResolver - Resolving eureka endpoints via configuration
22770509 [scheduling-1] INFO  c.e.c.s.scheduler.PollsScheduler - Disabling past polls...
22772973 [scheduling-1] INFO  c.e.c.s.scheduler.PollsScheduler - Checking for a winner...
22977585 [AsyncResolver-bootstrap-executor-0] INFO  c.n.d.s.r.aws.ConfigClusterResolver - Resolving eureka endpoints via configuration
23072993 [scheduling-1] INFO  c.e.c.s.scheduler.PollsScheduler - Checking for a winner...
23277621 [AsyncResolver-bootstrap-executor-0] INFO  c.n.d.s.r.aws.ConfigClusterResolver - Resolving eureka endpoints via configuration
23370742 [scheduling-1] INFO  c.e.c.s.scheduler.PollsScheduler - Disabling past polls...
23373010 [scheduling-1] INFO  c.e.c.s.scheduler.PollsScheduler - Checking for a winner...
23577648 [AsyncResolver-bootstrap-executor-0] INFO  c.n.d.s.r.aws.ConfigClusterResolver - Resolving eureka endpoints via configuration
23673305 [scheduling-1] INFO  c.e.c.s.scheduler.PollsScheduler - Checking for a winner...
23877682 [AsyncResolver-bootstrap-executor-0] INFO  c.n.d.s.r.aws.ConfigClusterResolver - Resolving eureka endpoints via configuration
23970795 [scheduling-1] INFO  c.e.c.s.scheduler.PollsScheduler - Disabling past polls...
23973561 [scheduling-1] INFO  c.e.c.s.scheduler.PollsScheduler - Checking for a winner...
24177719 [AsyncResolver-bootstrap-executor-0] INFO  c.n.d.s.r.aws.ConfigClusterResolver - Resolving eureka endpoints via configuration
24273581 [scheduling-1] INFO  c.e.c.s.scheduler.PollsScheduler - Checking for a winner...
24477740 [AsyncResolver-bootstrap-executor-0] INFO  c.n.d.s.r.aws.ConfigClusterResolver - Resolving eureka endpoints via configuration
24570826 [scheduling-1] INFO  c.e.c.s.scheduler.PollsScheduler - Disabling past polls...
24573592 [scheduling-1] INFO  c.e.c.s.scheduler.PollsScheduler - Checking for a winner...
24777746 [AsyncResolver-bootstrap-executor-0] INFO  c.n.d.s.r.aws.ConfigClusterResolver - Resolving eureka endpoints via configuration
24873829 [scheduling-1] INFO  c.e.c.s.scheduler.PollsScheduler - Checking for a winner...
25077751 [AsyncResolver-bootstrap-executor-0] INFO  c.n.d.s.r.aws.ConfigClusterResolver - Resolving eureka endpoints via configuration
25170946 [scheduling-1] INFO  c.e.c.s.scheduler.PollsScheduler - Disabling past polls...
25173997 [scheduling-1] INFO  c.e.c.s.scheduler.PollsScheduler - Checking for a winner...
25377754 [AsyncResolver-bootstrap-executor-0] INFO  c.n.d.s.r.aws.ConfigClusterResolver - Resolving eureka endpoints via configuration
25474009 [scheduling-1] INFO  c.e.c.s.scheduler.PollsScheduler - Checking for a winner...
25677771 [AsyncResolver-bootstrap-executor-0] INFO  c.n.d.s.r.aws.ConfigClusterResolver - Resolving eureka endpoints via configuration
25770956 [scheduling-1] INFO  c.e.c.s.scheduler.PollsScheduler - Disabling past polls...
25774020 [scheduling-1] INFO  c.e.c.s.scheduler.PollsScheduler - Checking for a winner...
25977777 [AsyncResolver-bootstrap-executor-0] INFO  c.n.d.s.r.aws.ConfigClusterResolver - Resolving eureka endpoints via configuration
